[0.070s] DEBUG:colcon:Command line arguments: ['/usr/bin/colcon', 'build', '--packages-select', 'gp7_task_executor', 'gp7_moveit_config']
[0.070s] DEBUG:colcon:Parsed command line arguments: Namespace(log_base=None, log_level=None, verb_name='build', build_base='build', install_base='install', merge_install=False, symlink_install=False, test_result_base=None, continue_on_error=False, executor='parallel', parallel_workers=20, event_handlers=None, ignore_user_meta=False, metas=['./colcon.meta'], base_paths=['.'], packages_ignore=None, packages_ignore_regex=None, paths=None, packages_up_to=None, packages_up_to_regex=None, packages_above=None, packages_above_and_dependencies=None, packages_above_depth=None, packages_select_by_dep=None, packages_skip_by_dep=None, packages_skip_up_to=None, packages_select_build_failed=False, packages_skip_build_finished=False, packages_select_test_failures=False, packages_skip_test_passed=False, packages_select=['gp7_task_executor', 'gp7_moveit_config'], packages_skip=None, packages_select_regex=None, packages_skip_regex=None, packages_start=None, packages_end=None, allow_overriding=[], cmake_args=None, cmake_target=None, cmake_target_skip_unavailable=False, cmake_clean_cache=False, cmake_clean_first=False, cmake_force_configure=False, ament_cmake_args=None, catkin_cmake_args=None, catkin_skip_building_tests=False, mixin_files=None, mixin=None, verb_parser=<colcon_mixin.mixin.mixin_argument.MixinArgumentDecorator object at 0x724df834bcd0>, verb_extension=<colcon_core.verb.build.BuildVerb object at 0x724df834b7f0>, main=<bound method BuildVerb.main of <colcon_core.verb.build.BuildVerb object at 0x724df834b7f0>>, mixin_verb=('build',))
[0.164s] Level 1:colcon.colcon_core.package_discovery:discover_packages(colcon_meta) check parameters
[0.164s] Level 1:colcon.colcon_core.package_discovery:discover_packages(recursive) check parameters
[0.164s] Level 1:colcon.colcon_core.package_discovery:discover_packages(ignore) check parameters
[0.164s] Level 1:colcon.colcon_core.package_discovery:discover_packages(path) check parameters
[0.164s] Level 1:colcon.colcon_core.package_discovery:discover_packages(colcon_meta) discover
[0.164s] Level 1:colcon.colcon_core.package_discovery:discover_packages(recursive) discover
[0.164s] INFO:colcon.colcon_core.package_discovery:Crawling recursively for packages in '/home/norman/pap_yaskawa_ws'
[0.164s] Level 1:colcon.colcon_core.package_identification:_identify(.) by extensions ['ignore', 'ignore_ament_install']
[0.164s] Level 1:colcon.colcon_core.package_identification:_identify(.) by extension 'ignore'
[0.164s] Level 1:colcon.colcon_core.package_identification:_identify(.) by extension 'ignore_ament_install'
[0.164s] Level 1:colcon.colcon_core.package_identification:_identify(.) by extensions ['colcon_pkg']
[0.164s] Level 1:colcon.colcon_core.package_identification:_identify(.) by extension 'colcon_pkg'
[0.164s] Level 1:colcon.colcon_core.package_identification:_identify(.) by extensions ['colcon_meta']
[0.164s] Level 1:colcon.colcon_core.package_identification:_identify(.) by extension 'colcon_meta'
[0.164s] Level 1:colcon.colcon_core.package_identification:_identify(.) by extensions ['ros']
[0.165s] Level 1:colcon.colcon_core.package_identification:_identify(.) by extension 'ros'
[0.171s] Level 1:colcon.colcon_core.package_identification:_identify(.) by extensions ['cmake', 'python']
[0.171s] Level 1:colcon.colcon_core.package_identification:_identify(.) by extension 'cmake'
[0.171s] Level 1:colcon.colcon_core.package_identification:_identify(.) by extension 'python'
[0.171s] Level 1:colcon.colcon_core.package_identification:_identify(.) by extensions ['python_setup_py']
[0.171s] Level 1:colcon.colcon_core.package_identification:_identify(.) by extension 'python_setup_py'
[0.172s] Level 1:colcon.colcon_core.package_identification:_identify(build) by extensions ['ignore', 'ignore_ament_install']
[0.172s] Level 1:colcon.colcon_core.package_identification:_identify(build) by extension 'ignore'
[0.172s] Level 1:colcon.colcon_core.package_identification:_identify(build) ignored
[0.172s] Level 1:colcon.colcon_core.package_identification:_identify(docs) by extensions ['ignore', 'ignore_ament_install']
[0.172s] Level 1:colcon.colcon_core.package_identification:_identify(docs) by extension 'ignore'
[0.172s] Level 1:colcon.colcon_core.package_identification:_identify(docs) by extension 'ignore_ament_install'
[0.172s] Level 1:colcon.colcon_core.package_identification:_identify(docs) by extensions ['colcon_pkg']
[0.172s] Level 1:colcon.colcon_core.package_identification:_identify(docs) by extension 'colcon_pkg'
[0.172s] Level 1:colcon.colcon_core.package_identification:_identify(docs) by extensions ['colcon_meta']
[0.172s] Level 1:colcon.colcon_core.package_identification:_identify(docs) by extension 'colcon_meta'
[0.172s] Level 1:colcon.colcon_core.package_identification:_identify(docs) by extensions ['ros']
[0.172s] Level 1:colcon.colcon_core.package_identification:_identify(docs) by extension 'ros'
[0.172s] Level 1:colcon.colcon_core.package_identification:_identify(docs) by extensions ['cmake', 'python']
[0.172s] Level 1:colcon.colcon_core.package_identification:_identify(docs) by extension 'cmake'
[0.172s] Level 1:colcon.colcon_core.package_identification:_identify(docs) by extension 'python'
[0.172s] Level 1:colcon.colcon_core.package_identification:_identify(docs) by extensions ['python_setup_py']
[0.172s] Level 1:colcon.colcon_core.package_identification:_identify(docs) by extension 'python_setup_py'
[0.172s] Level 1:colcon.colcon_core.package_identification:_identify(install) by extensions ['ignore', 'ignore_ament_install']
[0.172s] Level 1:colcon.colcon_core.package_identification:_identify(install) by extension 'ignore'
[0.172s] Level 1:colcon.colcon_core.package_identification:_identify(install) ignored
[0.172s] Level 1:colcon.colcon_core.package_identification:_identify(log) by extensions ['ignore', 'ignore_ament_install']
[0.172s] Level 1:colcon.colcon_core.package_identification:_identify(log) by extension 'ignore'
[0.172s] Level 1:colcon.colcon_core.package_identification:_identify(log) ignored
[0.172s] Level 1:colcon.colcon_core.package_identification:_identify(scripts) by extensions ['ignore', 'ignore_ament_install']
[0.172s] Level 1:colcon.colcon_core.package_identification:_identify(scripts) by extension 'ignore'
[0.172s] Level 1:colcon.colcon_core.package_identification:_identify(scripts) by extension 'ignore_ament_install'
[0.172s] Level 1:colcon.colcon_core.package_identification:_identify(scripts) by extensions ['colcon_pkg']
[0.172s] Level 1:colcon.colcon_core.package_identification:_identify(scripts) by extension 'colcon_pkg'
[0.172s] Level 1:colcon.colcon_core.package_identification:_identify(scripts) by extensions ['colcon_meta']
[0.172s] Level 1:colcon.colcon_core.package_identification:_identify(scripts) by extension 'colcon_meta'
[0.172s] Level 1:colcon.colcon_core.package_identification:_identify(scripts) by extensions ['ros']
[0.172s] Level 1:colcon.colcon_core.package_identification:_identify(scripts) by extension 'ros'
[0.173s] Level 1:colcon.colcon_core.package_identification:_identify(scripts) by extensions ['cmake', 'python']
[0.173s] Level 1:colcon.colcon_core.package_identification:_identify(scripts) by extension 'cmake'
[0.173s] Level 1:colcon.colcon_core.package_identification:_identify(scripts) by extension 'python'
[0.173s] Level 1:colcon.colcon_core.package_identification:_identify(scripts) by extensions ['python_setup_py']
[0.173s] Level 1:colcon.colcon_core.package_identification:_identify(scripts) by extension 'python_setup_py'
[0.173s] Level 1:colcon.colcon_core.package_identification:_identify(src) by extensions ['ignore', 'ignore_ament_install']
[0.173s] Level 1:colcon.colcon_core.package_identification:_identify(src) by extension 'ignore'
[0.173s] Level 1:colcon.colcon_core.package_identification:_identify(src) by extension 'ignore_ament_install'
[0.173s] Level 1:colcon.colcon_core.package_identification:_identify(src) by extensions ['colcon_pkg']
[0.173s] Level 1:colcon.colcon_core.package_identification:_identify(src) by extension 'colcon_pkg'
[0.173s] Level 1:colcon.colcon_core.package_identification:_identify(src) by extensions ['colcon_meta']
[0.173s] Level 1:colcon.colcon_core.package_identification:_identify(src) by extension 'colcon_meta'
[0.173s] Level 1:colcon.colcon_core.package_identification:_identify(src) by extensions ['ros']
[0.173s] Level 1:colcon.colcon_core.package_identification:_identify(src) by extension 'ros'
[0.173s] Level 1:colcon.colcon_core.package_identification:_identify(src) by extensions ['cmake', 'python']
[0.173s] Level 1:colcon.colcon_core.package_identification:_identify(src) by extension 'cmake'
[0.173s] Level 1:colcon.colcon_core.package_identification:_identify(src) by extension 'python'
[0.173s] Level 1:colcon.colcon_core.package_identification:_identify(src) by extensions ['python_setup_py']
[0.173s] Level 1:colcon.colcon_core.package_identification:_identify(src) by extension 'python_setup_py'
[0.173s] Level 1:colcon.colcon_core.package_identification:_identify(src/gp7_bringup) by extensions ['ignore', 'ignore_ament_install']
[0.173s] Level 1:colcon.colcon_core.package_identification:_identify(src/gp7_bringup) by extension 'ignore'
[0.173s] Level 1:colcon.colcon_core.package_identification:_identify(src/gp7_bringup) by extension 'ignore_ament_install'
[0.173s] Level 1:colcon.colcon_core.package_identification:_identify(src/gp7_bringup) by extensions ['colcon_pkg']
[0.173s] Level 1:colcon.colcon_core.package_identification:_identify(src/gp7_bringup) by extension 'colcon_pkg'
[0.173s] Level 1:colcon.colcon_core.package_identification:_identify(src/gp7_bringup) by extensions ['colcon_meta']
[0.173s] Level 1:colcon.colcon_core.package_identification:_identify(src/gp7_bringup) by extension 'colcon_meta'
[0.173s] Level 1:colcon.colcon_core.package_identification:_identify(src/gp7_bringup) by extensions ['ros']
[0.173s] Level 1:colcon.colcon_core.package_identification:_identify(src/gp7_bringup) by extension 'ros'
[0.175s] DEBUG:colcon.colcon_core.package_identification:Package 'src/gp7_bringup' with type 'ros.ament_cmake' and name 'gp7_bringup'
[0.175s] Level 1:colcon.colcon_core.package_identification:_identify(src/gp7_description) by extensions ['ignore', 'ignore_ament_install']
[0.175s] Level 1:colcon.colcon_core.package_identification:_identify(src/gp7_description) by extension 'ignore'
[0.175s] Level 1:colcon.colcon_core.package_identification:_identify(src/gp7_description) by extension 'ignore_ament_install'
[0.175s] Level 1:colcon.colcon_core.package_identification:_identify(src/gp7_description) by extensions ['colcon_pkg']
[0.175s] Level 1:colcon.colcon_core.package_identification:_identify(src/gp7_description) by extension 'colcon_pkg'
[0.175s] Level 1:colcon.colcon_core.package_identification:_identify(src/gp7_description) by extensions ['colcon_meta']
[0.175s] Level 1:colcon.colcon_core.package_identification:_identify(src/gp7_description) by extension 'colcon_meta'
[0.175s] Level 1:colcon.colcon_core.package_identification:_identify(src/gp7_description) by extensions ['ros']
[0.175s] Level 1:colcon.colcon_core.package_identification:_identify(src/gp7_description) by extension 'ros'
[0.176s] DEBUG:colcon.colcon_core.package_identification:Package 'src/gp7_description' with type 'ros.ament_cmake' and name 'gp7_description'
[0.176s] Level 1:colcon.colcon_core.package_identification:_identify(src/gp7_gazebo_classic) by extensions ['ignore', 'ignore_ament_install']
[0.176s] Level 1:colcon.colcon_core.package_identification:_identify(src/gp7_gazebo_classic) by extension 'ignore'
[0.176s] Level 1:colcon.colcon_core.package_identification:_identify(src/gp7_gazebo_classic) by extension 'ignore_ament_install'
[0.176s] Level 1:colcon.colcon_core.package_identification:_identify(src/gp7_gazebo_classic) by extensions ['colcon_pkg']
[0.176s] Level 1:colcon.colcon_core.package_identification:_identify(src/gp7_gazebo_classic) by extension 'colcon_pkg'
[0.176s] Level 1:colcon.colcon_core.package_identification:_identify(src/gp7_gazebo_classic) by extensions ['colcon_meta']
[0.176s] Level 1:colcon.colcon_core.package_identification:_identify(src/gp7_gazebo_classic) by extension 'colcon_meta'
[0.176s] Level 1:colcon.colcon_core.package_identification:_identify(src/gp7_gazebo_classic) by extensions ['ros']
[0.176s] Level 1:colcon.colcon_core.package_identification:_identify(src/gp7_gazebo_classic) by extension 'ros'
[0.176s] DEBUG:colcon.colcon_core.package_identification:Package 'src/gp7_gazebo_classic' with type 'ros.ament_cmake' and name 'gp7_gazebo_classic'
[0.176s] Level 1:colcon.colcon_core.package_identification:_identify(src/gp7_handeye_calibration) by extensions ['ignore', 'ignore_ament_install']
[0.176s] Level 1:colcon.colcon_core.package_identification:_identify(src/gp7_handeye_calibration) by extension 'ignore'
[0.176s] Level 1:colcon.colcon_core.package_identification:_identify(src/gp7_handeye_calibration) by extension 'ignore_ament_install'
[0.176s] Level 1:colcon.colcon_core.package_identification:_identify(src/gp7_handeye_calibration) by extensions ['colcon_pkg']
[0.177s] Level 1:colcon.colcon_core.package_identification:_identify(src/gp7_handeye_calibration) by extension 'colcon_pkg'
[0.177s] Level 1:colcon.colcon_core.package_identification:_identify(src/gp7_handeye_calibration) by extensions ['colcon_meta']
[0.177s] Level 1:colcon.colcon_core.package_identification:_identify(src/gp7_handeye_calibration) by extension 'colcon_meta'
[0.177s] Level 1:colcon.colcon_core.package_identification:_identify(src/gp7_handeye_calibration) by extensions ['ros']
[0.177s] Level 1:colcon.colcon_core.package_identification:_identify(src/gp7_handeye_calibration) by extension 'ros'
[0.177s] DEBUG:colcon.colcon_core.package_identification:Package 'src/gp7_handeye_calibration' with type 'ros.ament_cmake' and name 'gp7_handeye_calibration'
[0.177s] Level 1:colcon.colcon_core.package_identification:_identify(src/gp7_moveit_config) by extensions ['ignore', 'ignore_ament_install']
[0.177s] Level 1:colcon.colcon_core.package_identification:_identify(src/gp7_moveit_config) by extension 'ignore'
[0.177s] Level 1:colcon.colcon_core.package_identification:_identify(src/gp7_moveit_config) by extension 'ignore_ament_install'
[0.177s] Level 1:colcon.colcon_core.package_identification:_identify(src/gp7_moveit_config) by extensions ['colcon_pkg']
[0.177s] Level 1:colcon.colcon_core.package_identification:_identify(src/gp7_moveit_config) by extension 'colcon_pkg'
[0.177s] Level 1:colcon.colcon_core.package_identification:_identify(src/gp7_moveit_config) by extensions ['colcon_meta']
[0.177s] Level 1:colcon.colcon_core.package_identification:_identify(src/gp7_moveit_config) by extension 'colcon_meta'
[0.177s] Level 1:colcon.colcon_core.package_identification:_identify(src/gp7_moveit_config) by extensions ['ros']
[0.177s] Level 1:colcon.colcon_core.package_identification:_identify(src/gp7_moveit_config) by extension 'ros'
[0.178s] DEBUG:colcon.colcon_core.package_identification:Package 'src/gp7_moveit_config' with type 'ros.ament_cmake' and name 'gp7_moveit_config'
[0.178s] Level 1:colcon.colcon_core.package_identification:_identify(src/gp7_task_executor) by extensions ['ignore', 'ignore_ament_install']
[0.178s] Level 1:colcon.colcon_core.package_identification:_identify(src/gp7_task_executor) by extension 'ignore'
[0.178s] Level 1:colcon.colcon_core.package_identification:_identify(src/gp7_task_executor) by extension 'ignore_ament_install'
[0.178s] Level 1:colcon.colcon_core.package_identification:_identify(src/gp7_task_executor) by extensions ['colcon_pkg']
[0.178s] Level 1:colcon.colcon_core.package_identification:_identify(src/gp7_task_executor) by extension 'colcon_pkg'
[0.178s] Level 1:colcon.colcon_core.package_identification:_identify(src/gp7_task_executor) by extensions ['colcon_meta']
[0.178s] Level 1:colcon.colcon_core.package_identification:_identify(src/gp7_task_executor) by extension 'colcon_meta'
[0.178s] Level 1:colcon.colcon_core.package_identification:_identify(src/gp7_task_executor) by extensions ['ros']
[0.178s] Level 1:colcon.colcon_core.package_identification:_identify(src/gp7_task_executor) by extension 'ros'
[0.178s] DEBUG:colcon.colcon_core.package_identification:Package 'src/gp7_task_executor' with type 'ros.ament_cmake' and name 'gp7_task_executor'
[0.179s] Level 1:colcon.colcon_core.package_identification:_identify(src/gp7_task_executor_msgs) by extensions ['ignore', 'ignore_ament_install']
[0.179s] Level 1:colcon.colcon_core.package_identification:_identify(src/gp7_task_executor_msgs) by extension 'ignore'
[0.179s] Level 1:colcon.colcon_core.package_identification:_identify(src/gp7_task_executor_msgs) by extension 'ignore_ament_install'
[0.179s] Level 1:colcon.colcon_core.package_identification:_identify(src/gp7_task_executor_msgs) by extensions ['colcon_pkg']
[0.179s] Level 1:colcon.colcon_core.package_identification:_identify(src/gp7_task_executor_msgs) by extension 'colcon_pkg'
[0.179s] Level 1:colcon.colcon_core.package_identification:_identify(src/gp7_task_executor_msgs) by extensions ['colcon_meta']
[0.179s] Level 1:colcon.colcon_core.package_identification:_identify(src/gp7_task_executor_msgs) by extension 'colcon_meta'
[0.179s] Level 1:colcon.colcon_core.package_identification:_identify(src/gp7_task_executor_msgs) by extensions ['ros']
[0.179s] Level 1:colcon.colcon_core.package_identification:_identify(src/gp7_task_executor_msgs) by extension 'ros'
[0.179s] DEBUG:colcon.colcon_core.package_identification:Package 'src/gp7_task_executor_msgs' with type 'ros.ament_cmake' and name 'gp7_task_executor_msgs'
[0.179s] Level 1:colcon.colcon_core.package_identification:_identify(src/gp7_vision_bringup) by extensions ['ignore', 'ignore_ament_install']
[0.179s] Level 1:colcon.colcon_core.package_identification:_identify(src/gp7_vision_bringup) by extension 'ignore'
[0.179s] Level 1:colcon.colcon_core.package_identification:_identify(src/gp7_vision_bringup) by extension 'ignore_ament_install'
[0.179s] Level 1:colcon.colcon_core.package_identification:_identify(src/gp7_vision_bringup) by extensions ['colcon_pkg']
[0.179s] Level 1:colcon.colcon_core.package_identification:_identify(src/gp7_vision_bringup) by extension 'colcon_pkg'
[0.179s] Level 1:colcon.colcon_core.package_identification:_identify(src/gp7_vision_bringup) by extensions ['colcon_meta']
[0.179s] Level 1:colcon.colcon_core.package_identification:_identify(src/gp7_vision_bringup) by extension 'colcon_meta'
[0.179s] Level 1:colcon.colcon_core.package_identification:_identify(src/gp7_vision_bringup) by extensions ['ros']
[0.179s] Level 1:colcon.colcon_core.package_identification:_identify(src/gp7_vision_bringup) by extension 'ros'
[0.180s] DEBUG:colcon.colcon_core.package_identification:Package 'src/gp7_vision_bringup' with type 'ros.ament_cmake' and name 'gp7_vision_bringup'
[0.180s] Level 1:colcon.colcon_core.package_identification:_identify(src/gp7_vision_gazebo_bridge) by extensions ['ignore', 'ignore_ament_install']
[0.180s] Level 1:colcon.colcon_core.package_identification:_identify(src/gp7_vision_gazebo_bridge) by extension 'ignore'
[0.180s] Level 1:colcon.colcon_core.package_identification:_identify(src/gp7_vision_gazebo_bridge) by extension 'ignore_ament_install'
[0.180s] Level 1:colcon.colcon_core.package_identification:_identify(src/gp7_vision_gazebo_bridge) by extensions ['colcon_pkg']
[0.180s] Level 1:colcon.colcon_core.package_identification:_identify(src/gp7_vision_gazebo_bridge) by extension 'colcon_pkg'
[0.180s] Level 1:colcon.colcon_core.package_identification:_identify(src/gp7_vision_gazebo_bridge) by extensions ['colcon_meta']
[0.180s] Level 1:colcon.colcon_core.package_identification:_identify(src/gp7_vision_gazebo_bridge) by extension 'colcon_meta'
[0.180s] Level 1:colcon.colcon_core.package_identification:_identify(src/gp7_vision_gazebo_bridge) by extensions ['ros']
[0.180s] Level 1:colcon.colcon_core.package_identification:_identify(src/gp7_vision_gazebo_bridge) by extension 'ros'
[0.180s] DEBUG:colcon.colcon_core.package_identification:Package 'src/gp7_vision_gazebo_bridge' with type 'ros.ament_cmake' and name 'gp7_vision_gazebo_bridge'
[0.180s] Level 1:colcon.colcon_core.package_identification:_identify(src/gp7_vision_pipeline) by extensions ['ignore', 'ignore_ament_install']
[0.180s] Level 1:colcon.colcon_core.package_identification:_identify(src/gp7_vision_pipeline) by extension 'ignore'
[0.180s] Level 1:colcon.colcon_core.package_identification:_identify(src/gp7_vision_pipeline) by extension 'ignore_ament_install'
[0.180s] Level 1:colcon.colcon_core.package_identification:_identify(src/gp7_vision_pipeline) by extensions ['colcon_pkg']
[0.180s] Level 1:colcon.colcon_core.package_identification:_identify(src/gp7_vision_pipeline) by extension 'colcon_pkg'
[0.180s] Level 1:colcon.colcon_core.package_identification:_identify(src/gp7_vision_pipeline) by extensions ['colcon_meta']
[0.180s] Level 1:colcon.colcon_core.package_identification:_identify(src/gp7_vision_pipeline) by extension 'colcon_meta'
[0.180s] Level 1:colcon.colcon_core.package_identification:_identify(src/gp7_vision_pipeline) by extensions ['ros']
[0.181s] Level 1:colcon.colcon_core.package_identification:_identify(src/gp7_vision_pipeline) by extension 'ros'
[0.181s] DEBUG:colcon.colcon_core.package_identification:Package 'src/gp7_vision_pipeline' with type 'ros.ament_cmake' and name 'gp7_vision_pipeline'
[0.181s] Level 1:colcon.colcon_core.package_discovery:discover_packages(recursive) using defaults
[0.181s] Level 1:colcon.colcon_core.package_discovery:discover_packages(ignore) discover
[0.181s] Level 1:colcon.colcon_core.package_discovery:discover_packages(ignore) using defaults
[0.181s] Level 1:colcon.colcon_core.package_discovery:discover_packages(path) discover
[0.181s] Level 1:colcon.colcon_core.package_discovery:discover_packages(path) using defaults
[0.200s] INFO:colcon.colcon_core.package_selection:Skipping not selected package 'gp7_description' in 'src/gp7_description'
[0.201s] INFO:colcon.colcon_core.package_selection:Skipping not selected package 'gp7_handeye_calibration' in 'src/gp7_handeye_calibration'
[0.201s] INFO:colcon.colcon_core.package_selection:Skipping not selected package 'gp7_task_executor_msgs' in 'src/gp7_task_executor_msgs'
[0.201s] INFO:colcon.colcon_core.package_selection:Skipping not selected package 'gp7_vision_gazebo_bridge' in 'src/gp7_vision_gazebo_bridge'
[0.201s] INFO:colcon.colcon_core.package_selection:Skipping not selected package 'gp7_vision_pipeline' in 'src/gp7_vision_pipeline'
[0.201s] INFO:colcon.colcon_core.package_selection:Skipping not selected package 'gp7_bringup' in 'src/gp7_bringup'
[0.201s] INFO:colcon.colcon_core.package_selection:Skipping not selected package 'gp7_vision_bringup' in 'src/gp7_vision_bringup'
[0.201s] INFO:colcon.colcon_core.package_selection:Skipping not selected package 'gp7_gazebo_classic' in 'src/gp7_gazebo_classic'
[0.201s] Level 1:colcon.colcon_core.package_discovery:discover_packages(prefix_path) check parameters
[0.201s] Level 1:colcon.colcon_core.package_discovery:discover_packages(prefix_path) discover
[0.202s] DEBUG:colcon.colcon_installed_package_information.package_discovery:Found 10 installed packages in /home/norman/pap_yaskawa_ws/install
[0.203s] DEBUG:colcon.colcon_installed_package_information.package_discovery:Found 3 installed packages in /home/norman/a_ws/install
[0.203s] DEBUG:colcon.colcon_installed_package_information.package_discovery:Found 17 installed packages in /home/norman/ros2_ws/install
[0.204s] DEBUG:colcon.colcon_installed_package_information.package_discovery:Found 374 installed packages in /opt/ros/humble
[0.205s] Level 1:colcon.colcon_core.package_discovery:discover_packages(prefix_path) using defaults
[0.230s] WARNING:colcon.colcon_core.package_selection:Some selected packages are already built in one or more underlay workspaces:
	'gp7_moveit_config' is in: /home/norman/pap_yaskawa_ws/install/gp7_moveit_config
If a package in a merged underlay workspace is overridden and it installs headers, then all packages in the overlay must sort their include directories by workspace order. Failure to do so may result in build failures or undefined behavior at run time.
If the overridden package is used by another package in any underlay, then the overriding package in the overlay must be API and ABI compatible or undefined behavior at run time may occur.

If you understand the risks and want to override a package anyways, add the following to the command line:
	--allow-overriding gp7_moveit_config

This may be promoted to an error in a future release of colcon-override-check.
[0.230s] Level 5:colcon.colcon_core.verb:set package 'gp7_moveit_config' build argument 'cmake_args' from command line to 'None'
[0.230s] Level 5:colcon.colcon_core.verb:set package 'gp7_moveit_config' build argument 'cmake_target' from command line to 'None'
[0.230s] Level 5:colcon.colcon_core.verb:set package 'gp7_moveit_config' build argument 'cmake_target_skip_unavailable' from command line to 'False'
[0.230s] Level 5:colcon.colcon_core.verb:set package 'gp7_moveit_config' build argument 'cmake_clean_cache' from command line to 'False'
[0.230s] Level 5:colcon.colcon_core.verb:set package 'gp7_moveit_config' build argument 'cmake_clean_first' from command line to 'False'
[0.230s] Level 5:colcon.colcon_core.verb:set package 'gp7_moveit_config' build argument 'cmake_force_configure' from command line to 'False'
[0.230s] Level 5:colcon.colcon_core.verb:set package 'gp7_moveit_config' build argument 'ament_cmake_args' from command line to 'None'
[0.230s] Level 5:colcon.colcon_core.verb:set package 'gp7_moveit_config' build argument 'catkin_cmake_args' from command line to 'None'
[0.230s] Level 5:colcon.colcon_core.verb:set package 'gp7_moveit_config' build argument 'catkin_skip_building_tests' from command line to 'False'
[0.230s] DEBUG:colcon.colcon_core.verb:Building package 'gp7_moveit_config' with the following arguments: {'ament_cmake_args': None, 'build_base': '/home/norman/pap_yaskawa_ws/build/gp7_moveit_config', 'catkin_cmake_args': None, 'catkin_skip_building_tests': False, 'cmake_args': None, 'cmake_clean_cache': False, 'cmake_clean_first': False, 'cmake_force_configure': False, 'cmake_target': None, 'cmake_target_skip_unavailable': False, 'install_base': '/home/norman/pap_yaskawa_ws/install/gp7_moveit_config', 'merge_install': False, 'path': '/home/norman/pap_yaskawa_ws/src/gp7_moveit_config', 'symlink_install': False, 'test_result_base': None}
[0.230s] Level 5:colcon.colcon_core.verb:set package 'gp7_task_executor' build argument 'cmake_args' from command line to 'None'
[0.230s] Level 5:colcon.colcon_core.verb:set package 'gp7_task_executor' build argument 'cmake_target' from command line to 'None'
[0.231s] Level 5:colcon.colcon_core.verb:set package 'gp7_task_executor' build argument 'cmake_target_skip_unavailable' from command line to 'False'
[0.231s] Level 5:colcon.colcon_core.verb:set package 'gp7_task_executor' build argument 'cmake_clean_cache' from command line to 'False'
[0.231s] Level 5:colcon.colcon_core.verb:set package 'gp7_task_executor' build argument 'cmake_clean_first' from command line to 'False'
[0.231s] Level 5:colcon.colcon_core.verb:set package 'gp7_task_executor' build argument 'cmake_force_configure' from command line to 'False'
[0.231s] Level 5:colcon.colcon_core.verb:set package 'gp7_task_executor' build argument 'ament_cmake_args' from command line to 'None'
[0.231s] Level 5:colcon.colcon_core.verb:set package 'gp7_task_executor' build argument 'catkin_cmake_args' from command line to 'None'
[0.231s] Level 5:colcon.colcon_core.verb:set package 'gp7_task_executor' build argument 'catkin_skip_building_tests' from command line to 'False'
[0.231s] DEBUG:colcon.colcon_core.verb:Building package 'gp7_task_executor' with the following arguments: {'ament_cmake_args': None, 'build_base': '/home/norman/pap_yaskawa_ws/build/gp7_task_executor', 'catkin_cmake_args': None, 'catkin_skip_building_tests': False, 'cmake_args': None, 'cmake_clean_cache': False, 'cmake_clean_first': False, 'cmake_force_configure': False, 'cmake_target': None, 'cmake_target_skip_unavailable': False, 'install_base': '/home/norman/pap_yaskawa_ws/install/gp7_task_executor', 'merge_install': False, 'path': '/home/norman/pap_yaskawa_ws/src/gp7_task_executor', 'symlink_install': False, 'test_result_base': None}
[0.231s] INFO:colcon.colcon_core.executor:Executing jobs using 'parallel' executor
[0.232s] DEBUG:colcon.colcon_parallel_executor.executor.parallel:run_until_complete
[0.232s] INFO:colcon.colcon_ros.task.ament_cmake.build:Building ROS package in '/home/norman/pap_yaskawa_ws/src/gp7_moveit_config' with build type 'ament_cmake'
[0.232s] INFO:colcon.colcon_cmake.task.cmake.build:Building CMake package in '/home/norman/pap_yaskawa_ws/src/gp7_moveit_config'
[0.233s] INFO:colcon.colcon_core.plugin_system:Skipping extension 'colcon_core.shell.bat': Not used on non-Windows systems
[0.233s] INFO:colcon.colcon_core.shell:Skip shell extension 'powershell' for command environment: Not usable outside of PowerShell
[0.233s] DEBUG:colcon.colcon_core.shell:Skip shell extension 'dsv' for command environment
[0.236s] INFO:colcon.colcon_ros.task.ament_cmake.build:Building ROS package in '/home/norman/pap_yaskawa_ws/src/gp7_task_executor' with build type 'ament_cmake'
[0.236s] INFO:colcon.colcon_cmake.task.cmake.build:Building CMake package in '/home/norman/pap_yaskawa_ws/src/gp7_task_executor'
[0.237s] INFO:colcon.colcon_core.shell:Skip shell extension 'powershell' for command environment: Not usable outside of PowerShell
[0.237s] DEBUG:colcon.colcon_core.shell:Skip shell extension 'dsv' for command environment
[0.242s] DEBUG:colcon.colcon_core.event_handler.log_command:Invoking command in '/home/norman/pap_yaskawa_ws/build/gp7_moveit_config': CMAKE_PREFIX_PATH=/home/norman/pap_yaskawa_ws/install/gp7_description:/home/norman/a_ws/install/motoros2_interfaces:/home/norman/a_ws/install/gp7_yaskawa_moveit:/home/norman/a_ws/install/gp7_yaskawa:/home/norman/ros2_ws/install/ros2_linkattacher:/home/norman/ros2_ws/install/ros2_conveyorbelt:/home/norman/ros2_ws/install/myrhb:/home/norman/ros2_ws/install/my_robot_interfaces:/home/norman/ros2_ws/install/my_robot_bringup:/home/norman/ros2_ws/install/my_cpp_pkg:/home/norman/ros2_ws/install/motoros2_client_interface_dependencies:/home/norman/ros2_ws/install/motoros2_interfaces:/home/norman/ros2_ws/install/linkattacher_msgs:/home/norman/ros2_ws/install/industrial_msgs:/home/norman/ros2_ws/install/gp7_yaskawa_moveit:/home/norman/ros2_ws/install/gp7_yaskawa:/home/norman/ros2_ws/install/conveyorbelt_msgs:/home/norman/ros2_ws/install/conveyorbelt_gazebo:/home/norman/pap_yaskawa_ws/install/gp7_gazebo_classic:/home/norman/pap_yaskawa_ws/install/gp7_vision_bringup:/home/norman/pap_yaskawa_ws/install/gp7_vision_pipeline:/home/norman/pap_yaskawa_ws/install/gp7_vision_gazebo_bridge:/home/norman/pap_yaskawa_ws/install/gp7_task_executor:/home/norman/pap_yaskawa_ws/install/gp7_task_executor_msgs:/home/norman/pap_yaskawa_ws/install/gp7_moveit_config:/home/norman/pap_yaskawa_ws/install/gp7_handeye_calibration:/home/norman/pap_yaskawa_ws/install/gp7_bringup:/home/norman/ros2_ws/install/yaskawa_robot_controller:/home/norman/ros2_ws/install/my_robot_controller:/home/norman/ros2_ws/install/box_measurement:/opt/ros/humble /usr/bin/cmake --build /home/norman/pap_yaskawa_ws/build/gp7_moveit_config -- -j20 -l20
[0.245s] DEBUG:colcon.colcon_core.event_handler.log_command:Invoking command in '/home/norman/pap_yaskawa_ws/build/gp7_task_executor': CMAKE_PREFIX_PATH=/home/norman/pap_yaskawa_ws/install/gp7_task_executor_msgs:/home/norman/a_ws/install/motoros2_interfaces:/home/norman/a_ws/install/gp7_yaskawa_moveit:/home/norman/a_ws/install/gp7_yaskawa:/home/norman/ros2_ws/install/ros2_linkattacher:/home/norman/ros2_ws/install/ros2_conveyorbelt:/home/norman/ros2_ws/install/myrhb:/home/norman/ros2_ws/install/my_robot_interfaces:/home/norman/ros2_ws/install/my_robot_bringup:/home/norman/ros2_ws/install/my_cpp_pkg:/home/norman/ros2_ws/install/motoros2_client_interface_dependencies:/home/norman/ros2_ws/install/motoros2_interfaces:/home/norman/ros2_ws/install/linkattacher_msgs:/home/norman/ros2_ws/install/industrial_msgs:/home/norman/ros2_ws/install/gp7_yaskawa_moveit:/home/norman/ros2_ws/install/gp7_yaskawa:/home/norman/ros2_ws/install/conveyorbelt_msgs:/home/norman/ros2_ws/install/conveyorbelt_gazebo:/home/norman/pap_yaskawa_ws/install/gp7_gazebo_classic:/home/norman/pap_yaskawa_ws/install/gp7_vision_bringup:/home/norman/pap_yaskawa_ws/install/gp7_vision_pipeline:/home/norman/pap_yaskawa_ws/install/gp7_vision_gazebo_bridge:/home/norman/pap_yaskawa_ws/install/gp7_task_executor:/home/norman/pap_yaskawa_ws/install/gp7_moveit_config:/home/norman/pap_yaskawa_ws/install/gp7_handeye_calibration:/home/norman/pap_yaskawa_ws/install/gp7_bringup:/home/norman/pap_yaskawa_ws/install/gp7_description:/home/norman/ros2_ws/install/yaskawa_robot_controller:/home/norman/ros2_ws/install/my_robot_controller:/home/norman/ros2_ws/install/box_measurement:/opt/ros/humble LD_LIBRARY_PATH=/home/norman/pap_yaskawa_ws/install/gp7_task_executor_msgs/lib:/home/norman/a_ws/install/motoros2_interfaces/lib:/home/norman/ros2_ws/install/ros2_linkattacher/lib:/home/norman/ros2_ws/install/ros2_conveyorbelt/lib:/home/norman/ros2_ws/install/my_robot_interfaces/lib:/home/norman/ros2_ws/install/motoros2_interfaces/lib:/home/norman/ros2_ws/install/linkattacher_msgs/lib:/home/norman/ros2_ws/install/industrial_msgs/lib:/home/norman/ros2_ws/install/conveyorbelt_msgs/lib:/home/norman/pap_yaskawa_ws/install/gp7_vision_pipeline/lib:/usr/lib/x86_64-linux-gnu/gazebo-11/plugins:/opt/ros/humble/opt/rviz_ogre_vendor/lib:/opt/ros/humble/lib/x86_64-linux-gnu:/opt/ros/humble/lib /usr/bin/cmake --build /home/norman/pap_yaskawa_ws/build/gp7_task_executor -- -j20 -l20
[0.269s] DEBUG:colcon.colcon_core.event_handler.log_command:Invoked command in '/home/norman/pap_yaskawa_ws/build/gp7_moveit_config' returned '0': CMAKE_PREFIX_PATH=/home/norman/pap_yaskawa_ws/install/gp7_description:/home/norman/a_ws/install/motoros2_interfaces:/home/norman/a_ws/install/gp7_yaskawa_moveit:/home/norman/a_ws/install/gp7_yaskawa:/home/norman/ros2_ws/install/ros2_linkattacher:/home/norman/ros2_ws/install/ros2_conveyorbelt:/home/norman/ros2_ws/install/myrhb:/home/norman/ros2_ws/install/my_robot_interfaces:/home/norman/ros2_ws/install/my_robot_bringup:/home/norman/ros2_ws/install/my_cpp_pkg:/home/norman/ros2_ws/install/motoros2_client_interface_dependencies:/home/norman/ros2_ws/install/motoros2_interfaces:/home/norman/ros2_ws/install/linkattacher_msgs:/home/norman/ros2_ws/install/industrial_msgs:/home/norman/ros2_ws/install/gp7_yaskawa_moveit:/home/norman/ros2_ws/install/gp7_yaskawa:/home/norman/ros2_ws/install/conveyorbelt_msgs:/home/norman/ros2_ws/install/conveyorbelt_gazebo:/home/norman/pap_yaskawa_ws/install/gp7_gazebo_classic:/home/norman/pap_yaskawa_ws/install/gp7_vision_bringup:/home/norman/pap_yaskawa_ws/install/gp7_vision_pipeline:/home/norman/pap_yaskawa_ws/install/gp7_vision_gazebo_bridge:/home/norman/pap_yaskawa_ws/install/gp7_task_executor:/home/norman/pap_yaskawa_ws/install/gp7_task_executor_msgs:/home/norman/pap_yaskawa_ws/install/gp7_moveit_config:/home/norman/pap_yaskawa_ws/install/gp7_handeye_calibration:/home/norman/pap_yaskawa_ws/install/gp7_bringup:/home/norman/ros2_ws/install/yaskawa_robot_controller:/home/norman/ros2_ws/install/my_robot_controller:/home/norman/ros2_ws/install/box_measurement:/opt/ros/humble /usr/bin/cmake --build /home/norman/pap_yaskawa_ws/build/gp7_moveit_config -- -j20 -l20
[0.276s] DEBUG:colcon.colcon_core.event_handler.log_command:Invoking command in '/home/norman/pap_yaskawa_ws/build/gp7_moveit_config': CMAKE_PREFIX_PATH=/home/norman/pap_yaskawa_ws/install/gp7_description:/home/norman/a_ws/install/motoros2_interfaces:/home/norman/a_ws/install/gp7_yaskawa_moveit:/home/norman/a_ws/install/gp7_yaskawa:/home/norman/ros2_ws/install/ros2_linkattacher:/home/norman/ros2_ws/install/ros2_conveyorbelt:/home/norman/ros2_ws/install/myrhb:/home/norman/ros2_ws/install/my_robot_interfaces:/home/norman/ros2_ws/install/my_robot_bringup:/home/norman/ros2_ws/install/my_cpp_pkg:/home/norman/ros2_ws/install/motoros2_client_interface_dependencies:/home/norman/ros2_ws/install/motoros2_interfaces:/home/norman/ros2_ws/install/linkattacher_msgs:/home/norman/ros2_ws/install/industrial_msgs:/home/norman/ros2_ws/install/gp7_yaskawa_moveit:/home/norman/ros2_ws/install/gp7_yaskawa:/home/norman/ros2_ws/install/conveyorbelt_msgs:/home/norman/ros2_ws/install/conveyorbelt_gazebo:/home/norman/pap_yaskawa_ws/install/gp7_gazebo_classic:/home/norman/pap_yaskawa_ws/install/gp7_vision_bringup:/home/norman/pap_yaskawa_ws/install/gp7_vision_pipeline:/home/norman/pap_yaskawa_ws/install/gp7_vision_gazebo_bridge:/home/norman/pap_yaskawa_ws/install/gp7_task_executor:/home/norman/pap_yaskawa_ws/install/gp7_task_executor_msgs:/home/norman/pap_yaskawa_ws/install/gp7_moveit_config:/home/norman/pap_yaskawa_ws/install/gp7_handeye_calibration:/home/norman/pap_yaskawa_ws/install/gp7_bringup:/home/norman/ros2_ws/install/yaskawa_robot_controller:/home/norman/ros2_ws/install/my_robot_controller:/home/norman/ros2_ws/install/box_measurement:/opt/ros/humble /usr/bin/cmake --install /home/norman/pap_yaskawa_ws/build/gp7_moveit_config
[0.289s] Level 1:colcon.colcon_core.environment:create_environment_scripts_only(gp7_moveit_config)
[0.290s] DEBUG:colcon.colcon_core.event_handler.log_command:Invoked command in '/home/norman/pap_yaskawa_ws/build/gp7_moveit_config' returned '0': CMAKE_PREFIX_PATH=/home/norman/pap_yaskawa_ws/install/gp7_description:/home/norman/a_ws/install/motoros2_interfaces:/home/norman/a_ws/install/gp7_yaskawa_moveit:/home/norman/a_ws/install/gp7_yaskawa:/home/norman/ros2_ws/install/ros2_linkattacher:/home/norman/ros2_ws/install/ros2_conveyorbelt:/home/norman/ros2_ws/install/myrhb:/home/norman/ros2_ws/install/my_robot_interfaces:/home/norman/ros2_ws/install/my_robot_bringup:/home/norman/ros2_ws/install/my_cpp_pkg:/home/norman/ros2_ws/install/motoros2_client_interface_dependencies:/home/norman/ros2_ws/install/motoros2_interfaces:/home/norman/ros2_ws/install/linkattacher_msgs:/home/norman/ros2_ws/install/industrial_msgs:/home/norman/ros2_ws/install/gp7_yaskawa_moveit:/home/norman/ros2_ws/install/gp7_yaskawa:/home/norman/ros2_ws/install/conveyorbelt_msgs:/home/norman/ros2_ws/install/conveyorbelt_gazebo:/home/norman/pap_yaskawa_ws/install/gp7_gazebo_classic:/home/norman/pap_yaskawa_ws/install/gp7_vision_bringup:/home/norman/pap_yaskawa_ws/install/gp7_vision_pipeline:/home/norman/pap_yaskawa_ws/install/gp7_vision_gazebo_bridge:/home/norman/pap_yaskawa_ws/install/gp7_task_executor:/home/norman/pap_yaskawa_ws/install/gp7_task_executor_msgs:/home/norman/pap_yaskawa_ws/install/gp7_moveit_config:/home/norman/pap_yaskawa_ws/install/gp7_handeye_calibration:/home/norman/pap_yaskawa_ws/install/gp7_bringup:/home/norman/ros2_ws/install/yaskawa_robot_controller:/home/norman/ros2_ws/install/my_robot_controller:/home/norman/ros2_ws/install/box_measurement:/opt/ros/humble /usr/bin/cmake --install /home/norman/pap_yaskawa_ws/build/gp7_moveit_config
[0.292s] Level 1:colcon.colcon_core.environment:checking '/home/norman/pap_yaskawa_ws/install/gp7_moveit_config' for CMake module files
[0.292s] Level 1:colcon.colcon_core.environment:checking '/home/norman/pap_yaskawa_ws/install/gp7_moveit_config' for CMake config files
[0.292s] Level 1:colcon.colcon_core.shell:create_environment_hook('gp7_moveit_config', 'cmake_prefix_path')
[0.292s] INFO:colcon.colcon_core.shell:Creating environment hook '/home/norman/pap_yaskawa_ws/install/gp7_moveit_config/share/gp7_moveit_config/hook/cmake_prefix_path.ps1'
[0.293s] INFO:colcon.colcon_core.shell:Creating environment descriptor '/home/norman/pap_yaskawa_ws/install/gp7_moveit_config/share/gp7_moveit_config/hook/cmake_prefix_path.dsv'
[0.293s] INFO:colcon.colcon_core.shell:Creating environment hook '/home/norman/pap_yaskawa_ws/install/gp7_moveit_config/share/gp7_moveit_config/hook/cmake_prefix_path.sh'
[0.294s] Level 1:colcon.colcon_core.environment:checking '/home/norman/pap_yaskawa_ws/install/gp7_moveit_config/lib'
[0.294s] Level 1:colcon.colcon_core.environment:checking '/home/norman/pap_yaskawa_ws/install/gp7_moveit_config/bin'
[0.294s] Level 1:colcon.colcon_core.environment:checking '/home/norman/pap_yaskawa_ws/install/gp7_moveit_config/lib/pkgconfig/gp7_moveit_config.pc'
[0.294s] Level 1:colcon.colcon_core.environment:checking '/home/norman/pap_yaskawa_ws/install/gp7_moveit_config/lib/python3.10/site-packages'
[0.294s] Level 1:colcon.colcon_core.environment:checking '/home/norman/pap_yaskawa_ws/install/gp7_moveit_config/bin'
[0.294s] INFO:colcon.colcon_core.shell:Creating package script '/home/norman/pap_yaskawa_ws/install/gp7_moveit_config/share/gp7_moveit_config/package.ps1'
[0.295s] INFO:colcon.colcon_core.shell:Creating package descriptor '/home/norman/pap_yaskawa_ws/install/gp7_moveit_config/share/gp7_moveit_config/package.dsv'
[0.295s] INFO:colcon.colcon_core.shell:Creating package script '/home/norman/pap_yaskawa_ws/install/gp7_moveit_config/share/gp7_moveit_config/package.sh'
[0.296s] INFO:colcon.colcon_core.shell:Creating package script '/home/norman/pap_yaskawa_ws/install/gp7_moveit_config/share/gp7_moveit_config/package.bash'
[0.296s] INFO:colcon.colcon_core.shell:Creating package script '/home/norman/pap_yaskawa_ws/install/gp7_moveit_config/share/gp7_moveit_config/package.zsh'
[0.296s] Level 1:colcon.colcon_core.environment:create_file_with_runtime_dependencies(/home/norman/pap_yaskawa_ws/install/gp7_moveit_config/share/colcon-core/packages/gp7_moveit_config)
[0.297s] Level 1:colcon.colcon_core.environment:create_environment_scripts_only(gp7_moveit_config)
[0.297s] Level 1:colcon.colcon_core.environment:checking '/home/norman/pap_yaskawa_ws/install/gp7_moveit_config' for CMake module files
[0.297s] Level 1:colcon.colcon_core.environment:checking '/home/norman/pap_yaskawa_ws/install/gp7_moveit_config' for CMake config files
[0.297s] Level 1:colcon.colcon_core.shell:create_environment_hook('gp7_moveit_config', 'cmake_prefix_path')
[0.297s] INFO:colcon.colcon_core.shell:Creating environment hook '/home/norman/pap_yaskawa_ws/install/gp7_moveit_config/share/gp7_moveit_config/hook/cmake_prefix_path.ps1'
[0.297s] INFO:colcon.colcon_core.shell:Creating environment descriptor '/home/norman/pap_yaskawa_ws/install/gp7_moveit_config/share/gp7_moveit_config/hook/cmake_prefix_path.dsv'
[0.298s] INFO:colcon.colcon_core.shell:Creating environment hook '/home/norman/pap_yaskawa_ws/install/gp7_moveit_config/share/gp7_moveit_config/hook/cmake_prefix_path.sh'
[0.298s] Level 1:colcon.colcon_core.environment:checking '/home/norman/pap_yaskawa_ws/install/gp7_moveit_config/lib'
[0.298s] Level 1:colcon.colcon_core.environment:checking '/home/norman/pap_yaskawa_ws/install/gp7_moveit_config/bin'
[0.298s] Level 1:colcon.colcon_core.environment:checking '/home/norman/pap_yaskawa_ws/install/gp7_moveit_config/lib/pkgconfig/gp7_moveit_config.pc'
[0.298s] Level 1:colcon.colcon_core.environment:checking '/home/norman/pap_yaskawa_ws/install/gp7_moveit_config/lib/python3.10/site-packages'
[0.298s] Level 1:colcon.colcon_core.environment:checking '/home/norman/pap_yaskawa_ws/install/gp7_moveit_config/bin'
[0.298s] INFO:colcon.colcon_core.shell:Creating package script '/home/norman/pap_yaskawa_ws/install/gp7_moveit_config/share/gp7_moveit_config/package.ps1'
[0.299s] INFO:colcon.colcon_core.shell:Creating package descriptor '/home/norman/pap_yaskawa_ws/install/gp7_moveit_config/share/gp7_moveit_config/package.dsv'
[0.299s] INFO:colcon.colcon_core.shell:Creating package script '/home/norman/pap_yaskawa_ws/install/gp7_moveit_config/share/gp7_moveit_config/package.sh'
[0.299s] INFO:colcon.colcon_core.shell:Creating package script '/home/norman/pap_yaskawa_ws/install/gp7_moveit_config/share/gp7_moveit_config/package.bash'
[0.299s] INFO:colcon.colcon_core.shell:Creating package script '/home/norman/pap_yaskawa_ws/install/gp7_moveit_config/share/gp7_moveit_config/package.zsh'
[0.300s] Level 1:colcon.colcon_core.environment:create_file_with_runtime_dependencies(/home/norman/pap_yaskawa_ws/install/gp7_moveit_config/share/colcon-core/packages/gp7_moveit_config)
[5.962s] DEBUG:colcon.colcon_core.event_handler.log_command:Invoked command in '/home/norman/pap_yaskawa_ws/build/gp7_task_executor' returned '0': CMAKE_PREFIX_PATH=/home/norman/pap_yaskawa_ws/install/gp7_task_executor_msgs:/home/norman/a_ws/install/motoros2_interfaces:/home/norman/a_ws/install/gp7_yaskawa_moveit:/home/norman/a_ws/install/gp7_yaskawa:/home/norman/ros2_ws/install/ros2_linkattacher:/home/norman/ros2_ws/install/ros2_conveyorbelt:/home/norman/ros2_ws/install/myrhb:/home/norman/ros2_ws/install/my_robot_interfaces:/home/norman/ros2_ws/install/my_robot_bringup:/home/norman/ros2_ws/install/my_cpp_pkg:/home/norman/ros2_ws/install/motoros2_client_interface_dependencies:/home/norman/ros2_ws/install/motoros2_interfaces:/home/norman/ros2_ws/install/linkattacher_msgs:/home/norman/ros2_ws/install/industrial_msgs:/home/norman/ros2_ws/install/gp7_yaskawa_moveit:/home/norman/ros2_ws/install/gp7_yaskawa:/home/norman/ros2_ws/install/conveyorbelt_msgs:/home/norman/ros2_ws/install/conveyorbelt_gazebo:/home/norman/pap_yaskawa_ws/install/gp7_gazebo_classic:/home/norman/pap_yaskawa_ws/install/gp7_vision_bringup:/home/norman/pap_yaskawa_ws/install/gp7_vision_pipeline:/home/norman/pap_yaskawa_ws/install/gp7_vision_gazebo_bridge:/home/norman/pap_yaskawa_ws/install/gp7_task_executor:/home/norman/pap_yaskawa_ws/install/gp7_moveit_config:/home/norman/pap_yaskawa_ws/install/gp7_handeye_calibration:/home/norman/pap_yaskawa_ws/install/gp7_bringup:/home/norman/pap_yaskawa_ws/install/gp7_description:/home/norman/ros2_ws/install/yaskawa_robot_controller:/home/norman/ros2_ws/install/my_robot_controller:/home/norman/ros2_ws/install/box_measurement:/opt/ros/humble LD_LIBRARY_PATH=/home/norman/pap_yaskawa_ws/install/gp7_task_executor_msgs/lib:/home/norman/a_ws/install/motoros2_interfaces/lib:/home/norman/ros2_ws/install/ros2_linkattacher/lib:/home/norman/ros2_ws/install/ros2_conveyorbelt/lib:/home/norman/ros2_ws/install/my_robot_interfaces/lib:/home/norman/ros2_ws/install/motoros2_interfaces/lib:/home/norman/ros2_ws/install/linkattacher_msgs/lib:/home/norman/ros2_ws/install/industrial_msgs/lib:/home/norman/ros2_ws/install/conveyorbelt_msgs/lib:/home/norman/pap_yaskawa_ws/install/gp7_vision_pipeline/lib:/usr/lib/x86_64-linux-gnu/gazebo-11/plugins:/opt/ros/humble/opt/rviz_ogre_vendor/lib:/opt/ros/humble/lib/x86_64-linux-gnu:/opt/ros/humble/lib /usr/bin/cmake --build /home/norman/pap_yaskawa_ws/build/gp7_task_executor -- -j20 -l20
[5.963s] DEBUG:colcon.colcon_core.event_handler.log_command:Invoking command in '/home/norman/pap_yaskawa_ws/build/gp7_task_executor': CMAKE_PREFIX_PATH=/home/norman/pap_yaskawa_ws/install/gp7_task_executor_msgs:/home/norman/a_ws/install/motoros2_interfaces:/home/norman/a_ws/install/gp7_yaskawa_moveit:/home/norman/a_ws/install/gp7_yaskawa:/home/norman/ros2_ws/install/ros2_linkattacher:/home/norman/ros2_ws/install/ros2_conveyorbelt:/home/norman/ros2_ws/install/myrhb:/home/norman/ros2_ws/install/my_robot_interfaces:/home/norman/ros2_ws/install/my_robot_bringup:/home/norman/ros2_ws/install/my_cpp_pkg:/home/norman/ros2_ws/install/motoros2_client_interface_dependencies:/home/norman/ros2_ws/install/motoros2_interfaces:/home/norman/ros2_ws/install/linkattacher_msgs:/home/norman/ros2_ws/install/industrial_msgs:/home/norman/ros2_ws/install/gp7_yaskawa_moveit:/home/norman/ros2_ws/install/gp7_yaskawa:/home/norman/ros2_ws/install/conveyorbelt_msgs:/home/norman/ros2_ws/install/conveyorbelt_gazebo:/home/norman/pap_yaskawa_ws/install/gp7_gazebo_classic:/home/norman/pap_yaskawa_ws/install/gp7_vision_bringup:/home/norman/pap_yaskawa_ws/install/gp7_vision_pipeline:/home/norman/pap_yaskawa_ws/install/gp7_vision_gazebo_bridge:/home/norman/pap_yaskawa_ws/install/gp7_task_executor:/home/norman/pap_yaskawa_ws/install/gp7_moveit_config:/home/norman/pap_yaskawa_ws/install/gp7_handeye_calibration:/home/norman/pap_yaskawa_ws/install/gp7_bringup:/home/norman/pap_yaskawa_ws/install/gp7_description:/home/norman/ros2_ws/install/yaskawa_robot_controller:/home/norman/ros2_ws/install/my_robot_controller:/home/norman/ros2_ws/install/box_measurement:/opt/ros/humble LD_LIBRARY_PATH=/home/norman/pap_yaskawa_ws/install/gp7_task_executor_msgs/lib:/home/norman/a_ws/install/motoros2_interfaces/lib:/home/norman/ros2_ws/install/ros2_linkattacher/lib:/home/norman/ros2_ws/install/ros2_conveyorbelt/lib:/home/norman/ros2_ws/install/my_robot_interfaces/lib:/home/norman/ros2_ws/install/motoros2_interfaces/lib:/home/norman/ros2_ws/install/linkattacher_msgs/lib:/home/norman/ros2_ws/install/industrial_msgs/lib:/home/norman/ros2_ws/install/conveyorbelt_msgs/lib:/home/norman/pap_yaskawa_ws/install/gp7_vision_pipeline/lib:/usr/lib/x86_64-linux-gnu/gazebo-11/plugins:/opt/ros/humble/opt/rviz_ogre_vendor/lib:/opt/ros/humble/lib/x86_64-linux-gnu:/opt/ros/humble/lib /usr/bin/cmake --install /home/norman/pap_yaskawa_ws/build/gp7_task_executor
[5.978s] Level 1:colcon.colcon_core.environment:create_environment_scripts_only(gp7_task_executor)
[5.978s] Level 1:colcon.colcon_core.environment:checking '/home/norman/pap_yaskawa_ws/install/gp7_task_executor' for CMake module files
[5.979s] DEBUG:colcon.colcon_core.event_handler.log_command:Invoked command in '/home/norman/pap_yaskawa_ws/build/gp7_task_executor' returned '0': CMAKE_PREFIX_PATH=/home/norman/pap_yaskawa_ws/install/gp7_task_executor_msgs:/home/norman/a_ws/install/motoros2_interfaces:/home/norman/a_ws/install/gp7_yaskawa_moveit:/home/norman/a_ws/install/gp7_yaskawa:/home/norman/ros2_ws/install/ros2_linkattacher:/home/norman/ros2_ws/install/ros2_conveyorbelt:/home/norman/ros2_ws/install/myrhb:/home/norman/ros2_ws/install/my_robot_interfaces:/home/norman/ros2_ws/install/my_robot_bringup:/home/norman/ros2_ws/install/my_cpp_pkg:/home/norman/ros2_ws/install/motoros2_client_interface_dependencies:/home/norman/ros2_ws/install/motoros2_interfaces:/home/norman/ros2_ws/install/linkattacher_msgs:/home/norman/ros2_ws/install/industrial_msgs:/home/norman/ros2_ws/install/gp7_yaskawa_moveit:/home/norman/ros2_ws/install/gp7_yaskawa:/home/norman/ros2_ws/install/conveyorbelt_msgs:/home/norman/ros2_ws/install/conveyorbelt_gazebo:/home/norman/pap_yaskawa_ws/install/gp7_gazebo_classic:/home/norman/pap_yaskawa_ws/install/gp7_vision_bringup:/home/norman/pap_yaskawa_ws/install/gp7_vision_pipeline:/home/norman/pap_yaskawa_ws/install/gp7_vision_gazebo_bridge:/home/norman/pap_yaskawa_ws/install/gp7_task_executor:/home/norman/pap_yaskawa_ws/install/gp7_moveit_config:/home/norman/pap_yaskawa_ws/install/gp7_handeye_calibration:/home/norman/pap_yaskawa_ws/install/gp7_bringup:/home/norman/pap_yaskawa_ws/install/gp7_description:/home/norman/ros2_ws/install/yaskawa_robot_controller:/home/norman/ros2_ws/install/my_robot_controller:/home/norman/ros2_ws/install/box_measurement:/opt/ros/humble LD_LIBRARY_PATH=/home/norman/pap_yaskawa_ws/install/gp7_task_executor_msgs/lib:/home/norman/a_ws/install/motoros2_interfaces/lib:/home/norman/ros2_ws/install/ros2_linkattacher/lib:/home/norman/ros2_ws/install/ros2_conveyorbelt/lib:/home/norman/ros2_ws/install/my_robot_interfaces/lib:/home/norman/ros2_ws/install/motoros2_interfaces/lib:/home/norman/ros2_ws/install/linkattacher_msgs/lib:/home/norman/ros2_ws/install/industrial_msgs/lib:/home/norman/ros2_ws/install/conveyorbelt_msgs/lib:/home/norman/pap_yaskawa_ws/install/gp7_vision_pipeline/lib:/usr/lib/x86_64-linux-gnu/gazebo-11/plugins:/opt/ros/humble/opt/rviz_ogre_vendor/lib:/opt/ros/humble/lib/x86_64-linux-gnu:/opt/ros/humble/lib /usr/bin/cmake --install /home/norman/pap_yaskawa_ws/build/gp7_task_executor
[5.979s] Level 1:colcon.colcon_core.environment:checking '/home/norman/pap_yaskawa_ws/install/gp7_task_executor' for CMake config files
[5.980s] Level 1:colcon.colcon_core.shell:create_environment_hook('gp7_task_executor', 'cmake_prefix_path')
[5.980s] INFO:colcon.colcon_core.shell:Creating environment hook '/home/norman/pap_yaskawa_ws/install/gp7_task_executor/share/gp7_task_executor/hook/cmake_prefix_path.ps1'
[5.981s] INFO:colcon.colcon_core.shell:Creating environment descriptor '/home/norman/pap_yaskawa_ws/install/gp7_task_executor/share/gp7_task_executor/hook/cmake_prefix_path.dsv'
[5.981s] INFO:colcon.colcon_core.shell:Creating environment hook '/home/norman/pap_yaskawa_ws/install/gp7_task_executor/share/gp7_task_executor/hook/cmake_prefix_path.sh'
[5.982s] Level 1:colcon.colcon_core.environment:checking '/home/norman/pap_yaskawa_ws/install/gp7_task_executor/lib'
[5.982s] Level 1:colcon.colcon_core.environment:checking '/home/norman/pap_yaskawa_ws/install/gp7_task_executor/bin'
[5.982s] Level 1:colcon.colcon_core.environment:checking '/home/norman/pap_yaskawa_ws/install/gp7_task_executor/lib/pkgconfig/gp7_task_executor.pc'
[5.982s] Level 1:colcon.colcon_core.environment:checking '/home/norman/pap_yaskawa_ws/install/gp7_task_executor/lib/python3.10/site-packages'
[5.983s] Level 1:colcon.colcon_core.environment:checking '/home/norman/pap_yaskawa_ws/install/gp7_task_executor/bin'
[5.983s] INFO:colcon.colcon_core.shell:Creating package script '/home/norman/pap_yaskawa_ws/install/gp7_task_executor/share/gp7_task_executor/package.ps1'
[5.984s] INFO:colcon.colcon_core.shell:Creating package descriptor '/home/norman/pap_yaskawa_ws/install/gp7_task_executor/share/gp7_task_executor/package.dsv'
[5.984s] INFO:colcon.colcon_core.shell:Creating package script '/home/norman/pap_yaskawa_ws/install/gp7_task_executor/share/gp7_task_executor/package.sh'
[5.984s] INFO:colcon.colcon_core.shell:Creating package script '/home/norman/pap_yaskawa_ws/install/gp7_task_executor/share/gp7_task_executor/package.bash'
[5.985s] INFO:colcon.colcon_core.shell:Creating package script '/home/norman/pap_yaskawa_ws/install/gp7_task_executor/share/gp7_task_executor/package.zsh'
[5.985s] Level 1:colcon.colcon_core.environment:create_file_with_runtime_dependencies(/home/norman/pap_yaskawa_ws/install/gp7_task_executor/share/colcon-core/packages/gp7_task_executor)
[5.985s] Level 1:colcon.colcon_core.environment:create_environment_scripts_only(gp7_task_executor)
[5.985s] Level 1:colcon.colcon_core.environment:checking '/home/norman/pap_yaskawa_ws/install/gp7_task_executor' for CMake module files
[5.986s] Level 1:colcon.colcon_core.environment:checking '/home/norman/pap_yaskawa_ws/install/gp7_task_executor' for CMake config files
[5.986s] Level 1:colcon.colcon_core.shell:create_environment_hook('gp7_task_executor', 'cmake_prefix_path')
[5.986s] INFO:colcon.colcon_core.shell:Creating environment hook '/home/norman/pap_yaskawa_ws/install/gp7_task_executor/share/gp7_task_executor/hook/cmake_prefix_path.ps1'
[5.986s] INFO:colcon.colcon_core.shell:Creating environment descriptor '/home/norman/pap_yaskawa_ws/install/gp7_task_executor/share/gp7_task_executor/hook/cmake_prefix_path.dsv'
[5.986s] INFO:colcon.colcon_core.shell:Creating environment hook '/home/norman/pap_yaskawa_ws/install/gp7_task_executor/share/gp7_task_executor/hook/cmake_prefix_path.sh'
[5.987s] Level 1:colcon.colcon_core.environment:checking '/home/norman/pap_yaskawa_ws/install/gp7_task_executor/lib'
[5.987s] Level 1:colcon.colcon_core.environment:checking '/home/norman/pap_yaskawa_ws/install/gp7_task_executor/bin'
[5.987s] Level 1:colcon.colcon_core.environment:checking '/home/norman/pap_yaskawa_ws/install/gp7_task_executor/lib/pkgconfig/gp7_task_executor.pc'
[5.987s] Level 1:colcon.colcon_core.environment:checking '/home/norman/pap_yaskawa_ws/install/gp7_task_executor/lib/python3.10/site-packages'
[5.987s] Level 1:colcon.colcon_core.environment:checking '/home/norman/pap_yaskawa_ws/install/gp7_task_executor/bin'
[5.987s] INFO:colcon.colcon_core.shell:Creating package script '/home/norman/pap_yaskawa_ws/install/gp7_task_executor/share/gp7_task_executor/package.ps1'
[5.988s] INFO:colcon.colcon_core.shell:Creating package descriptor '/home/norman/pap_yaskawa_ws/install/gp7_task_executor/share/gp7_task_executor/package.dsv'
[5.988s] INFO:colcon.colcon_core.shell:Creating package script '/home/norman/pap_yaskawa_ws/install/gp7_task_executor/share/gp7_task_executor/package.sh'
[5.988s] INFO:colcon.colcon_core.shell:Creating package script '/home/norman/pap_yaskawa_ws/install/gp7_task_executor/share/gp7_task_executor/package.bash'
[5.988s] INFO:colcon.colcon_core.shell:Creating package script '/home/norman/pap_yaskawa_ws/install/gp7_task_executor/share/gp7_task_executor/package.zsh'
[5.988s] Level 1:colcon.colcon_core.environment:create_file_with_runtime_dependencies(/home/norman/pap_yaskawa_ws/install/gp7_task_executor/share/colcon-core/packages/gp7_task_executor)
[5.988s] DEBUG:colcon.colcon_parallel_executor.executor.parallel:closing loop
[5.988s] DEBUG:colcon.colcon_parallel_executor.executor.parallel:loop closed
[5.989s] DEBUG:colcon.colcon_parallel_executor.executor.parallel:run_until_complete finished with '0'
[5.989s] DEBUG:colcon.colcon_core.event_reactor:joining thread
[5.992s] INFO:colcon.colcon_core.plugin_system:Skipping extension 'colcon_notification.desktop_notification.terminal_notifier': Not used on non-Darwin systems
[5.992s] INFO:colcon.colcon_core.plugin_system:Skipping extension 'colcon_notification.desktop_notification.win32': Not used on non-Windows systems
[5.992s] INFO:colcon.colcon_notification.desktop_notification:Sending desktop notification using 'notify2'
[6.000s] DEBUG:colcon.colcon_core.event_reactor:joined thread
[6.000s] INFO:colcon.colcon_core.shell:Creating prefix script '/home/norman/pap_yaskawa_ws/install/local_setup.ps1'
[6.001s] INFO:colcon.colcon_core.shell:Creating prefix util module '/home/norman/pap_yaskawa_ws/install/_local_setup_util_ps1.py'
[6.002s] INFO:colcon.colcon_core.shell:Creating prefix chain script '/home/norman/pap_yaskawa_ws/install/setup.ps1'
[6.003s] INFO:colcon.colcon_core.shell:Creating prefix script '/home/norman/pap_yaskawa_ws/install/local_setup.sh'
[6.004s] INFO:colcon.colcon_core.shell:Creating prefix util module '/home/norman/pap_yaskawa_ws/install/_local_setup_util_sh.py'
[6.004s] INFO:colcon.colcon_core.shell:Creating prefix chain script '/home/norman/pap_yaskawa_ws/install/setup.sh'
[6.005s] INFO:colcon.colcon_core.shell:Creating prefix script '/home/norman/pap_yaskawa_ws/install/local_setup.bash'
[6.005s] INFO:colcon.colcon_core.shell:Creating prefix chain script '/home/norman/pap_yaskawa_ws/install/setup.bash'
[6.006s] INFO:colcon.colcon_core.shell:Creating prefix script '/home/norman/pap_yaskawa_ws/install/local_setup.zsh'
[6.006s] INFO:colcon.colcon_core.shell:Creating prefix chain script '/home/norman/pap_yaskawa_ws/install/setup.zsh'
