[0.007s] Invoking command in '/home/norman/pap_yaskawa_ws/build/gp7_moveit_config': CMAKE_PREFIX_PATH=/home/norman/pap_yaskawa_ws/install/gp7_description:/home/norman/pap_yaskawa_ws/install/gp7_gazebo_classic:/home/norman/pap_yaskawa_ws/install/gp7_vision_bringup:/home/norman/pap_yaskawa_ws/install/gp7_vision_pipeline:/home/norman/pap_yaskawa_ws/install/gp7_vision_gazebo_bridge:/home/norman/pap_yaskawa_ws/install/gp7_moveit_config:/home/norman/pap_yaskawa_ws/install/gp7_handeye_calibration:/home/norman/pap_yaskawa_ws/install/gp7_bringup:/home/norman/pap_yaskawa_ws/install/gp7_task_executor:/home/norman/pap_yaskawa_ws/install/gp7_task_executor_msgs:/opt/ros/humble /usr/bin/cmake /home/norman/pap_yaskawa_ws/src/gp7_moveit_config -DAMENT_CMAKE_SYMLINK_INSTALL=1 -DCMAKE_INSTALL_PREFIX=/home/norman/pap_yaskawa_ws/install/gp7_moveit_config
[0.049s] -- The C compiler identification is GNU 11.4.0
[0.103s] -- The CXX compiler identification is GNU 11.4.0
[0.110s] -- Detecting C compiler ABI info
[0.164s] -- Detecting C compiler ABI info - done
[0.170s] -- Check for working C compiler: /usr/bin/cc - skipped
[0.170s] -- Detecting C compile features
[0.170s] -- Detecting C compile features - done
[0.173s] -- Detecting CXX compiler ABI info
[0.234s] -- Detecting CXX compiler ABI info - done
[0.238s] -- Check for working CXX compiler: /usr/bin/c++ - skipped
[0.238s] -- Detecting CXX compile features
[0.239s] -- Detecting CXX compile features - done
[0.240s] -- Found ament_cmake: 1.3.14 (/opt/ros/humble/share/ament_cmake/cmake)
[0.345s] -- Found Python3: /usr/bin/python3 (found version "3.10.12") found components: Interpreter 
[0.391s] -- Override CMake install command with custom implementation using symlinks instead of copying resources
[0.412s] -- Found ament_lint_auto: 0.12.15 (/opt/ros/humble/share/ament_lint_auto/cmake)
[0.465s] -- Configuring done
[0.466s] -- Generating done
[0.467s] -- Build files have been written to: /home/norman/pap_yaskawa_ws/build/gp7_moveit_config
[0.470s] Invoked command in '/home/norman/pap_yaskawa_ws/build/gp7_moveit_config' returned '0': CMAKE_PREFIX_PATH=/home/norman/pap_yaskawa_ws/install/gp7_description:/home/norman/pap_yaskawa_ws/install/gp7_gazebo_classic:/home/norman/pap_yaskawa_ws/install/gp7_vision_bringup:/home/norman/pap_yaskawa_ws/install/gp7_vision_pipeline:/home/norman/pap_yaskawa_ws/install/gp7_vision_gazebo_bridge:/home/norman/pap_yaskawa_ws/install/gp7_moveit_config:/home/norman/pap_yaskawa_ws/install/gp7_handeye_calibration:/home/norman/pap_yaskawa_ws/install/gp7_bringup:/home/norman/pap_yaskawa_ws/install/gp7_task_executor:/home/norman/pap_yaskawa_ws/install/gp7_task_executor_msgs:/opt/ros/humble /usr/bin/cmake /home/norman/pap_yaskawa_ws/src/gp7_moveit_config -DAMENT_CMAKE_SYMLINK_INSTALL=1 -DCMAKE_INSTALL_PREFIX=/home/norman/pap_yaskawa_ws/install/gp7_moveit_config
[0.470s] Invoking command in '/home/norman/pap_yaskawa_ws/build/gp7_moveit_config': CMAKE_PREFIX_PATH=/home/norman/pap_yaskawa_ws/install/gp7_description:/home/norman/pap_yaskawa_ws/install/gp7_gazebo_classic:/home/norman/pap_yaskawa_ws/install/gp7_vision_bringup:/home/norman/pap_yaskawa_ws/install/gp7_vision_pipeline:/home/norman/pap_yaskawa_ws/install/gp7_vision_gazebo_bridge:/home/norman/pap_yaskawa_ws/install/gp7_moveit_config:/home/norman/pap_yaskawa_ws/install/gp7_handeye_calibration:/home/norman/pap_yaskawa_ws/install/gp7_bringup:/home/norman/pap_yaskawa_ws/install/gp7_task_executor:/home/norman/pap_yaskawa_ws/install/gp7_task_executor_msgs:/opt/ros/humble /usr/bin/cmake --build /home/norman/pap_yaskawa_ws/build/gp7_moveit_config -- -j20 -l20
[0.497s] Invoked command in '/home/norman/pap_yaskawa_ws/build/gp7_moveit_config' returned '0': CMAKE_PREFIX_PATH=/home/norman/pap_yaskawa_ws/install/gp7_description:/home/norman/pap_yaskawa_ws/install/gp7_gazebo_classic:/home/norman/pap_yaskawa_ws/install/gp7_vision_bringup:/home/norman/pap_yaskawa_ws/install/gp7_vision_pipeline:/home/norman/pap_yaskawa_ws/install/gp7_vision_gazebo_bridge:/home/norman/pap_yaskawa_ws/install/gp7_moveit_config:/home/norman/pap_yaskawa_ws/install/gp7_handeye_calibration:/home/norman/pap_yaskawa_ws/install/gp7_bringup:/home/norman/pap_yaskawa_ws/install/gp7_task_executor:/home/norman/pap_yaskawa_ws/install/gp7_task_executor_msgs:/opt/ros/humble /usr/bin/cmake --build /home/norman/pap_yaskawa_ws/build/gp7_moveit_config -- -j20 -l20
[0.498s] Invoking command in '/home/norman/pap_yaskawa_ws/build/gp7_moveit_config': CMAKE_PREFIX_PATH=/home/norman/pap_yaskawa_ws/install/gp7_description:/home/norman/pap_yaskawa_ws/install/gp7_gazebo_classic:/home/norman/pap_yaskawa_ws/install/gp7_vision_bringup:/home/norman/pap_yaskawa_ws/install/gp7_vision_pipeline:/home/norman/pap_yaskawa_ws/install/gp7_vision_gazebo_bridge:/home/norman/pap_yaskawa_ws/install/gp7_moveit_config:/home/norman/pap_yaskawa_ws/install/gp7_handeye_calibration:/home/norman/pap_yaskawa_ws/install/gp7_bringup:/home/norman/pap_yaskawa_ws/install/gp7_task_executor:/home/norman/pap_yaskawa_ws/install/gp7_task_executor_msgs:/opt/ros/humble /usr/bin/cmake --install /home/norman/pap_yaskawa_ws/build/gp7_moveit_config
[0.506s] -- Install configuration: ""
[0.507s] -- Execute custom install script
[0.507s] -- Symlinking: /home/norman/pap_yaskawa_ws/install/gp7_moveit_config/share/gp7_moveit_config/launch/moveit_fake_hardware.launch.py
[0.517s] -- Symlinking: /home/norman/pap_yaskawa_ws/install/gp7_moveit_config/share/gp7_moveit_config/launch/moveit_real.launch.py
[0.525s] -- Symlinking: /home/norman/pap_yaskawa_ws/install/gp7_moveit_config/share/gp7_moveit_config/config/gp7_yaskawa.srdf
[0.532s] -- Symlinking: /home/norman/pap_yaskawa_ws/install/gp7_moveit_config/share/gp7_moveit_config/config/joint_limits.yaml
[0.542s] -- Symlinking: /home/norman/pap_yaskawa_ws/install/gp7_moveit_config/share/gp7_moveit_config/config/kinematics.yaml
[0.550s] -- Symlinking: /home/norman/pap_yaskawa_ws/install/gp7_moveit_config/share/gp7_moveit_config/config/moveit.rviz
[0.559s] -- Symlinking: /home/norman/pap_yaskawa_ws/install/gp7_moveit_config/share/gp7_moveit_config/config/moveit_controllers.yaml
[0.566s] -- Symlinking: /home/norman/pap_yaskawa_ws/install/gp7_moveit_config/share/gp7_moveit_config/config/moveit_real_controllers.yaml
[0.572s] -- Symlinking: /home/norman/pap_yaskawa_ws/install/gp7_moveit_config/share/gp7_moveit_config/config/ompl_planning.yaml
[0.578s] -- Symlinking: /home/norman/pap_yaskawa_ws/install/gp7_moveit_config/share/gp7_moveit_config/config/pilz_cartesian_limits.yaml
[0.585s] -- Symlinking: /home/norman/pap_yaskawa_ws/install/gp7_moveit_config/share/gp7_moveit_config/legacy/README.md
[0.595s] -- Symlinking: /home/norman/pap_yaskawa_ws/install/gp7_moveit_config/share/gp7_moveit_config/legacy/planning_python_api.yaml
[0.603s] -- Symlinking: /home/norman/pap_yaskawa_ws/install/gp7_moveit_config/lib/gp7_moveit_config/verify_plan_execute.py
[0.610s] -- Symlinking: /home/norman/pap_yaskawa_ws/install/gp7_moveit_config/share/ament_index/resource_index/package_run_dependencies/gp7_moveit_config
[0.618s] -- Symlinking: /home/norman/pap_yaskawa_ws/install/gp7_moveit_config/share/ament_index/resource_index/parent_prefix_path/gp7_moveit_config
[0.627s] -- Symlinking: /home/norman/pap_yaskawa_ws/install/gp7_moveit_config/share/gp7_moveit_config/environment/ament_prefix_path.sh
[0.637s] -- Symlinking: /home/norman/pap_yaskawa_ws/install/gp7_moveit_config/share/gp7_moveit_config/environment/ament_prefix_path.dsv
[0.645s] -- Symlinking: /home/norman/pap_yaskawa_ws/install/gp7_moveit_config/share/gp7_moveit_config/environment/path.sh
[0.656s] -- Symlinking: /home/norman/pap_yaskawa_ws/install/gp7_moveit_config/share/gp7_moveit_config/environment/path.dsv
[0.663s] -- Symlinking: /home/norman/pap_yaskawa_ws/install/gp7_moveit_config/share/gp7_moveit_config/local_setup.bash
[0.674s] -- Symlinking: /home/norman/pap_yaskawa_ws/install/gp7_moveit_config/share/gp7_moveit_config/local_setup.sh
[0.681s] -- Symlinking: /home/norman/pap_yaskawa_ws/install/gp7_moveit_config/share/gp7_moveit_config/local_setup.zsh
[0.690s] -- Symlinking: /home/norman/pap_yaskawa_ws/install/gp7_moveit_config/share/gp7_moveit_config/local_setup.dsv
[0.698s] -- Symlinking: /home/norman/pap_yaskawa_ws/install/gp7_moveit_config/share/gp7_moveit_config/package.dsv
[0.705s] -- Symlinking: /home/norman/pap_yaskawa_ws/install/gp7_moveit_config/share/ament_index/resource_index/packages/gp7_moveit_config
[0.715s] -- Symlinking: /home/norman/pap_yaskawa_ws/install/gp7_moveit_config/share/gp7_moveit_config/cmake/gp7_moveit_configConfig.cmake
[0.725s] -- Symlinking: /home/norman/pap_yaskawa_ws/install/gp7_moveit_config/share/gp7_moveit_config/cmake/gp7_moveit_configConfig-version.cmake
[0.733s] -- Symlinking: /home/norman/pap_yaskawa_ws/install/gp7_moveit_config/share/gp7_moveit_config/package.xml
[0.743s] Invoked command in '/home/norman/pap_yaskawa_ws/build/gp7_moveit_config' returned '0': CMAKE_PREFIX_PATH=/home/norman/pap_yaskawa_ws/install/gp7_description:/home/norman/pap_yaskawa_ws/install/gp7_gazebo_classic:/home/norman/pap_yaskawa_ws/install/gp7_vision_bringup:/home/norman/pap_yaskawa_ws/install/gp7_vision_pipeline:/home/norman/pap_yaskawa_ws/install/gp7_vision_gazebo_bridge:/home/norman/pap_yaskawa_ws/install/gp7_moveit_config:/home/norman/pap_yaskawa_ws/install/gp7_handeye_calibration:/home/norman/pap_yaskawa_ws/install/gp7_bringup:/home/norman/pap_yaskawa_ws/install/gp7_task_executor:/home/norman/pap_yaskawa_ws/install/gp7_task_executor_msgs:/opt/ros/humble /usr/bin/cmake --install /home/norman/pap_yaskawa_ws/build/gp7_moveit_config
