-- The C compiler identification is GNU 11.4.0
-- The CXX compiler identification is GNU 11.4.0
-- Detecting C compiler ABI info
-- Detecting C compiler ABI info - done
-- Check for working C compiler: /usr/bin/cc - skipped
-- Detecting C compile features
-- Detecting C compile features - done
-- Detecting CXX compiler ABI info
-- Detecting CXX compiler ABI info - done
-- Check for working CXX compiler: /usr/bin/c++ - skipped
-- Detecting CXX compile features
-- Detecting CXX compile features - done
-- Found ament_cmake: 1.3.14 (/opt/ros/humble/share/ament_cmake/cmake)
-- Found Python3: /usr/bin/python3 (found version "3.10.12") found components: Interpreter 
-- Override CMake install command with custom implementation using symlinks instead of copying resources
-- Found rosidl_default_generators: 1.2.1 (/opt/ros/humble/share/rosidl_default_generators/cmake)
-- Using all available rosidl_typesupport_c: rosidl_typesupport_fastrtps_c;rosidl_typesupport_introspection_c
-- Found rosidl_adapter: 3.1.8 (/opt/ros/humble/share/rosidl_adapter/cmake)
-- Using all available rosidl_typesupport_cpp: rosidl_typesupport_fastrtps_cpp;rosidl_typesupport_introspection_cpp
-- Found geometry_msgs: 4.9.1 (/opt/ros/humble/share/geometry_msgs/cmake)
-- Found ament_cmake_ros: 0.10.0 (/opt/ros/humble/share/ament_cmake_ros/cmake)
-- Using all available rosidl_typesupport_c: rosidl_typesupport_fastrtps_c;rosidl_typesupport_introspection_c
-- Using all available rosidl_typesupport_cpp: rosidl_typesupport_fastrtps_cpp;rosidl_typesupport_introspection_cpp
-- Found PythonInterp: /usr/bin/python3 (found suitable version "3.10.12", minimum required is "3.6") 
-- Found python_cmake_module: 0.10.0 (/opt/ros/humble/share/python_cmake_module/cmake)
-- Found PythonLibs: /usr/lib/x86_64-linux-gnu/libpython3.10.so (found suitable version "3.10.12", minimum required is "3.5") 
-- Using PYTHON_EXECUTABLE: /usr/bin/python3
-- Using PYTHON_INCLUDE_DIRS: /usr/include/python3.10
-- Using PYTHON_LIBRARIES: /usr/lib/x86_64-linux-gnu/libpython3.10.so
-- Found PythonExtra: .so  
-- Configuring done
-- Generating done
-- Build files have been written to: /home/norman/pap_yaskawa_ws/build/gp7_task_executor_msgs
[  2%] [34m[1mGenerating C code for ROS interfaces[0m
[  4%] [34m[1mGenerating Rust code for ROS interfaces[0m
[  6%] [34m[1mGenerating C++ code for ROS interfaces[0m
[  6%] Built target ament_cmake_python_symlink_gp7_task_executor_msgs
running egg_info
creating gp7_task_executor_msgs.egg-info
writing gp7_task_executor_msgs.egg-info/PKG-INFO
writing dependency_links to gp7_task_executor_msgs.egg-info/dependency_links.txt
writing top-level names to gp7_task_executor_msgs.egg-info/top_level.txt
writing manifest file 'gp7_task_executor_msgs.egg-info/SOURCES.txt'
reading manifest file 'gp7_task_executor_msgs.egg-info/SOURCES.txt'
writing manifest file 'gp7_task_executor_msgs.egg-info/SOURCES.txt'
[  6%] Built target ament_cmake_python_build_gp7_task_executor_msgs_egg
[  6%] Built target gp7_task_executor_msgs__cpp
[  8%] [34m[1mGenerating C++ type support for eProsima Fast-RTPS[0m
[ 10%] [34m[1mGenerating C++ type support dispatch for ROS interfaces[0m
[ 12%] [34m[1mGenerating C++ introspection for ROS interfaces[0m
[ 14%] [32mBuilding C object CMakeFiles/gp7_task_executor_msgs__rosidl_generator_c.dir/rosidl_generator_c/gp7_task_executor_msgs/srv/detail/move_to_named_target__functions.c.o[0m
[ 16%] [32mBuilding C object CMakeFiles/gp7_task_executor_msgs__rosidl_generator_c.dir/rosidl_generator_c/gp7_task_executor_msgs/srv/detail/move_to_pose_target__functions.c.o[0m
[ 18%] [32mBuilding C object CMakeFiles/gp7_task_executor_msgs__rosidl_generator_c.dir/rosidl_generator_c/gp7_task_executor_msgs/srv/detail/move_to_joint_target__functions.c.o[0m
[ 18%] Built target gp7_task_executor_msgs__rs
[ 20%] [32m[1mLinking C shared library libgp7_task_executor_msgs__rosidl_generator_c.so[0m
[ 20%] Built target gp7_task_executor_msgs__rosidl_generator_c
[ 22%] [34m[1mGenerating C type support for eProsima Fast-RTPS[0m
[ 27%] [34m[1mGenerating C type support dispatch for ROS interfaces[0m
[ 27%] [34m[1mGenerating C introspection for ROS interfaces[0m
[ 29%] [32mBuilding CXX object CMakeFiles/gp7_task_executor_msgs__rosidl_typesupport_introspection_cpp.dir/rosidl_typesupport_introspection_cpp/gp7_task_executor_msgs/srv/detail/move_to_pose_target__type_support.cpp.o[0m
[ 33%] [32mBuilding CXX object CMakeFiles/gp7_task_executor_msgs__rosidl_typesupport_introspection_cpp.dir/rosidl_typesupport_introspection_cpp/gp7_task_executor_msgs/srv/detail/move_to_named_target__type_support.cpp.o[0m
[ 33%] [32mBuilding CXX object CMakeFiles/gp7_task_executor_msgs__rosidl_typesupport_introspection_cpp.dir/rosidl_typesupport_introspection_cpp/gp7_task_executor_msgs/srv/detail/move_to_joint_target__type_support.cpp.o[0m
[ 35%] [32mBuilding CXX object CMakeFiles/gp7_task_executor_msgs__rosidl_typesupport_cpp.dir/rosidl_typesupport_cpp/gp7_task_executor_msgs/srv/move_to_named_target__type_support.cpp.o[0m
[ 37%] [32mBuilding CXX object CMakeFiles/gp7_task_executor_msgs__rosidl_typesupport_cpp.dir/rosidl_typesupport_cpp/gp7_task_executor_msgs/srv/move_to_joint_target__type_support.cpp.o[0m
[ 39%] [32mBuilding CXX object CMakeFiles/gp7_task_executor_msgs__rosidl_typesupport_cpp.dir/rosidl_typesupport_cpp/gp7_task_executor_msgs/srv/move_to_pose_target__type_support.cpp.o[0m
[ 45%] [32mBuilding CXX object CMakeFiles/gp7_task_executor_msgs__rosidl_typesupport_c.dir/rosidl_typesupport_c/gp7_task_executor_msgs/srv/move_to_pose_target__type_support.cpp.o[0m
[ 45%] [32mBuilding CXX object CMakeFiles/gp7_task_executor_msgs__rosidl_typesupport_c.dir/rosidl_typesupport_c/gp7_task_executor_msgs/srv/move_to_named_target__type_support.cpp.o[0m
[ 45%] [32mBuilding CXX object CMakeFiles/gp7_task_executor_msgs__rosidl_typesupport_c.dir/rosidl_typesupport_c/gp7_task_executor_msgs/srv/move_to_joint_target__type_support.cpp.o[0m
[ 47%] [32m[1mLinking CXX shared library libgp7_task_executor_msgs__rosidl_typesupport_c.so[0m
[ 50%] [32mBuilding C object CMakeFiles/gp7_task_executor_msgs__rosidl_typesupport_introspection_c.dir/rosidl_typesupport_introspection_c/gp7_task_executor_msgs/srv/detail/move_to_named_target__type_support.c.o[0m
[ 54%] [32mBuilding C object CMakeFiles/gp7_task_executor_msgs__rosidl_typesupport_introspection_c.dir/rosidl_typesupport_introspection_c/gp7_task_executor_msgs/srv/detail/move_to_joint_target__type_support.c.o[0m
[ 54%] [32mBuilding C object CMakeFiles/gp7_task_executor_msgs__rosidl_typesupport_introspection_c.dir/rosidl_typesupport_introspection_c/gp7_task_executor_msgs/srv/detail/move_to_pose_target__type_support.c.o[0m
[ 54%] Built target gp7_task_executor_msgs__rosidl_typesupport_c
[ 56%] [32mBuilding CXX object CMakeFiles/gp7_task_executor_msgs__rosidl_typesupport_fastrtps_cpp.dir/rosidl_typesupport_fastrtps_cpp/gp7_task_executor_msgs/srv/detail/dds_fastrtps/move_to_pose_target__type_support.cpp.o[0m
[ 58%] [32mBuilding CXX object CMakeFiles/gp7_task_executor_msgs__rosidl_typesupport_fastrtps_cpp.dir/rosidl_typesupport_fastrtps_cpp/gp7_task_executor_msgs/srv/detail/dds_fastrtps/move_to_named_target__type_support.cpp.o[0m
[ 60%] [32mBuilding CXX object CMakeFiles/gp7_task_executor_msgs__rosidl_typesupport_fastrtps_cpp.dir/rosidl_typesupport_fastrtps_cpp/gp7_task_executor_msgs/srv/detail/dds_fastrtps/move_to_joint_target__type_support.cpp.o[0m
[ 62%] [32m[1mLinking C shared library libgp7_task_executor_msgs__rosidl_typesupport_introspection_c.so[0m
[ 62%] Built target gp7_task_executor_msgs__rosidl_typesupport_introspection_c
[ 64%] [32m[1mLinking CXX shared library libgp7_task_executor_msgs__rosidl_typesupport_cpp.so[0m
[ 64%] Built target gp7_task_executor_msgs__rosidl_typesupport_cpp
[ 68%] [32mBuilding CXX object CMakeFiles/gp7_task_executor_msgs__rosidl_typesupport_fastrtps_c.dir/rosidl_typesupport_fastrtps_c/gp7_task_executor_msgs/srv/detail/move_to_joint_target__type_support_c.cpp.o[0m
[ 68%] [32mBuilding CXX object CMakeFiles/gp7_task_executor_msgs__rosidl_typesupport_fastrtps_c.dir/rosidl_typesupport_fastrtps_c/gp7_task_executor_msgs/srv/detail/move_to_named_target__type_support_c.cpp.o[0m
[ 70%] [32mBuilding CXX object CMakeFiles/gp7_task_executor_msgs__rosidl_typesupport_fastrtps_c.dir/rosidl_typesupport_fastrtps_c/gp7_task_executor_msgs/srv/detail/move_to_pose_target__type_support_c.cpp.o[0m
[ 72%] [32m[1mLinking CXX shared library libgp7_task_executor_msgs__rosidl_typesupport_introspection_cpp.so[0m
[ 72%] Built target gp7_task_executor_msgs__rosidl_typesupport_introspection_cpp
[ 75%] [32m[1mLinking CXX shared library libgp7_task_executor_msgs__rosidl_typesupport_fastrtps_c.so[0m
[ 75%] Built target gp7_task_executor_msgs__rosidl_typesupport_fastrtps_c
[ 77%] [32m[1mLinking CXX shared library libgp7_task_executor_msgs__rosidl_typesupport_fastrtps_cpp.so[0m
[ 77%] Built target gp7_task_executor_msgs__rosidl_typesupport_fastrtps_cpp
[ 77%] Built target gp7_task_executor_msgs
[ 79%] [34m[1mGenerating Python code for ROS interfaces[0m
[ 79%] Built target gp7_task_executor_msgs__py
[ 81%] [32mBuilding C object CMakeFiles/gp7_task_executor_msgs__rosidl_generator_py.dir/rosidl_generator_py/gp7_task_executor_msgs/srv/_move_to_named_target_s.c.o[0m
[ 83%] [32mBuilding C object CMakeFiles/gp7_task_executor_msgs__rosidl_generator_py.dir/rosidl_generator_py/gp7_task_executor_msgs/srv/_move_to_joint_target_s.c.o[0m
[ 85%] [32mBuilding C object CMakeFiles/gp7_task_executor_msgs__rosidl_generator_py.dir/rosidl_generator_py/gp7_task_executor_msgs/srv/_move_to_pose_target_s.c.o[0m
[ 87%] [32m[1mLinking C shared library rosidl_generator_py/gp7_task_executor_msgs/libgp7_task_executor_msgs__rosidl_generator_py.so[0m
[ 87%] Built target gp7_task_executor_msgs__rosidl_generator_py
[ 89%] [32mBuilding C object CMakeFiles/gp7_task_executor_msgs__rosidl_typesupport_fastrtps_c__pyext.dir/rosidl_generator_py/gp7_task_executor_msgs/_gp7_task_executor_msgs_s.ep.rosidl_typesupport_fastrtps_c.c.o[0m
[ 91%] [32mBuilding C object CMakeFiles/gp7_task_executor_msgs__rosidl_typesupport_introspection_c__pyext.dir/rosidl_generator_py/gp7_task_executor_msgs/_gp7_task_executor_msgs_s.ep.rosidl_typesupport_introspection_c.c.o[0m
[ 93%] [32mBuilding C object CMakeFiles/gp7_task_executor_msgs__rosidl_typesupport_c__pyext.dir/rosidl_generator_py/gp7_task_executor_msgs/_gp7_task_executor_msgs_s.ep.rosidl_typesupport_c.c.o[0m
[ 95%] [32m[1mLinking C shared library rosidl_generator_py/gp7_task_executor_msgs/gp7_task_executor_msgs_s__rosidl_typesupport_fastrtps_c.cpython-310-x86_64-linux-gnu.so[0m
[ 97%] [32m[1mLinking C shared library rosidl_generator_py/gp7_task_executor_msgs/gp7_task_executor_msgs_s__rosidl_typesupport_introspection_c.cpython-310-x86_64-linux-gnu.so[0m
[100%] [32m[1mLinking C shared library rosidl_generator_py/gp7_task_executor_msgs/gp7_task_executor_msgs_s__rosidl_typesupport_c.cpython-310-x86_64-linux-gnu.so[0m
[100%] Built target gp7_task_executor_msgs__rosidl_typesupport_fastrtps_c__pyext
[100%] Built target gp7_task_executor_msgs__rosidl_typesupport_introspection_c__pyext
[100%] Built target gp7_task_executor_msgs__rosidl_typesupport_c__pyext
-- Install configuration: ""
-- Execute custom install script
-- Symlinking: /home/norman/pap_yaskawa_ws/install/gp7_task_executor_msgs/share/ament_index/resource_index/rosidl_interfaces/gp7_task_executor_msgs
-- Symlinking: /home/norman/pap_yaskawa_ws/install/gp7_task_executor_msgs/include/gp7_task_executor_msgs/gp7_task_executor_msgs/msg/rosidl_generator_c__visibility_control.h
-- Symlinking: /home/norman/pap_yaskawa_ws/install/gp7_task_executor_msgs/include/gp7_task_executor_msgs/gp7_task_executor_msgs/srv/detail/move_to_joint_target__functions.h
-- Symlinking: /home/norman/pap_yaskawa_ws/install/gp7_task_executor_msgs/include/gp7_task_executor_msgs/gp7_task_executor_msgs/srv/detail/move_to_joint_target__struct.h
-- Symlinking: /home/norman/pap_yaskawa_ws/install/gp7_task_executor_msgs/include/gp7_task_executor_msgs/gp7_task_executor_msgs/srv/detail/move_to_joint_target__type_support.h
-- Symlinking: /home/norman/pap_yaskawa_ws/install/gp7_task_executor_msgs/include/gp7_task_executor_msgs/gp7_task_executor_msgs/srv/detail/move_to_named_target__functions.h
-- Symlinking: /home/norman/pap_yaskawa_ws/install/gp7_task_executor_msgs/include/gp7_task_executor_msgs/gp7_task_executor_msgs/srv/detail/move_to_named_target__struct.h
-- Symlinking: /home/norman/pap_yaskawa_ws/install/gp7_task_executor_msgs/include/gp7_task_executor_msgs/gp7_task_executor_msgs/srv/detail/move_to_named_target__type_support.h
-- Symlinking: /home/norman/pap_yaskawa_ws/install/gp7_task_executor_msgs/include/gp7_task_executor_msgs/gp7_task_executor_msgs/srv/detail/move_to_pose_target__functions.h
-- Symlinking: /home/norman/pap_yaskawa_ws/install/gp7_task_executor_msgs/include/gp7_task_executor_msgs/gp7_task_executor_msgs/srv/detail/move_to_pose_target__struct.h
-- Symlinking: /home/norman/pap_yaskawa_ws/install/gp7_task_executor_msgs/include/gp7_task_executor_msgs/gp7_task_executor_msgs/srv/detail/move_to_pose_target__type_support.h
-- Symlinking: /home/norman/pap_yaskawa_ws/install/gp7_task_executor_msgs/include/gp7_task_executor_msgs/gp7_task_executor_msgs/srv/move_to_joint_target.h
-- Symlinking: /home/norman/pap_yaskawa_ws/install/gp7_task_executor_msgs/include/gp7_task_executor_msgs/gp7_task_executor_msgs/srv/move_to_named_target.h
-- Symlinking: /home/norman/pap_yaskawa_ws/install/gp7_task_executor_msgs/include/gp7_task_executor_msgs/gp7_task_executor_msgs/srv/move_to_pose_target.h
-- Symlinking: /home/norman/pap_yaskawa_ws/install/gp7_task_executor_msgs/share/gp7_task_executor_msgs/environment/library_path.sh
-- Symlinking: /home/norman/pap_yaskawa_ws/install/gp7_task_executor_msgs/share/gp7_task_executor_msgs/environment/library_path.dsv
-- Symlinking: /home/norman/pap_yaskawa_ws/install/gp7_task_executor_msgs/include/gp7_task_executor_msgs/gp7_task_executor_msgs/msg/rosidl_typesupport_fastrtps_c__visibility_control.h
-- Symlinking: /home/norman/pap_yaskawa_ws/install/gp7_task_executor_msgs/include/gp7_task_executor_msgs/gp7_task_executor_msgs/srv/detail/move_to_joint_target__rosidl_typesupport_fastrtps_c.h
-- Symlinking: /home/norman/pap_yaskawa_ws/install/gp7_task_executor_msgs/include/gp7_task_executor_msgs/gp7_task_executor_msgs/srv/detail/move_to_named_target__rosidl_typesupport_fastrtps_c.h
-- Symlinking: /home/norman/pap_yaskawa_ws/install/gp7_task_executor_msgs/include/gp7_task_executor_msgs/gp7_task_executor_msgs/srv/detail/move_to_pose_target__rosidl_typesupport_fastrtps_c.h
-- Symlinking: /home/norman/pap_yaskawa_ws/install/gp7_task_executor_msgs/include/gp7_task_executor_msgs/gp7_task_executor_msgs/msg/rosidl_typesupport_introspection_c__visibility_control.h
-- Symlinking: /home/norman/pap_yaskawa_ws/install/gp7_task_executor_msgs/include/gp7_task_executor_msgs/gp7_task_executor_msgs/srv/detail/move_to_joint_target__rosidl_typesupport_introspection_c.h
-- Symlinking: /home/norman/pap_yaskawa_ws/install/gp7_task_executor_msgs/include/gp7_task_executor_msgs/gp7_task_executor_msgs/srv/detail/move_to_named_target__rosidl_typesupport_introspection_c.h
-- Symlinking: /home/norman/pap_yaskawa_ws/install/gp7_task_executor_msgs/include/gp7_task_executor_msgs/gp7_task_executor_msgs/srv/detail/move_to_pose_target__rosidl_typesupport_introspection_c.h
-- Symlinking: /home/norman/pap_yaskawa_ws/install/gp7_task_executor_msgs/include/gp7_task_executor_msgs/gp7_task_executor_msgs/msg/rosidl_generator_cpp__visibility_control.hpp
-- Symlinking: /home/norman/pap_yaskawa_ws/install/gp7_task_executor_msgs/include/gp7_task_executor_msgs/gp7_task_executor_msgs/srv/detail/move_to_joint_target__builder.hpp
-- Symlinking: /home/norman/pap_yaskawa_ws/install/gp7_task_executor_msgs/include/gp7_task_executor_msgs/gp7_task_executor_msgs/srv/detail/move_to_joint_target__struct.hpp
-- Symlinking: /home/norman/pap_yaskawa_ws/install/gp7_task_executor_msgs/include/gp7_task_executor_msgs/gp7_task_executor_msgs/srv/detail/move_to_joint_target__traits.hpp
-- Symlinking: /home/norman/pap_yaskawa_ws/install/gp7_task_executor_msgs/include/gp7_task_executor_msgs/gp7_task_executor_msgs/srv/detail/move_to_joint_target__type_support.hpp
-- Symlinking: /home/norman/pap_yaskawa_ws/install/gp7_task_executor_msgs/include/gp7_task_executor_msgs/gp7_task_executor_msgs/srv/detail/move_to_named_target__builder.hpp
-- Symlinking: /home/norman/pap_yaskawa_ws/install/gp7_task_executor_msgs/include/gp7_task_executor_msgs/gp7_task_executor_msgs/srv/detail/move_to_named_target__struct.hpp
-- Symlinking: /home/norman/pap_yaskawa_ws/install/gp7_task_executor_msgs/include/gp7_task_executor_msgs/gp7_task_executor_msgs/srv/detail/move_to_named_target__traits.hpp
-- Symlinking: /home/norman/pap_yaskawa_ws/install/gp7_task_executor_msgs/include/gp7_task_executor_msgs/gp7_task_executor_msgs/srv/detail/move_to_named_target__type_support.hpp
-- Symlinking: /home/norman/pap_yaskawa_ws/install/gp7_task_executor_msgs/include/gp7_task_executor_msgs/gp7_task_executor_msgs/srv/detail/move_to_pose_target__builder.hpp
-- Symlinking: /home/norman/pap_yaskawa_ws/install/gp7_task_executor_msgs/include/gp7_task_executor_msgs/gp7_task_executor_msgs/srv/detail/move_to_pose_target__struct.hpp
-- Symlinking: /home/norman/pap_yaskawa_ws/install/gp7_task_executor_msgs/include/gp7_task_executor_msgs/gp7_task_executor_msgs/srv/detail/move_to_pose_target__traits.hpp
-- Symlinking: /home/norman/pap_yaskawa_ws/install/gp7_task_executor_msgs/include/gp7_task_executor_msgs/gp7_task_executor_msgs/srv/detail/move_to_pose_target__type_support.hpp
-- Symlinking: /home/norman/pap_yaskawa_ws/install/gp7_task_executor_msgs/include/gp7_task_executor_msgs/gp7_task_executor_msgs/srv/move_to_joint_target.hpp
-- Symlinking: /home/norman/pap_yaskawa_ws/install/gp7_task_executor_msgs/include/gp7_task_executor_msgs/gp7_task_executor_msgs/srv/move_to_named_target.hpp
-- Symlinking: /home/norman/pap_yaskawa_ws/install/gp7_task_executor_msgs/include/gp7_task_executor_msgs/gp7_task_executor_msgs/srv/move_to_pose_target.hpp
-- Symlinking: /home/norman/pap_yaskawa_ws/install/gp7_task_executor_msgs/include/gp7_task_executor_msgs/gp7_task_executor_msgs/msg/rosidl_typesupport_fastrtps_cpp__visibility_control.h
-- Symlinking: /home/norman/pap_yaskawa_ws/install/gp7_task_executor_msgs/include/gp7_task_executor_msgs/gp7_task_executor_msgs/srv/detail/move_to_joint_target__rosidl_typesupport_fastrtps_cpp.hpp
-- Symlinking: /home/norman/pap_yaskawa_ws/install/gp7_task_executor_msgs/include/gp7_task_executor_msgs/gp7_task_executor_msgs/srv/detail/move_to_named_target__rosidl_typesupport_fastrtps_cpp.hpp
-- Symlinking: /home/norman/pap_yaskawa_ws/install/gp7_task_executor_msgs/include/gp7_task_executor_msgs/gp7_task_executor_msgs/srv/detail/move_to_pose_target__rosidl_typesupport_fastrtps_cpp.hpp
-- Symlinking: /home/norman/pap_yaskawa_ws/install/gp7_task_executor_msgs/include/gp7_task_executor_msgs/gp7_task_executor_msgs/srv/detail/move_to_joint_target__rosidl_typesupport_introspection_cpp.hpp
-- Symlinking: /home/norman/pap_yaskawa_ws/install/gp7_task_executor_msgs/include/gp7_task_executor_msgs/gp7_task_executor_msgs/srv/detail/move_to_named_target__rosidl_typesupport_introspection_cpp.hpp
-- Symlinking: /home/norman/pap_yaskawa_ws/install/gp7_task_executor_msgs/include/gp7_task_executor_msgs/gp7_task_executor_msgs/srv/detail/move_to_pose_target__rosidl_typesupport_introspection_cpp.hpp
-- Symlinking: /home/norman/pap_yaskawa_ws/install/gp7_task_executor_msgs/share/gp7_task_executor_msgs/environment/pythonpath.sh
-- Symlinking: /home/norman/pap_yaskawa_ws/install/gp7_task_executor_msgs/share/gp7_task_executor_msgs/environment/pythonpath.dsv
-- Symlinking: /home/norman/pap_yaskawa_ws/install/gp7_task_executor_msgs/local/lib/python3.10/dist-packages/gp7_task_executor_msgs-1.0.0-py3.10.egg-info/PKG-INFO
-- Symlinking: /home/norman/pap_yaskawa_ws/install/gp7_task_executor_msgs/local/lib/python3.10/dist-packages/gp7_task_executor_msgs-1.0.0-py3.10.egg-info/SOURCES.txt
-- Symlinking: /home/norman/pap_yaskawa_ws/install/gp7_task_executor_msgs/local/lib/python3.10/dist-packages/gp7_task_executor_msgs-1.0.0-py3.10.egg-info/dependency_links.txt
-- Symlinking: /home/norman/pap_yaskawa_ws/install/gp7_task_executor_msgs/local/lib/python3.10/dist-packages/gp7_task_executor_msgs-1.0.0-py3.10.egg-info/top_level.txt
-- Symlinking: /home/norman/pap_yaskawa_ws/install/gp7_task_executor_msgs/local/lib/python3.10/dist-packages/gp7_task_executor_msgs/__init__.py
-- Symlinking: /home/norman/pap_yaskawa_ws/install/gp7_task_executor_msgs/local/lib/python3.10/dist-packages/gp7_task_executor_msgs/_gp7_task_executor_msgs_s.ep.rosidl_typesupport_c.c
-- Symlinking: /home/norman/pap_yaskawa_ws/install/gp7_task_executor_msgs/local/lib/python3.10/dist-packages/gp7_task_executor_msgs/_gp7_task_executor_msgs_s.ep.rosidl_typesupport_fastrtps_c.c
-- Symlinking: /home/norman/pap_yaskawa_ws/install/gp7_task_executor_msgs/local/lib/python3.10/dist-packages/gp7_task_executor_msgs/_gp7_task_executor_msgs_s.ep.rosidl_typesupport_introspection_c.c
-- Symlinking: /home/norman/pap_yaskawa_ws/install/gp7_task_executor_msgs/local/lib/python3.10/dist-packages/gp7_task_executor_msgs/gp7_task_executor_msgs_s__rosidl_typesupport_c.cpython-310-x86_64-linux-gnu.so
-- Symlinking: /home/norman/pap_yaskawa_ws/install/gp7_task_executor_msgs/local/lib/python3.10/dist-packages/gp7_task_executor_msgs/gp7_task_executor_msgs_s__rosidl_typesupport_fastrtps_c.cpython-310-x86_64-linux-gnu.so
-- Symlinking: /home/norman/pap_yaskawa_ws/install/gp7_task_executor_msgs/local/lib/python3.10/dist-packages/gp7_task_executor_msgs/gp7_task_executor_msgs_s__rosidl_typesupport_introspection_c.cpython-310-x86_64-linux-gnu.so
-- Symlinking: /home/norman/pap_yaskawa_ws/install/gp7_task_executor_msgs/local/lib/python3.10/dist-packages/gp7_task_executor_msgs/libgp7_task_executor_msgs__rosidl_generator_py.so
-- Symlinking: /home/norman/pap_yaskawa_ws/install/gp7_task_executor_msgs/local/lib/python3.10/dist-packages/gp7_task_executor_msgs/srv/__init__.py
-- Symlinking: /home/norman/pap_yaskawa_ws/install/gp7_task_executor_msgs/local/lib/python3.10/dist-packages/gp7_task_executor_msgs/srv/_move_to_joint_target.py
-- Symlinking: /home/norman/pap_yaskawa_ws/install/gp7_task_executor_msgs/local/lib/python3.10/dist-packages/gp7_task_executor_msgs/srv/_move_to_joint_target_s.c
-- Symlinking: /home/norman/pap_yaskawa_ws/install/gp7_task_executor_msgs/local/lib/python3.10/dist-packages/gp7_task_executor_msgs/srv/_move_to_named_target.py
-- Symlinking: /home/norman/pap_yaskawa_ws/install/gp7_task_executor_msgs/local/lib/python3.10/dist-packages/gp7_task_executor_msgs/srv/_move_to_named_target_s.c
-- Symlinking: /home/norman/pap_yaskawa_ws/install/gp7_task_executor_msgs/local/lib/python3.10/dist-packages/gp7_task_executor_msgs/srv/_move_to_pose_target.py
-- Symlinking: /home/norman/pap_yaskawa_ws/install/gp7_task_executor_msgs/local/lib/python3.10/dist-packages/gp7_task_executor_msgs/srv/_move_to_pose_target_s.c
-- Up-to-date symlink: /home/norman/pap_yaskawa_ws/install/gp7_task_executor_msgs/local/lib/python3.10/dist-packages/gp7_task_executor_msgs/gp7_task_executor_msgs_s__rosidl_typesupport_fastrtps_c.cpython-310-x86_64-linux-gnu.so
-- Up-to-date symlink: /home/norman/pap_yaskawa_ws/install/gp7_task_executor_msgs/local/lib/python3.10/dist-packages/gp7_task_executor_msgs/gp7_task_executor_msgs_s__rosidl_typesupport_introspection_c.cpython-310-x86_64-linux-gnu.so
-- Up-to-date symlink: /home/norman/pap_yaskawa_ws/install/gp7_task_executor_msgs/local/lib/python3.10/dist-packages/gp7_task_executor_msgs/gp7_task_executor_msgs_s__rosidl_typesupport_c.cpython-310-x86_64-linux-gnu.so
-- Symlinking: /home/norman/pap_yaskawa_ws/install/gp7_task_executor_msgs/share/ament_index/resource_index/rust_packages/gp7_task_executor_msgs
-- Symlinking: /home/norman/pap_yaskawa_ws/install/gp7_task_executor_msgs/share/gp7_task_executor_msgs/rust/Cargo.toml
-- Symlinking: /home/norman/pap_yaskawa_ws/install/gp7_task_executor_msgs/share/gp7_task_executor_msgs/rust/build.rs
-- Symlinking: /home/norman/pap_yaskawa_ws/install/gp7_task_executor_msgs/share/gp7_task_executor_msgs/rust/src/lib.rs
-- Symlinking: /home/norman/pap_yaskawa_ws/install/gp7_task_executor_msgs/share/gp7_task_executor_msgs/rust/src/srv.rs
-- Symlinking: /home/norman/pap_yaskawa_ws/install/gp7_task_executor_msgs/share/gp7_task_executor_msgs/rust/src/srv/rmw.rs
-- Symlinking: /home/norman/pap_yaskawa_ws/install/gp7_task_executor_msgs/share/gp7_task_executor_msgs/srv/MoveToNamedTarget.idl
-- Symlinking: /home/norman/pap_yaskawa_ws/install/gp7_task_executor_msgs/share/gp7_task_executor_msgs/srv/MoveToJointTarget.idl
-- Symlinking: /home/norman/pap_yaskawa_ws/install/gp7_task_executor_msgs/share/gp7_task_executor_msgs/srv/MoveToPoseTarget.idl
-- Symlinking: /home/norman/pap_yaskawa_ws/install/gp7_task_executor_msgs/share/gp7_task_executor_msgs/srv/MoveToNamedTarget.srv
-- Symlinking: /home/norman/pap_yaskawa_ws/install/gp7_task_executor_msgs/share/gp7_task_executor_msgs/srv/MoveToNamedTarget_Request.msg
-- Symlinking: /home/norman/pap_yaskawa_ws/install/gp7_task_executor_msgs/share/gp7_task_executor_msgs/srv/MoveToNamedTarget_Response.msg
-- Symlinking: /home/norman/pap_yaskawa_ws/install/gp7_task_executor_msgs/share/gp7_task_executor_msgs/srv/MoveToJointTarget.srv
-- Symlinking: /home/norman/pap_yaskawa_ws/install/gp7_task_executor_msgs/share/gp7_task_executor_msgs/srv/MoveToJointTarget_Request.msg
-- Symlinking: /home/norman/pap_yaskawa_ws/install/gp7_task_executor_msgs/share/gp7_task_executor_msgs/srv/MoveToJointTarget_Response.msg
-- Symlinking: /home/norman/pap_yaskawa_ws/install/gp7_task_executor_msgs/share/gp7_task_executor_msgs/srv/MoveToPoseTarget.srv
-- Symlinking: /home/norman/pap_yaskawa_ws/install/gp7_task_executor_msgs/share/gp7_task_executor_msgs/srv/MoveToPoseTarget_Request.msg
-- Symlinking: /home/norman/pap_yaskawa_ws/install/gp7_task_executor_msgs/share/gp7_task_executor_msgs/srv/MoveToPoseTarget_Response.msg
-- Symlinking: /home/norman/pap_yaskawa_ws/install/gp7_task_executor_msgs/share/ament_index/resource_index/package_run_dependencies/gp7_task_executor_msgs
-- Symlinking: /home/norman/pap_yaskawa_ws/install/gp7_task_executor_msgs/share/ament_index/resource_index/parent_prefix_path/gp7_task_executor_msgs
-- Symlinking: /home/norman/pap_yaskawa_ws/install/gp7_task_executor_msgs/share/gp7_task_executor_msgs/environment/ament_prefix_path.sh
-- Symlinking: /home/norman/pap_yaskawa_ws/install/gp7_task_executor_msgs/share/gp7_task_executor_msgs/environment/ament_prefix_path.dsv
-- Symlinking: /home/norman/pap_yaskawa_ws/install/gp7_task_executor_msgs/share/gp7_task_executor_msgs/environment/path.sh
-- Symlinking: /home/norman/pap_yaskawa_ws/install/gp7_task_executor_msgs/share/gp7_task_executor_msgs/environment/path.dsv
-- Symlinking: /home/norman/pap_yaskawa_ws/install/gp7_task_executor_msgs/share/gp7_task_executor_msgs/local_setup.bash
-- Symlinking: /home/norman/pap_yaskawa_ws/install/gp7_task_executor_msgs/share/gp7_task_executor_msgs/local_setup.sh
-- Symlinking: /home/norman/pap_yaskawa_ws/install/gp7_task_executor_msgs/share/gp7_task_executor_msgs/local_setup.zsh
-- Symlinking: /home/norman/pap_yaskawa_ws/install/gp7_task_executor_msgs/share/gp7_task_executor_msgs/local_setup.dsv
-- Symlinking: /home/norman/pap_yaskawa_ws/install/gp7_task_executor_msgs/share/gp7_task_executor_msgs/package.dsv
-- Symlinking: /home/norman/pap_yaskawa_ws/install/gp7_task_executor_msgs/share/ament_index/resource_index/packages/gp7_task_executor_msgs
-- Symlinking: /home/norman/pap_yaskawa_ws/install/gp7_task_executor_msgs/share/gp7_task_executor_msgs/cmake/rosidl_cmake-extras.cmake
-- Symlinking: /home/norman/pap_yaskawa_ws/install/gp7_task_executor_msgs/share/gp7_task_executor_msgs/cmake/ament_cmake_export_dependencies-extras.cmake
-- Symlinking: /home/norman/pap_yaskawa_ws/install/gp7_task_executor_msgs/share/gp7_task_executor_msgs/cmake/ament_cmake_export_include_directories-extras.cmake
-- Symlinking: /home/norman/pap_yaskawa_ws/install/gp7_task_executor_msgs/share/gp7_task_executor_msgs/cmake/ament_cmake_export_libraries-extras.cmake
-- Symlinking: /home/norman/pap_yaskawa_ws/install/gp7_task_executor_msgs/share/gp7_task_executor_msgs/cmake/ament_cmake_export_targets-extras.cmake
-- Symlinking: /home/norman/pap_yaskawa_ws/install/gp7_task_executor_msgs/share/gp7_task_executor_msgs/cmake/rosidl_cmake_export_typesupport_targets-extras.cmake
-- Symlinking: /home/norman/pap_yaskawa_ws/install/gp7_task_executor_msgs/share/gp7_task_executor_msgs/cmake/rosidl_cmake_export_typesupport_libraries-extras.cmake
-- Symlinking: /home/norman/pap_yaskawa_ws/install/gp7_task_executor_msgs/share/gp7_task_executor_msgs/cmake/gp7_task_executor_msgsConfig.cmake
-- Symlinking: /home/norman/pap_yaskawa_ws/install/gp7_task_executor_msgs/share/gp7_task_executor_msgs/cmake/gp7_task_executor_msgsConfig-version.cmake
-- Symlinking: /home/norman/pap_yaskawa_ws/install/gp7_task_executor_msgs/share/gp7_task_executor_msgs/package.xml
-- Installing: /home/norman/pap_yaskawa_ws/install/gp7_task_executor_msgs/lib/libgp7_task_executor_msgs__rosidl_generator_c.so
-- Set runtime path of "/home/norman/pap_yaskawa_ws/install/gp7_task_executor_msgs/lib/libgp7_task_executor_msgs__rosidl_generator_c.so" to ""
-- Installing: /home/norman/pap_yaskawa_ws/install/gp7_task_executor_msgs/lib/libgp7_task_executor_msgs__rosidl_typesupport_fastrtps_c.so
-- Set runtime path of "/home/norman/pap_yaskawa_ws/install/gp7_task_executor_msgs/lib/libgp7_task_executor_msgs__rosidl_typesupport_fastrtps_c.so" to ""
-- Installing: /home/norman/pap_yaskawa_ws/install/gp7_task_executor_msgs/lib/libgp7_task_executor_msgs__rosidl_typesupport_introspection_c.so
-- Set runtime path of "/home/norman/pap_yaskawa_ws/install/gp7_task_executor_msgs/lib/libgp7_task_executor_msgs__rosidl_typesupport_introspection_c.so" to ""
-- Installing: /home/norman/pap_yaskawa_ws/install/gp7_task_executor_msgs/lib/libgp7_task_executor_msgs__rosidl_typesupport_c.so
-- Set runtime path of "/home/norman/pap_yaskawa_ws/install/gp7_task_executor_msgs/lib/libgp7_task_executor_msgs__rosidl_typesupport_c.so" to ""
-- Installing: /home/norman/pap_yaskawa_ws/install/gp7_task_executor_msgs/lib/libgp7_task_executor_msgs__rosidl_typesupport_fastrtps_cpp.so
-- Set runtime path of "/home/norman/pap_yaskawa_ws/install/gp7_task_executor_msgs/lib/libgp7_task_executor_msgs__rosidl_typesupport_fastrtps_cpp.so" to ""
-- Installing: /home/norman/pap_yaskawa_ws/install/gp7_task_executor_msgs/lib/libgp7_task_executor_msgs__rosidl_typesupport_introspection_cpp.so
-- Set runtime path of "/home/norman/pap_yaskawa_ws/install/gp7_task_executor_msgs/lib/libgp7_task_executor_msgs__rosidl_typesupport_introspection_cpp.so" to ""
-- Installing: /home/norman/pap_yaskawa_ws/install/gp7_task_executor_msgs/lib/libgp7_task_executor_msgs__rosidl_typesupport_cpp.so
-- Set runtime path of "/home/norman/pap_yaskawa_ws/install/gp7_task_executor_msgs/lib/libgp7_task_executor_msgs__rosidl_typesupport_cpp.so" to ""
Listing '/home/norman/pap_yaskawa_ws/install/gp7_task_executor_msgs/local/lib/python3.10/dist-packages/gp7_task_executor_msgs'...
Compiling '/home/norman/pap_yaskawa_ws/install/gp7_task_executor_msgs/local/lib/python3.10/dist-packages/gp7_task_executor_msgs/__init__.py'...
Listing '/home/norman/pap_yaskawa_ws/install/gp7_task_executor_msgs/local/lib/python3.10/dist-packages/gp7_task_executor_msgs/srv'...
Compiling '/home/norman/pap_yaskawa_ws/install/gp7_task_executor_msgs/local/lib/python3.10/dist-packages/gp7_task_executor_msgs/srv/__init__.py'...
Compiling '/home/norman/pap_yaskawa_ws/install/gp7_task_executor_msgs/local/lib/python3.10/dist-packages/gp7_task_executor_msgs/srv/_move_to_joint_target.py'...
Compiling '/home/norman/pap_yaskawa_ws/install/gp7_task_executor_msgs/local/lib/python3.10/dist-packages/gp7_task_executor_msgs/srv/_move_to_named_target.py'...
Compiling '/home/norman/pap_yaskawa_ws/install/gp7_task_executor_msgs/local/lib/python3.10/dist-packages/gp7_task_executor_msgs/srv/_move_to_pose_target.py'...
-- Installing: /home/norman/pap_yaskawa_ws/install/gp7_task_executor_msgs/lib/libgp7_task_executor_msgs__rosidl_generator_py.so
-- Set runtime path of "/home/norman/pap_yaskawa_ws/install/gp7_task_executor_msgs/lib/libgp7_task_executor_msgs__rosidl_generator_py.so" to ""
-- Installing: /home/norman/pap_yaskawa_ws/install/gp7_task_executor_msgs/share/gp7_task_executor_msgs/cmake/export_gp7_task_executor_msgs__rosidl_generator_cExport.cmake
-- Installing: /home/norman/pap_yaskawa_ws/install/gp7_task_executor_msgs/share/gp7_task_executor_msgs/cmake/export_gp7_task_executor_msgs__rosidl_generator_cExport-noconfig.cmake
-- Installing: /home/norman/pap_yaskawa_ws/install/gp7_task_executor_msgs/share/gp7_task_executor_msgs/cmake/export_gp7_task_executor_msgs__rosidl_typesupport_fastrtps_cExport.cmake
-- Installing: /home/norman/pap_yaskawa_ws/install/gp7_task_executor_msgs/share/gp7_task_executor_msgs/cmake/export_gp7_task_executor_msgs__rosidl_typesupport_fastrtps_cExport-noconfig.cmake
-- Installing: /home/norman/pap_yaskawa_ws/install/gp7_task_executor_msgs/share/gp7_task_executor_msgs/cmake/gp7_task_executor_msgs__rosidl_typesupport_introspection_cExport.cmake
-- Installing: /home/norman/pap_yaskawa_ws/install/gp7_task_executor_msgs/share/gp7_task_executor_msgs/cmake/gp7_task_executor_msgs__rosidl_typesupport_introspection_cExport-noconfig.cmake
-- Installing: /home/norman/pap_yaskawa_ws/install/gp7_task_executor_msgs/share/gp7_task_executor_msgs/cmake/gp7_task_executor_msgs__rosidl_typesupport_cExport.cmake
-- Installing: /home/norman/pap_yaskawa_ws/install/gp7_task_executor_msgs/share/gp7_task_executor_msgs/cmake/gp7_task_executor_msgs__rosidl_typesupport_cExport-noconfig.cmake
-- Installing: /home/norman/pap_yaskawa_ws/install/gp7_task_executor_msgs/share/gp7_task_executor_msgs/cmake/export_gp7_task_executor_msgs__rosidl_generator_cppExport.cmake
-- Installing: /home/norman/pap_yaskawa_ws/install/gp7_task_executor_msgs/share/gp7_task_executor_msgs/cmake/export_gp7_task_executor_msgs__rosidl_typesupport_fastrtps_cppExport.cmake
-- Installing: /home/norman/pap_yaskawa_ws/install/gp7_task_executor_msgs/share/gp7_task_executor_msgs/cmake/export_gp7_task_executor_msgs__rosidl_typesupport_fastrtps_cppExport-noconfig.cmake
-- Installing: /home/norman/pap_yaskawa_ws/install/gp7_task_executor_msgs/share/gp7_task_executor_msgs/cmake/gp7_task_executor_msgs__rosidl_typesupport_introspection_cppExport.cmake
-- Installing: /home/norman/pap_yaskawa_ws/install/gp7_task_executor_msgs/share/gp7_task_executor_msgs/cmake/gp7_task_executor_msgs__rosidl_typesupport_introspection_cppExport-noconfig.cmake
-- Installing: /home/norman/pap_yaskawa_ws/install/gp7_task_executor_msgs/share/gp7_task_executor_msgs/cmake/gp7_task_executor_msgs__rosidl_typesupport_cppExport.cmake
-- Installing: /home/norman/pap_yaskawa_ws/install/gp7_task_executor_msgs/share/gp7_task_executor_msgs/cmake/gp7_task_executor_msgs__rosidl_typesupport_cppExport-noconfig.cmake
-- Installing: /home/norman/pap_yaskawa_ws/install/gp7_task_executor_msgs/share/gp7_task_executor_msgs/cmake/export_gp7_task_executor_msgs__rosidl_generator_pyExport.cmake
-- Installing: /home/norman/pap_yaskawa_ws/install/gp7_task_executor_msgs/share/gp7_task_executor_msgs/cmake/export_gp7_task_executor_msgs__rosidl_generator_pyExport-noconfig.cmake
