[0.010s] Invoking command in '/home/norman/pap_yaskawa_ws/build/gp7_task_executor_msgs': CMAKE_PREFIX_PATH=${CMAKE_PREFIX_PATH}:/opt/ros/humble /usr/bin/cmake /home/norman/pap_yaskawa_ws/src/gp7_task_executor_msgs -DAMENT_CMAKE_SYMLINK_INSTALL=1 -DCMAKE_INSTALL_PREFIX=/home/norman/pap_yaskawa_ws/install/gp7_task_executor_msgs
[0.047s] -- The C compiler identification is GNU 11.4.0
[0.088s] -- The CXX compiler identification is GNU 11.4.0
[0.092s] -- Detecting C compiler ABI info
[0.136s] -- Detecting C compiler ABI info - done
[0.141s] -- Check for working C compiler: /usr/bin/cc - skipped
[0.141s] -- Detecting C compile features
[0.142s] -- Detecting C compile features - done
[0.144s] -- Detecting CXX compiler ABI info
[0.197s] -- Detecting CXX compiler ABI info - done
[0.205s] -- Check for working CXX compiler: /usr/bin/c++ - skipped
[0.205s] -- Detecting CXX compile features
[0.205s] -- Detecting CXX compile features - done
[0.207s] -- Found ament_cmake: 1.3.14 (/opt/ros/humble/share/ament_cmake/cmake)
[0.318s] -- Found Python3: /usr/bin/python3 (found version "3.10.12") found components: Interpreter 
[0.366s] -- Override CMake install command with custom implementation using symlinks instead of copying resources
[0.395s] -- Found rosidl_default_generators: 1.2.1 (/opt/ros/humble/share/rosidl_default_generators/cmake)
[0.399s] -- Using all available rosidl_typesupport_c: rosidl_typesupport_fastrtps_c;rosidl_typesupport_introspection_c
[0.406s] -- Found rosidl_adapter: 3.1.8 (/opt/ros/humble/share/rosidl_adapter/cmake)
[0.441s] -- Using all available rosidl_typesupport_cpp: rosidl_typesupport_fastrtps_cpp;rosidl_typesupport_introspection_cpp
[0.467s] -- Found geometry_msgs: 4.9.1 (/opt/ros/humble/share/geometry_msgs/cmake)
[0.723s] -- Found ament_cmake_ros: 0.10.0 (/opt/ros/humble/share/ament_cmake_ros/cmake)
[0.911s] -- Using all available rosidl_typesupport_c: rosidl_typesupport_fastrtps_c;rosidl_typesupport_introspection_c
[1.154s] -- Using all available rosidl_typesupport_cpp: rosidl_typesupport_fastrtps_cpp;rosidl_typesupport_introspection_cpp
[1.170s] -- Found PythonInterp: /usr/bin/python3 (found suitable version "3.10.12", minimum required is "3.6") 
[1.172s] -- Found python_cmake_module: 0.10.0 (/opt/ros/humble/share/python_cmake_module/cmake)
[1.191s] -- Found PythonLibs: /usr/lib/x86_64-linux-gnu/libpython3.10.so (found suitable version "3.10.12", minimum required is "3.5") 
[1.191s] -- Using PYTHON_EXECUTABLE: /usr/bin/python3
[1.191s] -- Using PYTHON_INCLUDE_DIRS: /usr/include/python3.10
[1.191s] -- Using PYTHON_LIBRARIES: /usr/lib/x86_64-linux-gnu/libpython3.10.so
[1.206s] -- Found PythonExtra: .so  
[1.328s] -- Configuring done
[1.354s] -- Generating done
[1.363s] -- Build files have been written to: /home/norman/pap_yaskawa_ws/build/gp7_task_executor_msgs
[1.371s] Invoked command in '/home/norman/pap_yaskawa_ws/build/gp7_task_executor_msgs' returned '0': CMAKE_PREFIX_PATH=${CMAKE_PREFIX_PATH}:/opt/ros/humble /usr/bin/cmake /home/norman/pap_yaskawa_ws/src/gp7_task_executor_msgs -DAMENT_CMAKE_SYMLINK_INSTALL=1 -DCMAKE_INSTALL_PREFIX=/home/norman/pap_yaskawa_ws/install/gp7_task_executor_msgs
[1.372s] Invoking command in '/home/norman/pap_yaskawa_ws/build/gp7_task_executor_msgs': CMAKE_PREFIX_PATH=${CMAKE_PREFIX_PATH}:/opt/ros/humble /usr/bin/cmake --build /home/norman/pap_yaskawa_ws/build/gp7_task_executor_msgs -- -j20 -l20
[1.408s] [  2%] [34m[1mGenerating C code for ROS interfaces[0m
[1.419s] [  4%] [34m[1mGenerating Rust code for ROS interfaces[0m
[1.422s] [  6%] [34m[1mGenerating C++ code for ROS interfaces[0m
[1.429s] [  6%] Built target ament_cmake_python_symlink_gp7_task_executor_msgs
[1.649s] running egg_info
[1.650s] creating gp7_task_executor_msgs.egg-info
[1.650s] writing gp7_task_executor_msgs.egg-info/PKG-INFO
[1.650s] writing dependency_links to gp7_task_executor_msgs.egg-info/dependency_links.txt
[1.651s] writing top-level names to gp7_task_executor_msgs.egg-info/top_level.txt
[1.651s] writing manifest file 'gp7_task_executor_msgs.egg-info/SOURCES.txt'
[1.652s] reading manifest file 'gp7_task_executor_msgs.egg-info/SOURCES.txt'
[1.653s] writing manifest file 'gp7_task_executor_msgs.egg-info/SOURCES.txt'
[1.680s] [  6%] Built target ament_cmake_python_build_gp7_task_executor_msgs_egg
[1.819s] [  6%] Built target gp7_task_executor_msgs__cpp
[1.827s] [  8%] [34m[1mGenerating C++ type support for eProsima Fast-RTPS[0m
[1.828s] [ 10%] [34m[1mGenerating C++ type support dispatch for ROS interfaces[0m
[1.830s] [ 12%] [34m[1mGenerating C++ introspection for ROS interfaces[0m
[1.839s] [ 14%] [32mBuilding C object CMakeFiles/gp7_task_executor_msgs__rosidl_generator_c.dir/rosidl_generator_c/gp7_task_executor_msgs/srv/detail/move_to_named_target__functions.c.o[0m
[1.841s] [ 16%] [32mBuilding C object CMakeFiles/gp7_task_executor_msgs__rosidl_generator_c.dir/rosidl_generator_c/gp7_task_executor_msgs/srv/detail/move_to_pose_target__functions.c.o[0m
[1.841s] [ 18%] [32mBuilding C object CMakeFiles/gp7_task_executor_msgs__rosidl_generator_c.dir/rosidl_generator_c/gp7_task_executor_msgs/srv/detail/move_to_joint_target__functions.c.o[0m
[1.854s] [ 18%] Built target gp7_task_executor_msgs__rs
[1.911s] [ 20%] [32m[1mLinking C shared library libgp7_task_executor_msgs__rosidl_generator_c.so[0m
[1.956s] [ 20%] Built target gp7_task_executor_msgs__rosidl_generator_c
[1.966s] [ 22%] [34m[1mGenerating C type support for eProsima Fast-RTPS[0m
[1.969s] [ 27%] [34m[1mGenerating C type support dispatch for ROS interfaces[0m
[1.969s] [ 27%] [34m[1mGenerating C introspection for ROS interfaces[0m
[2.173s] [ 29%] [32mBuilding CXX object CMakeFiles/gp7_task_executor_msgs__rosidl_typesupport_introspection_cpp.dir/rosidl_typesupport_introspection_cpp/gp7_task_executor_msgs/srv/detail/move_to_pose_target__type_support.cpp.o[0m
[2.174s] [ 33%] [32mBuilding CXX object CMakeFiles/gp7_task_executor_msgs__rosidl_typesupport_introspection_cpp.dir/rosidl_typesupport_introspection_cpp/gp7_task_executor_msgs/srv/detail/move_to_named_target__type_support.cpp.o[0m
[2.174s] [ 33%] [32mBuilding CXX object CMakeFiles/gp7_task_executor_msgs__rosidl_typesupport_introspection_cpp.dir/rosidl_typesupport_introspection_cpp/gp7_task_executor_msgs/srv/detail/move_to_joint_target__type_support.cpp.o[0m
[2.223s] [ 35%] [32mBuilding CXX object CMakeFiles/gp7_task_executor_msgs__rosidl_typesupport_cpp.dir/rosidl_typesupport_cpp/gp7_task_executor_msgs/srv/move_to_named_target__type_support.cpp.o[0m
[2.224s] [ 37%] [32mBuilding CXX object CMakeFiles/gp7_task_executor_msgs__rosidl_typesupport_cpp.dir/rosidl_typesupport_cpp/gp7_task_executor_msgs/srv/move_to_joint_target__type_support.cpp.o[0m
[2.226s] [ 39%] [32mBuilding CXX object CMakeFiles/gp7_task_executor_msgs__rosidl_typesupport_cpp.dir/rosidl_typesupport_cpp/gp7_task_executor_msgs/srv/move_to_pose_target__type_support.cpp.o[0m
[2.282s] [ 45%] [32mBuilding CXX object CMakeFiles/gp7_task_executor_msgs__rosidl_typesupport_c.dir/rosidl_typesupport_c/gp7_task_executor_msgs/srv/move_to_pose_target__type_support.cpp.o[0m
[2.282s] [ 45%] [32mBuilding CXX object CMakeFiles/gp7_task_executor_msgs__rosidl_typesupport_c.dir/rosidl_typesupport_c/gp7_task_executor_msgs/srv/move_to_named_target__type_support.cpp.o[0m
[2.283s] [ 45%] [32mBuilding CXX object CMakeFiles/gp7_task_executor_msgs__rosidl_typesupport_c.dir/rosidl_typesupport_c/gp7_task_executor_msgs/srv/move_to_joint_target__type_support.cpp.o[0m
[2.321s] [ 47%] [32m[1mLinking CXX shared library libgp7_task_executor_msgs__rosidl_typesupport_c.so[0m
[2.352s] [ 50%] [32mBuilding C object CMakeFiles/gp7_task_executor_msgs__rosidl_typesupport_introspection_c.dir/rosidl_typesupport_introspection_c/gp7_task_executor_msgs/srv/detail/move_to_named_target__type_support.c.o[0m
[2.355s] [ 54%] [32mBuilding C object CMakeFiles/gp7_task_executor_msgs__rosidl_typesupport_introspection_c.dir/rosidl_typesupport_introspection_c/gp7_task_executor_msgs/srv/detail/move_to_joint_target__type_support.c.o[0m
[2.356s] [ 54%] [32mBuilding C object CMakeFiles/gp7_task_executor_msgs__rosidl_typesupport_introspection_c.dir/rosidl_typesupport_introspection_c/gp7_task_executor_msgs/srv/detail/move_to_pose_target__type_support.c.o[0m
[2.361s] [ 54%] Built target gp7_task_executor_msgs__rosidl_typesupport_c
[2.394s] [ 56%] [32mBuilding CXX object CMakeFiles/gp7_task_executor_msgs__rosidl_typesupport_fastrtps_cpp.dir/rosidl_typesupport_fastrtps_cpp/gp7_task_executor_msgs/srv/detail/dds_fastrtps/move_to_pose_target__type_support.cpp.o[0m
[2.396s] [ 58%] [32mBuilding CXX object CMakeFiles/gp7_task_executor_msgs__rosidl_typesupport_fastrtps_cpp.dir/rosidl_typesupport_fastrtps_cpp/gp7_task_executor_msgs/srv/detail/dds_fastrtps/move_to_named_target__type_support.cpp.o[0m
[2.396s] [ 60%] [32mBuilding CXX object CMakeFiles/gp7_task_executor_msgs__rosidl_typesupport_fastrtps_cpp.dir/rosidl_typesupport_fastrtps_cpp/gp7_task_executor_msgs/srv/detail/dds_fastrtps/move_to_joint_target__type_support.cpp.o[0m
[2.402s] [ 62%] [32m[1mLinking C shared library libgp7_task_executor_msgs__rosidl_typesupport_introspection_c.so[0m
[2.441s] [ 62%] Built target gp7_task_executor_msgs__rosidl_typesupport_introspection_c
[2.446s] [ 64%] [32m[1mLinking CXX shared library libgp7_task_executor_msgs__rosidl_typesupport_cpp.so[0m
[2.487s] [ 64%] Built target gp7_task_executor_msgs__rosidl_typesupport_cpp
[2.524s] [ 68%] [32mBuilding CXX object CMakeFiles/gp7_task_executor_msgs__rosidl_typesupport_fastrtps_c.dir/rosidl_typesupport_fastrtps_c/gp7_task_executor_msgs/srv/detail/move_to_joint_target__type_support_c.cpp.o[0m
[2.524s] [ 68%] [32mBuilding CXX object CMakeFiles/gp7_task_executor_msgs__rosidl_typesupport_fastrtps_c.dir/rosidl_typesupport_fastrtps_c/gp7_task_executor_msgs/srv/detail/move_to_named_target__type_support_c.cpp.o[0m
[2.524s] [ 70%] [32mBuilding CXX object CMakeFiles/gp7_task_executor_msgs__rosidl_typesupport_fastrtps_c.dir/rosidl_typesupport_fastrtps_c/gp7_task_executor_msgs/srv/detail/move_to_pose_target__type_support_c.cpp.o[0m
[2.657s] [ 72%] [32m[1mLinking CXX shared library libgp7_task_executor_msgs__rosidl_typesupport_introspection_cpp.so[0m
[2.745s] [ 72%] Built target gp7_task_executor_msgs__rosidl_typesupport_introspection_cpp
[2.804s] [ 75%] [32m[1mLinking CXX shared library libgp7_task_executor_msgs__rosidl_typesupport_fastrtps_c.so[0m
[2.862s] [ 75%] Built target gp7_task_executor_msgs__rosidl_typesupport_fastrtps_c
[2.879s] [ 77%] [32m[1mLinking CXX shared library libgp7_task_executor_msgs__rosidl_typesupport_fastrtps_cpp.so[0m
[2.936s] [ 77%] Built target gp7_task_executor_msgs__rosidl_typesupport_fastrtps_cpp
[2.956s] [ 77%] Built target gp7_task_executor_msgs
[2.976s] [ 79%] [34m[1mGenerating Python code for ROS interfaces[0m
[3.489s] [ 79%] Built target gp7_task_executor_msgs__py
[3.503s] [ 81%] [32mBuilding C object CMakeFiles/gp7_task_executor_msgs__rosidl_generator_py.dir/rosidl_generator_py/gp7_task_executor_msgs/srv/_move_to_named_target_s.c.o[0m
[3.503s] [ 83%] [32mBuilding C object CMakeFiles/gp7_task_executor_msgs__rosidl_generator_py.dir/rosidl_generator_py/gp7_task_executor_msgs/srv/_move_to_joint_target_s.c.o[0m
[3.504s] [ 85%] [32mBuilding C object CMakeFiles/gp7_task_executor_msgs__rosidl_generator_py.dir/rosidl_generator_py/gp7_task_executor_msgs/srv/_move_to_pose_target_s.c.o[0m
[3.584s] [ 87%] [32m[1mLinking C shared library rosidl_generator_py/gp7_task_executor_msgs/libgp7_task_executor_msgs__rosidl_generator_py.so[0m
[3.610s] [ 87%] Built target gp7_task_executor_msgs__rosidl_generator_py
[3.625s] [ 89%] [32mBuilding C object CMakeFiles/gp7_task_executor_msgs__rosidl_typesupport_fastrtps_c__pyext.dir/rosidl_generator_py/gp7_task_executor_msgs/_gp7_task_executor_msgs_s.ep.rosidl_typesupport_fastrtps_c.c.o[0m
[3.625s] [ 91%] [32mBuilding C object CMakeFiles/gp7_task_executor_msgs__rosidl_typesupport_introspection_c__pyext.dir/rosidl_generator_py/gp7_task_executor_msgs/_gp7_task_executor_msgs_s.ep.rosidl_typesupport_introspection_c.c.o[0m
[3.626s] [ 93%] [32mBuilding C object CMakeFiles/gp7_task_executor_msgs__rosidl_typesupport_c__pyext.dir/rosidl_generator_py/gp7_task_executor_msgs/_gp7_task_executor_msgs_s.ep.rosidl_typesupport_c.c.o[0m
[3.705s] [ 95%] [32m[1mLinking C shared library rosidl_generator_py/gp7_task_executor_msgs/gp7_task_executor_msgs_s__rosidl_typesupport_fastrtps_c.cpython-310-x86_64-linux-gnu.so[0m
[3.709s] [ 97%] [32m[1mLinking C shared library rosidl_generator_py/gp7_task_executor_msgs/gp7_task_executor_msgs_s__rosidl_typesupport_introspection_c.cpython-310-x86_64-linux-gnu.so[0m
[3.710s] [100%] [32m[1mLinking C shared library rosidl_generator_py/gp7_task_executor_msgs/gp7_task_executor_msgs_s__rosidl_typesupport_c.cpython-310-x86_64-linux-gnu.so[0m
[3.733s] [100%] Built target gp7_task_executor_msgs__rosidl_typesupport_fastrtps_c__pyext
[3.737s] [100%] Built target gp7_task_executor_msgs__rosidl_typesupport_introspection_c__pyext
[3.738s] [100%] Built target gp7_task_executor_msgs__rosidl_typesupport_c__pyext
[3.745s] Invoked command in '/home/norman/pap_yaskawa_ws/build/gp7_task_executor_msgs' returned '0': CMAKE_PREFIX_PATH=${CMAKE_PREFIX_PATH}:/opt/ros/humble /usr/bin/cmake --build /home/norman/pap_yaskawa_ws/build/gp7_task_executor_msgs -- -j20 -l20
[3.746s] Invoking command in '/home/norman/pap_yaskawa_ws/build/gp7_task_executor_msgs': CMAKE_PREFIX_PATH=${CMAKE_PREFIX_PATH}:/opt/ros/humble /usr/bin/cmake --install /home/norman/pap_yaskawa_ws/build/gp7_task_executor_msgs
[3.750s] -- Install configuration: ""
[3.751s] -- Execute custom install script
[3.751s] -- Symlinking: /home/norman/pap_yaskawa_ws/install/gp7_task_executor_msgs/share/ament_index/resource_index/rosidl_interfaces/gp7_task_executor_msgs
[3.757s] -- Symlinking: /home/norman/pap_yaskawa_ws/install/gp7_task_executor_msgs/include/gp7_task_executor_msgs/gp7_task_executor_msgs/msg/rosidl_generator_c__visibility_control.h
[3.762s] -- Symlinking: /home/norman/pap_yaskawa_ws/install/gp7_task_executor_msgs/include/gp7_task_executor_msgs/gp7_task_executor_msgs/srv/detail/move_to_joint_target__functions.h
[3.767s] -- Symlinking: /home/norman/pap_yaskawa_ws/install/gp7_task_executor_msgs/include/gp7_task_executor_msgs/gp7_task_executor_msgs/srv/detail/move_to_joint_target__struct.h
[3.774s] -- Symlinking: /home/norman/pap_yaskawa_ws/install/gp7_task_executor_msgs/include/gp7_task_executor_msgs/gp7_task_executor_msgs/srv/detail/move_to_joint_target__type_support.h
[3.780s] -- Symlinking: /home/norman/pap_yaskawa_ws/install/gp7_task_executor_msgs/include/gp7_task_executor_msgs/gp7_task_executor_msgs/srv/detail/move_to_named_target__functions.h
[3.787s] -- Symlinking: /home/norman/pap_yaskawa_ws/install/gp7_task_executor_msgs/include/gp7_task_executor_msgs/gp7_task_executor_msgs/srv/detail/move_to_named_target__struct.h
[3.793s] -- Symlinking: /home/norman/pap_yaskawa_ws/install/gp7_task_executor_msgs/include/gp7_task_executor_msgs/gp7_task_executor_msgs/srv/detail/move_to_named_target__type_support.h
[3.800s] -- Symlinking: /home/norman/pap_yaskawa_ws/install/gp7_task_executor_msgs/include/gp7_task_executor_msgs/gp7_task_executor_msgs/srv/detail/move_to_pose_target__functions.h
[3.805s] -- Symlinking: /home/norman/pap_yaskawa_ws/install/gp7_task_executor_msgs/include/gp7_task_executor_msgs/gp7_task_executor_msgs/srv/detail/move_to_pose_target__struct.h
[3.811s] -- Symlinking: /home/norman/pap_yaskawa_ws/install/gp7_task_executor_msgs/include/gp7_task_executor_msgs/gp7_task_executor_msgs/srv/detail/move_to_pose_target__type_support.h
[3.816s] -- Symlinking: /home/norman/pap_yaskawa_ws/install/gp7_task_executor_msgs/include/gp7_task_executor_msgs/gp7_task_executor_msgs/srv/move_to_joint_target.h
[3.821s] -- Symlinking: /home/norman/pap_yaskawa_ws/install/gp7_task_executor_msgs/include/gp7_task_executor_msgs/gp7_task_executor_msgs/srv/move_to_named_target.h
[3.828s] -- Symlinking: /home/norman/pap_yaskawa_ws/install/gp7_task_executor_msgs/include/gp7_task_executor_msgs/gp7_task_executor_msgs/srv/move_to_pose_target.h
[3.834s] -- Symlinking: /home/norman/pap_yaskawa_ws/install/gp7_task_executor_msgs/share/gp7_task_executor_msgs/environment/library_path.sh
[3.839s] -- Symlinking: /home/norman/pap_yaskawa_ws/install/gp7_task_executor_msgs/share/gp7_task_executor_msgs/environment/library_path.dsv
[3.846s] -- Symlinking: /home/norman/pap_yaskawa_ws/install/gp7_task_executor_msgs/include/gp7_task_executor_msgs/gp7_task_executor_msgs/msg/rosidl_typesupport_fastrtps_c__visibility_control.h
[3.851s] -- Symlinking: /home/norman/pap_yaskawa_ws/install/gp7_task_executor_msgs/include/gp7_task_executor_msgs/gp7_task_executor_msgs/srv/detail/move_to_joint_target__rosidl_typesupport_fastrtps_c.h
[3.856s] -- Symlinking: /home/norman/pap_yaskawa_ws/install/gp7_task_executor_msgs/include/gp7_task_executor_msgs/gp7_task_executor_msgs/srv/detail/move_to_named_target__rosidl_typesupport_fastrtps_c.h
[3.862s] -- Symlinking: /home/norman/pap_yaskawa_ws/install/gp7_task_executor_msgs/include/gp7_task_executor_msgs/gp7_task_executor_msgs/srv/detail/move_to_pose_target__rosidl_typesupport_fastrtps_c.h
[3.867s] -- Symlinking: /home/norman/pap_yaskawa_ws/install/gp7_task_executor_msgs/include/gp7_task_executor_msgs/gp7_task_executor_msgs/msg/rosidl_typesupport_introspection_c__visibility_control.h
[3.874s] -- Symlinking: /home/norman/pap_yaskawa_ws/install/gp7_task_executor_msgs/include/gp7_task_executor_msgs/gp7_task_executor_msgs/srv/detail/move_to_joint_target__rosidl_typesupport_introspection_c.h
[3.879s] -- Symlinking: /home/norman/pap_yaskawa_ws/install/gp7_task_executor_msgs/include/gp7_task_executor_msgs/gp7_task_executor_msgs/srv/detail/move_to_named_target__rosidl_typesupport_introspection_c.h
[3.885s] -- Symlinking: /home/norman/pap_yaskawa_ws/install/gp7_task_executor_msgs/include/gp7_task_executor_msgs/gp7_task_executor_msgs/srv/detail/move_to_pose_target__rosidl_typesupport_introspection_c.h
[3.890s] -- Symlinking: /home/norman/pap_yaskawa_ws/install/gp7_task_executor_msgs/include/gp7_task_executor_msgs/gp7_task_executor_msgs/msg/rosidl_generator_cpp__visibility_control.hpp
[3.896s] -- Symlinking: /home/norman/pap_yaskawa_ws/install/gp7_task_executor_msgs/include/gp7_task_executor_msgs/gp7_task_executor_msgs/srv/detail/move_to_joint_target__builder.hpp
[3.901s] -- Symlinking: /home/norman/pap_yaskawa_ws/install/gp7_task_executor_msgs/include/gp7_task_executor_msgs/gp7_task_executor_msgs/srv/detail/move_to_joint_target__struct.hpp
[3.907s] -- Symlinking: /home/norman/pap_yaskawa_ws/install/gp7_task_executor_msgs/include/gp7_task_executor_msgs/gp7_task_executor_msgs/srv/detail/move_to_joint_target__traits.hpp
[3.914s] -- Symlinking: /home/norman/pap_yaskawa_ws/install/gp7_task_executor_msgs/include/gp7_task_executor_msgs/gp7_task_executor_msgs/srv/detail/move_to_joint_target__type_support.hpp
[3.919s] -- Symlinking: /home/norman/pap_yaskawa_ws/install/gp7_task_executor_msgs/include/gp7_task_executor_msgs/gp7_task_executor_msgs/srv/detail/move_to_named_target__builder.hpp
[3.926s] -- Symlinking: /home/norman/pap_yaskawa_ws/install/gp7_task_executor_msgs/include/gp7_task_executor_msgs/gp7_task_executor_msgs/srv/detail/move_to_named_target__struct.hpp
[3.933s] -- Symlinking: /home/norman/pap_yaskawa_ws/install/gp7_task_executor_msgs/include/gp7_task_executor_msgs/gp7_task_executor_msgs/srv/detail/move_to_named_target__traits.hpp
[3.938s] -- Symlinking: /home/norman/pap_yaskawa_ws/install/gp7_task_executor_msgs/include/gp7_task_executor_msgs/gp7_task_executor_msgs/srv/detail/move_to_named_target__type_support.hpp
[3.944s] -- Symlinking: /home/norman/pap_yaskawa_ws/install/gp7_task_executor_msgs/include/gp7_task_executor_msgs/gp7_task_executor_msgs/srv/detail/move_to_pose_target__builder.hpp
[3.949s] -- Symlinking: /home/norman/pap_yaskawa_ws/install/gp7_task_executor_msgs/include/gp7_task_executor_msgs/gp7_task_executor_msgs/srv/detail/move_to_pose_target__struct.hpp
[3.955s] -- Symlinking: /home/norman/pap_yaskawa_ws/install/gp7_task_executor_msgs/include/gp7_task_executor_msgs/gp7_task_executor_msgs/srv/detail/move_to_pose_target__traits.hpp
[3.960s] -- Symlinking: /home/norman/pap_yaskawa_ws/install/gp7_task_executor_msgs/include/gp7_task_executor_msgs/gp7_task_executor_msgs/srv/detail/move_to_pose_target__type_support.hpp
[3.967s] -- Symlinking: /home/norman/pap_yaskawa_ws/install/gp7_task_executor_msgs/include/gp7_task_executor_msgs/gp7_task_executor_msgs/srv/move_to_joint_target.hpp
[3.973s] -- Symlinking: /home/norman/pap_yaskawa_ws/install/gp7_task_executor_msgs/include/gp7_task_executor_msgs/gp7_task_executor_msgs/srv/move_to_named_target.hpp
[3.978s] -- Symlinking: /home/norman/pap_yaskawa_ws/install/gp7_task_executor_msgs/include/gp7_task_executor_msgs/gp7_task_executor_msgs/srv/move_to_pose_target.hpp
[3.985s] -- Symlinking: /home/norman/pap_yaskawa_ws/install/gp7_task_executor_msgs/include/gp7_task_executor_msgs/gp7_task_executor_msgs/msg/rosidl_typesupport_fastrtps_cpp__visibility_control.h
[3.991s] -- Symlinking: /home/norman/pap_yaskawa_ws/install/gp7_task_executor_msgs/include/gp7_task_executor_msgs/gp7_task_executor_msgs/srv/detail/move_to_joint_target__rosidl_typesupport_fastrtps_cpp.hpp
[3.996s] -- Symlinking: /home/norman/pap_yaskawa_ws/install/gp7_task_executor_msgs/include/gp7_task_executor_msgs/gp7_task_executor_msgs/srv/detail/move_to_named_target__rosidl_typesupport_fastrtps_cpp.hpp
[4.003s] -- Symlinking: /home/norman/pap_yaskawa_ws/install/gp7_task_executor_msgs/include/gp7_task_executor_msgs/gp7_task_executor_msgs/srv/detail/move_to_pose_target__rosidl_typesupport_fastrtps_cpp.hpp
[4.008s] -- Symlinking: /home/norman/pap_yaskawa_ws/install/gp7_task_executor_msgs/include/gp7_task_executor_msgs/gp7_task_executor_msgs/srv/detail/move_to_joint_target__rosidl_typesupport_introspection_cpp.hpp
[4.015s] -- Symlinking: /home/norman/pap_yaskawa_ws/install/gp7_task_executor_msgs/include/gp7_task_executor_msgs/gp7_task_executor_msgs/srv/detail/move_to_named_target__rosidl_typesupport_introspection_cpp.hpp
[4.020s] -- Symlinking: /home/norman/pap_yaskawa_ws/install/gp7_task_executor_msgs/include/gp7_task_executor_msgs/gp7_task_executor_msgs/srv/detail/move_to_pose_target__rosidl_typesupport_introspection_cpp.hpp
[4.027s] -- Symlinking: /home/norman/pap_yaskawa_ws/install/gp7_task_executor_msgs/share/gp7_task_executor_msgs/environment/pythonpath.sh
[4.032s] -- Symlinking: /home/norman/pap_yaskawa_ws/install/gp7_task_executor_msgs/share/gp7_task_executor_msgs/environment/pythonpath.dsv
[4.039s] -- Symlinking: /home/norman/pap_yaskawa_ws/install/gp7_task_executor_msgs/local/lib/python3.10/dist-packages/gp7_task_executor_msgs-1.0.0-py3.10.egg-info/PKG-INFO
[4.046s] -- Symlinking: /home/norman/pap_yaskawa_ws/install/gp7_task_executor_msgs/local/lib/python3.10/dist-packages/gp7_task_executor_msgs-1.0.0-py3.10.egg-info/SOURCES.txt
[4.052s] -- Symlinking: /home/norman/pap_yaskawa_ws/install/gp7_task_executor_msgs/local/lib/python3.10/dist-packages/gp7_task_executor_msgs-1.0.0-py3.10.egg-info/dependency_links.txt
[4.057s] -- Symlinking: /home/norman/pap_yaskawa_ws/install/gp7_task_executor_msgs/local/lib/python3.10/dist-packages/gp7_task_executor_msgs-1.0.0-py3.10.egg-info/top_level.txt
[4.063s] -- Symlinking: /home/norman/pap_yaskawa_ws/install/gp7_task_executor_msgs/local/lib/python3.10/dist-packages/gp7_task_executor_msgs/__init__.py
[4.069s] -- Symlinking: /home/norman/pap_yaskawa_ws/install/gp7_task_executor_msgs/local/lib/python3.10/dist-packages/gp7_task_executor_msgs/_gp7_task_executor_msgs_s.ep.rosidl_typesupport_c.c
[4.076s] -- Symlinking: /home/norman/pap_yaskawa_ws/install/gp7_task_executor_msgs/local/lib/python3.10/dist-packages/gp7_task_executor_msgs/_gp7_task_executor_msgs_s.ep.rosidl_typesupport_fastrtps_c.c
[4.082s] -- Symlinking: /home/norman/pap_yaskawa_ws/install/gp7_task_executor_msgs/local/lib/python3.10/dist-packages/gp7_task_executor_msgs/_gp7_task_executor_msgs_s.ep.rosidl_typesupport_introspection_c.c
[4.088s] -- Symlinking: /home/norman/pap_yaskawa_ws/install/gp7_task_executor_msgs/local/lib/python3.10/dist-packages/gp7_task_executor_msgs/gp7_task_executor_msgs_s__rosidl_typesupport_c.cpython-310-x86_64-linux-gnu.so
[4.095s] -- Symlinking: /home/norman/pap_yaskawa_ws/install/gp7_task_executor_msgs/local/lib/python3.10/dist-packages/gp7_task_executor_msgs/gp7_task_executor_msgs_s__rosidl_typesupport_fastrtps_c.cpython-310-x86_64-linux-gnu.so
[4.101s] -- Symlinking: /home/norman/pap_yaskawa_ws/install/gp7_task_executor_msgs/local/lib/python3.10/dist-packages/gp7_task_executor_msgs/gp7_task_executor_msgs_s__rosidl_typesupport_introspection_c.cpython-310-x86_64-linux-gnu.so
[4.107s] -- Symlinking: /home/norman/pap_yaskawa_ws/install/gp7_task_executor_msgs/local/lib/python3.10/dist-packages/gp7_task_executor_msgs/libgp7_task_executor_msgs__rosidl_generator_py.so
[4.112s] -- Symlinking: /home/norman/pap_yaskawa_ws/install/gp7_task_executor_msgs/local/lib/python3.10/dist-packages/gp7_task_executor_msgs/srv/__init__.py
[4.118s] -- Symlinking: /home/norman/pap_yaskawa_ws/install/gp7_task_executor_msgs/local/lib/python3.10/dist-packages/gp7_task_executor_msgs/srv/_move_to_joint_target.py
[4.123s] -- Symlinking: /home/norman/pap_yaskawa_ws/install/gp7_task_executor_msgs/local/lib/python3.10/dist-packages/gp7_task_executor_msgs/srv/_move_to_joint_target_s.c
[4.128s] -- Symlinking: /home/norman/pap_yaskawa_ws/install/gp7_task_executor_msgs/local/lib/python3.10/dist-packages/gp7_task_executor_msgs/srv/_move_to_named_target.py
[4.134s] -- Symlinking: /home/norman/pap_yaskawa_ws/install/gp7_task_executor_msgs/local/lib/python3.10/dist-packages/gp7_task_executor_msgs/srv/_move_to_named_target_s.c
[4.139s] -- Symlinking: /home/norman/pap_yaskawa_ws/install/gp7_task_executor_msgs/local/lib/python3.10/dist-packages/gp7_task_executor_msgs/srv/_move_to_pose_target.py
[4.143s] -- Symlinking: /home/norman/pap_yaskawa_ws/install/gp7_task_executor_msgs/local/lib/python3.10/dist-packages/gp7_task_executor_msgs/srv/_move_to_pose_target_s.c
[4.149s] -- Up-to-date symlink: /home/norman/pap_yaskawa_ws/install/gp7_task_executor_msgs/local/lib/python3.10/dist-packages/gp7_task_executor_msgs/gp7_task_executor_msgs_s__rosidl_typesupport_fastrtps_c.cpython-310-x86_64-linux-gnu.so
[4.149s] -- Up-to-date symlink: /home/norman/pap_yaskawa_ws/install/gp7_task_executor_msgs/local/lib/python3.10/dist-packages/gp7_task_executor_msgs/gp7_task_executor_msgs_s__rosidl_typesupport_introspection_c.cpython-310-x86_64-linux-gnu.so
[4.149s] -- Up-to-date symlink: /home/norman/pap_yaskawa_ws/install/gp7_task_executor_msgs/local/lib/python3.10/dist-packages/gp7_task_executor_msgs/gp7_task_executor_msgs_s__rosidl_typesupport_c.cpython-310-x86_64-linux-gnu.so
[4.149s] -- Symlinking: /home/norman/pap_yaskawa_ws/install/gp7_task_executor_msgs/share/ament_index/resource_index/rust_packages/gp7_task_executor_msgs
[4.154s] -- Symlinking: /home/norman/pap_yaskawa_ws/install/gp7_task_executor_msgs/share/gp7_task_executor_msgs/rust/Cargo.toml
[4.159s] -- Symlinking: /home/norman/pap_yaskawa_ws/install/gp7_task_executor_msgs/share/gp7_task_executor_msgs/rust/build.rs
[4.164s] -- Symlinking: /home/norman/pap_yaskawa_ws/install/gp7_task_executor_msgs/share/gp7_task_executor_msgs/rust/src/lib.rs
[4.170s] -- Symlinking: /home/norman/pap_yaskawa_ws/install/gp7_task_executor_msgs/share/gp7_task_executor_msgs/rust/src/srv.rs
[4.176s] -- Symlinking: /home/norman/pap_yaskawa_ws/install/gp7_task_executor_msgs/share/gp7_task_executor_msgs/rust/src/srv/rmw.rs
[4.182s] -- Symlinking: /home/norman/pap_yaskawa_ws/install/gp7_task_executor_msgs/share/gp7_task_executor_msgs/srv/MoveToNamedTarget.idl
[4.187s] -- Symlinking: /home/norman/pap_yaskawa_ws/install/gp7_task_executor_msgs/share/gp7_task_executor_msgs/srv/MoveToJointTarget.idl
[4.193s] -- Symlinking: /home/norman/pap_yaskawa_ws/install/gp7_task_executor_msgs/share/gp7_task_executor_msgs/srv/MoveToPoseTarget.idl
[4.198s] -- Symlinking: /home/norman/pap_yaskawa_ws/install/gp7_task_executor_msgs/share/gp7_task_executor_msgs/srv/MoveToNamedTarget.srv
[4.203s] -- Symlinking: /home/norman/pap_yaskawa_ws/install/gp7_task_executor_msgs/share/gp7_task_executor_msgs/srv/MoveToNamedTarget_Request.msg
[4.207s] -- Symlinking: /home/norman/pap_yaskawa_ws/install/gp7_task_executor_msgs/share/gp7_task_executor_msgs/srv/MoveToNamedTarget_Response.msg
[4.212s] -- Symlinking: /home/norman/pap_yaskawa_ws/install/gp7_task_executor_msgs/share/gp7_task_executor_msgs/srv/MoveToJointTarget.srv
[4.217s] -- Symlinking: /home/norman/pap_yaskawa_ws/install/gp7_task_executor_msgs/share/gp7_task_executor_msgs/srv/MoveToJointTarget_Request.msg
[4.222s] -- Symlinking: /home/norman/pap_yaskawa_ws/install/gp7_task_executor_msgs/share/gp7_task_executor_msgs/srv/MoveToJointTarget_Response.msg
[4.228s] -- Symlinking: /home/norman/pap_yaskawa_ws/install/gp7_task_executor_msgs/share/gp7_task_executor_msgs/srv/MoveToPoseTarget.srv
[4.233s] -- Symlinking: /home/norman/pap_yaskawa_ws/install/gp7_task_executor_msgs/share/gp7_task_executor_msgs/srv/MoveToPoseTarget_Request.msg
[4.238s] -- Symlinking: /home/norman/pap_yaskawa_ws/install/gp7_task_executor_msgs/share/gp7_task_executor_msgs/srv/MoveToPoseTarget_Response.msg
[4.243s] -- Symlinking: /home/norman/pap_yaskawa_ws/install/gp7_task_executor_msgs/share/ament_index/resource_index/package_run_dependencies/gp7_task_executor_msgs
[4.249s] -- Symlinking: /home/norman/pap_yaskawa_ws/install/gp7_task_executor_msgs/share/ament_index/resource_index/parent_prefix_path/gp7_task_executor_msgs
[4.256s] -- Symlinking: /home/norman/pap_yaskawa_ws/install/gp7_task_executor_msgs/share/gp7_task_executor_msgs/environment/ament_prefix_path.sh
[4.260s] -- Symlinking: /home/norman/pap_yaskawa_ws/install/gp7_task_executor_msgs/share/gp7_task_executor_msgs/environment/ament_prefix_path.dsv
[4.265s] -- Symlinking: /home/norman/pap_yaskawa_ws/install/gp7_task_executor_msgs/share/gp7_task_executor_msgs/environment/path.sh
[4.271s] -- Symlinking: /home/norman/pap_yaskawa_ws/install/gp7_task_executor_msgs/share/gp7_task_executor_msgs/environment/path.dsv
[4.277s] -- Symlinking: /home/norman/pap_yaskawa_ws/install/gp7_task_executor_msgs/share/gp7_task_executor_msgs/local_setup.bash
[4.282s] -- Symlinking: /home/norman/pap_yaskawa_ws/install/gp7_task_executor_msgs/share/gp7_task_executor_msgs/local_setup.sh
[4.288s] -- Symlinking: /home/norman/pap_yaskawa_ws/install/gp7_task_executor_msgs/share/gp7_task_executor_msgs/local_setup.zsh
[4.294s] -- Symlinking: /home/norman/pap_yaskawa_ws/install/gp7_task_executor_msgs/share/gp7_task_executor_msgs/local_setup.dsv
[4.301s] -- Symlinking: /home/norman/pap_yaskawa_ws/install/gp7_task_executor_msgs/share/gp7_task_executor_msgs/package.dsv
[4.308s] -- Symlinking: /home/norman/pap_yaskawa_ws/install/gp7_task_executor_msgs/share/ament_index/resource_index/packages/gp7_task_executor_msgs
[4.316s] -- Symlinking: /home/norman/pap_yaskawa_ws/install/gp7_task_executor_msgs/share/gp7_task_executor_msgs/cmake/rosidl_cmake-extras.cmake
[4.322s] -- Symlinking: /home/norman/pap_yaskawa_ws/install/gp7_task_executor_msgs/share/gp7_task_executor_msgs/cmake/ament_cmake_export_dependencies-extras.cmake
[4.330s] -- Symlinking: /home/norman/pap_yaskawa_ws/install/gp7_task_executor_msgs/share/gp7_task_executor_msgs/cmake/ament_cmake_export_include_directories-extras.cmake
[4.336s] -- Symlinking: /home/norman/pap_yaskawa_ws/install/gp7_task_executor_msgs/share/gp7_task_executor_msgs/cmake/ament_cmake_export_libraries-extras.cmake
[4.341s] -- Symlinking: /home/norman/pap_yaskawa_ws/install/gp7_task_executor_msgs/share/gp7_task_executor_msgs/cmake/ament_cmake_export_targets-extras.cmake
[4.349s] -- Symlinking: /home/norman/pap_yaskawa_ws/install/gp7_task_executor_msgs/share/gp7_task_executor_msgs/cmake/rosidl_cmake_export_typesupport_targets-extras.cmake
[4.355s] -- Symlinking: /home/norman/pap_yaskawa_ws/install/gp7_task_executor_msgs/share/gp7_task_executor_msgs/cmake/rosidl_cmake_export_typesupport_libraries-extras.cmake
[4.361s] -- Symlinking: /home/norman/pap_yaskawa_ws/install/gp7_task_executor_msgs/share/gp7_task_executor_msgs/cmake/gp7_task_executor_msgsConfig.cmake
[4.367s] -- Symlinking: /home/norman/pap_yaskawa_ws/install/gp7_task_executor_msgs/share/gp7_task_executor_msgs/cmake/gp7_task_executor_msgsConfig-version.cmake
[4.374s] -- Symlinking: /home/norman/pap_yaskawa_ws/install/gp7_task_executor_msgs/share/gp7_task_executor_msgs/package.xml
[4.380s] -- Installing: /home/norman/pap_yaskawa_ws/install/gp7_task_executor_msgs/lib/libgp7_task_executor_msgs__rosidl_generator_c.so
[4.381s] -- Set runtime path of "/home/norman/pap_yaskawa_ws/install/gp7_task_executor_msgs/lib/libgp7_task_executor_msgs__rosidl_generator_c.so" to ""
[4.381s] -- Installing: /home/norman/pap_yaskawa_ws/install/gp7_task_executor_msgs/lib/libgp7_task_executor_msgs__rosidl_typesupport_fastrtps_c.so
[4.381s] -- Set runtime path of "/home/norman/pap_yaskawa_ws/install/gp7_task_executor_msgs/lib/libgp7_task_executor_msgs__rosidl_typesupport_fastrtps_c.so" to ""
[4.381s] -- Installing: /home/norman/pap_yaskawa_ws/install/gp7_task_executor_msgs/lib/libgp7_task_executor_msgs__rosidl_typesupport_introspection_c.so
[4.381s] -- Set runtime path of "/home/norman/pap_yaskawa_ws/install/gp7_task_executor_msgs/lib/libgp7_task_executor_msgs__rosidl_typesupport_introspection_c.so" to ""
[4.381s] -- Installing: /home/norman/pap_yaskawa_ws/install/gp7_task_executor_msgs/lib/libgp7_task_executor_msgs__rosidl_typesupport_c.so
[4.381s] -- Set runtime path of "/home/norman/pap_yaskawa_ws/install/gp7_task_executor_msgs/lib/libgp7_task_executor_msgs__rosidl_typesupport_c.so" to ""
[4.381s] -- Installing: /home/norman/pap_yaskawa_ws/install/gp7_task_executor_msgs/lib/libgp7_task_executor_msgs__rosidl_typesupport_fastrtps_cpp.so
[4.381s] -- Set runtime path of "/home/norman/pap_yaskawa_ws/install/gp7_task_executor_msgs/lib/libgp7_task_executor_msgs__rosidl_typesupport_fastrtps_cpp.so" to ""
[4.382s] -- Installing: /home/norman/pap_yaskawa_ws/install/gp7_task_executor_msgs/lib/libgp7_task_executor_msgs__rosidl_typesupport_introspection_cpp.so
[4.382s] -- Set runtime path of "/home/norman/pap_yaskawa_ws/install/gp7_task_executor_msgs/lib/libgp7_task_executor_msgs__rosidl_typesupport_introspection_cpp.so" to ""
[4.382s] -- Installing: /home/norman/pap_yaskawa_ws/install/gp7_task_executor_msgs/lib/libgp7_task_executor_msgs__rosidl_typesupport_cpp.so
[4.382s] -- Set runtime path of "/home/norman/pap_yaskawa_ws/install/gp7_task_executor_msgs/lib/libgp7_task_executor_msgs__rosidl_typesupport_cpp.so" to ""
[4.408s] Listing '/home/norman/pap_yaskawa_ws/install/gp7_task_executor_msgs/local/lib/python3.10/dist-packages/gp7_task_executor_msgs'...
[4.408s] Compiling '/home/norman/pap_yaskawa_ws/install/gp7_task_executor_msgs/local/lib/python3.10/dist-packages/gp7_task_executor_msgs/__init__.py'...
[4.408s] Listing '/home/norman/pap_yaskawa_ws/install/gp7_task_executor_msgs/local/lib/python3.10/dist-packages/gp7_task_executor_msgs/srv'...
[4.408s] Compiling '/home/norman/pap_yaskawa_ws/install/gp7_task_executor_msgs/local/lib/python3.10/dist-packages/gp7_task_executor_msgs/srv/__init__.py'...
[4.409s] Compiling '/home/norman/pap_yaskawa_ws/install/gp7_task_executor_msgs/local/lib/python3.10/dist-packages/gp7_task_executor_msgs/srv/_move_to_joint_target.py'...
[4.409s] Compiling '/home/norman/pap_yaskawa_ws/install/gp7_task_executor_msgs/local/lib/python3.10/dist-packages/gp7_task_executor_msgs/srv/_move_to_named_target.py'...
[4.409s] Compiling '/home/norman/pap_yaskawa_ws/install/gp7_task_executor_msgs/local/lib/python3.10/dist-packages/gp7_task_executor_msgs/srv/_move_to_pose_target.py'...
[4.412s] -- Installing: /home/norman/pap_yaskawa_ws/install/gp7_task_executor_msgs/lib/libgp7_task_executor_msgs__rosidl_generator_py.so
[4.412s] -- Set runtime path of "/home/norman/pap_yaskawa_ws/install/gp7_task_executor_msgs/lib/libgp7_task_executor_msgs__rosidl_generator_py.so" to ""
[4.413s] -- Installing: /home/norman/pap_yaskawa_ws/install/gp7_task_executor_msgs/share/gp7_task_executor_msgs/cmake/export_gp7_task_executor_msgs__rosidl_generator_cExport.cmake
[4.413s] -- Installing: /home/norman/pap_yaskawa_ws/install/gp7_task_executor_msgs/share/gp7_task_executor_msgs/cmake/export_gp7_task_executor_msgs__rosidl_generator_cExport-noconfig.cmake
[4.413s] -- Installing: /home/norman/pap_yaskawa_ws/install/gp7_task_executor_msgs/share/gp7_task_executor_msgs/cmake/export_gp7_task_executor_msgs__rosidl_typesupport_fastrtps_cExport.cmake
[4.413s] -- Installing: /home/norman/pap_yaskawa_ws/install/gp7_task_executor_msgs/share/gp7_task_executor_msgs/cmake/export_gp7_task_executor_msgs__rosidl_typesupport_fastrtps_cExport-noconfig.cmake
[4.413s] -- Installing: /home/norman/pap_yaskawa_ws/install/gp7_task_executor_msgs/share/gp7_task_executor_msgs/cmake/gp7_task_executor_msgs__rosidl_typesupport_introspection_cExport.cmake
[4.413s] -- Installing: /home/norman/pap_yaskawa_ws/install/gp7_task_executor_msgs/share/gp7_task_executor_msgs/cmake/gp7_task_executor_msgs__rosidl_typesupport_introspection_cExport-noconfig.cmake
[4.413s] -- Installing: /home/norman/pap_yaskawa_ws/install/gp7_task_executor_msgs/share/gp7_task_executor_msgs/cmake/gp7_task_executor_msgs__rosidl_typesupport_cExport.cmake
[4.413s] -- Installing: /home/norman/pap_yaskawa_ws/install/gp7_task_executor_msgs/share/gp7_task_executor_msgs/cmake/gp7_task_executor_msgs__rosidl_typesupport_cExport-noconfig.cmake
[4.413s] -- Installing: /home/norman/pap_yaskawa_ws/install/gp7_task_executor_msgs/share/gp7_task_executor_msgs/cmake/export_gp7_task_executor_msgs__rosidl_generator_cppExport.cmake
[4.413s] -- Installing: /home/norman/pap_yaskawa_ws/install/gp7_task_executor_msgs/share/gp7_task_executor_msgs/cmake/export_gp7_task_executor_msgs__rosidl_typesupport_fastrtps_cppExport.cmake
[4.414s] -- Installing: /home/norman/pap_yaskawa_ws/install/gp7_task_executor_msgs/share/gp7_task_executor_msgs/cmake/export_gp7_task_executor_msgs__rosidl_typesupport_fastrtps_cppExport-noconfig.cmake
[4.414s] -- Installing: /home/norman/pap_yaskawa_ws/install/gp7_task_executor_msgs/share/gp7_task_executor_msgs/cmake/gp7_task_executor_msgs__rosidl_typesupport_introspection_cppExport.cmake
[4.414s] -- Installing: /home/norman/pap_yaskawa_ws/install/gp7_task_executor_msgs/share/gp7_task_executor_msgs/cmake/gp7_task_executor_msgs__rosidl_typesupport_introspection_cppExport-noconfig.cmake
[4.414s] -- Installing: /home/norman/pap_yaskawa_ws/install/gp7_task_executor_msgs/share/gp7_task_executor_msgs/cmake/gp7_task_executor_msgs__rosidl_typesupport_cppExport.cmake
[4.414s] -- Installing: /home/norman/pap_yaskawa_ws/install/gp7_task_executor_msgs/share/gp7_task_executor_msgs/cmake/gp7_task_executor_msgs__rosidl_typesupport_cppExport-noconfig.cmake
[4.414s] -- Installing: /home/norman/pap_yaskawa_ws/install/gp7_task_executor_msgs/share/gp7_task_executor_msgs/cmake/export_gp7_task_executor_msgs__rosidl_generator_pyExport.cmake
[4.414s] -- Installing: /home/norman/pap_yaskawa_ws/install/gp7_task_executor_msgs/share/gp7_task_executor_msgs/cmake/export_gp7_task_executor_msgs__rosidl_generator_pyExport-noconfig.cmake
[4.416s] Invoked command in '/home/norman/pap_yaskawa_ws/build/gp7_task_executor_msgs' returned '0': CMAKE_PREFIX_PATH=${CMAKE_PREFIX_PATH}:/opt/ros/humble /usr/bin/cmake --install /home/norman/pap_yaskawa_ws/build/gp7_task_executor_msgs
