-- The C compiler identification is GNU 11.4.0
-- The CXX compiler identification is GNU 11.4.0
-- Detecting C compiler ABI info
-- Detecting C compiler ABI info - done
-- Check for working C compiler: /usr/bin/cc - skipped
-- Detecting C compile features
-- Detecting C compile features - done
-- Detecting CXX compiler ABI info
-- Detecting CXX compiler ABI info - done
-- Check for working CXX compiler: /usr/bin/c++ - skipped
-- Detecting CXX compile features
-- Detecting CXX compile features - done
-- Found ament_cmake: 1.3.14 (/opt/ros/humble/share/ament_cmake/cmake)
-- Found Python3: /usr/bin/python3 (found version "3.10.12") found components: Interpreter 
-- Override CMake install command with custom implementation using symlinks instead of copying resources
-- Found ament_lint_auto: 0.12.15 (/opt/ros/humble/share/ament_lint_auto/cmake)
-- Added test 'flake8' to check Python code syntax and style conventions
-- Added test 'lint_cmake' to check CMake code style
-- Added test 'pep257' to check Python code against some of the docstring style conventions in PEP 257
-- Added test 'xmllint' to check XML markup files
-- Configuring done
-- Generating done
-- Build files have been written to: /home/norman/pap_yaskawa_ws/build/gp7_vision_gazebo_bridge
Built target ament_cmake_python_symlink_gp7_vision_gazebo_bridge
running egg_info
creating gp7_vision_gazebo_bridge.egg-info
writing gp7_vision_gazebo_bridge.egg-info/PKG-INFO
writing dependency_links to gp7_vision_gazebo_bridge.egg-info/dependency_links.txt
writing top-level names to gp7_vision_gazebo_bridge.egg-info/top_level.txt
writing manifest file 'gp7_vision_gazebo_bridge.egg-info/SOURCES.txt'
reading manifest file 'gp7_vision_gazebo_bridge.egg-info/SOURCES.txt'
writing manifest file 'gp7_vision_gazebo_bridge.egg-info/SOURCES.txt'
Built target ament_cmake_python_build_gp7_vision_gazebo_bridge_egg
-- Install configuration: ""
-- Execute custom install script
-- Symlinking: /home/norman/pap_yaskawa_ws/install/gp7_vision_gazebo_bridge/share/gp7_vision_gazebo_bridge/environment/pythonpath.sh
-- Symlinking: /home/norman/pap_yaskawa_ws/install/gp7_vision_gazebo_bridge/share/gp7_vision_gazebo_bridge/environment/pythonpath.dsv
-- Symlinking: /home/norman/pap_yaskawa_ws/install/gp7_vision_gazebo_bridge/local/lib/python3.10/dist-packages/gp7_vision_gazebo_bridge-0.1.0-py3.10.egg-info/PKG-INFO
-- Symlinking: /home/norman/pap_yaskawa_ws/install/gp7_vision_gazebo_bridge/local/lib/python3.10/dist-packages/gp7_vision_gazebo_bridge-0.1.0-py3.10.egg-info/SOURCES.txt
-- Symlinking: /home/norman/pap_yaskawa_ws/install/gp7_vision_gazebo_bridge/local/lib/python3.10/dist-packages/gp7_vision_gazebo_bridge-0.1.0-py3.10.egg-info/dependency_links.txt
-- Symlinking: /home/norman/pap_yaskawa_ws/install/gp7_vision_gazebo_bridge/local/lib/python3.10/dist-packages/gp7_vision_gazebo_bridge-0.1.0-py3.10.egg-info/top_level.txt
-- Symlinking: /home/norman/pap_yaskawa_ws/install/gp7_vision_gazebo_bridge/local/lib/python3.10/dist-packages/gp7_vision_gazebo_bridge/__init__.py
-- Symlinking: /home/norman/pap_yaskawa_ws/install/gp7_vision_gazebo_bridge/local/lib/python3.10/dist-packages/gp7_vision_gazebo_bridge/box_spawn_bridge_node.py
-- Symlinking: /home/norman/pap_yaskawa_ws/install/gp7_vision_gazebo_bridge/local/lib/python3.10/dist-packages/gp7_vision_gazebo_bridge/box_test_publisher_node.py
-- Symlinking: /home/norman/pap_yaskawa_ws/install/gp7_vision_gazebo_bridge/lib/gp7_vision_gazebo_bridge/box_spawn_bridge_node
-- Symlinking: /home/norman/pap_yaskawa_ws/install/gp7_vision_gazebo_bridge/lib/gp7_vision_gazebo_bridge/box_test_publisher_node
-- Symlinking: /home/norman/pap_yaskawa_ws/install/gp7_vision_gazebo_bridge/share/gp7_vision_gazebo_bridge/launch/bridge_standalone.launch.py
-- Symlinking: /home/norman/pap_yaskawa_ws/install/gp7_vision_gazebo_bridge/share/gp7_vision_gazebo_bridge/launch/bridge_test.launch.py
-- Symlinking: /home/norman/pap_yaskawa_ws/install/gp7_vision_gazebo_bridge/share/gp7_vision_gazebo_bridge/config/bridge_node_params.yaml
-- Symlinking: /home/norman/pap_yaskawa_ws/install/gp7_vision_gazebo_bridge/share/gp7_vision_gazebo_bridge/config/test_publisher_params.yaml
-- Symlinking: /home/norman/pap_yaskawa_ws/install/gp7_vision_gazebo_bridge/share/gp7_vision_gazebo_bridge/config/test_publisher_params_scenario_b.yaml
-- Symlinking: /home/norman/pap_yaskawa_ws/install/gp7_vision_gazebo_bridge/share/ament_index/resource_index/package_run_dependencies/gp7_vision_gazebo_bridge
-- Symlinking: /home/norman/pap_yaskawa_ws/install/gp7_vision_gazebo_bridge/share/ament_index/resource_index/parent_prefix_path/gp7_vision_gazebo_bridge
-- Symlinking: /home/norman/pap_yaskawa_ws/install/gp7_vision_gazebo_bridge/share/gp7_vision_gazebo_bridge/environment/ament_prefix_path.sh
-- Symlinking: /home/norman/pap_yaskawa_ws/install/gp7_vision_gazebo_bridge/share/gp7_vision_gazebo_bridge/environment/ament_prefix_path.dsv
-- Symlinking: /home/norman/pap_yaskawa_ws/install/gp7_vision_gazebo_bridge/share/gp7_vision_gazebo_bridge/environment/path.sh
-- Symlinking: /home/norman/pap_yaskawa_ws/install/gp7_vision_gazebo_bridge/share/gp7_vision_gazebo_bridge/environment/path.dsv
-- Symlinking: /home/norman/pap_yaskawa_ws/install/gp7_vision_gazebo_bridge/share/gp7_vision_gazebo_bridge/local_setup.bash
-- Symlinking: /home/norman/pap_yaskawa_ws/install/gp7_vision_gazebo_bridge/share/gp7_vision_gazebo_bridge/local_setup.sh
-- Symlinking: /home/norman/pap_yaskawa_ws/install/gp7_vision_gazebo_bridge/share/gp7_vision_gazebo_bridge/local_setup.zsh
-- Symlinking: /home/norman/pap_yaskawa_ws/install/gp7_vision_gazebo_bridge/share/gp7_vision_gazebo_bridge/local_setup.dsv
-- Symlinking: /home/norman/pap_yaskawa_ws/install/gp7_vision_gazebo_bridge/share/gp7_vision_gazebo_bridge/package.dsv
-- Symlinking: /home/norman/pap_yaskawa_ws/install/gp7_vision_gazebo_bridge/share/ament_index/resource_index/packages/gp7_vision_gazebo_bridge
-- Symlinking: /home/norman/pap_yaskawa_ws/install/gp7_vision_gazebo_bridge/share/gp7_vision_gazebo_bridge/cmake/gp7_vision_gazebo_bridgeConfig.cmake
-- Symlinking: /home/norman/pap_yaskawa_ws/install/gp7_vision_gazebo_bridge/share/gp7_vision_gazebo_bridge/cmake/gp7_vision_gazebo_bridgeConfig-version.cmake
-- Symlinking: /home/norman/pap_yaskawa_ws/install/gp7_vision_gazebo_bridge/share/gp7_vision_gazebo_bridge/package.xml
Listing '/home/norman/pap_yaskawa_ws/install/gp7_vision_gazebo_bridge/local/lib/python3.10/dist-packages/gp7_vision_gazebo_bridge'...
Compiling '/home/norman/pap_yaskawa_ws/install/gp7_vision_gazebo_bridge/local/lib/python3.10/dist-packages/gp7_vision_gazebo_bridge/__init__.py'...
Compiling '/home/norman/pap_yaskawa_ws/install/gp7_vision_gazebo_bridge/local/lib/python3.10/dist-packages/gp7_vision_gazebo_bridge/box_spawn_bridge_node.py'...
Compiling '/home/norman/pap_yaskawa_ws/install/gp7_vision_gazebo_bridge/local/lib/python3.10/dist-packages/gp7_vision_gazebo_bridge/box_test_publisher_node.py'...
