[0.010s] Invoking command in '/home/norman/pap_yaskawa_ws/build/gp7_vision_gazebo_bridge': CMAKE_PREFIX_PATH=${CMAKE_PREFIX_PATH}:/opt/ros/humble /usr/bin/cmake /home/norman/pap_yaskawa_ws/src/gp7_vision_gazebo_bridge -DAMENT_CMAKE_SYMLINK_INSTALL=1 -DCMAKE_INSTALL_PREFIX=/home/norman/pap_yaskawa_ws/install/gp7_vision_gazebo_bridge
[0.044s] -- The C compiler identification is GNU 11.4.0
[0.080s] -- The CXX compiler identification is GNU 11.4.0
[0.084s] -- Detecting C compiler ABI info
[0.130s] -- Detecting C compiler ABI info - done
[0.138s] -- Check for working C compiler: /usr/bin/cc - skipped
[0.138s] -- Detecting C compile features
[0.139s] -- Detecting C compile features - done
[0.142s] -- Detecting CXX compiler ABI info
[0.198s] -- Detecting CXX compiler ABI info - done
[0.203s] -- Check for working CXX compiler: /usr/bin/c++ - skipped
[0.203s] -- Detecting CXX compile features
[0.203s] -- Detecting CXX compile features - done
[0.204s] -- Found ament_cmake: 1.3.14 (/opt/ros/humble/share/ament_cmake/cmake)
[0.316s] -- Found Python3: /usr/bin/python3 (found version "3.10.12") found components: Interpreter 
[0.364s] -- Override CMake install command with custom implementation using symlinks instead of copying resources
[0.452s] -- Found ament_lint_auto: 0.12.15 (/opt/ros/humble/share/ament_lint_auto/cmake)
[0.509s] -- Added test 'flake8' to check Python code syntax and style conventions
[0.510s] -- Added test 'lint_cmake' to check CMake code style
[0.510s] -- Added test 'pep257' to check Python code against some of the docstring style conventions in PEP 257
[0.511s] -- Added test 'xmllint' to check XML markup files
[0.512s] -- Configuring done
[0.514s] -- Generating done
[0.515s] -- Build files have been written to: /home/norman/pap_yaskawa_ws/build/gp7_vision_gazebo_bridge
[0.518s] Invoked command in '/home/norman/pap_yaskawa_ws/build/gp7_vision_gazebo_bridge' returned '0': CMAKE_PREFIX_PATH=${CMAKE_PREFIX_PATH}:/opt/ros/humble /usr/bin/cmake /home/norman/pap_yaskawa_ws/src/gp7_vision_gazebo_bridge -DAMENT_CMAKE_SYMLINK_INSTALL=1 -DCMAKE_INSTALL_PREFIX=/home/norman/pap_yaskawa_ws/install/gp7_vision_gazebo_bridge
[0.518s] Invoking command in '/home/norman/pap_yaskawa_ws/build/gp7_vision_gazebo_bridge': CMAKE_PREFIX_PATH=${CMAKE_PREFIX_PATH}:/opt/ros/humble /usr/bin/cmake --build /home/norman/pap_yaskawa_ws/build/gp7_vision_gazebo_bridge -- -j20 -l20
[0.562s] Built target ament_cmake_python_symlink_gp7_vision_gazebo_bridge
[0.726s] running egg_info
[0.726s] creating gp7_vision_gazebo_bridge.egg-info
[0.727s] writing gp7_vision_gazebo_bridge.egg-info/PKG-INFO
[0.727s] writing dependency_links to gp7_vision_gazebo_bridge.egg-info/dependency_links.txt
[0.727s] writing top-level names to gp7_vision_gazebo_bridge.egg-info/top_level.txt
[0.727s] writing manifest file 'gp7_vision_gazebo_bridge.egg-info/SOURCES.txt'
[0.728s] reading manifest file 'gp7_vision_gazebo_bridge.egg-info/SOURCES.txt'
[0.728s] writing manifest file 'gp7_vision_gazebo_bridge.egg-info/SOURCES.txt'
[0.748s] Built target ament_cmake_python_build_gp7_vision_gazebo_bridge_egg
[0.758s] Invoked command in '/home/norman/pap_yaskawa_ws/build/gp7_vision_gazebo_bridge' returned '0': CMAKE_PREFIX_PATH=${CMAKE_PREFIX_PATH}:/opt/ros/humble /usr/bin/cmake --build /home/norman/pap_yaskawa_ws/build/gp7_vision_gazebo_bridge -- -j20 -l20
[0.759s] Invoking command in '/home/norman/pap_yaskawa_ws/build/gp7_vision_gazebo_bridge': CMAKE_PREFIX_PATH=${CMAKE_PREFIX_PATH}:/opt/ros/humble /usr/bin/cmake --install /home/norman/pap_yaskawa_ws/build/gp7_vision_gazebo_bridge
[0.764s] -- Install configuration: ""
[0.764s] -- Execute custom install script
[0.764s] -- Symlinking: /home/norman/pap_yaskawa_ws/install/gp7_vision_gazebo_bridge/share/gp7_vision_gazebo_bridge/environment/pythonpath.sh
[0.770s] -- Symlinking: /home/norman/pap_yaskawa_ws/install/gp7_vision_gazebo_bridge/share/gp7_vision_gazebo_bridge/environment/pythonpath.dsv
[0.776s] -- Symlinking: /home/norman/pap_yaskawa_ws/install/gp7_vision_gazebo_bridge/local/lib/python3.10/dist-packages/gp7_vision_gazebo_bridge-0.1.0-py3.10.egg-info/PKG-INFO
[0.782s] -- Symlinking: /home/norman/pap_yaskawa_ws/install/gp7_vision_gazebo_bridge/local/lib/python3.10/dist-packages/gp7_vision_gazebo_bridge-0.1.0-py3.10.egg-info/SOURCES.txt
[0.787s] -- Symlinking: /home/norman/pap_yaskawa_ws/install/gp7_vision_gazebo_bridge/local/lib/python3.10/dist-packages/gp7_vision_gazebo_bridge-0.1.0-py3.10.egg-info/dependency_links.txt
[0.794s] -- Symlinking: /home/norman/pap_yaskawa_ws/install/gp7_vision_gazebo_bridge/local/lib/python3.10/dist-packages/gp7_vision_gazebo_bridge-0.1.0-py3.10.egg-info/top_level.txt
[0.801s] -- Symlinking: /home/norman/pap_yaskawa_ws/install/gp7_vision_gazebo_bridge/local/lib/python3.10/dist-packages/gp7_vision_gazebo_bridge/__init__.py
[0.806s] -- Symlinking: /home/norman/pap_yaskawa_ws/install/gp7_vision_gazebo_bridge/local/lib/python3.10/dist-packages/gp7_vision_gazebo_bridge/box_spawn_bridge_node.py
[0.814s] -- Symlinking: /home/norman/pap_yaskawa_ws/install/gp7_vision_gazebo_bridge/local/lib/python3.10/dist-packages/gp7_vision_gazebo_bridge/box_test_publisher_node.py
[0.822s] -- Symlinking: /home/norman/pap_yaskawa_ws/install/gp7_vision_gazebo_bridge/lib/gp7_vision_gazebo_bridge/box_spawn_bridge_node
[0.828s] -- Symlinking: /home/norman/pap_yaskawa_ws/install/gp7_vision_gazebo_bridge/lib/gp7_vision_gazebo_bridge/box_test_publisher_node
[0.833s] -- Symlinking: /home/norman/pap_yaskawa_ws/install/gp7_vision_gazebo_bridge/share/gp7_vision_gazebo_bridge/launch/bridge_standalone.launch.py
[0.840s] -- Symlinking: /home/norman/pap_yaskawa_ws/install/gp7_vision_gazebo_bridge/share/gp7_vision_gazebo_bridge/launch/bridge_test.launch.py
[0.845s] -- Symlinking: /home/norman/pap_yaskawa_ws/install/gp7_vision_gazebo_bridge/share/gp7_vision_gazebo_bridge/config/bridge_node_params.yaml
[0.853s] -- Symlinking: /home/norman/pap_yaskawa_ws/install/gp7_vision_gazebo_bridge/share/gp7_vision_gazebo_bridge/config/test_publisher_params.yaml
[0.861s] -- Symlinking: /home/norman/pap_yaskawa_ws/install/gp7_vision_gazebo_bridge/share/gp7_vision_gazebo_bridge/config/test_publisher_params_scenario_b.yaml
[0.867s] -- Symlinking: /home/norman/pap_yaskawa_ws/install/gp7_vision_gazebo_bridge/share/ament_index/resource_index/package_run_dependencies/gp7_vision_gazebo_bridge
[0.876s] -- Symlinking: /home/norman/pap_yaskawa_ws/install/gp7_vision_gazebo_bridge/share/ament_index/resource_index/parent_prefix_path/gp7_vision_gazebo_bridge
[0.885s] -- Symlinking: /home/norman/pap_yaskawa_ws/install/gp7_vision_gazebo_bridge/share/gp7_vision_gazebo_bridge/environment/ament_prefix_path.sh
[0.891s] -- Symlinking: /home/norman/pap_yaskawa_ws/install/gp7_vision_gazebo_bridge/share/gp7_vision_gazebo_bridge/environment/ament_prefix_path.dsv
[0.900s] -- Symlinking: /home/norman/pap_yaskawa_ws/install/gp7_vision_gazebo_bridge/share/gp7_vision_gazebo_bridge/environment/path.sh
[0.908s] -- Symlinking: /home/norman/pap_yaskawa_ws/install/gp7_vision_gazebo_bridge/share/gp7_vision_gazebo_bridge/environment/path.dsv
[0.915s] -- Symlinking: /home/norman/pap_yaskawa_ws/install/gp7_vision_gazebo_bridge/share/gp7_vision_gazebo_bridge/local_setup.bash
[0.922s] -- Symlinking: /home/norman/pap_yaskawa_ws/install/gp7_vision_gazebo_bridge/share/gp7_vision_gazebo_bridge/local_setup.sh
[0.929s] -- Symlinking: /home/norman/pap_yaskawa_ws/install/gp7_vision_gazebo_bridge/share/gp7_vision_gazebo_bridge/local_setup.zsh
[0.936s] -- Symlinking: /home/norman/pap_yaskawa_ws/install/gp7_vision_gazebo_bridge/share/gp7_vision_gazebo_bridge/local_setup.dsv
[0.943s] -- Symlinking: /home/norman/pap_yaskawa_ws/install/gp7_vision_gazebo_bridge/share/gp7_vision_gazebo_bridge/package.dsv
[0.950s] -- Symlinking: /home/norman/pap_yaskawa_ws/install/gp7_vision_gazebo_bridge/share/ament_index/resource_index/packages/gp7_vision_gazebo_bridge
[0.957s] -- Symlinking: /home/norman/pap_yaskawa_ws/install/gp7_vision_gazebo_bridge/share/gp7_vision_gazebo_bridge/cmake/gp7_vision_gazebo_bridgeConfig.cmake
[0.963s] -- Symlinking: /home/norman/pap_yaskawa_ws/install/gp7_vision_gazebo_bridge/share/gp7_vision_gazebo_bridge/cmake/gp7_vision_gazebo_bridgeConfig-version.cmake
[0.969s] -- Symlinking: /home/norman/pap_yaskawa_ws/install/gp7_vision_gazebo_bridge/share/gp7_vision_gazebo_bridge/package.xml
[1.007s] Listing '/home/norman/pap_yaskawa_ws/install/gp7_vision_gazebo_bridge/local/lib/python3.10/dist-packages/gp7_vision_gazebo_bridge'...
[1.007s] Compiling '/home/norman/pap_yaskawa_ws/install/gp7_vision_gazebo_bridge/local/lib/python3.10/dist-packages/gp7_vision_gazebo_bridge/__init__.py'...
[1.007s] Compiling '/home/norman/pap_yaskawa_ws/install/gp7_vision_gazebo_bridge/local/lib/python3.10/dist-packages/gp7_vision_gazebo_bridge/box_spawn_bridge_node.py'...
[1.007s] Compiling '/home/norman/pap_yaskawa_ws/install/gp7_vision_gazebo_bridge/local/lib/python3.10/dist-packages/gp7_vision_gazebo_bridge/box_test_publisher_node.py'...
[1.013s] Invoked command in '/home/norman/pap_yaskawa_ws/build/gp7_vision_gazebo_bridge' returned '0': CMAKE_PREFIX_PATH=${CMAKE_PREFIX_PATH}:/opt/ros/humble /usr/bin/cmake --install /home/norman/pap_yaskawa_ws/build/gp7_vision_gazebo_bridge
