[0.009s] Invoking command in '/home/norman/pap_yaskawa_ws/build/gp7_task_executor': CMAKE_PREFIX_PATH=/home/norman/pap_yaskawa_ws/install/gp7_task_executor_msgs:/home/norman/a_ws/install/motoros2_interfaces:/home/norman/a_ws/install/gp7_yaskawa_moveit:/home/norman/a_ws/install/gp7_yaskawa:/home/norman/ros2_ws/install/ros2_linkattacher:/home/norman/ros2_ws/install/ros2_conveyorbelt:/home/norman/ros2_ws/install/myrhb:/home/norman/ros2_ws/install/my_robot_interfaces:/home/norman/ros2_ws/install/my_robot_bringup:/home/norman/ros2_ws/install/my_cpp_pkg:/home/norman/ros2_ws/install/motoros2_client_interface_dependencies:/home/norman/ros2_ws/install/motoros2_interfaces:/home/norman/ros2_ws/install/linkattacher_msgs:/home/norman/ros2_ws/install/industrial_msgs:/home/norman/ros2_ws/install/gp7_yaskawa_moveit:/home/norman/ros2_ws/install/gp7_yaskawa:/home/norman/ros2_ws/install/conveyorbelt_msgs:/home/norman/ros2_ws/install/conveyorbelt_gazebo:/home/norman/pap_yaskawa_ws/install/gp7_gazebo_classic:/home/norman/pap_yaskawa_ws/install/gp7_vision_bringup:/home/norman/pap_yaskawa_ws/install/gp7_vision_pipeline:/home/norman/pap_yaskawa_ws/install/gp7_vision_gazebo_bridge:/home/norman/pap_yaskawa_ws/install/gp7_task_executor:/home/norman/pap_yaskawa_ws/install/gp7_moveit_config:/home/norman/pap_yaskawa_ws/install/gp7_handeye_calibration:/home/norman/pap_yaskawa_ws/install/gp7_bringup:/home/norman/pap_yaskawa_ws/install/gp7_description:/home/norman/ros2_ws/install/yaskawa_robot_controller:/home/norman/ros2_ws/install/my_robot_controller:/home/norman/ros2_ws/install/box_measurement:/opt/ros/humble LD_LIBRARY_PATH=/home/norman/pap_yaskawa_ws/install/gp7_task_executor_msgs/lib:/home/norman/a_ws/install/motoros2_interfaces/lib:/home/norman/ros2_ws/install/ros2_linkattacher/lib:/home/norman/ros2_ws/install/ros2_conveyorbelt/lib:/home/norman/ros2_ws/install/my_robot_interfaces/lib:/home/norman/ros2_ws/install/motoros2_interfaces/lib:/home/norman/ros2_ws/install/linkattacher_msgs/lib:/home/norman/ros2_ws/install/industrial_msgs/lib:/home/norman/ros2_ws/install/conveyorbelt_msgs/lib:/home/norman/pap_yaskawa_ws/install/gp7_vision_pipeline/lib:/usr/lib/x86_64-linux-gnu/gazebo-11/plugins:/opt/ros/humble/opt/rviz_ogre_vendor/lib:/opt/ros/humble/lib/x86_64-linux-gnu:/opt/ros/humble/lib /usr/bin/cmake --build /home/norman/pap_yaskawa_ws/build/gp7_task_executor -- -j20 -l20
[0.028s] -- Found ament_cmake: 1.3.14 (/opt/ros/humble/share/ament_cmake/cmake)
[0.111s] -- Override CMake install command with custom implementation using symlinks instead of copying resources
[0.115s] -- Found rclcpp: 16.0.19 (/opt/ros/humble/share/rclcpp/cmake)
[0.131s] -- Found rosidl_generator_c: 3.1.8 (/opt/ros/humble/share/rosidl_generator_c/cmake)
[0.133s] -- Found rosidl_adapter: 3.1.8 (/opt/ros/humble/share/rosidl_adapter/cmake)
[0.137s] -- Found rosidl_generator_cpp: 3.1.8 (/opt/ros/humble/share/rosidl_generator_cpp/cmake)
[0.143s] -- Using all available rosidl_typesupport_c: rosidl_typesupport_fastrtps_c;rosidl_typesupport_introspection_c
[0.151s] -- Using all available rosidl_typesupport_cpp: rosidl_typesupport_fastrtps_cpp;rosidl_typesupport_introspection_cpp
[0.172s] -- Found rmw_implementation_cmake: 6.1.2 (/opt/ros/humble/share/rmw_implementation_cmake/cmake)
[0.174s] -- Found rmw_fastrtps_cpp: 6.2.10 (/opt/ros/humble/share/rmw_fastrtps_cpp/cmake)
[0.242s] -- Using RMW implementation 'rmw_fastrtps_cpp' as default
[0.273s] -- Found geometry_msgs: 4.9.1 (/opt/ros/humble/share/geometry_msgs/cmake)
[0.281s] -- Found tf2_ros: 0.25.20 (/opt/ros/humble/share/tf2_ros/cmake)
[0.333s] -- Found tf2_geometry_msgs: 0.25.20 (/opt/ros/humble/share/tf2_geometry_msgs/cmake)
[0.335s] -- Found eigen3_cmake_module: 0.1.1 (/opt/ros/humble/share/eigen3_cmake_module/cmake)
[0.336s] -- Ensuring Eigen3 include directory is part of orocos-kdl CMake target
[0.337s] -- Found moveit_ros_planning_interface: 2.5.9 (/opt/ros/humble/share/moveit_ros_planning_interface/cmake)
[0.345s] -- Found Boost: /usr/lib/x86_64-linux-gnu/cmake/Boost-1.74.0/BoostConfig.cmake (found version "1.74.0") found components: date_time filesystem program_options system thread 
[0.427s] -- Found Boost: /usr/lib/x86_64-linux-gnu/cmake/Boost-1.74.0/BoostConfig.cmake (found version "1.74.0") found components: chrono date_time filesystem iostreams program_options regex serialization system thread 
[0.442s] -- Found parameter_traits: 0.7.1 (/opt/ros/humble/share/parameter_traits/cmake)
[0.447s] -- Found rclcpp_lifecycle: 16.0.19 (/opt/ros/humble/share/rclcpp_lifecycle/cmake)
[0.461s] -- Found Boost: /usr/lib/x86_64-linux-gnu/cmake/Boost-1.74.0/BoostConfig.cmake (found version "1.74.0") found components: filesystem 
[0.484s] -- library: /usr/lib/x86_64-linux-gnu/libcurl.so
[0.531s] -- Found Boost: /usr/lib/x86_64-linux-gnu/cmake/Boost-1.74.0/BoostConfig.cmake (found version "1.74.0") found components: system filesystem date_time program_options thread chrono 
[0.551s] -- Found Boost: /usr/lib/x86_64-linux-gnu/cmake/Boost-1.74.0/BoostConfig.cmake (found version "1.74.0") found components: thread system filesystem regex date_time program_options 
[0.565s] -- Found Boost: /usr/lib/x86_64-linux-gnu/cmake/Boost-1.74.0/BoostConfig.cmake (found version "1.74.0") found components: system filesystem date_time program_options thread 
[0.583s] -- Found gp7_task_executor_msgs: 1.0.0 (/home/norman/pap_yaskawa_ws/install/gp7_task_executor_msgs/share/gp7_task_executor_msgs/cmake)
[0.595s] -- Found ament_lint_auto: 0.12.15 (/opt/ros/humble/share/ament_lint_auto/cmake)
[0.644s] -- Added test 'cppcheck' to perform static code analysis on C / C++ code
[0.644s] -- Configured cppcheck include dirs: /home/norman/pap_yaskawa_ws/src/gp7_task_executor/include
[0.644s] -- Configured cppcheck exclude dirs and/or files: 
[0.644s] -- Added test 'flake8' to check Python code syntax and style conventions
[0.644s] -- Added test 'lint_cmake' to check CMake code style
[0.645s] -- Added test 'pep257' to check Python code against some of the docstring style conventions in PEP 257
[0.645s] -- Added test 'uncrustify' to check C / C++ code style
[0.645s] -- Configured uncrustify additional arguments: 
[0.645s] -- Added test 'xmllint' to check XML markup files
[0.646s] -- Configuring done
[0.661s] -- Generating done
[0.665s] -- Build files have been written to: /home/norman/pap_yaskawa_ws/build/gp7_task_executor
[0.687s] [35m[1mConsolidate compiler generated dependencies of target task_executor_node[0m
[0.703s] [ 50%] [32mBuilding CXX object CMakeFiles/task_executor_node.dir/src/task_executor_node.cpp.o[0m
[3.543s] [01m[K/home/norman/pap_yaskawa_ws/src/gp7_task_executor/src/task_executor_node.cpp:581:8:[m[K [01;31m[Kerror: [m[K‘[01m[Kbool TaskExecutorNode::move_to_named_joint_target(const string&, bool)[m[K’ cannot be overloaded with ‘[01m[Kbool TaskExecutorNode::move_to_named_joint_target(const string&, bool)[m[K’
[3.543s]   581 |   bool [01;31m[Kmove_to_named_joint_target[m[K(const std::string& name, bool execute);
[3.543s]       |        [01;31m[K^~~~~~~~~~~~~~~~~~~~~~~~~~[m[K
[3.543s] [01m[K/home/norman/pap_yaskawa_ws/src/gp7_task_executor/src/task_executor_node.cpp:83:8:[m[K [01;36m[Knote: [m[Kprevious declaration ‘[01m[Kbool TaskExecutorNode::move_to_named_joint_target(const string&, bool)[m[K’
[3.543s]    83 |   bool [01;36m[Kmove_to_named_joint_target[m[K(const std::string& name, bool execute)
[3.543s]       |        [01;36m[K^~~~~~~~~~~~~~~~~~~~~~~~~~[m[K
[5.418s] gmake[2]: *** [CMakeFiles/task_executor_node.dir/build.make:76: CMakeFiles/task_executor_node.dir/src/task_executor_node.cpp.o] Error 1
[5.418s] gmake[1]: *** [CMakeFiles/Makefile2:137: CMakeFiles/task_executor_node.dir/all] Error 2
[5.418s] gmake: *** [Makefile:146: all] Error 2
[5.421s] Invoked command in '/home/norman/pap_yaskawa_ws/build/gp7_task_executor' returned '2': CMAKE_PREFIX_PATH=/home/norman/pap_yaskawa_ws/install/gp7_task_executor_msgs:/home/norman/a_ws/install/motoros2_interfaces:/home/norman/a_ws/install/gp7_yaskawa_moveit:/home/norman/a_ws/install/gp7_yaskawa:/home/norman/ros2_ws/install/ros2_linkattacher:/home/norman/ros2_ws/install/ros2_conveyorbelt:/home/norman/ros2_ws/install/myrhb:/home/norman/ros2_ws/install/my_robot_interfaces:/home/norman/ros2_ws/install/my_robot_bringup:/home/norman/ros2_ws/install/my_cpp_pkg:/home/norman/ros2_ws/install/motoros2_client_interface_dependencies:/home/norman/ros2_ws/install/motoros2_interfaces:/home/norman/ros2_ws/install/linkattacher_msgs:/home/norman/ros2_ws/install/industrial_msgs:/home/norman/ros2_ws/install/gp7_yaskawa_moveit:/home/norman/ros2_ws/install/gp7_yaskawa:/home/norman/ros2_ws/install/conveyorbelt_msgs:/home/norman/ros2_ws/install/conveyorbelt_gazebo:/home/norman/pap_yaskawa_ws/install/gp7_gazebo_classic:/home/norman/pap_yaskawa_ws/install/gp7_vision_bringup:/home/norman/pap_yaskawa_ws/install/gp7_vision_pipeline:/home/norman/pap_yaskawa_ws/install/gp7_vision_gazebo_bridge:/home/norman/pap_yaskawa_ws/install/gp7_task_executor:/home/norman/pap_yaskawa_ws/install/gp7_moveit_config:/home/norman/pap_yaskawa_ws/install/gp7_handeye_calibration:/home/norman/pap_yaskawa_ws/install/gp7_bringup:/home/norman/pap_yaskawa_ws/install/gp7_description:/home/norman/ros2_ws/install/yaskawa_robot_controller:/home/norman/ros2_ws/install/my_robot_controller:/home/norman/ros2_ws/install/box_measurement:/opt/ros/humble LD_LIBRARY_PATH=/home/norman/pap_yaskawa_ws/install/gp7_task_executor_msgs/lib:/home/norman/a_ws/install/motoros2_interfaces/lib:/home/norman/ros2_ws/install/ros2_linkattacher/lib:/home/norman/ros2_ws/install/ros2_conveyorbelt/lib:/home/norman/ros2_ws/install/my_robot_interfaces/lib:/home/norman/ros2_ws/install/motoros2_interfaces/lib:/home/norman/ros2_ws/install/linkattacher_msgs/lib:/home/norman/ros2_ws/install/industrial_msgs/lib:/home/norman/ros2_ws/install/conveyorbelt_msgs/lib:/home/norman/pap_yaskawa_ws/install/gp7_vision_pipeline/lib:/usr/lib/x86_64-linux-gnu/gazebo-11/plugins:/opt/ros/humble/opt/rviz_ogre_vendor/lib:/opt/ros/humble/lib/x86_64-linux-gnu:/opt/ros/humble/lib /usr/bin/cmake --build /home/norman/pap_yaskawa_ws/build/gp7_task_executor -- -j20 -l20
