[35m[1mConsolidate compiler generated dependencies of target gp7_task_executor_msgs__rosidl_generator_c[0m
[  1%] Built target gp7_task_executor_msgs__rs
[  3%] Built target gp7_task_executor_msgs__cpp
[ 14%] Built target gp7_task_executor_msgs__rosidl_generator_c
[35m[1mConsolidate compiler generated dependencies of target gp7_task_executor_msgs__rosidl_typesupport_cpp[0m
[ 14%] Built target ament_cmake_python_symlink_gp7_task_executor_msgs
[35m[1mConsolidate compiler generated dependencies of target gp7_task_executor_msgs__rosidl_typesupport_introspection_c[0m
[35m[1mConsolidate compiler generated dependencies of target gp7_task_executor_msgs__rosidl_typesupport_introspection_cpp[0m
[35m[1mConsolidate compiler generated dependencies of target gp7_task_executor_msgs__rosidl_typesupport_c[0m
[35m[1mConsolidate compiler generated dependencies of target gp7_task_executor_msgs__rosidl_typesupport_fastrtps_cpp[0m
[35m[1mConsolidate compiler generated dependencies of target gp7_task_executor_msgs__rosidl_typesupport_fastrtps_c[0m
[ 25%] Built target gp7_task_executor_msgs__rosidl_typesupport_cpp
[ 42%] Built target gp7_task_executor_msgs__rosidl_typesupport_introspection_cpp
[ 46%] Built target gp7_task_executor_msgs__rosidl_typesupport_c
[ 57%] Built target gp7_task_executor_msgs__rosidl_typesupport_introspection_c
[ 67%] Built target gp7_task_executor_msgs__rosidl_typesupport_fastrtps_cpp
[ 78%] Built target gp7_task_executor_msgs__rosidl_typesupport_fastrtps_c
[ 78%] Built target gp7_task_executor_msgs
[ 80%] Built target gp7_task_executor_msgs__py
[35m[1mConsolidate compiler generated dependencies of target gp7_task_executor_msgs__rosidl_generator_py[0m
[ 89%] Built target gp7_task_executor_msgs__rosidl_generator_py
[35m[1mConsolidate compiler generated dependencies of target gp7_task_executor_msgs__rosidl_typesupport_introspection_c__pyext[0m
[35m[1mConsolidate compiler generated dependencies of target gp7_task_executor_msgs__rosidl_typesupport_c__pyext[0m
[35m[1mConsolidate compiler generated dependencies of target gp7_task_executor_msgs__rosidl_typesupport_fastrtps_c__pyext[0m
[ 92%] Built target gp7_task_executor_msgs__rosidl_typesupport_introspection_c__pyext
[ 96%] Built target gp7_task_executor_msgs__rosidl_typesupport_c__pyext
[100%] Built target gp7_task_executor_msgs__rosidl_typesupport_fastrtps_c__pyext
running egg_info
writing gp7_task_executor_msgs.egg-info/PKG-INFO
writing dependency_links to gp7_task_executor_msgs.egg-info/dependency_links.txt
writing top-level names to gp7_task_executor_msgs.egg-info/top_level.txt
reading manifest file 'gp7_task_executor_msgs.egg-info/SOURCES.txt'
writing manifest file 'gp7_task_executor_msgs.egg-info/SOURCES.txt'
[100%] Built target ament_cmake_python_build_gp7_task_executor_msgs_egg
-- Install configuration: ""
-- Execute custom install script
-- Up-to-date symlink: /home/norman/pap_yaskawa_ws/install/gp7_task_executor_msgs/share/ament_index/resource_index/rosidl_interfaces/gp7_task_executor_msgs
-- Up-to-date symlink: /home/norman/pap_yaskawa_ws/install/gp7_task_executor_msgs/include/gp7_task_executor_msgs/gp7_task_executor_msgs/msg/rosidl_generator_c__visibility_control.h
-- Up-to-date symlink: /home/norman/pap_yaskawa_ws/install/gp7_task_executor_msgs/include/gp7_task_executor_msgs/gp7_task_executor_msgs/srv/detail/move_sequence__functions.h
-- Up-to-date symlink: /home/norman/pap_yaskawa_ws/install/gp7_task_executor_msgs/include/gp7_task_executor_msgs/gp7_task_executor_msgs/srv/detail/move_sequence__struct.h
-- Up-to-date symlink: /home/norman/pap_yaskawa_ws/install/gp7_task_executor_msgs/include/gp7_task_executor_msgs/gp7_task_executor_msgs/srv/detail/move_sequence__type_support.h
-- Up-to-date symlink: /home/norman/pap_yaskawa_ws/install/gp7_task_executor_msgs/include/gp7_task_executor_msgs/gp7_task_executor_msgs/srv/detail/move_to_joint_target__functions.h
-- Up-to-date symlink: /home/norman/pap_yaskawa_ws/install/gp7_task_executor_msgs/include/gp7_task_executor_msgs/gp7_task_executor_msgs/srv/detail/move_to_joint_target__struct.h
-- Up-to-date symlink: /home/norman/pap_yaskawa_ws/install/gp7_task_executor_msgs/include/gp7_task_executor_msgs/gp7_task_executor_msgs/srv/detail/move_to_joint_target__type_support.h
-- Up-to-date symlink: /home/norman/pap_yaskawa_ws/install/gp7_task_executor_msgs/include/gp7_task_executor_msgs/gp7_task_executor_msgs/srv/detail/move_to_named_target__functions.h
-- Up-to-date symlink: /home/norman/pap_yaskawa_ws/install/gp7_task_executor_msgs/include/gp7_task_executor_msgs/gp7_task_executor_msgs/srv/detail/move_to_named_target__struct.h
-- Up-to-date symlink: /home/norman/pap_yaskawa_ws/install/gp7_task_executor_msgs/include/gp7_task_executor_msgs/gp7_task_executor_msgs/srv/detail/move_to_named_target__type_support.h
-- Up-to-date symlink: /home/norman/pap_yaskawa_ws/install/gp7_task_executor_msgs/include/gp7_task_executor_msgs/gp7_task_executor_msgs/srv/detail/move_to_pose_target__functions.h
-- Up-to-date symlink: /home/norman/pap_yaskawa_ws/install/gp7_task_executor_msgs/include/gp7_task_executor_msgs/gp7_task_executor_msgs/srv/detail/move_to_pose_target__struct.h
-- Up-to-date symlink: /home/norman/pap_yaskawa_ws/install/gp7_task_executor_msgs/include/gp7_task_executor_msgs/gp7_task_executor_msgs/srv/detail/move_to_pose_target__type_support.h
-- Up-to-date symlink: /home/norman/pap_yaskawa_ws/install/gp7_task_executor_msgs/include/gp7_task_executor_msgs/gp7_task_executor_msgs/srv/move_sequence.h
-- Up-to-date symlink: /home/norman/pap_yaskawa_ws/install/gp7_task_executor_msgs/include/gp7_task_executor_msgs/gp7_task_executor_msgs/srv/move_to_joint_target.h
-- Up-to-date symlink: /home/norman/pap_yaskawa_ws/install/gp7_task_executor_msgs/include/gp7_task_executor_msgs/gp7_task_executor_msgs/srv/move_to_named_target.h
-- Up-to-date symlink: /home/norman/pap_yaskawa_ws/install/gp7_task_executor_msgs/include/gp7_task_executor_msgs/gp7_task_executor_msgs/srv/move_to_pose_target.h
-- Up-to-date symlink: /home/norman/pap_yaskawa_ws/install/gp7_task_executor_msgs/share/gp7_task_executor_msgs/environment/library_path.sh
-- Up-to-date symlink: /home/norman/pap_yaskawa_ws/install/gp7_task_executor_msgs/share/gp7_task_executor_msgs/environment/library_path.dsv
-- Up-to-date symlink: /home/norman/pap_yaskawa_ws/install/gp7_task_executor_msgs/include/gp7_task_executor_msgs/gp7_task_executor_msgs/msg/rosidl_typesupport_fastrtps_c__visibility_control.h
-- Up-to-date symlink: /home/norman/pap_yaskawa_ws/install/gp7_task_executor_msgs/include/gp7_task_executor_msgs/gp7_task_executor_msgs/srv/detail/move_sequence__rosidl_typesupport_fastrtps_c.h
-- Up-to-date symlink: /home/norman/pap_yaskawa_ws/install/gp7_task_executor_msgs/include/gp7_task_executor_msgs/gp7_task_executor_msgs/srv/detail/move_to_joint_target__rosidl_typesupport_fastrtps_c.h
-- Up-to-date symlink: /home/norman/pap_yaskawa_ws/install/gp7_task_executor_msgs/include/gp7_task_executor_msgs/gp7_task_executor_msgs/srv/detail/move_to_named_target__rosidl_typesupport_fastrtps_c.h
-- Up-to-date symlink: /home/norman/pap_yaskawa_ws/install/gp7_task_executor_msgs/include/gp7_task_executor_msgs/gp7_task_executor_msgs/srv/detail/move_to_pose_target__rosidl_typesupport_fastrtps_c.h
-- Up-to-date symlink: /home/norman/pap_yaskawa_ws/install/gp7_task_executor_msgs/include/gp7_task_executor_msgs/gp7_task_executor_msgs/msg/rosidl_typesupport_introspection_c__visibility_control.h
-- Up-to-date symlink: /home/norman/pap_yaskawa_ws/install/gp7_task_executor_msgs/include/gp7_task_executor_msgs/gp7_task_executor_msgs/srv/detail/move_sequence__rosidl_typesupport_introspection_c.h
-- Up-to-date symlink: /home/norman/pap_yaskawa_ws/install/gp7_task_executor_msgs/include/gp7_task_executor_msgs/gp7_task_executor_msgs/srv/detail/move_to_joint_target__rosidl_typesupport_introspection_c.h
-- Up-to-date symlink: /home/norman/pap_yaskawa_ws/install/gp7_task_executor_msgs/include/gp7_task_executor_msgs/gp7_task_executor_msgs/srv/detail/move_to_named_target__rosidl_typesupport_introspection_c.h
-- Up-to-date symlink: /home/norman/pap_yaskawa_ws/install/gp7_task_executor_msgs/include/gp7_task_executor_msgs/gp7_task_executor_msgs/srv/detail/move_to_pose_target__rosidl_typesupport_introspection_c.h
-- Up-to-date symlink: /home/norman/pap_yaskawa_ws/install/gp7_task_executor_msgs/include/gp7_task_executor_msgs/gp7_task_executor_msgs/msg/rosidl_generator_cpp__visibility_control.hpp
-- Up-to-date symlink: /home/norman/pap_yaskawa_ws/install/gp7_task_executor_msgs/include/gp7_task_executor_msgs/gp7_task_executor_msgs/srv/detail/move_sequence__builder.hpp
-- Up-to-date symlink: /home/norman/pap_yaskawa_ws/install/gp7_task_executor_msgs/include/gp7_task_executor_msgs/gp7_task_executor_msgs/srv/detail/move_sequence__struct.hpp
-- Up-to-date symlink: /home/norman/pap_yaskawa_ws/install/gp7_task_executor_msgs/include/gp7_task_executor_msgs/gp7_task_executor_msgs/srv/detail/move_sequence__traits.hpp
-- Up-to-date symlink: /home/norman/pap_yaskawa_ws/install/gp7_task_executor_msgs/include/gp7_task_executor_msgs/gp7_task_executor_msgs/srv/detail/move_sequence__type_support.hpp
-- Up-to-date symlink: /home/norman/pap_yaskawa_ws/install/gp7_task_executor_msgs/include/gp7_task_executor_msgs/gp7_task_executor_msgs/srv/detail/move_to_joint_target__builder.hpp
-- Up-to-date symlink: /home/norman/pap_yaskawa_ws/install/gp7_task_executor_msgs/include/gp7_task_executor_msgs/gp7_task_executor_msgs/srv/detail/move_to_joint_target__struct.hpp
-- Up-to-date symlink: /home/norman/pap_yaskawa_ws/install/gp7_task_executor_msgs/include/gp7_task_executor_msgs/gp7_task_executor_msgs/srv/detail/move_to_joint_target__traits.hpp
-- Up-to-date symlink: /home/norman/pap_yaskawa_ws/install/gp7_task_executor_msgs/include/gp7_task_executor_msgs/gp7_task_executor_msgs/srv/detail/move_to_joint_target__type_support.hpp
-- Up-to-date symlink: /home/norman/pap_yaskawa_ws/install/gp7_task_executor_msgs/include/gp7_task_executor_msgs/gp7_task_executor_msgs/srv/detail/move_to_named_target__builder.hpp
-- Up-to-date symlink: /home/norman/pap_yaskawa_ws/install/gp7_task_executor_msgs/include/gp7_task_executor_msgs/gp7_task_executor_msgs/srv/detail/move_to_named_target__struct.hpp
-- Up-to-date symlink: /home/norman/pap_yaskawa_ws/install/gp7_task_executor_msgs/include/gp7_task_executor_msgs/gp7_task_executor_msgs/srv/detail/move_to_named_target__traits.hpp
-- Up-to-date symlink: /home/norman/pap_yaskawa_ws/install/gp7_task_executor_msgs/include/gp7_task_executor_msgs/gp7_task_executor_msgs/srv/detail/move_to_named_target__type_support.hpp
-- Up-to-date symlink: /home/norman/pap_yaskawa_ws/install/gp7_task_executor_msgs/include/gp7_task_executor_msgs/gp7_task_executor_msgs/srv/detail/move_to_pose_target__builder.hpp
-- Up-to-date symlink: /home/norman/pap_yaskawa_ws/install/gp7_task_executor_msgs/include/gp7_task_executor_msgs/gp7_task_executor_msgs/srv/detail/move_to_pose_target__struct.hpp
-- Up-to-date symlink: /home/norman/pap_yaskawa_ws/install/gp7_task_executor_msgs/include/gp7_task_executor_msgs/gp7_task_executor_msgs/srv/detail/move_to_pose_target__traits.hpp
-- Up-to-date symlink: /home/norman/pap_yaskawa_ws/install/gp7_task_executor_msgs/include/gp7_task_executor_msgs/gp7_task_executor_msgs/srv/detail/move_to_pose_target__type_support.hpp
-- Up-to-date symlink: /home/norman/pap_yaskawa_ws/install/gp7_task_executor_msgs/include/gp7_task_executor_msgs/gp7_task_executor_msgs/srv/move_sequence.hpp
-- Up-to-date symlink: /home/norman/pap_yaskawa_ws/install/gp7_task_executor_msgs/include/gp7_task_executor_msgs/gp7_task_executor_msgs/srv/move_to_joint_target.hpp
-- Up-to-date symlink: /home/norman/pap_yaskawa_ws/install/gp7_task_executor_msgs/include/gp7_task_executor_msgs/gp7_task_executor_msgs/srv/move_to_named_target.hpp
-- Up-to-date symlink: /home/norman/pap_yaskawa_ws/install/gp7_task_executor_msgs/include/gp7_task_executor_msgs/gp7_task_executor_msgs/srv/move_to_pose_target.hpp
-- Up-to-date symlink: /home/norman/pap_yaskawa_ws/install/gp7_task_executor_msgs/include/gp7_task_executor_msgs/gp7_task_executor_msgs/msg/rosidl_typesupport_fastrtps_cpp__visibility_control.h
-- Up-to-date symlink: /home/norman/pap_yaskawa_ws/install/gp7_task_executor_msgs/include/gp7_task_executor_msgs/gp7_task_executor_msgs/srv/detail/move_sequence__rosidl_typesupport_fastrtps_cpp.hpp
-- Up-to-date symlink: /home/norman/pap_yaskawa_ws/install/gp7_task_executor_msgs/include/gp7_task_executor_msgs/gp7_task_executor_msgs/srv/detail/move_to_joint_target__rosidl_typesupport_fastrtps_cpp.hpp
-- Up-to-date symlink: /home/norman/pap_yaskawa_ws/install/gp7_task_executor_msgs/include/gp7_task_executor_msgs/gp7_task_executor_msgs/srv/detail/move_to_named_target__rosidl_typesupport_fastrtps_cpp.hpp
-- Up-to-date symlink: /home/norman/pap_yaskawa_ws/install/gp7_task_executor_msgs/include/gp7_task_executor_msgs/gp7_task_executor_msgs/srv/detail/move_to_pose_target__rosidl_typesupport_fastrtps_cpp.hpp
-- Up-to-date symlink: /home/norman/pap_yaskawa_ws/install/gp7_task_executor_msgs/include/gp7_task_executor_msgs/gp7_task_executor_msgs/srv/detail/move_sequence__rosidl_typesupport_introspection_cpp.hpp
-- Up-to-date symlink: /home/norman/pap_yaskawa_ws/install/gp7_task_executor_msgs/include/gp7_task_executor_msgs/gp7_task_executor_msgs/srv/detail/move_to_joint_target__rosidl_typesupport_introspection_cpp.hpp
-- Up-to-date symlink: /home/norman/pap_yaskawa_ws/install/gp7_task_executor_msgs/include/gp7_task_executor_msgs/gp7_task_executor_msgs/srv/detail/move_to_named_target__rosidl_typesupport_introspection_cpp.hpp
-- Up-to-date symlink: /home/norman/pap_yaskawa_ws/install/gp7_task_executor_msgs/include/gp7_task_executor_msgs/gp7_task_executor_msgs/srv/detail/move_to_pose_target__rosidl_typesupport_introspection_cpp.hpp
-- Up-to-date symlink: /home/norman/pap_yaskawa_ws/install/gp7_task_executor_msgs/share/gp7_task_executor_msgs/environment/pythonpath.sh
-- Up-to-date symlink: /home/norman/pap_yaskawa_ws/install/gp7_task_executor_msgs/share/gp7_task_executor_msgs/environment/pythonpath.dsv
-- Up-to-date symlink: /home/norman/pap_yaskawa_ws/install/gp7_task_executor_msgs/local/lib/python3.10/dist-packages/gp7_task_executor_msgs-1.0.0-py3.10.egg-info/PKG-INFO
-- Up-to-date symlink: /home/norman/pap_yaskawa_ws/install/gp7_task_executor_msgs/local/lib/python3.10/dist-packages/gp7_task_executor_msgs-1.0.0-py3.10.egg-info/SOURCES.txt
-- Up-to-date symlink: /home/norman/pap_yaskawa_ws/install/gp7_task_executor_msgs/local/lib/python3.10/dist-packages/gp7_task_executor_msgs-1.0.0-py3.10.egg-info/dependency_links.txt
-- Up-to-date symlink: /home/norman/pap_yaskawa_ws/install/gp7_task_executor_msgs/local/lib/python3.10/dist-packages/gp7_task_executor_msgs-1.0.0-py3.10.egg-info/top_level.txt
-- Up-to-date symlink: /home/norman/pap_yaskawa_ws/install/gp7_task_executor_msgs/local/lib/python3.10/dist-packages/gp7_task_executor_msgs/__init__.py
-- Up-to-date symlink: /home/norman/pap_yaskawa_ws/install/gp7_task_executor_msgs/local/lib/python3.10/dist-packages/gp7_task_executor_msgs/_gp7_task_executor_msgs_s.ep.rosidl_typesupport_c.c
-- Up-to-date symlink: /home/norman/pap_yaskawa_ws/install/gp7_task_executor_msgs/local/lib/python3.10/dist-packages/gp7_task_executor_msgs/_gp7_task_executor_msgs_s.ep.rosidl_typesupport_fastrtps_c.c
-- Up-to-date symlink: /home/norman/pap_yaskawa_ws/install/gp7_task_executor_msgs/local/lib/python3.10/dist-packages/gp7_task_executor_msgs/_gp7_task_executor_msgs_s.ep.rosidl_typesupport_introspection_c.c
-- Up-to-date symlink: /home/norman/pap_yaskawa_ws/install/gp7_task_executor_msgs/local/lib/python3.10/dist-packages/gp7_task_executor_msgs/gp7_task_executor_msgs_s__rosidl_typesupport_c.cpython-310-x86_64-linux-gnu.so
-- Up-to-date symlink: /home/norman/pap_yaskawa_ws/install/gp7_task_executor_msgs/local/lib/python3.10/dist-packages/gp7_task_executor_msgs/gp7_task_executor_msgs_s__rosidl_typesupport_fastrtps_c.cpython-310-x86_64-linux-gnu.so
-- Up-to-date symlink: /home/norman/pap_yaskawa_ws/install/gp7_task_executor_msgs/local/lib/python3.10/dist-packages/gp7_task_executor_msgs/gp7_task_executor_msgs_s__rosidl_typesupport_introspection_c.cpython-310-x86_64-linux-gnu.so
-- Up-to-date symlink: /home/norman/pap_yaskawa_ws/install/gp7_task_executor_msgs/local/lib/python3.10/dist-packages/gp7_task_executor_msgs/libgp7_task_executor_msgs__rosidl_generator_py.so
-- Up-to-date symlink: /home/norman/pap_yaskawa_ws/install/gp7_task_executor_msgs/local/lib/python3.10/dist-packages/gp7_task_executor_msgs/srv/__init__.py
-- Up-to-date symlink: /home/norman/pap_yaskawa_ws/install/gp7_task_executor_msgs/local/lib/python3.10/dist-packages/gp7_task_executor_msgs/srv/_move_sequence.py
-- Up-to-date symlink: /home/norman/pap_yaskawa_ws/install/gp7_task_executor_msgs/local/lib/python3.10/dist-packages/gp7_task_executor_msgs/srv/_move_sequence_s.c
-- Up-to-date symlink: /home/norman/pap_yaskawa_ws/install/gp7_task_executor_msgs/local/lib/python3.10/dist-packages/gp7_task_executor_msgs/srv/_move_to_joint_target.py
-- Up-to-date symlink: /home/norman/pap_yaskawa_ws/install/gp7_task_executor_msgs/local/lib/python3.10/dist-packages/gp7_task_executor_msgs/srv/_move_to_joint_target_s.c
-- Up-to-date symlink: /home/norman/pap_yaskawa_ws/install/gp7_task_executor_msgs/local/lib/python3.10/dist-packages/gp7_task_executor_msgs/srv/_move_to_named_target.py
-- Up-to-date symlink: /home/norman/pap_yaskawa_ws/install/gp7_task_executor_msgs/local/lib/python3.10/dist-packages/gp7_task_executor_msgs/srv/_move_to_named_target_s.c
-- Up-to-date symlink: /home/norman/pap_yaskawa_ws/install/gp7_task_executor_msgs/local/lib/python3.10/dist-packages/gp7_task_executor_msgs/srv/_move_to_pose_target.py
-- Up-to-date symlink: /home/norman/pap_yaskawa_ws/install/gp7_task_executor_msgs/local/lib/python3.10/dist-packages/gp7_task_executor_msgs/srv/_move_to_pose_target_s.c
-- Up-to-date symlink: /home/norman/pap_yaskawa_ws/install/gp7_task_executor_msgs/local/lib/python3.10/dist-packages/gp7_task_executor_msgs/gp7_task_executor_msgs_s__rosidl_typesupport_fastrtps_c.cpython-310-x86_64-linux-gnu.so
-- Up-to-date symlink: /home/norman/pap_yaskawa_ws/install/gp7_task_executor_msgs/local/lib/python3.10/dist-packages/gp7_task_executor_msgs/gp7_task_executor_msgs_s__rosidl_typesupport_introspection_c.cpython-310-x86_64-linux-gnu.so
-- Up-to-date symlink: /home/norman/pap_yaskawa_ws/install/gp7_task_executor_msgs/local/lib/python3.10/dist-packages/gp7_task_executor_msgs/gp7_task_executor_msgs_s__rosidl_typesupport_c.cpython-310-x86_64-linux-gnu.so
-- Up-to-date symlink: /home/norman/pap_yaskawa_ws/install/gp7_task_executor_msgs/share/ament_index/resource_index/rust_packages/gp7_task_executor_msgs
-- Up-to-date symlink: /home/norman/pap_yaskawa_ws/install/gp7_task_executor_msgs/share/gp7_task_executor_msgs/rust/Cargo.toml
-- Up-to-date symlink: /home/norman/pap_yaskawa_ws/install/gp7_task_executor_msgs/share/gp7_task_executor_msgs/rust/build.rs
-- Up-to-date symlink: /home/norman/pap_yaskawa_ws/install/gp7_task_executor_msgs/share/gp7_task_executor_msgs/rust/src/lib.rs
-- Up-to-date symlink: /home/norman/pap_yaskawa_ws/install/gp7_task_executor_msgs/share/gp7_task_executor_msgs/rust/src/srv.rs
-- Up-to-date symlink: /home/norman/pap_yaskawa_ws/install/gp7_task_executor_msgs/share/gp7_task_executor_msgs/rust/src/srv/rmw.rs
-- Up-to-date symlink: /home/norman/pap_yaskawa_ws/install/gp7_task_executor_msgs/share/gp7_task_executor_msgs/srv/MoveToNamedTarget.idl
-- Up-to-date symlink: /home/norman/pap_yaskawa_ws/install/gp7_task_executor_msgs/share/gp7_task_executor_msgs/srv/MoveToJointTarget.idl
-- Up-to-date symlink: /home/norman/pap_yaskawa_ws/install/gp7_task_executor_msgs/share/gp7_task_executor_msgs/srv/MoveToPoseTarget.idl
-- Up-to-date symlink: /home/norman/pap_yaskawa_ws/install/gp7_task_executor_msgs/share/gp7_task_executor_msgs/srv/MoveSequence.idl
-- Up-to-date symlink: /home/norman/pap_yaskawa_ws/install/gp7_task_executor_msgs/share/gp7_task_executor_msgs/srv/MoveToNamedTarget.srv
-- Up-to-date symlink: /home/norman/pap_yaskawa_ws/install/gp7_task_executor_msgs/share/gp7_task_executor_msgs/srv/MoveToNamedTarget_Request.msg
-- Up-to-date symlink: /home/norman/pap_yaskawa_ws/install/gp7_task_executor_msgs/share/gp7_task_executor_msgs/srv/MoveToNamedTarget_Response.msg
-- Up-to-date symlink: /home/norman/pap_yaskawa_ws/install/gp7_task_executor_msgs/share/gp7_task_executor_msgs/srv/MoveToJointTarget.srv
-- Up-to-date symlink: /home/norman/pap_yaskawa_ws/install/gp7_task_executor_msgs/share/gp7_task_executor_msgs/srv/MoveToJointTarget_Request.msg
-- Up-to-date symlink: /home/norman/pap_yaskawa_ws/install/gp7_task_executor_msgs/share/gp7_task_executor_msgs/srv/MoveToJointTarget_Response.msg
-- Up-to-date symlink: /home/norman/pap_yaskawa_ws/install/gp7_task_executor_msgs/share/gp7_task_executor_msgs/srv/MoveToPoseTarget.srv
-- Up-to-date symlink: /home/norman/pap_yaskawa_ws/install/gp7_task_executor_msgs/share/gp7_task_executor_msgs/srv/MoveToPoseTarget_Request.msg
-- Up-to-date symlink: /home/norman/pap_yaskawa_ws/install/gp7_task_executor_msgs/share/gp7_task_executor_msgs/srv/MoveToPoseTarget_Response.msg
-- Up-to-date symlink: /home/norman/pap_yaskawa_ws/install/gp7_task_executor_msgs/share/gp7_task_executor_msgs/srv/MoveSequence.srv
-- Up-to-date symlink: /home/norman/pap_yaskawa_ws/install/gp7_task_executor_msgs/share/gp7_task_executor_msgs/srv/MoveSequence_Request.msg
-- Up-to-date symlink: /home/norman/pap_yaskawa_ws/install/gp7_task_executor_msgs/share/gp7_task_executor_msgs/srv/MoveSequence_Response.msg
-- Up-to-date symlink: /home/norman/pap_yaskawa_ws/install/gp7_task_executor_msgs/share/ament_index/resource_index/package_run_dependencies/gp7_task_executor_msgs
-- Up-to-date symlink: /home/norman/pap_yaskawa_ws/install/gp7_task_executor_msgs/share/ament_index/resource_index/parent_prefix_path/gp7_task_executor_msgs
-- Up-to-date symlink: /home/norman/pap_yaskawa_ws/install/gp7_task_executor_msgs/share/gp7_task_executor_msgs/environment/ament_prefix_path.sh
-- Up-to-date symlink: /home/norman/pap_yaskawa_ws/install/gp7_task_executor_msgs/share/gp7_task_executor_msgs/environment/ament_prefix_path.dsv
-- Up-to-date symlink: /home/norman/pap_yaskawa_ws/install/gp7_task_executor_msgs/share/gp7_task_executor_msgs/environment/path.sh
-- Up-to-date symlink: /home/norman/pap_yaskawa_ws/install/gp7_task_executor_msgs/share/gp7_task_executor_msgs/environment/path.dsv
-- Up-to-date symlink: /home/norman/pap_yaskawa_ws/install/gp7_task_executor_msgs/share/gp7_task_executor_msgs/local_setup.bash
-- Up-to-date symlink: /home/norman/pap_yaskawa_ws/install/gp7_task_executor_msgs/share/gp7_task_executor_msgs/local_setup.sh
-- Up-to-date symlink: /home/norman/pap_yaskawa_ws/install/gp7_task_executor_msgs/share/gp7_task_executor_msgs/local_setup.zsh
-- Up-to-date symlink: /home/norman/pap_yaskawa_ws/install/gp7_task_executor_msgs/share/gp7_task_executor_msgs/local_setup.dsv
-- Symlinking: /home/norman/pap_yaskawa_ws/install/gp7_task_executor_msgs/share/gp7_task_executor_msgs/package.dsv
-- Up-to-date symlink: /home/norman/pap_yaskawa_ws/install/gp7_task_executor_msgs/share/ament_index/resource_index/packages/gp7_task_executor_msgs
-- Up-to-date symlink: /home/norman/pap_yaskawa_ws/install/gp7_task_executor_msgs/share/gp7_task_executor_msgs/cmake/rosidl_cmake-extras.cmake
-- Up-to-date symlink: /home/norman/pap_yaskawa_ws/install/gp7_task_executor_msgs/share/gp7_task_executor_msgs/cmake/ament_cmake_export_dependencies-extras.cmake
-- Up-to-date symlink: /home/norman/pap_yaskawa_ws/install/gp7_task_executor_msgs/share/gp7_task_executor_msgs/cmake/ament_cmake_export_include_directories-extras.cmake
-- Up-to-date symlink: /home/norman/pap_yaskawa_ws/install/gp7_task_executor_msgs/share/gp7_task_executor_msgs/cmake/ament_cmake_export_libraries-extras.cmake
-- Up-to-date symlink: /home/norman/pap_yaskawa_ws/install/gp7_task_executor_msgs/share/gp7_task_executor_msgs/cmake/ament_cmake_export_targets-extras.cmake
-- Up-to-date symlink: /home/norman/pap_yaskawa_ws/install/gp7_task_executor_msgs/share/gp7_task_executor_msgs/cmake/rosidl_cmake_export_typesupport_targets-extras.cmake
-- Up-to-date symlink: /home/norman/pap_yaskawa_ws/install/gp7_task_executor_msgs/share/gp7_task_executor_msgs/cmake/rosidl_cmake_export_typesupport_libraries-extras.cmake
-- Up-to-date symlink: /home/norman/pap_yaskawa_ws/install/gp7_task_executor_msgs/share/gp7_task_executor_msgs/cmake/gp7_task_executor_msgsConfig.cmake
-- Up-to-date symlink: /home/norman/pap_yaskawa_ws/install/gp7_task_executor_msgs/share/gp7_task_executor_msgs/cmake/gp7_task_executor_msgsConfig-version.cmake
-- Up-to-date symlink: /home/norman/pap_yaskawa_ws/install/gp7_task_executor_msgs/share/gp7_task_executor_msgs/package.xml
-- Up-to-date: /home/norman/pap_yaskawa_ws/install/gp7_task_executor_msgs/lib/libgp7_task_executor_msgs__rosidl_generator_c.so
-- Up-to-date: /home/norman/pap_yaskawa_ws/install/gp7_task_executor_msgs/lib/libgp7_task_executor_msgs__rosidl_typesupport_fastrtps_c.so
-- Up-to-date: /home/norman/pap_yaskawa_ws/install/gp7_task_executor_msgs/lib/libgp7_task_executor_msgs__rosidl_typesupport_introspection_c.so
-- Up-to-date: /home/norman/pap_yaskawa_ws/install/gp7_task_executor_msgs/lib/libgp7_task_executor_msgs__rosidl_typesupport_c.so
-- Up-to-date: /home/norman/pap_yaskawa_ws/install/gp7_task_executor_msgs/lib/libgp7_task_executor_msgs__rosidl_typesupport_fastrtps_cpp.so
-- Up-to-date: /home/norman/pap_yaskawa_ws/install/gp7_task_executor_msgs/lib/libgp7_task_executor_msgs__rosidl_typesupport_introspection_cpp.so
-- Up-to-date: /home/norman/pap_yaskawa_ws/install/gp7_task_executor_msgs/lib/libgp7_task_executor_msgs__rosidl_typesupport_cpp.so
Listing '/home/norman/pap_yaskawa_ws/install/gp7_task_executor_msgs/local/lib/python3.10/dist-packages/gp7_task_executor_msgs'...
Listing '/home/norman/pap_yaskawa_ws/install/gp7_task_executor_msgs/local/lib/python3.10/dist-packages/gp7_task_executor_msgs/srv'...
-- Up-to-date: /home/norman/pap_yaskawa_ws/install/gp7_task_executor_msgs/lib/libgp7_task_executor_msgs__rosidl_generator_py.so
-- Up-to-date: /home/norman/pap_yaskawa_ws/install/gp7_task_executor_msgs/share/gp7_task_executor_msgs/cmake/export_gp7_task_executor_msgs__rosidl_generator_cExport.cmake
-- Up-to-date: /home/norman/pap_yaskawa_ws/install/gp7_task_executor_msgs/share/gp7_task_executor_msgs/cmake/export_gp7_task_executor_msgs__rosidl_generator_cExport-noconfig.cmake
-- Up-to-date: /home/norman/pap_yaskawa_ws/install/gp7_task_executor_msgs/share/gp7_task_executor_msgs/cmake/export_gp7_task_executor_msgs__rosidl_typesupport_fastrtps_cExport.cmake
-- Up-to-date: /home/norman/pap_yaskawa_ws/install/gp7_task_executor_msgs/share/gp7_task_executor_msgs/cmake/export_gp7_task_executor_msgs__rosidl_typesupport_fastrtps_cExport-noconfig.cmake
-- Up-to-date: /home/norman/pap_yaskawa_ws/install/gp7_task_executor_msgs/share/gp7_task_executor_msgs/cmake/gp7_task_executor_msgs__rosidl_typesupport_introspection_cExport.cmake
-- Up-to-date: /home/norman/pap_yaskawa_ws/install/gp7_task_executor_msgs/share/gp7_task_executor_msgs/cmake/gp7_task_executor_msgs__rosidl_typesupport_introspection_cExport-noconfig.cmake
-- Up-to-date: /home/norman/pap_yaskawa_ws/install/gp7_task_executor_msgs/share/gp7_task_executor_msgs/cmake/gp7_task_executor_msgs__rosidl_typesupport_cExport.cmake
-- Up-to-date: /home/norman/pap_yaskawa_ws/install/gp7_task_executor_msgs/share/gp7_task_executor_msgs/cmake/gp7_task_executor_msgs__rosidl_typesupport_cExport-noconfig.cmake
-- Up-to-date: /home/norman/pap_yaskawa_ws/install/gp7_task_executor_msgs/share/gp7_task_executor_msgs/cmake/export_gp7_task_executor_msgs__rosidl_generator_cppExport.cmake
-- Up-to-date: /home/norman/pap_yaskawa_ws/install/gp7_task_executor_msgs/share/gp7_task_executor_msgs/cmake/export_gp7_task_executor_msgs__rosidl_typesupport_fastrtps_cppExport.cmake
-- Up-to-date: /home/norman/pap_yaskawa_ws/install/gp7_task_executor_msgs/share/gp7_task_executor_msgs/cmake/export_gp7_task_executor_msgs__rosidl_typesupport_fastrtps_cppExport-noconfig.cmake
-- Up-to-date: /home/norman/pap_yaskawa_ws/install/gp7_task_executor_msgs/share/gp7_task_executor_msgs/cmake/gp7_task_executor_msgs__rosidl_typesupport_introspection_cppExport.cmake
-- Up-to-date: /home/norman/pap_yaskawa_ws/install/gp7_task_executor_msgs/share/gp7_task_executor_msgs/cmake/gp7_task_executor_msgs__rosidl_typesupport_introspection_cppExport-noconfig.cmake
-- Up-to-date: /home/norman/pap_yaskawa_ws/install/gp7_task_executor_msgs/share/gp7_task_executor_msgs/cmake/gp7_task_executor_msgs__rosidl_typesupport_cppExport.cmake
-- Up-to-date: /home/norman/pap_yaskawa_ws/install/gp7_task_executor_msgs/share/gp7_task_executor_msgs/cmake/gp7_task_executor_msgs__rosidl_typesupport_cppExport-noconfig.cmake
-- Up-to-date: /home/norman/pap_yaskawa_ws/install/gp7_task_executor_msgs/share/gp7_task_executor_msgs/cmake/export_gp7_task_executor_msgs__rosidl_generator_pyExport.cmake
-- Up-to-date: /home/norman/pap_yaskawa_ws/install/gp7_task_executor_msgs/share/gp7_task_executor_msgs/cmake/export_gp7_task_executor_msgs__rosidl_generator_pyExport-noconfig.cmake
