[0.070s] DEBUG:colcon:Command line arguments: ['/usr/bin/colcon', 'build', '--packages-select', 'gp7_task_executor']
[0.070s] DEBUG:colcon:Parsed command line arguments: Namespace(log_base=None, log_level=None, verb_name='build', build_base='build', install_base='install', merge_install=False, symlink_install=False, test_result_base=None, continue_on_error=False, executor='parallel', parallel_workers=20, event_handlers=None, ignore_user_meta=False, metas=['./colcon.meta'], base_paths=['.'], packages_ignore=None, packages_ignore_regex=None, paths=None, packages_up_to=None, packages_up_to_regex=None, packages_above=None, packages_above_and_dependencies=None, packages_above_depth=None, packages_select_by_dep=None, packages_skip_by_dep=None, packages_skip_up_to=None, packages_select_build_failed=False, packages_skip_build_finished=False, packages_select_test_failures=False, packages_skip_test_passed=False, packages_select=['gp7_task_executor'], packages_skip=None, packages_select_regex=None, packages_skip_regex=None, packages_start=None, packages_end=None, allow_overriding=[], cmake_args=None, cmake_target=None, cmake_target_skip_unavailable=False, cmake_clean_cache=False, cmake_clean_first=False, cmake_force_configure=False, ament_cmake_args=None, catkin_cmake_args=None, catkin_skip_building_tests=False, mixin_files=None, mixin=None, verb_parser=<colcon_mixin.mixin.mixin_argument.MixinArgumentDecorator object at 0x73e5bb05fca0>, verb_extension=<colcon_core.verb.build.BuildVerb object at 0x73e5bb05f7c0>, main=<bound method BuildVerb.main of <colcon_core.verb.build.BuildVerb object at 0x73e5bb05f7c0>>, mixin_verb=('build',))
[0.161s] Level 1:colcon.colcon_core.package_discovery:discover_packages(colcon_meta) check parameters
[0.162s] Level 1:colcon.colcon_core.package_discovery:discover_packages(recursive) check parameters
[0.162s] Level 1:colcon.colcon_core.package_discovery:discover_packages(ignore) check parameters
[0.162s] Level 1:colcon.colcon_core.package_discovery:discover_packages(path) check parameters
[0.162s] Level 1:colcon.colcon_core.package_discovery:discover_packages(colcon_meta) discover
[0.162s] Level 1:colcon.colcon_core.package_discovery:discover_packages(recursive) discover
[0.162s] INFO:colcon.colcon_core.package_discovery:Crawling recursively for packages in '/home/norman/pap_yaskawa_ws'
[0.162s] Level 1:colcon.colcon_core.package_identification:_identify(.) by extensions ['ignore', 'ignore_ament_install']
[0.162s] Level 1:colcon.colcon_core.package_identification:_identify(.) by extension 'ignore'
[0.162s] Level 1:colcon.colcon_core.package_identification:_identify(.) by extension 'ignore_ament_install'
[0.162s] Level 1:colcon.colcon_core.package_identification:_identify(.) by extensions ['colcon_pkg']
[0.162s] Level 1:colcon.colcon_core.package_identification:_identify(.) by extension 'colcon_pkg'
[0.162s] Level 1:colcon.colcon_core.package_identification:_identify(.) by extensions ['colcon_meta']
[0.162s] Level 1:colcon.colcon_core.package_identification:_identify(.) by extension 'colcon_meta'
[0.162s] Level 1:colcon.colcon_core.package_identification:_identify(.) by extensions ['ros']
[0.162s] Level 1:colcon.colcon_core.package_identification:_identify(.) by extension 'ros'
[0.169s] Level 1:colcon.colcon_core.package_identification:_identify(.) by extensions ['cmake', 'python']
[0.169s] Level 1:colcon.colcon_core.package_identification:_identify(.) by extension 'cmake'
[0.169s] Level 1:colcon.colcon_core.package_identification:_identify(.) by extension 'python'
[0.169s] Level 1:colcon.colcon_core.package_identification:_identify(.) by extensions ['python_setup_py']
[0.169s] Level 1:colcon.colcon_core.package_identification:_identify(.) by extension 'python_setup_py'
[0.169s] Level 1:colcon.colcon_core.package_identification:_identify(build) by extensions ['ignore', 'ignore_ament_install']
[0.169s] Level 1:colcon.colcon_core.package_identification:_identify(build) by extension 'ignore'
[0.169s] Level 1:colcon.colcon_core.package_identification:_identify(build) ignored
[0.169s] Level 1:colcon.colcon_core.package_identification:_identify(docs) by extensions ['ignore', 'ignore_ament_install']
[0.169s] Level 1:colcon.colcon_core.package_identification:_identify(docs) by extension 'ignore'
[0.169s] Level 1:colcon.colcon_core.package_identification:_identify(docs) by extension 'ignore_ament_install'
[0.169s] Level 1:colcon.colcon_core.package_identification:_identify(docs) by extensions ['colcon_pkg']
[0.169s] Level 1:colcon.colcon_core.package_identification:_identify(docs) by extension 'colcon_pkg'
[0.169s] Level 1:colcon.colcon_core.package_identification:_identify(docs) by extensions ['colcon_meta']
[0.169s] Level 1:colcon.colcon_core.package_identification:_identify(docs) by extension 'colcon_meta'
[0.169s] Level 1:colcon.colcon_core.package_identification:_identify(docs) by extensions ['ros']
[0.169s] Level 1:colcon.colcon_core.package_identification:_identify(docs) by extension 'ros'
[0.169s] Level 1:colcon.colcon_core.package_identification:_identify(docs) by extensions ['cmake', 'python']
[0.169s] Level 1:colcon.colcon_core.package_identification:_identify(docs) by extension 'cmake'
[0.169s] Level 1:colcon.colcon_core.package_identification:_identify(docs) by extension 'python'
[0.169s] Level 1:colcon.colcon_core.package_identification:_identify(docs) by extensions ['python_setup_py']
[0.169s] Level 1:colcon.colcon_core.package_identification:_identify(docs) by extension 'python_setup_py'
[0.169s] Level 1:colcon.colcon_core.package_identification:_identify(install) by extensions ['ignore', 'ignore_ament_install']
[0.169s] Level 1:colcon.colcon_core.package_identification:_identify(install) by extension 'ignore'
[0.169s] Level 1:colcon.colcon_core.package_identification:_identify(install) ignored
[0.169s] Level 1:colcon.colcon_core.package_identification:_identify(log) by extensions ['ignore', 'ignore_ament_install']
[0.169s] Level 1:colcon.colcon_core.package_identification:_identify(log) by extension 'ignore'
[0.169s] Level 1:colcon.colcon_core.package_identification:_identify(log) ignored
[0.170s] Level 1:colcon.colcon_core.package_identification:_identify(scripts) by extensions ['ignore', 'ignore_ament_install']
[0.170s] Level 1:colcon.colcon_core.package_identification:_identify(scripts) by extension 'ignore'
[0.170s] Level 1:colcon.colcon_core.package_identification:_identify(scripts) by extension 'ignore_ament_install'
[0.170s] Level 1:colcon.colcon_core.package_identification:_identify(scripts) by extensions ['colcon_pkg']
[0.170s] Level 1:colcon.colcon_core.package_identification:_identify(scripts) by extension 'colcon_pkg'
[0.170s] Level 1:colcon.colcon_core.package_identification:_identify(scripts) by extensions ['colcon_meta']
[0.170s] Level 1:colcon.colcon_core.package_identification:_identify(scripts) by extension 'colcon_meta'
[0.170s] Level 1:colcon.colcon_core.package_identification:_identify(scripts) by extensions ['ros']
[0.170s] Level 1:colcon.colcon_core.package_identification:_identify(scripts) by extension 'ros'
[0.170s] Level 1:colcon.colcon_core.package_identification:_identify(scripts) by extensions ['cmake', 'python']
[0.170s] Level 1:colcon.colcon_core.package_identification:_identify(scripts) by extension 'cmake'
[0.170s] Level 1:colcon.colcon_core.package_identification:_identify(scripts) by extension 'python'
[0.170s] Level 1:colcon.colcon_core.package_identification:_identify(scripts) by extensions ['python_setup_py']
[0.170s] Level 1:colcon.colcon_core.package_identification:_identify(scripts) by extension 'python_setup_py'
[0.170s] Level 1:colcon.colcon_core.package_identification:_identify(src) by extensions ['ignore', 'ignore_ament_install']
[0.170s] Level 1:colcon.colcon_core.package_identification:_identify(src) by extension 'ignore'
[0.170s] Level 1:colcon.colcon_core.package_identification:_identify(src) by extension 'ignore_ament_install'
[0.170s] Level 1:colcon.colcon_core.package_identification:_identify(src) by extensions ['colcon_pkg']
[0.170s] Level 1:colcon.colcon_core.package_identification:_identify(src) by extension 'colcon_pkg'
[0.170s] Level 1:colcon.colcon_core.package_identification:_identify(src) by extensions ['colcon_meta']
[0.170s] Level 1:colcon.colcon_core.package_identification:_identify(src) by extension 'colcon_meta'
[0.170s] Level 1:colcon.colcon_core.package_identification:_identify(src) by extensions ['ros']
[0.170s] Level 1:colcon.colcon_core.package_identification:_identify(src) by extension 'ros'
[0.170s] Level 1:colcon.colcon_core.package_identification:_identify(src) by extensions ['cmake', 'python']
[0.170s] Level 1:colcon.colcon_core.package_identification:_identify(src) by extension 'cmake'
[0.170s] Level 1:colcon.colcon_core.package_identification:_identify(src) by extension 'python'
[0.170s] Level 1:colcon.colcon_core.package_identification:_identify(src) by extensions ['python_setup_py']
[0.170s] Level 1:colcon.colcon_core.package_identification:_identify(src) by extension 'python_setup_py'
[0.170s] Level 1:colcon.colcon_core.package_identification:_identify(src/gp7_bringup) by extensions ['ignore', 'ignore_ament_install']
[0.170s] Level 1:colcon.colcon_core.package_identification:_identify(src/gp7_bringup) by extension 'ignore'
[0.170s] Level 1:colcon.colcon_core.package_identification:_identify(src/gp7_bringup) by extension 'ignore_ament_install'
[0.170s] Level 1:colcon.colcon_core.package_identification:_identify(src/gp7_bringup) by extensions ['colcon_pkg']
[0.170s] Level 1:colcon.colcon_core.package_identification:_identify(src/gp7_bringup) by extension 'colcon_pkg'
[0.170s] Level 1:colcon.colcon_core.package_identification:_identify(src/gp7_bringup) by extensions ['colcon_meta']
[0.170s] Level 1:colcon.colcon_core.package_identification:_identify(src/gp7_bringup) by extension 'colcon_meta'
[0.170s] Level 1:colcon.colcon_core.package_identification:_identify(src/gp7_bringup) by extensions ['ros']
[0.170s] Level 1:colcon.colcon_core.package_identification:_identify(src/gp7_bringup) by extension 'ros'
[0.172s] DEBUG:colcon.colcon_core.package_identification:Package 'src/gp7_bringup' with type 'ros.ament_cmake' and name 'gp7_bringup'
[0.172s] Level 1:colcon.colcon_core.package_identification:_identify(src/gp7_description) by extensions ['ignore', 'ignore_ament_install']
[0.172s] Level 1:colcon.colcon_core.package_identification:_identify(src/gp7_description) by extension 'ignore'
[0.172s] Level 1:colcon.colcon_core.package_identification:_identify(src/gp7_description) by extension 'ignore_ament_install'
[0.172s] Level 1:colcon.colcon_core.package_identification:_identify(src/gp7_description) by extensions ['colcon_pkg']
[0.172s] Level 1:colcon.colcon_core.package_identification:_identify(src/gp7_description) by extension 'colcon_pkg'
[0.172s] Level 1:colcon.colcon_core.package_identification:_identify(src/gp7_description) by extensions ['colcon_meta']
[0.172s] Level 1:colcon.colcon_core.package_identification:_identify(src/gp7_description) by extension 'colcon_meta'
[0.172s] Level 1:colcon.colcon_core.package_identification:_identify(src/gp7_description) by extensions ['ros']
[0.172s] Level 1:colcon.colcon_core.package_identification:_identify(src/gp7_description) by extension 'ros'
[0.173s] DEBUG:colcon.colcon_core.package_identification:Package 'src/gp7_description' with type 'ros.ament_cmake' and name 'gp7_description'
[0.173s] Level 1:colcon.colcon_core.package_identification:_identify(src/gp7_gazebo_classic) by extensions ['ignore', 'ignore_ament_install']
[0.173s] Level 1:colcon.colcon_core.package_identification:_identify(src/gp7_gazebo_classic) by extension 'ignore'
[0.173s] Level 1:colcon.colcon_core.package_identification:_identify(src/gp7_gazebo_classic) by extension 'ignore_ament_install'
[0.173s] Level 1:colcon.colcon_core.package_identification:_identify(src/gp7_gazebo_classic) by extensions ['colcon_pkg']
[0.173s] Level 1:colcon.colcon_core.package_identification:_identify(src/gp7_gazebo_classic) by extension 'colcon_pkg'
[0.173s] Level 1:colcon.colcon_core.package_identification:_identify(src/gp7_gazebo_classic) by extensions ['colcon_meta']
[0.173s] Level 1:colcon.colcon_core.package_identification:_identify(src/gp7_gazebo_classic) by extension 'colcon_meta'
[0.173s] Level 1:colcon.colcon_core.package_identification:_identify(src/gp7_gazebo_classic) by extensions ['ros']
[0.173s] Level 1:colcon.colcon_core.package_identification:_identify(src/gp7_gazebo_classic) by extension 'ros'
[0.173s] DEBUG:colcon.colcon_core.package_identification:Package 'src/gp7_gazebo_classic' with type 'ros.ament_cmake' and name 'gp7_gazebo_classic'
[0.173s] Level 1:colcon.colcon_core.package_identification:_identify(src/gp7_handeye_calibration) by extensions ['ignore', 'ignore_ament_install']
[0.173s] Level 1:colcon.colcon_core.package_identification:_identify(src/gp7_handeye_calibration) by extension 'ignore'
[0.174s] Level 1:colcon.colcon_core.package_identification:_identify(src/gp7_handeye_calibration) by extension 'ignore_ament_install'
[0.174s] Level 1:colcon.colcon_core.package_identification:_identify(src/gp7_handeye_calibration) by extensions ['colcon_pkg']
[0.174s] Level 1:colcon.colcon_core.package_identification:_identify(src/gp7_handeye_calibration) by extension 'colcon_pkg'
[0.174s] Level 1:colcon.colcon_core.package_identification:_identify(src/gp7_handeye_calibration) by extensions ['colcon_meta']
[0.174s] Level 1:colcon.colcon_core.package_identification:_identify(src/gp7_handeye_calibration) by extension 'colcon_meta'
[0.174s] Level 1:colcon.colcon_core.package_identification:_identify(src/gp7_handeye_calibration) by extensions ['ros']
[0.174s] Level 1:colcon.colcon_core.package_identification:_identify(src/gp7_handeye_calibration) by extension 'ros'
[0.174s] DEBUG:colcon.colcon_core.package_identification:Package 'src/gp7_handeye_calibration' with type 'ros.ament_cmake' and name 'gp7_handeye_calibration'
[0.174s] Level 1:colcon.colcon_core.package_identification:_identify(src/gp7_moveit_config) by extensions ['ignore', 'ignore_ament_install']
[0.174s] Level 1:colcon.colcon_core.package_identification:_identify(src/gp7_moveit_config) by extension 'ignore'
[0.174s] Level 1:colcon.colcon_core.package_identification:_identify(src/gp7_moveit_config) by extension 'ignore_ament_install'
[0.174s] Level 1:colcon.colcon_core.package_identification:_identify(src/gp7_moveit_config) by extensions ['colcon_pkg']
[0.174s] Level 1:colcon.colcon_core.package_identification:_identify(src/gp7_moveit_config) by extension 'colcon_pkg'
[0.174s] Level 1:colcon.colcon_core.package_identification:_identify(src/gp7_moveit_config) by extensions ['colcon_meta']
[0.174s] Level 1:colcon.colcon_core.package_identification:_identify(src/gp7_moveit_config) by extension 'colcon_meta'
[0.174s] Level 1:colcon.colcon_core.package_identification:_identify(src/gp7_moveit_config) by extensions ['ros']
[0.174s] Level 1:colcon.colcon_core.package_identification:_identify(src/gp7_moveit_config) by extension 'ros'
[0.175s] DEBUG:colcon.colcon_core.package_identification:Package 'src/gp7_moveit_config' with type 'ros.ament_cmake' and name 'gp7_moveit_config'
[0.175s] Level 1:colcon.colcon_core.package_identification:_identify(src/gp7_task_executor) by extensions ['ignore', 'ignore_ament_install']
[0.175s] Level 1:colcon.colcon_core.package_identification:_identify(src/gp7_task_executor) by extension 'ignore'
[0.175s] Level 1:colcon.colcon_core.package_identification:_identify(src/gp7_task_executor) by extension 'ignore_ament_install'
[0.175s] Level 1:colcon.colcon_core.package_identification:_identify(src/gp7_task_executor) by extensions ['colcon_pkg']
[0.175s] Level 1:colcon.colcon_core.package_identification:_identify(src/gp7_task_executor) by extension 'colcon_pkg'
[0.175s] Level 1:colcon.colcon_core.package_identification:_identify(src/gp7_task_executor) by extensions ['colcon_meta']
[0.175s] Level 1:colcon.colcon_core.package_identification:_identify(src/gp7_task_executor) by extension 'colcon_meta'
[0.175s] Level 1:colcon.colcon_core.package_identification:_identify(src/gp7_task_executor) by extensions ['ros']
[0.175s] Level 1:colcon.colcon_core.package_identification:_identify(src/gp7_task_executor) by extension 'ros'
[0.175s] DEBUG:colcon.colcon_core.package_identification:Package 'src/gp7_task_executor' with type 'ros.ament_cmake' and name 'gp7_task_executor'
[0.176s] Level 1:colcon.colcon_core.package_identification:_identify(src/gp7_task_executor_msgs) by extensions ['ignore', 'ignore_ament_install']
[0.176s] Level 1:colcon.colcon_core.package_identification:_identify(src/gp7_task_executor_msgs) by extension 'ignore'
[0.176s] Level 1:colcon.colcon_core.package_identification:_identify(src/gp7_task_executor_msgs) by extension 'ignore_ament_install'
[0.176s] Level 1:colcon.colcon_core.package_identification:_identify(src/gp7_task_executor_msgs) by extensions ['colcon_pkg']
[0.176s] Level 1:colcon.colcon_core.package_identification:_identify(src/gp7_task_executor_msgs) by extension 'colcon_pkg'
[0.176s] Level 1:colcon.colcon_core.package_identification:_identify(src/gp7_task_executor_msgs) by extensions ['colcon_meta']
[0.176s] Level 1:colcon.colcon_core.package_identification:_identify(src/gp7_task_executor_msgs) by extension 'colcon_meta'
[0.176s] Level 1:colcon.colcon_core.package_identification:_identify(src/gp7_task_executor_msgs) by extensions ['ros']
[0.176s] Level 1:colcon.colcon_core.package_identification:_identify(src/gp7_task_executor_msgs) by extension 'ros'
[0.176s] DEBUG:colcon.colcon_core.package_identification:Package 'src/gp7_task_executor_msgs' with type 'ros.ament_cmake' and name 'gp7_task_executor_msgs'
[0.176s] Level 1:colcon.colcon_core.package_identification:_identify(src/gp7_vision_bringup) by extensions ['ignore', 'ignore_ament_install']
[0.176s] Level 1:colcon.colcon_core.package_identification:_identify(src/gp7_vision_bringup) by extension 'ignore'
[0.176s] Level 1:colcon.colcon_core.package_identification:_identify(src/gp7_vision_bringup) by extension 'ignore_ament_install'
[0.176s] Level 1:colcon.colcon_core.package_identification:_identify(src/gp7_vision_bringup) by extensions ['colcon_pkg']
[0.176s] Level 1:colcon.colcon_core.package_identification:_identify(src/gp7_vision_bringup) by extension 'colcon_pkg'
[0.176s] Level 1:colcon.colcon_core.package_identification:_identify(src/gp7_vision_bringup) by extensions ['colcon_meta']
[0.176s] Level 1:colcon.colcon_core.package_identification:_identify(src/gp7_vision_bringup) by extension 'colcon_meta'
[0.176s] Level 1:colcon.colcon_core.package_identification:_identify(src/gp7_vision_bringup) by extensions ['ros']
[0.176s] Level 1:colcon.colcon_core.package_identification:_identify(src/gp7_vision_bringup) by extension 'ros'
[0.177s] DEBUG:colcon.colcon_core.package_identification:Package 'src/gp7_vision_bringup' with type 'ros.ament_cmake' and name 'gp7_vision_bringup'
[0.177s] Level 1:colcon.colcon_core.package_identification:_identify(src/gp7_vision_gazebo_bridge) by extensions ['ignore', 'ignore_ament_install']
[0.177s] Level 1:colcon.colcon_core.package_identification:_identify(src/gp7_vision_gazebo_bridge) by extension 'ignore'
[0.177s] Level 1:colcon.colcon_core.package_identification:_identify(src/gp7_vision_gazebo_bridge) by extension 'ignore_ament_install'
[0.177s] Level 1:colcon.colcon_core.package_identification:_identify(src/gp7_vision_gazebo_bridge) by extensions ['colcon_pkg']
[0.177s] Level 1:colcon.colcon_core.package_identification:_identify(src/gp7_vision_gazebo_bridge) by extension 'colcon_pkg'
[0.177s] Level 1:colcon.colcon_core.package_identification:_identify(src/gp7_vision_gazebo_bridge) by extensions ['colcon_meta']
[0.177s] Level 1:colcon.colcon_core.package_identification:_identify(src/gp7_vision_gazebo_bridge) by extension 'colcon_meta'
[0.177s] Level 1:colcon.colcon_core.package_identification:_identify(src/gp7_vision_gazebo_bridge) by extensions ['ros']
[0.177s] Level 1:colcon.colcon_core.package_identification:_identify(src/gp7_vision_gazebo_bridge) by extension 'ros'
[0.177s] DEBUG:colcon.colcon_core.package_identification:Package 'src/gp7_vision_gazebo_bridge' with type 'ros.ament_cmake' and name 'gp7_vision_gazebo_bridge'
[0.177s] Level 1:colcon.colcon_core.package_identification:_identify(src/gp7_vision_pipeline) by extensions ['ignore', 'ignore_ament_install']
[0.177s] Level 1:colcon.colcon_core.package_identification:_identify(src/gp7_vision_pipeline) by extension 'ignore'
[0.177s] Level 1:colcon.colcon_core.package_identification:_identify(src/gp7_vision_pipeline) by extension 'ignore_ament_install'
[0.177s] Level 1:colcon.colcon_core.package_identification:_identify(src/gp7_vision_pipeline) by extensions ['colcon_pkg']
[0.177s] Level 1:colcon.colcon_core.package_identification:_identify(src/gp7_vision_pipeline) by extension 'colcon_pkg'
[0.177s] Level 1:colcon.colcon_core.package_identification:_identify(src/gp7_vision_pipeline) by extensions ['colcon_meta']
[0.177s] Level 1:colcon.colcon_core.package_identification:_identify(src/gp7_vision_pipeline) by extension 'colcon_meta'
[0.177s] Level 1:colcon.colcon_core.package_identification:_identify(src/gp7_vision_pipeline) by extensions ['ros']
[0.177s] Level 1:colcon.colcon_core.package_identification:_identify(src/gp7_vision_pipeline) by extension 'ros'
[0.178s] DEBUG:colcon.colcon_core.package_identification:Package 'src/gp7_vision_pipeline' with type 'ros.ament_cmake' and name 'gp7_vision_pipeline'
[0.178s] Level 1:colcon.colcon_core.package_discovery:discover_packages(recursive) using defaults
[0.178s] Level 1:colcon.colcon_core.package_discovery:discover_packages(ignore) discover
[0.178s] Level 1:colcon.colcon_core.package_discovery:discover_packages(ignore) using defaults
[0.178s] Level 1:colcon.colcon_core.package_discovery:discover_packages(path) discover
[0.178s] Level 1:colcon.colcon_core.package_discovery:discover_packages(path) using defaults
[0.197s] INFO:colcon.colcon_core.package_selection:Skipping not selected package 'gp7_description' in 'src/gp7_description'
[0.197s] INFO:colcon.colcon_core.package_selection:Skipping not selected package 'gp7_handeye_calibration' in 'src/gp7_handeye_calibration'
[0.197s] INFO:colcon.colcon_core.package_selection:Skipping not selected package 'gp7_task_executor_msgs' in 'src/gp7_task_executor_msgs'
[0.197s] INFO:colcon.colcon_core.package_selection:Skipping not selected package 'gp7_vision_gazebo_bridge' in 'src/gp7_vision_gazebo_bridge'
[0.197s] INFO:colcon.colcon_core.package_selection:Skipping not selected package 'gp7_vision_pipeline' in 'src/gp7_vision_pipeline'
[0.197s] INFO:colcon.colcon_core.package_selection:Skipping not selected package 'gp7_bringup' in 'src/gp7_bringup'
[0.197s] INFO:colcon.colcon_core.package_selection:Skipping not selected package 'gp7_moveit_config' in 'src/gp7_moveit_config'
[0.197s] INFO:colcon.colcon_core.package_selection:Skipping not selected package 'gp7_vision_bringup' in 'src/gp7_vision_bringup'
[0.197s] INFO:colcon.colcon_core.package_selection:Skipping not selected package 'gp7_gazebo_classic' in 'src/gp7_gazebo_classic'
[0.197s] Level 1:colcon.colcon_core.package_discovery:discover_packages(prefix_path) check parameters
[0.197s] Level 1:colcon.colcon_core.package_discovery:discover_packages(prefix_path) discover
[0.199s] DEBUG:colcon.colcon_installed_package_information.package_discovery:Found 10 installed packages in /home/norman/pap_yaskawa_ws/install
[0.199s] DEBUG:colcon.colcon_installed_package_information.package_discovery:Found 3 installed packages in /home/norman/a_ws/install
[0.199s] DEBUG:colcon.colcon_installed_package_information.package_discovery:Found 17 installed packages in /home/norman/ros2_ws/install
[0.200s] DEBUG:colcon.colcon_installed_package_information.package_discovery:Found 374 installed packages in /opt/ros/humble
[0.201s] Level 1:colcon.colcon_core.package_discovery:discover_packages(prefix_path) using defaults
[0.228s] Level 5:colcon.colcon_core.verb:set package 'gp7_task_executor' build argument 'cmake_args' from command line to 'None'
[0.228s] Level 5:colcon.colcon_core.verb:set package 'gp7_task_executor' build argument 'cmake_target' from command line to 'None'
[0.228s] Level 5:colcon.colcon_core.verb:set package 'gp7_task_executor' build argument 'cmake_target_skip_unavailable' from command line to 'False'
[0.228s] Level 5:colcon.colcon_core.verb:set package 'gp7_task_executor' build argument 'cmake_clean_cache' from command line to 'False'
[0.228s] Level 5:colcon.colcon_core.verb:set package 'gp7_task_executor' build argument 'cmake_clean_first' from command line to 'False'
[0.228s] Level 5:colcon.colcon_core.verb:set package 'gp7_task_executor' build argument 'cmake_force_configure' from command line to 'False'
[0.228s] Level 5:colcon.colcon_core.verb:set package 'gp7_task_executor' build argument 'ament_cmake_args' from command line to 'None'
[0.228s] Level 5:colcon.colcon_core.verb:set package 'gp7_task_executor' build argument 'catkin_cmake_args' from command line to 'None'
[0.228s] Level 5:colcon.colcon_core.verb:set package 'gp7_task_executor' build argument 'catkin_skip_building_tests' from command line to 'False'
[0.228s] DEBUG:colcon.colcon_core.verb:Building package 'gp7_task_executor' with the following arguments: {'ament_cmake_args': None, 'build_base': '/home/norman/pap_yaskawa_ws/build/gp7_task_executor', 'catkin_cmake_args': None, 'catkin_skip_building_tests': False, 'cmake_args': None, 'cmake_clean_cache': False, 'cmake_clean_first': False, 'cmake_force_configure': False, 'cmake_target': None, 'cmake_target_skip_unavailable': False, 'install_base': '/home/norman/pap_yaskawa_ws/install/gp7_task_executor', 'merge_install': False, 'path': '/home/norman/pap_yaskawa_ws/src/gp7_task_executor', 'symlink_install': False, 'test_result_base': None}
[0.228s] INFO:colcon.colcon_core.executor:Executing jobs using 'parallel' executor
[0.229s] DEBUG:colcon.colcon_parallel_executor.executor.parallel:run_until_complete
[0.229s] INFO:colcon.colcon_ros.task.ament_cmake.build:Building ROS package in '/home/norman/pap_yaskawa_ws/src/gp7_task_executor' with build type 'ament_cmake'
[0.229s] INFO:colcon.colcon_cmake.task.cmake.build:Building CMake package in '/home/norman/pap_yaskawa_ws/src/gp7_task_executor'
[0.231s] INFO:colcon.colcon_core.plugin_system:Skipping extension 'colcon_core.shell.bat': Not used on non-Windows systems
[0.231s] INFO:colcon.colcon_core.shell:Skip shell extension 'powershell' for command environment: Not usable outside of PowerShell
[0.231s] DEBUG:colcon.colcon_core.shell:Skip shell extension 'dsv' for command environment
[0.243s] DEBUG:colcon.colcon_core.event_handler.log_command:Invoking command in '/home/norman/pap_yaskawa_ws/build/gp7_task_executor': CMAKE_PREFIX_PATH=/home/norman/pap_yaskawa_ws/install/gp7_task_executor_msgs:/home/norman/a_ws/install/motoros2_interfaces:/home/norman/a_ws/install/gp7_yaskawa_moveit:/home/norman/a_ws/install/gp7_yaskawa:/home/norman/ros2_ws/install/ros2_linkattacher:/home/norman/ros2_ws/install/ros2_conveyorbelt:/home/norman/ros2_ws/install/myrhb:/home/norman/ros2_ws/install/my_robot_interfaces:/home/norman/ros2_ws/install/my_robot_bringup:/home/norman/ros2_ws/install/my_cpp_pkg:/home/norman/ros2_ws/install/motoros2_client_interface_dependencies:/home/norman/ros2_ws/install/motoros2_interfaces:/home/norman/ros2_ws/install/linkattacher_msgs:/home/norman/ros2_ws/install/industrial_msgs:/home/norman/ros2_ws/install/gp7_yaskawa_moveit:/home/norman/ros2_ws/install/gp7_yaskawa:/home/norman/ros2_ws/install/conveyorbelt_msgs:/home/norman/ros2_ws/install/conveyorbelt_gazebo:/home/norman/pap_yaskawa_ws/install/gp7_gazebo_classic:/home/norman/pap_yaskawa_ws/install/gp7_vision_bringup:/home/norman/pap_yaskawa_ws/install/gp7_vision_pipeline:/home/norman/pap_yaskawa_ws/install/gp7_vision_gazebo_bridge:/home/norman/pap_yaskawa_ws/install/gp7_task_executor:/home/norman/pap_yaskawa_ws/install/gp7_moveit_config:/home/norman/pap_yaskawa_ws/install/gp7_handeye_calibration:/home/norman/pap_yaskawa_ws/install/gp7_bringup:/home/norman/pap_yaskawa_ws/install/gp7_description:/home/norman/ros2_ws/install/yaskawa_robot_controller:/home/norman/ros2_ws/install/my_robot_controller:/home/norman/ros2_ws/install/box_measurement:/opt/ros/humble LD_LIBRARY_PATH=/home/norman/pap_yaskawa_ws/install/gp7_task_executor_msgs/lib:/home/norman/a_ws/install/motoros2_interfaces/lib:/home/norman/ros2_ws/install/ros2_linkattacher/lib:/home/norman/ros2_ws/install/ros2_conveyorbelt/lib:/home/norman/ros2_ws/install/my_robot_interfaces/lib:/home/norman/ros2_ws/install/motoros2_interfaces/lib:/home/norman/ros2_ws/install/linkattacher_msgs/lib:/home/norman/ros2_ws/install/industrial_msgs/lib:/home/norman/ros2_ws/install/conveyorbelt_msgs/lib:/home/norman/pap_yaskawa_ws/install/gp7_vision_pipeline/lib:/usr/lib/x86_64-linux-gnu/gazebo-11/plugins:/opt/ros/humble/opt/rviz_ogre_vendor/lib:/opt/ros/humble/lib/x86_64-linux-gnu:/opt/ros/humble/lib /usr/bin/cmake --build /home/norman/pap_yaskawa_ws/build/gp7_task_executor -- -j20 -l20
[4.784s] DEBUG:colcon.colcon_core.event_handler.log_command:Invoked command in '/home/norman/pap_yaskawa_ws/build/gp7_task_executor' returned '2': CMAKE_PREFIX_PATH=/home/norman/pap_yaskawa_ws/install/gp7_task_executor_msgs:/home/norman/a_ws/install/motoros2_interfaces:/home/norman/a_ws/install/gp7_yaskawa_moveit:/home/norman/a_ws/install/gp7_yaskawa:/home/norman/ros2_ws/install/ros2_linkattacher:/home/norman/ros2_ws/install/ros2_conveyorbelt:/home/norman/ros2_ws/install/myrhb:/home/norman/ros2_ws/install/my_robot_interfaces:/home/norman/ros2_ws/install/my_robot_bringup:/home/norman/ros2_ws/install/my_cpp_pkg:/home/norman/ros2_ws/install/motoros2_client_interface_dependencies:/home/norman/ros2_ws/install/motoros2_interfaces:/home/norman/ros2_ws/install/linkattacher_msgs:/home/norman/ros2_ws/install/industrial_msgs:/home/norman/ros2_ws/install/gp7_yaskawa_moveit:/home/norman/ros2_ws/install/gp7_yaskawa:/home/norman/ros2_ws/install/conveyorbelt_msgs:/home/norman/ros2_ws/install/conveyorbelt_gazebo:/home/norman/pap_yaskawa_ws/install/gp7_gazebo_classic:/home/norman/pap_yaskawa_ws/install/gp7_vision_bringup:/home/norman/pap_yaskawa_ws/install/gp7_vision_pipeline:/home/norman/pap_yaskawa_ws/install/gp7_vision_gazebo_bridge:/home/norman/pap_yaskawa_ws/install/gp7_task_executor:/home/norman/pap_yaskawa_ws/install/gp7_moveit_config:/home/norman/pap_yaskawa_ws/install/gp7_handeye_calibration:/home/norman/pap_yaskawa_ws/install/gp7_bringup:/home/norman/pap_yaskawa_ws/install/gp7_description:/home/norman/ros2_ws/install/yaskawa_robot_controller:/home/norman/ros2_ws/install/my_robot_controller:/home/norman/ros2_ws/install/box_measurement:/opt/ros/humble LD_LIBRARY_PATH=/home/norman/pap_yaskawa_ws/install/gp7_task_executor_msgs/lib:/home/norman/a_ws/install/motoros2_interfaces/lib:/home/norman/ros2_ws/install/ros2_linkattacher/lib:/home/norman/ros2_ws/install/ros2_conveyorbelt/lib:/home/norman/ros2_ws/install/my_robot_interfaces/lib:/home/norman/ros2_ws/install/motoros2_interfaces/lib:/home/norman/ros2_ws/install/linkattacher_msgs/lib:/home/norman/ros2_ws/install/industrial_msgs/lib:/home/norman/ros2_ws/install/conveyorbelt_msgs/lib:/home/norman/pap_yaskawa_ws/install/gp7_vision_pipeline/lib:/usr/lib/x86_64-linux-gnu/gazebo-11/plugins:/opt/ros/humble/opt/rviz_ogre_vendor/lib:/opt/ros/humble/lib/x86_64-linux-gnu:/opt/ros/humble/lib /usr/bin/cmake --build /home/norman/pap_yaskawa_ws/build/gp7_task_executor -- -j20 -l20
[4.785s] Level 1:colcon.colcon_core.environment:create_environment_scripts_only(gp7_task_executor)
[4.786s] Level 1:colcon.colcon_core.environment:checking '/home/norman/pap_yaskawa_ws/install/gp7_task_executor' for CMake module files
[4.786s] Level 1:colcon.colcon_core.environment:checking '/home/norman/pap_yaskawa_ws/install/gp7_task_executor' for CMake config files
[4.786s] Level 1:colcon.colcon_core.shell:create_environment_hook('gp7_task_executor', 'cmake_prefix_path')
[4.787s] INFO:colcon.colcon_core.shell:Creating environment hook '/home/norman/pap_yaskawa_ws/install/gp7_task_executor/share/gp7_task_executor/hook/cmake_prefix_path.ps1'
[4.787s] INFO:colcon.colcon_core.shell:Creating environment descriptor '/home/norman/pap_yaskawa_ws/install/gp7_task_executor/share/gp7_task_executor/hook/cmake_prefix_path.dsv'
[4.787s] INFO:colcon.colcon_core.shell:Creating environment hook '/home/norman/pap_yaskawa_ws/install/gp7_task_executor/share/gp7_task_executor/hook/cmake_prefix_path.sh'
[4.788s] Level 1:colcon.colcon_core.environment:checking '/home/norman/pap_yaskawa_ws/install/gp7_task_executor/lib'
[4.788s] Level 1:colcon.colcon_core.environment:checking '/home/norman/pap_yaskawa_ws/install/gp7_task_executor/bin'
[4.788s] Level 1:colcon.colcon_core.environment:checking '/home/norman/pap_yaskawa_ws/install/gp7_task_executor/lib/pkgconfig/gp7_task_executor.pc'
[4.788s] Level 1:colcon.colcon_core.environment:checking '/home/norman/pap_yaskawa_ws/install/gp7_task_executor/lib/python3.10/site-packages'
[4.788s] Level 1:colcon.colcon_core.environment:checking '/home/norman/pap_yaskawa_ws/install/gp7_task_executor/bin'
[4.788s] INFO:colcon.colcon_core.shell:Creating package script '/home/norman/pap_yaskawa_ws/install/gp7_task_executor/share/gp7_task_executor/package.ps1'
[4.789s] INFO:colcon.colcon_core.shell:Creating package descriptor '/home/norman/pap_yaskawa_ws/install/gp7_task_executor/share/gp7_task_executor/package.dsv'
[4.789s] INFO:colcon.colcon_core.shell:Creating package script '/home/norman/pap_yaskawa_ws/install/gp7_task_executor/share/gp7_task_executor/package.sh'
[4.790s] INFO:colcon.colcon_core.shell:Creating package script '/home/norman/pap_yaskawa_ws/install/gp7_task_executor/share/gp7_task_executor/package.bash'
[4.790s] INFO:colcon.colcon_core.shell:Creating package script '/home/norman/pap_yaskawa_ws/install/gp7_task_executor/share/gp7_task_executor/package.zsh'
[4.790s] Level 1:colcon.colcon_core.environment:create_file_with_runtime_dependencies(/home/norman/pap_yaskawa_ws/install/gp7_task_executor/share/colcon-core/packages/gp7_task_executor)
[4.801s] DEBUG:colcon.colcon_parallel_executor.executor.parallel:closing loop
[4.801s] DEBUG:colcon.colcon_parallel_executor.executor.parallel:loop closed
[4.801s] DEBUG:colcon.colcon_parallel_executor.executor.parallel:run_until_complete finished with '2'
[4.801s] DEBUG:colcon.colcon_core.event_reactor:joining thread
[4.804s] INFO:colcon.colcon_core.plugin_system:Skipping extension 'colcon_notification.desktop_notification.terminal_notifier': Not used on non-Darwin systems
[4.804s] INFO:colcon.colcon_core.plugin_system:Skipping extension 'colcon_notification.desktop_notification.win32': Not used on non-Windows systems
[4.804s] INFO:colcon.colcon_notification.desktop_notification:Sending desktop notification using 'notify2'
[4.811s] DEBUG:colcon.colcon_core.event_reactor:joined thread
[4.812s] INFO:colcon.colcon_core.shell:Creating prefix script '/home/norman/pap_yaskawa_ws/install/local_setup.ps1'
[4.812s] INFO:colcon.colcon_core.shell:Creating prefix util module '/home/norman/pap_yaskawa_ws/install/_local_setup_util_ps1.py'
[4.813s] INFO:colcon.colcon_core.shell:Creating prefix chain script '/home/norman/pap_yaskawa_ws/install/setup.ps1'
[4.814s] INFO:colcon.colcon_core.shell:Creating prefix script '/home/norman/pap_yaskawa_ws/install/local_setup.sh'
[4.814s] INFO:colcon.colcon_core.shell:Creating prefix util module '/home/norman/pap_yaskawa_ws/install/_local_setup_util_sh.py'
[4.814s] INFO:colcon.colcon_core.shell:Creating prefix chain script '/home/norman/pap_yaskawa_ws/install/setup.sh'
[4.815s] INFO:colcon.colcon_core.shell:Creating prefix script '/home/norman/pap_yaskawa_ws/install/local_setup.bash'
[4.816s] INFO:colcon.colcon_core.shell:Creating prefix chain script '/home/norman/pap_yaskawa_ws/install/setup.bash'
[4.816s] INFO:colcon.colcon_core.shell:Creating prefix script '/home/norman/pap_yaskawa_ws/install/local_setup.zsh'
[4.817s] INFO:colcon.colcon_core.shell:Creating prefix chain script '/home/norman/pap_yaskawa_ws/install/setup.zsh'
