[0.009s] Invoking command in '/home/norman/pap_yaskawa_ws/build/gp7_gazebo_classic': CMAKE_PREFIX_PATH=/home/norman/pap_yaskawa_ws/install/gp7_vision_bringup:/home/norman/pap_yaskawa_ws/install/gp7_moveit_config:/home/norman/pap_yaskawa_ws/install/gp7_bringup:/home/norman/pap_yaskawa_ws/install/gp7_vision_pipeline:/home/norman/pap_yaskawa_ws/install/gp7_description:/home/norman/pap_yaskawa_ws/install/gp7_gazebo_classic:/home/norman/pap_yaskawa_ws/install/gp7_vision_gazebo_bridge:/home/norman/pap_yaskawa_ws/install/gp7_handeye_calibration:/home/norman/pap_yaskawa_ws/install/gp7_task_executor:/home/norman/pap_yaskawa_ws/install/gp7_task_executor_msgs:/opt/ros/humble /usr/bin/cmake /home/norman/pap_yaskawa_ws/src/gp7_gazebo_classic -DAMENT_CMAKE_SYMLINK_INSTALL=1 -DCMAKE_INSTALL_PREFIX=/home/norman/pap_yaskawa_ws/install/gp7_gazebo_classic
[0.047s] -- The C compiler identification is GNU 11.4.0
[0.087s] -- The CXX compiler identification is GNU 11.4.0
[0.092s] -- Detecting C compiler ABI info
[0.144s] -- Detecting C compiler ABI info - done
[0.148s] -- Check for working C compiler: /usr/bin/cc - skipped
[0.148s] -- Detecting C compile features
[0.148s] -- Detecting C compile features - done
[0.150s] -- Detecting CXX compiler ABI info
[0.205s] -- Detecting CXX compiler ABI info - done
[0.210s] -- Check for working CXX compiler: /usr/bin/c++ - skipped
[0.210s] -- Detecting CXX compile features
[0.210s] -- Detecting CXX compile features - done
[0.212s] -- Found ament_cmake: 1.3.14 (/opt/ros/humble/share/ament_cmake/cmake)
[0.319s] -- Found Python3: /usr/bin/python3 (found version "3.10.12") found components: Interpreter 
[0.365s] -- Override CMake install command with custom implementation using symlinks instead of copying resources
[0.430s] -- Configuring done
[0.431s] -- Generating done
[0.432s] -- Build files have been written to: /home/norman/pap_yaskawa_ws/build/gp7_gazebo_classic
[0.436s] Invoked command in '/home/norman/pap_yaskawa_ws/build/gp7_gazebo_classic' returned '0': CMAKE_PREFIX_PATH=/home/norman/pap_yaskawa_ws/install/gp7_vision_bringup:/home/norman/pap_yaskawa_ws/install/gp7_moveit_config:/home/norman/pap_yaskawa_ws/install/gp7_bringup:/home/norman/pap_yaskawa_ws/install/gp7_vision_pipeline:/home/norman/pap_yaskawa_ws/install/gp7_description:/home/norman/pap_yaskawa_ws/install/gp7_gazebo_classic:/home/norman/pap_yaskawa_ws/install/gp7_vision_gazebo_bridge:/home/norman/pap_yaskawa_ws/install/gp7_handeye_calibration:/home/norman/pap_yaskawa_ws/install/gp7_task_executor:/home/norman/pap_yaskawa_ws/install/gp7_task_executor_msgs:/opt/ros/humble /usr/bin/cmake /home/norman/pap_yaskawa_ws/src/gp7_gazebo_classic -DAMENT_CMAKE_SYMLINK_INSTALL=1 -DCMAKE_INSTALL_PREFIX=/home/norman/pap_yaskawa_ws/install/gp7_gazebo_classic
[0.437s] Invoking command in '/home/norman/pap_yaskawa_ws/build/gp7_gazebo_classic': CMAKE_PREFIX_PATH=/home/norman/pap_yaskawa_ws/install/gp7_vision_bringup:/home/norman/pap_yaskawa_ws/install/gp7_moveit_config:/home/norman/pap_yaskawa_ws/install/gp7_bringup:/home/norman/pap_yaskawa_ws/install/gp7_vision_pipeline:/home/norman/pap_yaskawa_ws/install/gp7_description:/home/norman/pap_yaskawa_ws/install/gp7_gazebo_classic:/home/norman/pap_yaskawa_ws/install/gp7_vision_gazebo_bridge:/home/norman/pap_yaskawa_ws/install/gp7_handeye_calibration:/home/norman/pap_yaskawa_ws/install/gp7_task_executor:/home/norman/pap_yaskawa_ws/install/gp7_task_executor_msgs:/opt/ros/humble /usr/bin/cmake --build /home/norman/pap_yaskawa_ws/build/gp7_gazebo_classic -- -j20 -l20
[0.462s] Invoked command in '/home/norman/pap_yaskawa_ws/build/gp7_gazebo_classic' returned '0': CMAKE_PREFIX_PATH=/home/norman/pap_yaskawa_ws/install/gp7_vision_bringup:/home/norman/pap_yaskawa_ws/install/gp7_moveit_config:/home/norman/pap_yaskawa_ws/install/gp7_bringup:/home/norman/pap_yaskawa_ws/install/gp7_vision_pipeline:/home/norman/pap_yaskawa_ws/install/gp7_description:/home/norman/pap_yaskawa_ws/install/gp7_gazebo_classic:/home/norman/pap_yaskawa_ws/install/gp7_vision_gazebo_bridge:/home/norman/pap_yaskawa_ws/install/gp7_handeye_calibration:/home/norman/pap_yaskawa_ws/install/gp7_task_executor:/home/norman/pap_yaskawa_ws/install/gp7_task_executor_msgs:/opt/ros/humble /usr/bin/cmake --build /home/norman/pap_yaskawa_ws/build/gp7_gazebo_classic -- -j20 -l20
[0.463s] Invoking command in '/home/norman/pap_yaskawa_ws/build/gp7_gazebo_classic': CMAKE_PREFIX_PATH=/home/norman/pap_yaskawa_ws/install/gp7_vision_bringup:/home/norman/pap_yaskawa_ws/install/gp7_moveit_config:/home/norman/pap_yaskawa_ws/install/gp7_bringup:/home/norman/pap_yaskawa_ws/install/gp7_vision_pipeline:/home/norman/pap_yaskawa_ws/install/gp7_description:/home/norman/pap_yaskawa_ws/install/gp7_gazebo_classic:/home/norman/pap_yaskawa_ws/install/gp7_vision_gazebo_bridge:/home/norman/pap_yaskawa_ws/install/gp7_handeye_calibration:/home/norman/pap_yaskawa_ws/install/gp7_task_executor:/home/norman/pap_yaskawa_ws/install/gp7_task_executor_msgs:/opt/ros/humble /usr/bin/cmake --install /home/norman/pap_yaskawa_ws/build/gp7_gazebo_classic
[0.468s] -- Install configuration: ""
[0.468s] -- Execute custom install script
[0.469s] -- Symlinking: /home/norman/pap_yaskawa_ws/install/gp7_gazebo_classic/share/gp7_gazebo_classic/launch/__pycache__/gazebo_display.launch.cpython-310.pyc
[0.475s] -- Symlinking: /home/norman/pap_yaskawa_ws/install/gp7_gazebo_classic/share/gp7_gazebo_classic/launch/__pycache__/sim_moveit.launch.cpython-310.pyc
[0.480s] -- Symlinking: /home/norman/pap_yaskawa_ws/install/gp7_gazebo_classic/share/gp7_gazebo_classic/launch/gazebo_display.launch.py
[0.485s] -- Symlinking: /home/norman/pap_yaskawa_ws/install/gp7_gazebo_classic/share/gp7_gazebo_classic/launch/legacy/gazebo.launch.py
[0.491s] -- Symlinking: /home/norman/pap_yaskawa_ws/install/gp7_gazebo_classic/share/gp7_gazebo_classic/launch/legacy/gazebo1.launch.py
[0.496s] -- Symlinking: /home/norman/pap_yaskawa_ws/install/gp7_gazebo_classic/share/gp7_gazebo_classic/launch/sim_moveit.launch.py
[0.502s] -- Symlinking: /home/norman/pap_yaskawa_ws/install/gp7_gazebo_classic/share/gp7_gazebo_classic/launch/sim_moveit_vision_rgbd.launch.py
[0.508s] -- Symlinking: /home/norman/pap_yaskawa_ws/install/gp7_gazebo_classic/share/gp7_gazebo_classic/worlds/model.world
[0.513s] -- Symlinking: /home/norman/pap_yaskawa_ws/install/gp7_gazebo_classic/share/gp7_gazebo_classic/worlds/world_test.world
[0.518s] -- Symlinking: /home/norman/pap_yaskawa_ws/install/gp7_gazebo_classic/share/gp7_gazebo_classic/worlds/world_test1.world
[0.525s] -- Symlinking: /home/norman/pap_yaskawa_ws/install/gp7_gazebo_classic/share/gp7_gazebo_classic/models/gp7_sim_rgbd_camera/model.config
[0.530s] -- Symlinking: /home/norman/pap_yaskawa_ws/install/gp7_gazebo_classic/share/gp7_gazebo_classic/models/gp7_sim_rgbd_camera/model.sdf
[0.535s] -- Symlinking: /home/norman/pap_yaskawa_ws/install/gp7_gazebo_classic/share/gp7_gazebo_classic/models/gp7_sim_target_box/model.config
[0.542s] -- Symlinking: /home/norman/pap_yaskawa_ws/install/gp7_gazebo_classic/share/gp7_gazebo_classic/models/gp7_sim_target_box/model.sdf
[0.549s] -- Symlinking: /home/norman/pap_yaskawa_ws/install/gp7_gazebo_classic/share/gp7_gazebo_classic/config/sim_vision_camera.yaml
[0.555s] -- Symlinking: /home/norman/pap_yaskawa_ws/install/gp7_gazebo_classic/share/ament_index/resource_index/package_run_dependencies/gp7_gazebo_classic
[0.560s] -- Symlinking: /home/norman/pap_yaskawa_ws/install/gp7_gazebo_classic/share/ament_index/resource_index/parent_prefix_path/gp7_gazebo_classic
[0.565s] -- Symlinking: /home/norman/pap_yaskawa_ws/install/gp7_gazebo_classic/share/gp7_gazebo_classic/environment/ament_prefix_path.sh
[0.570s] -- Symlinking: /home/norman/pap_yaskawa_ws/install/gp7_gazebo_classic/share/gp7_gazebo_classic/environment/ament_prefix_path.dsv
[0.577s] -- Symlinking: /home/norman/pap_yaskawa_ws/install/gp7_gazebo_classic/share/gp7_gazebo_classic/environment/path.sh
[0.583s] -- Symlinking: /home/norman/pap_yaskawa_ws/install/gp7_gazebo_classic/share/gp7_gazebo_classic/environment/path.dsv
[0.590s] -- Symlinking: /home/norman/pap_yaskawa_ws/install/gp7_gazebo_classic/share/gp7_gazebo_classic/local_setup.bash
[0.595s] -- Symlinking: /home/norman/pap_yaskawa_ws/install/gp7_gazebo_classic/share/gp7_gazebo_classic/local_setup.sh
[0.600s] -- Symlinking: /home/norman/pap_yaskawa_ws/install/gp7_gazebo_classic/share/gp7_gazebo_classic/local_setup.zsh
[0.607s] -- Symlinking: /home/norman/pap_yaskawa_ws/install/gp7_gazebo_classic/share/gp7_gazebo_classic/local_setup.dsv
[0.614s] -- Symlinking: /home/norman/pap_yaskawa_ws/install/gp7_gazebo_classic/share/gp7_gazebo_classic/package.dsv
[0.619s] -- Symlinking: /home/norman/pap_yaskawa_ws/install/gp7_gazebo_classic/share/ament_index/resource_index/packages/gp7_gazebo_classic
[0.626s] -- Symlinking: /home/norman/pap_yaskawa_ws/install/gp7_gazebo_classic/share/gp7_gazebo_classic/cmake/gp7_gazebo_classicConfig.cmake
[0.632s] -- Symlinking: /home/norman/pap_yaskawa_ws/install/gp7_gazebo_classic/share/gp7_gazebo_classic/cmake/gp7_gazebo_classicConfig-version.cmake
[0.640s] -- Symlinking: /home/norman/pap_yaskawa_ws/install/gp7_gazebo_classic/share/gp7_gazebo_classic/package.xml
[0.646s] Invoked command in '/home/norman/pap_yaskawa_ws/build/gp7_gazebo_classic' returned '0': CMAKE_PREFIX_PATH=/home/norman/pap_yaskawa_ws/install/gp7_vision_bringup:/home/norman/pap_yaskawa_ws/install/gp7_moveit_config:/home/norman/pap_yaskawa_ws/install/gp7_bringup:/home/norman/pap_yaskawa_ws/install/gp7_vision_pipeline:/home/norman/pap_yaskawa_ws/install/gp7_description:/home/norman/pap_yaskawa_ws/install/gp7_gazebo_classic:/home/norman/pap_yaskawa_ws/install/gp7_vision_gazebo_bridge:/home/norman/pap_yaskawa_ws/install/gp7_handeye_calibration:/home/norman/pap_yaskawa_ws/install/gp7_task_executor:/home/norman/pap_yaskawa_ws/install/gp7_task_executor_msgs:/opt/ros/humble /usr/bin/cmake --install /home/norman/pap_yaskawa_ws/build/gp7_gazebo_classic
