-- Found ament_cmake: 1.3.14 (/opt/ros/humble/share/ament_cmake/cmake)
-- Override CMake install command with custom implementation using symlinks instead of copying resources
-- Found rosidl_default_generators: 1.2.1 (/opt/ros/humble/share/rosidl_default_generators/cmake)
-- Using all available rosidl_typesupport_c: rosidl_typesupport_fastrtps_c;rosidl_typesupport_introspection_c
-- Found rosidl_adapter: 3.1.8 (/opt/ros/humble/share/rosidl_adapter/cmake)
-- Using all available rosidl_typesupport_cpp: rosidl_typesupport_fastrtps_cpp;rosidl_typesupport_introspection_cpp
-- Found geometry_msgs: 4.9.1 (/opt/ros/humble/share/geometry_msgs/cmake)
-- Found ament_cmake_ros: 0.10.0 (/opt/ros/humble/share/ament_cmake_ros/cmake)
-- Using all available rosidl_typesupport_c: rosidl_typesupport_fastrtps_c;rosidl_typesupport_introspection_c
-- Using all available rosidl_typesupport_cpp: rosidl_typesupport_fastrtps_cpp;rosidl_typesupport_introspection_cpp
-- Found python_cmake_module: 0.10.0 (/opt/ros/humble/share/python_cmake_module/cmake)
-- Using PYTHON_EXECUTABLE: /usr/bin/python3
-- Using PYTHON_INCLUDE_DIRS: /usr/include/python3.10
-- Using PYTHON_LIBRARIES: /usr/lib/x86_64-linux-gnu/libpython3.10.so
-- Configuring done
-- Generating done
-- Build files have been written to: /home/norman/pap_yaskawa_ws/build/gp7_task_executor_msgs
[  1%] [34m[1mGenerating C code for ROS interfaces[0m
[  3%] [34m[1mGenerating C++ code for ROS interfaces[0m
[  5%] [34m[1mGenerating Rust code for ROS interfaces[0m
[  5%] Built target ament_cmake_python_symlink_gp7_task_executor_msgs
running egg_info
writing gp7_task_executor_msgs.egg-info/PKG-INFO
writing dependency_links to gp7_task_executor_msgs.egg-info/dependency_links.txt
writing top-level names to gp7_task_executor_msgs.egg-info/top_level.txt
reading manifest file 'gp7_task_executor_msgs.egg-info/SOURCES.txt'
writing manifest file 'gp7_task_executor_msgs.egg-info/SOURCES.txt'
[  5%] Built target ament_cmake_python_build_gp7_task_executor_msgs_egg
[  5%] Built target gp7_task_executor_msgs__rs
[35m[1mConsolidate compiler generated dependencies of target gp7_task_executor_msgs__rosidl_generator_c[0m
[  5%] Built target gp7_task_executor_msgs__cpp
[  7%] [32mBuilding C object CMakeFiles/gp7_task_executor_msgs__rosidl_generator_c.dir/rosidl_generator_c/gp7_task_executor_msgs/srv/detail/move_sequence__functions.c.o[0m
[  8%] [32mBuilding C object CMakeFiles/gp7_task_executor_msgs__rosidl_generator_c.dir/rosidl_generator_c/gp7_task_executor_msgs/srv/detail/move_to_joint_target__functions.c.o[0m
[ 10%] [32mBuilding C object CMakeFiles/gp7_task_executor_msgs__rosidl_generator_c.dir/rosidl_generator_c/gp7_task_executor_msgs/srv/detail/move_to_pose_target__functions.c.o[0m
[ 12%] [32mBuilding C object CMakeFiles/gp7_task_executor_msgs__rosidl_generator_c.dir/rosidl_generator_c/gp7_task_executor_msgs/srv/detail/move_to_named_target__functions.c.o[0m
[ 14%] [34m[1mGenerating C++ introspection for ROS interfaces[0m
[ 16%] [34m[1mGenerating C++ type support dispatch for ROS interfaces[0m
[ 17%] [34m[1mGenerating C++ type support for eProsima Fast-RTPS[0m
[ 19%] [32m[1mLinking C shared library libgp7_task_executor_msgs__rosidl_generator_c.so[0m
[ 19%] Built target gp7_task_executor_msgs__rosidl_generator_c
[ 21%] [34m[1mGenerating C introspection for ROS interfaces[0m
[ 23%] [34m[1mGenerating C type support dispatch for ROS interfaces[0m
[ 25%] [34m[1mGenerating C type support for eProsima Fast-RTPS[0m
[35m[1mConsolidate compiler generated dependencies of target gp7_task_executor_msgs__rosidl_typesupport_cpp[0m
[ 26%] [32mBuilding CXX object CMakeFiles/gp7_task_executor_msgs__rosidl_typesupport_cpp.dir/rosidl_typesupport_cpp/gp7_task_executor_msgs/srv/move_sequence__type_support.cpp.o[0m
[ 30%] [32mBuilding CXX object CMakeFiles/gp7_task_executor_msgs__rosidl_typesupport_cpp.dir/rosidl_typesupport_cpp/gp7_task_executor_msgs/srv/move_to_named_target__type_support.cpp.o[0m
[ 30%] [32mBuilding CXX object CMakeFiles/gp7_task_executor_msgs__rosidl_typesupport_cpp.dir/rosidl_typesupport_cpp/gp7_task_executor_msgs/srv/move_to_joint_target__type_support.cpp.o[0m
[ 32%] [32mBuilding CXX object CMakeFiles/gp7_task_executor_msgs__rosidl_typesupport_cpp.dir/rosidl_typesupport_cpp/gp7_task_executor_msgs/srv/move_to_pose_target__type_support.cpp.o[0m
[35m[1mConsolidate compiler generated dependencies of target gp7_task_executor_msgs__rosidl_typesupport_introspection_cpp[0m
[ 33%] [32mBuilding CXX object CMakeFiles/gp7_task_executor_msgs__rosidl_typesupport_introspection_cpp.dir/rosidl_typesupport_introspection_cpp/gp7_task_executor_msgs/srv/detail/move_to_pose_target__type_support.cpp.o[0m
[ 35%] [32mBuilding CXX object CMakeFiles/gp7_task_executor_msgs__rosidl_typesupport_introspection_cpp.dir/rosidl_typesupport_introspection_cpp/gp7_task_executor_msgs/srv/detail/move_to_joint_target__type_support.cpp.o[0m
[ 37%] [32mBuilding CXX object CMakeFiles/gp7_task_executor_msgs__rosidl_typesupport_introspection_cpp.dir/rosidl_typesupport_introspection_cpp/gp7_task_executor_msgs/srv/detail/move_to_named_target__type_support.cpp.o[0m
[ 39%] [32mBuilding CXX object CMakeFiles/gp7_task_executor_msgs__rosidl_typesupport_introspection_cpp.dir/rosidl_typesupport_introspection_cpp/gp7_task_executor_msgs/srv/detail/move_sequence__type_support.cpp.o[0m
[35m[1mConsolidate compiler generated dependencies of target gp7_task_executor_msgs__rosidl_typesupport_fastrtps_cpp[0m
[ 41%] [32mBuilding CXX object CMakeFiles/gp7_task_executor_msgs__rosidl_typesupport_fastrtps_cpp.dir/rosidl_typesupport_fastrtps_cpp/gp7_task_executor_msgs/srv/detail/dds_fastrtps/move_to_named_target__type_support.cpp.o[0m
[ 42%] [32mBuilding CXX object CMakeFiles/gp7_task_executor_msgs__rosidl_typesupport_fastrtps_cpp.dir/rosidl_typesupport_fastrtps_cpp/gp7_task_executor_msgs/srv/detail/dds_fastrtps/move_to_pose_target__type_support.cpp.o[0m
[ 46%] [32mBuilding CXX object CMakeFiles/gp7_task_executor_msgs__rosidl_typesupport_fastrtps_cpp.dir/rosidl_typesupport_fastrtps_cpp/gp7_task_executor_msgs/srv/detail/dds_fastrtps/move_to_joint_target__type_support.cpp.o[0m
[ 46%] [32mBuilding CXX object CMakeFiles/gp7_task_executor_msgs__rosidl_typesupport_fastrtps_cpp.dir/rosidl_typesupport_fastrtps_cpp/gp7_task_executor_msgs/srv/detail/dds_fastrtps/move_sequence__type_support.cpp.o[0m
[35m[1mConsolidate compiler generated dependencies of target gp7_task_executor_msgs__rosidl_typesupport_c[0m
[ 51%] [32mBuilding CXX object CMakeFiles/gp7_task_executor_msgs__rosidl_typesupport_c.dir/rosidl_typesupport_c/gp7_task_executor_msgs/srv/move_to_pose_target__type_support.cpp.o[0m
[ 51%] [32mBuilding CXX object CMakeFiles/gp7_task_executor_msgs__rosidl_typesupport_c.dir/rosidl_typesupport_c/gp7_task_executor_msgs/srv/move_to_named_target__type_support.cpp.o[0m
[ 53%] [32mBuilding CXX object CMakeFiles/gp7_task_executor_msgs__rosidl_typesupport_c.dir/rosidl_typesupport_c/gp7_task_executor_msgs/srv/move_to_joint_target__type_support.cpp.o[0m
[ 53%] [32mBuilding CXX object CMakeFiles/gp7_task_executor_msgs__rosidl_typesupport_c.dir/rosidl_typesupport_c/gp7_task_executor_msgs/srv/move_sequence__type_support.cpp.o[0m
[35m[1mConsolidate compiler generated dependencies of target gp7_task_executor_msgs__rosidl_typesupport_introspection_c[0m
[ 55%] [32m[1mLinking CXX shared library libgp7_task_executor_msgs__rosidl_typesupport_c.so[0m
[ 58%] [32mBuilding C object CMakeFiles/gp7_task_executor_msgs__rosidl_typesupport_introspection_c.dir/rosidl_typesupport_introspection_c/gp7_task_executor_msgs/srv/detail/move_to_pose_target__type_support.c.o[0m
[ 58%] [32mBuilding C object CMakeFiles/gp7_task_executor_msgs__rosidl_typesupport_introspection_c.dir/rosidl_typesupport_introspection_c/gp7_task_executor_msgs/srv/detail/move_sequence__type_support.c.o[0m
[ 60%] [32mBuilding C object CMakeFiles/gp7_task_executor_msgs__rosidl_typesupport_introspection_c.dir/rosidl_typesupport_introspection_c/gp7_task_executor_msgs/srv/detail/move_to_joint_target__type_support.c.o[0m
[ 62%] [32mBuilding C object CMakeFiles/gp7_task_executor_msgs__rosidl_typesupport_introspection_c.dir/rosidl_typesupport_introspection_c/gp7_task_executor_msgs/srv/detail/move_to_named_target__type_support.c.o[0m
[ 62%] Built target gp7_task_executor_msgs__rosidl_typesupport_c
[35m[1mConsolidate compiler generated dependencies of target gp7_task_executor_msgs__rosidl_typesupport_fastrtps_c[0m
[ 64%] [32m[1mLinking C shared library libgp7_task_executor_msgs__rosidl_typesupport_introspection_c.so[0m
[ 66%] [32mBuilding CXX object CMakeFiles/gp7_task_executor_msgs__rosidl_typesupport_fastrtps_c.dir/rosidl_typesupport_fastrtps_c/gp7_task_executor_msgs/srv/detail/move_to_joint_target__type_support_c.cpp.o[0m
[ 67%] [32mBuilding CXX object CMakeFiles/gp7_task_executor_msgs__rosidl_typesupport_fastrtps_c.dir/rosidl_typesupport_fastrtps_c/gp7_task_executor_msgs/srv/detail/move_sequence__type_support_c.cpp.o[0m
[ 69%] [32mBuilding CXX object CMakeFiles/gp7_task_executor_msgs__rosidl_typesupport_fastrtps_c.dir/rosidl_typesupport_fastrtps_c/gp7_task_executor_msgs/srv/detail/move_to_named_target__type_support_c.cpp.o[0m
[ 71%] [32mBuilding CXX object CMakeFiles/gp7_task_executor_msgs__rosidl_typesupport_fastrtps_c.dir/rosidl_typesupport_fastrtps_c/gp7_task_executor_msgs/srv/detail/move_to_pose_target__type_support_c.cpp.o[0m
[ 71%] Built target gp7_task_executor_msgs__rosidl_typesupport_introspection_c
[ 73%] [32m[1mLinking CXX shared library libgp7_task_executor_msgs__rosidl_typesupport_cpp.so[0m
[ 73%] Built target gp7_task_executor_msgs__rosidl_typesupport_cpp
[ 75%] [32m[1mLinking CXX shared library libgp7_task_executor_msgs__rosidl_typesupport_introspection_cpp.so[0m
[ 76%] [32m[1mLinking CXX shared library libgp7_task_executor_msgs__rosidl_typesupport_fastrtps_cpp.so[0m
[ 76%] Built target gp7_task_executor_msgs__rosidl_typesupport_introspection_cpp
[ 78%] [32m[1mLinking CXX shared library libgp7_task_executor_msgs__rosidl_typesupport_fastrtps_c.so[0m
[ 78%] Built target gp7_task_executor_msgs__rosidl_typesupport_fastrtps_cpp
[ 78%] Built target gp7_task_executor_msgs__rosidl_typesupport_fastrtps_c
[ 78%] Built target gp7_task_executor_msgs
[ 80%] [34m[1mGenerating Python code for ROS interfaces[0m
[ 80%] Built target gp7_task_executor_msgs__py
[35m[1mConsolidate compiler generated dependencies of target gp7_task_executor_msgs__rosidl_generator_py[0m
[ 83%] [32mBuilding C object CMakeFiles/gp7_task_executor_msgs__rosidl_generator_py.dir/rosidl_generator_py/gp7_task_executor_msgs/srv/_move_to_joint_target_s.c.o[0m
[ 83%] [32mBuilding C object CMakeFiles/gp7_task_executor_msgs__rosidl_generator_py.dir/rosidl_generator_py/gp7_task_executor_msgs/srv/_move_to_named_target_s.c.o[0m
[ 87%] [32mBuilding C object CMakeFiles/gp7_task_executor_msgs__rosidl_generator_py.dir/rosidl_generator_py/gp7_task_executor_msgs/srv/_move_sequence_s.c.o[0m
[ 87%] [32mBuilding C object CMakeFiles/gp7_task_executor_msgs__rosidl_generator_py.dir/rosidl_generator_py/gp7_task_executor_msgs/srv/_move_to_pose_target_s.c.o[0m
[ 89%] [32m[1mLinking C shared library rosidl_generator_py/gp7_task_executor_msgs/libgp7_task_executor_msgs__rosidl_generator_py.so[0m
[ 89%] Built target gp7_task_executor_msgs__rosidl_generator_py
[35m[1mConsolidate compiler generated dependencies of target gp7_task_executor_msgs__rosidl_typesupport_fastrtps_c__pyext[0m
[35m[1mConsolidate compiler generated dependencies of target gp7_task_executor_msgs__rosidl_typesupport_c__pyext[0m
[35m[1mConsolidate compiler generated dependencies of target gp7_task_executor_msgs__rosidl_typesupport_introspection_c__pyext[0m
[ 91%] [32mBuilding C object CMakeFiles/gp7_task_executor_msgs__rosidl_typesupport_introspection_c__pyext.dir/rosidl_generator_py/gp7_task_executor_msgs/_gp7_task_executor_msgs_s.ep.rosidl_typesupport_introspection_c.c.o[0m
[ 92%] [32mBuilding C object CMakeFiles/gp7_task_executor_msgs__rosidl_typesupport_c__pyext.dir/rosidl_generator_py/gp7_task_executor_msgs/_gp7_task_executor_msgs_s.ep.rosidl_typesupport_c.c.o[0m
[ 94%] [32mBuilding C object CMakeFiles/gp7_task_executor_msgs__rosidl_typesupport_fastrtps_c__pyext.dir/rosidl_generator_py/gp7_task_executor_msgs/_gp7_task_executor_msgs_s.ep.rosidl_typesupport_fastrtps_c.c.o[0m
[ 98%] [32m[1mLinking C shared library rosidl_generator_py/gp7_task_executor_msgs/gp7_task_executor_msgs_s__rosidl_typesupport_introspection_c.cpython-310-x86_64-linux-gnu.so[0m
[ 98%] [32m[1mLinking C shared library rosidl_generator_py/gp7_task_executor_msgs/gp7_task_executor_msgs_s__rosidl_typesupport_c.cpython-310-x86_64-linux-gnu.so[0m
[100%] [32m[1mLinking C shared library rosidl_generator_py/gp7_task_executor_msgs/gp7_task_executor_msgs_s__rosidl_typesupport_fastrtps_c.cpython-310-x86_64-linux-gnu.so[0m
[100%] Built target gp7_task_executor_msgs__rosidl_typesupport_introspection_c__pyext
[100%] Built target gp7_task_executor_msgs__rosidl_typesupport_c__pyext
[100%] Built target gp7_task_executor_msgs__rosidl_typesupport_fastrtps_c__pyext
-- Install configuration: ""
-- Execute custom install script
-- Up-to-date symlink: /home/norman/pap_yaskawa_ws/install/gp7_task_executor_msgs/share/ament_index/resource_index/rosidl_interfaces/gp7_task_executor_msgs
-- Up-to-date symlink: /home/norman/pap_yaskawa_ws/install/gp7_task_executor_msgs/include/gp7_task_executor_msgs/gp7_task_executor_msgs/msg/rosidl_generator_c__visibility_control.h
-- Symlinking: /home/norman/pap_yaskawa_ws/install/gp7_task_executor_msgs/include/gp7_task_executor_msgs/gp7_task_executor_msgs/srv/detail/move_sequence__functions.h
-- Symlinking: /home/norman/pap_yaskawa_ws/install/gp7_task_executor_msgs/include/gp7_task_executor_msgs/gp7_task_executor_msgs/srv/detail/move_sequence__struct.h
-- Symlinking: /home/norman/pap_yaskawa_ws/install/gp7_task_executor_msgs/include/gp7_task_executor_msgs/gp7_task_executor_msgs/srv/detail/move_sequence__type_support.h
-- Up-to-date symlink: /home/norman/pap_yaskawa_ws/install/gp7_task_executor_msgs/include/gp7_task_executor_msgs/gp7_task_executor_msgs/srv/detail/move_to_joint_target__functions.h
-- Up-to-date symlink: /home/norman/pap_yaskawa_ws/install/gp7_task_executor_msgs/include/gp7_task_executor_msgs/gp7_task_executor_msgs/srv/detail/move_to_joint_target__struct.h
-- Up-to-date symlink: /home/norman/pap_yaskawa_ws/install/gp7_task_executor_msgs/include/gp7_task_executor_msgs/gp7_task_executor_msgs/srv/detail/move_to_joint_target__type_support.h
-- Up-to-date symlink: /home/norman/pap_yaskawa_ws/install/gp7_task_executor_msgs/include/gp7_task_executor_msgs/gp7_task_executor_msgs/srv/detail/move_to_named_target__functions.h
-- Up-to-date symlink: /home/norman/pap_yaskawa_ws/install/gp7_task_executor_msgs/include/gp7_task_executor_msgs/gp7_task_executor_msgs/srv/detail/move_to_named_target__struct.h
-- Up-to-date symlink: /home/norman/pap_yaskawa_ws/install/gp7_task_executor_msgs/include/gp7_task_executor_msgs/gp7_task_executor_msgs/srv/detail/move_to_named_target__type_support.h
-- Up-to-date symlink: /home/norman/pap_yaskawa_ws/install/gp7_task_executor_msgs/include/gp7_task_executor_msgs/gp7_task_executor_msgs/srv/detail/move_to_pose_target__functions.h
-- Up-to-date symlink: /home/norman/pap_yaskawa_ws/install/gp7_task_executor_msgs/include/gp7_task_executor_msgs/gp7_task_executor_msgs/srv/detail/move_to_pose_target__struct.h
-- Up-to-date symlink: /home/norman/pap_yaskawa_ws/install/gp7_task_executor_msgs/include/gp7_task_executor_msgs/gp7_task_executor_msgs/srv/detail/move_to_pose_target__type_support.h
-- Symlinking: /home/norman/pap_yaskawa_ws/install/gp7_task_executor_msgs/include/gp7_task_executor_msgs/gp7_task_executor_msgs/srv/move_sequence.h
-- Up-to-date symlink: /home/norman/pap_yaskawa_ws/install/gp7_task_executor_msgs/include/gp7_task_executor_msgs/gp7_task_executor_msgs/srv/move_to_joint_target.h
-- Up-to-date symlink: /home/norman/pap_yaskawa_ws/install/gp7_task_executor_msgs/include/gp7_task_executor_msgs/gp7_task_executor_msgs/srv/move_to_named_target.h
-- Up-to-date symlink: /home/norman/pap_yaskawa_ws/install/gp7_task_executor_msgs/include/gp7_task_executor_msgs/gp7_task_executor_msgs/srv/move_to_pose_target.h
-- Up-to-date symlink: /home/norman/pap_yaskawa_ws/install/gp7_task_executor_msgs/share/gp7_task_executor_msgs/environment/library_path.sh
-- Up-to-date symlink: /home/norman/pap_yaskawa_ws/install/gp7_task_executor_msgs/share/gp7_task_executor_msgs/environment/library_path.dsv
-- Up-to-date symlink: /home/norman/pap_yaskawa_ws/install/gp7_task_executor_msgs/include/gp7_task_executor_msgs/gp7_task_executor_msgs/msg/rosidl_typesupport_fastrtps_c__visibility_control.h
-- Symlinking: /home/norman/pap_yaskawa_ws/install/gp7_task_executor_msgs/include/gp7_task_executor_msgs/gp7_task_executor_msgs/srv/detail/move_sequence__rosidl_typesupport_fastrtps_c.h
-- Up-to-date symlink: /home/norman/pap_yaskawa_ws/install/gp7_task_executor_msgs/include/gp7_task_executor_msgs/gp7_task_executor_msgs/srv/detail/move_to_joint_target__rosidl_typesupport_fastrtps_c.h
-- Up-to-date symlink: /home/norman/pap_yaskawa_ws/install/gp7_task_executor_msgs/include/gp7_task_executor_msgs/gp7_task_executor_msgs/srv/detail/move_to_named_target__rosidl_typesupport_fastrtps_c.h
-- Up-to-date symlink: /home/norman/pap_yaskawa_ws/install/gp7_task_executor_msgs/include/gp7_task_executor_msgs/gp7_task_executor_msgs/srv/detail/move_to_pose_target__rosidl_typesupport_fastrtps_c.h
-- Up-to-date symlink: /home/norman/pap_yaskawa_ws/install/gp7_task_executor_msgs/include/gp7_task_executor_msgs/gp7_task_executor_msgs/msg/rosidl_typesupport_introspection_c__visibility_control.h
-- Symlinking: /home/norman/pap_yaskawa_ws/install/gp7_task_executor_msgs/include/gp7_task_executor_msgs/gp7_task_executor_msgs/srv/detail/move_sequence__rosidl_typesupport_introspection_c.h
-- Up-to-date symlink: /home/norman/pap_yaskawa_ws/install/gp7_task_executor_msgs/include/gp7_task_executor_msgs/gp7_task_executor_msgs/srv/detail/move_to_joint_target__rosidl_typesupport_introspection_c.h
-- Up-to-date symlink: /home/norman/pap_yaskawa_ws/install/gp7_task_executor_msgs/include/gp7_task_executor_msgs/gp7_task_executor_msgs/srv/detail/move_to_named_target__rosidl_typesupport_introspection_c.h
-- Up-to-date symlink: /home/norman/pap_yaskawa_ws/install/gp7_task_executor_msgs/include/gp7_task_executor_msgs/gp7_task_executor_msgs/srv/detail/move_to_pose_target__rosidl_typesupport_introspection_c.h
-- Up-to-date symlink: /home/norman/pap_yaskawa_ws/install/gp7_task_executor_msgs/include/gp7_task_executor_msgs/gp7_task_executor_msgs/msg/rosidl_generator_cpp__visibility_control.hpp
-- Symlinking: /home/norman/pap_yaskawa_ws/install/gp7_task_executor_msgs/include/gp7_task_executor_msgs/gp7_task_executor_msgs/srv/detail/move_sequence__builder.hpp
-- Symlinking: /home/norman/pap_yaskawa_ws/install/gp7_task_executor_msgs/include/gp7_task_executor_msgs/gp7_task_executor_msgs/srv/detail/move_sequence__struct.hpp
-- Symlinking: /home/norman/pap_yaskawa_ws/install/gp7_task_executor_msgs/include/gp7_task_executor_msgs/gp7_task_executor_msgs/srv/detail/move_sequence__traits.hpp
-- Symlinking: /home/norman/pap_yaskawa_ws/install/gp7_task_executor_msgs/include/gp7_task_executor_msgs/gp7_task_executor_msgs/srv/detail/move_sequence__type_support.hpp
-- Up-to-date symlink: /home/norman/pap_yaskawa_ws/install/gp7_task_executor_msgs/include/gp7_task_executor_msgs/gp7_task_executor_msgs/srv/detail/move_to_joint_target__builder.hpp
-- Up-to-date symlink: /home/norman/pap_yaskawa_ws/install/gp7_task_executor_msgs/include/gp7_task_executor_msgs/gp7_task_executor_msgs/srv/detail/move_to_joint_target__struct.hpp
-- Up-to-date symlink: /home/norman/pap_yaskawa_ws/install/gp7_task_executor_msgs/include/gp7_task_executor_msgs/gp7_task_executor_msgs/srv/detail/move_to_joint_target__traits.hpp
-- Up-to-date symlink: /home/norman/pap_yaskawa_ws/install/gp7_task_executor_msgs/include/gp7_task_executor_msgs/gp7_task_executor_msgs/srv/detail/move_to_joint_target__type_support.hpp
-- Up-to-date symlink: /home/norman/pap_yaskawa_ws/install/gp7_task_executor_msgs/include/gp7_task_executor_msgs/gp7_task_executor_msgs/srv/detail/move_to_named_target__builder.hpp
-- Up-to-date symlink: /home/norman/pap_yaskawa_ws/install/gp7_task_executor_msgs/include/gp7_task_executor_msgs/gp7_task_executor_msgs/srv/detail/move_to_named_target__struct.hpp
-- Up-to-date symlink: /home/norman/pap_yaskawa_ws/install/gp7_task_executor_msgs/include/gp7_task_executor_msgs/gp7_task_executor_msgs/srv/detail/move_to_named_target__traits.hpp
-- Up-to-date symlink: /home/norman/pap_yaskawa_ws/install/gp7_task_executor_msgs/include/gp7_task_executor_msgs/gp7_task_executor_msgs/srv/detail/move_to_named_target__type_support.hpp
-- Up-to-date symlink: /home/norman/pap_yaskawa_ws/install/gp7_task_executor_msgs/include/gp7_task_executor_msgs/gp7_task_executor_msgs/srv/detail/move_to_pose_target__builder.hpp
-- Up-to-date symlink: /home/norman/pap_yaskawa_ws/install/gp7_task_executor_msgs/include/gp7_task_executor_msgs/gp7_task_executor_msgs/srv/detail/move_to_pose_target__struct.hpp
-- Up-to-date symlink: /home/norman/pap_yaskawa_ws/install/gp7_task_executor_msgs/include/gp7_task_executor_msgs/gp7_task_executor_msgs/srv/detail/move_to_pose_target__traits.hpp
-- Up-to-date symlink: /home/norman/pap_yaskawa_ws/install/gp7_task_executor_msgs/include/gp7_task_executor_msgs/gp7_task_executor_msgs/srv/detail/move_to_pose_target__type_support.hpp
-- Symlinking: /home/norman/pap_yaskawa_ws/install/gp7_task_executor_msgs/include/gp7_task_executor_msgs/gp7_task_executor_msgs/srv/move_sequence.hpp
-- Up-to-date symlink: /home/norman/pap_yaskawa_ws/install/gp7_task_executor_msgs/include/gp7_task_executor_msgs/gp7_task_executor_msgs/srv/move_to_joint_target.hpp
-- Up-to-date symlink: /home/norman/pap_yaskawa_ws/install/gp7_task_executor_msgs/include/gp7_task_executor_msgs/gp7_task_executor_msgs/srv/move_to_named_target.hpp
-- Up-to-date symlink: /home/norman/pap_yaskawa_ws/install/gp7_task_executor_msgs/include/gp7_task_executor_msgs/gp7_task_executor_msgs/srv/move_to_pose_target.hpp
-- Up-to-date symlink: /home/norman/pap_yaskawa_ws/install/gp7_task_executor_msgs/include/gp7_task_executor_msgs/gp7_task_executor_msgs/msg/rosidl_typesupport_fastrtps_cpp__visibility_control.h
-- Symlinking: /home/norman/pap_yaskawa_ws/install/gp7_task_executor_msgs/include/gp7_task_executor_msgs/gp7_task_executor_msgs/srv/detail/move_sequence__rosidl_typesupport_fastrtps_cpp.hpp
-- Up-to-date symlink: /home/norman/pap_yaskawa_ws/install/gp7_task_executor_msgs/include/gp7_task_executor_msgs/gp7_task_executor_msgs/srv/detail/move_to_joint_target__rosidl_typesupport_fastrtps_cpp.hpp
-- Up-to-date symlink: /home/norman/pap_yaskawa_ws/install/gp7_task_executor_msgs/include/gp7_task_executor_msgs/gp7_task_executor_msgs/srv/detail/move_to_named_target__rosidl_typesupport_fastrtps_cpp.hpp
-- Up-to-date symlink: /home/norman/pap_yaskawa_ws/install/gp7_task_executor_msgs/include/gp7_task_executor_msgs/gp7_task_executor_msgs/srv/detail/move_to_pose_target__rosidl_typesupport_fastrtps_cpp.hpp
-- Symlinking: /home/norman/pap_yaskawa_ws/install/gp7_task_executor_msgs/include/gp7_task_executor_msgs/gp7_task_executor_msgs/srv/detail/move_sequence__rosidl_typesupport_introspection_cpp.hpp
-- Up-to-date symlink: /home/norman/pap_yaskawa_ws/install/gp7_task_executor_msgs/include/gp7_task_executor_msgs/gp7_task_executor_msgs/srv/detail/move_to_joint_target__rosidl_typesupport_introspection_cpp.hpp
-- Up-to-date symlink: /home/norman/pap_yaskawa_ws/install/gp7_task_executor_msgs/include/gp7_task_executor_msgs/gp7_task_executor_msgs/srv/detail/move_to_named_target__rosidl_typesupport_introspection_cpp.hpp
-- Up-to-date symlink: /home/norman/pap_yaskawa_ws/install/gp7_task_executor_msgs/include/gp7_task_executor_msgs/gp7_task_executor_msgs/srv/detail/move_to_pose_target__rosidl_typesupport_introspection_cpp.hpp
-- Up-to-date symlink: /home/norman/pap_yaskawa_ws/install/gp7_task_executor_msgs/share/gp7_task_executor_msgs/environment/pythonpath.sh
-- Up-to-date symlink: /home/norman/pap_yaskawa_ws/install/gp7_task_executor_msgs/share/gp7_task_executor_msgs/environment/pythonpath.dsv
-- Up-to-date symlink: /home/norman/pap_yaskawa_ws/install/gp7_task_executor_msgs/local/lib/python3.10/dist-packages/gp7_task_executor_msgs-1.0.0-py3.10.egg-info/PKG-INFO
-- Up-to-date symlink: /home/norman/pap_yaskawa_ws/install/gp7_task_executor_msgs/local/lib/python3.10/dist-packages/gp7_task_executor_msgs-1.0.0-py3.10.egg-info/SOURCES.txt
-- Up-to-date symlink: /home/norman/pap_yaskawa_ws/install/gp7_task_executor_msgs/local/lib/python3.10/dist-packages/gp7_task_executor_msgs-1.0.0-py3.10.egg-info/dependency_links.txt
-- Up-to-date symlink: /home/norman/pap_yaskawa_ws/install/gp7_task_executor_msgs/local/lib/python3.10/dist-packages/gp7_task_executor_msgs-1.0.0-py3.10.egg-info/top_level.txt
-- Up-to-date symlink: /home/norman/pap_yaskawa_ws/install/gp7_task_executor_msgs/local/lib/python3.10/dist-packages/gp7_task_executor_msgs/__init__.py
-- Up-to-date symlink: /home/norman/pap_yaskawa_ws/install/gp7_task_executor_msgs/local/lib/python3.10/dist-packages/gp7_task_executor_msgs/_gp7_task_executor_msgs_s.ep.rosidl_typesupport_c.c
-- Up-to-date symlink: /home/norman/pap_yaskawa_ws/install/gp7_task_executor_msgs/local/lib/python3.10/dist-packages/gp7_task_executor_msgs/_gp7_task_executor_msgs_s.ep.rosidl_typesupport_fastrtps_c.c
-- Up-to-date symlink: /home/norman/pap_yaskawa_ws/install/gp7_task_executor_msgs/local/lib/python3.10/dist-packages/gp7_task_executor_msgs/_gp7_task_executor_msgs_s.ep.rosidl_typesupport_introspection_c.c
-- Up-to-date symlink: /home/norman/pap_yaskawa_ws/install/gp7_task_executor_msgs/local/lib/python3.10/dist-packages/gp7_task_executor_msgs/gp7_task_executor_msgs_s__rosidl_typesupport_c.cpython-310-x86_64-linux-gnu.so
-- Up-to-date symlink: /home/norman/pap_yaskawa_ws/install/gp7_task_executor_msgs/local/lib/python3.10/dist-packages/gp7_task_executor_msgs/gp7_task_executor_msgs_s__rosidl_typesupport_fastrtps_c.cpython-310-x86_64-linux-gnu.so
-- Up-to-date symlink: /home/norman/pap_yaskawa_ws/install/gp7_task_executor_msgs/local/lib/python3.10/dist-packages/gp7_task_executor_msgs/gp7_task_executor_msgs_s__rosidl_typesupport_introspection_c.cpython-310-x86_64-linux-gnu.so
-- Up-to-date symlink: /home/norman/pap_yaskawa_ws/install/gp7_task_executor_msgs/local/lib/python3.10/dist-packages/gp7_task_executor_msgs/libgp7_task_executor_msgs__rosidl_generator_py.so
-- Up-to-date symlink: /home/norman/pap_yaskawa_ws/install/gp7_task_executor_msgs/local/lib/python3.10/dist-packages/gp7_task_executor_msgs/srv/__init__.py
-- Symlinking: /home/norman/pap_yaskawa_ws/install/gp7_task_executor_msgs/local/lib/python3.10/dist-packages/gp7_task_executor_msgs/srv/_move_sequence.py
-- Symlinking: /home/norman/pap_yaskawa_ws/install/gp7_task_executor_msgs/local/lib/python3.10/dist-packages/gp7_task_executor_msgs/srv/_move_sequence_s.c
-- Up-to-date symlink: /home/norman/pap_yaskawa_ws/install/gp7_task_executor_msgs/local/lib/python3.10/dist-packages/gp7_task_executor_msgs/srv/_move_to_joint_target.py
-- Up-to-date symlink: /home/norman/pap_yaskawa_ws/install/gp7_task_executor_msgs/local/lib/python3.10/dist-packages/gp7_task_executor_msgs/srv/_move_to_joint_target_s.c
-- Up-to-date symlink: /home/norman/pap_yaskawa_ws/install/gp7_task_executor_msgs/local/lib/python3.10/dist-packages/gp7_task_executor_msgs/srv/_move_to_named_target.py
-- Up-to-date symlink: /home/norman/pap_yaskawa_ws/install/gp7_task_executor_msgs/local/lib/python3.10/dist-packages/gp7_task_executor_msgs/srv/_move_to_named_target_s.c
-- Up-to-date symlink: /home/norman/pap_yaskawa_ws/install/gp7_task_executor_msgs/local/lib/python3.10/dist-packages/gp7_task_executor_msgs/srv/_move_to_pose_target.py
-- Up-to-date symlink: /home/norman/pap_yaskawa_ws/install/gp7_task_executor_msgs/local/lib/python3.10/dist-packages/gp7_task_executor_msgs/srv/_move_to_pose_target_s.c
-- Up-to-date symlink: /home/norman/pap_yaskawa_ws/install/gp7_task_executor_msgs/local/lib/python3.10/dist-packages/gp7_task_executor_msgs/gp7_task_executor_msgs_s__rosidl_typesupport_fastrtps_c.cpython-310-x86_64-linux-gnu.so
-- Up-to-date symlink: /home/norman/pap_yaskawa_ws/install/gp7_task_executor_msgs/local/lib/python3.10/dist-packages/gp7_task_executor_msgs/gp7_task_executor_msgs_s__rosidl_typesupport_introspection_c.cpython-310-x86_64-linux-gnu.so
-- Up-to-date symlink: /home/norman/pap_yaskawa_ws/install/gp7_task_executor_msgs/local/lib/python3.10/dist-packages/gp7_task_executor_msgs/gp7_task_executor_msgs_s__rosidl_typesupport_c.cpython-310-x86_64-linux-gnu.so
-- Up-to-date symlink: /home/norman/pap_yaskawa_ws/install/gp7_task_executor_msgs/share/ament_index/resource_index/rust_packages/gp7_task_executor_msgs
-- Up-to-date symlink: /home/norman/pap_yaskawa_ws/install/gp7_task_executor_msgs/share/gp7_task_executor_msgs/rust/Cargo.toml
-- Up-to-date symlink: /home/norman/pap_yaskawa_ws/install/gp7_task_executor_msgs/share/gp7_task_executor_msgs/rust/build.rs
-- Up-to-date symlink: /home/norman/pap_yaskawa_ws/install/gp7_task_executor_msgs/share/gp7_task_executor_msgs/rust/src/lib.rs
-- Up-to-date symlink: /home/norman/pap_yaskawa_ws/install/gp7_task_executor_msgs/share/gp7_task_executor_msgs/rust/src/srv.rs
-- Up-to-date symlink: /home/norman/pap_yaskawa_ws/install/gp7_task_executor_msgs/share/gp7_task_executor_msgs/rust/src/srv/rmw.rs
-- Up-to-date symlink: /home/norman/pap_yaskawa_ws/install/gp7_task_executor_msgs/share/gp7_task_executor_msgs/srv/MoveToNamedTarget.idl
-- Up-to-date symlink: /home/norman/pap_yaskawa_ws/install/gp7_task_executor_msgs/share/gp7_task_executor_msgs/srv/MoveToJointTarget.idl
-- Up-to-date symlink: /home/norman/pap_yaskawa_ws/install/gp7_task_executor_msgs/share/gp7_task_executor_msgs/srv/MoveToPoseTarget.idl
-- Symlinking: /home/norman/pap_yaskawa_ws/install/gp7_task_executor_msgs/share/gp7_task_executor_msgs/srv/MoveSequence.idl
-- Up-to-date symlink: /home/norman/pap_yaskawa_ws/install/gp7_task_executor_msgs/share/gp7_task_executor_msgs/srv/MoveToNamedTarget.srv
-- Up-to-date symlink: /home/norman/pap_yaskawa_ws/install/gp7_task_executor_msgs/share/gp7_task_executor_msgs/srv/MoveToNamedTarget_Request.msg
-- Up-to-date symlink: /home/norman/pap_yaskawa_ws/install/gp7_task_executor_msgs/share/gp7_task_executor_msgs/srv/MoveToNamedTarget_Response.msg
-- Up-to-date symlink: /home/norman/pap_yaskawa_ws/install/gp7_task_executor_msgs/share/gp7_task_executor_msgs/srv/MoveToJointTarget.srv
-- Up-to-date symlink: /home/norman/pap_yaskawa_ws/install/gp7_task_executor_msgs/share/gp7_task_executor_msgs/srv/MoveToJointTarget_Request.msg
-- Up-to-date symlink: /home/norman/pap_yaskawa_ws/install/gp7_task_executor_msgs/share/gp7_task_executor_msgs/srv/MoveToJointTarget_Response.msg
-- Up-to-date symlink: /home/norman/pap_yaskawa_ws/install/gp7_task_executor_msgs/share/gp7_task_executor_msgs/srv/MoveToPoseTarget.srv
-- Up-to-date symlink: /home/norman/pap_yaskawa_ws/install/gp7_task_executor_msgs/share/gp7_task_executor_msgs/srv/MoveToPoseTarget_Request.msg
-- Up-to-date symlink: /home/norman/pap_yaskawa_ws/install/gp7_task_executor_msgs/share/gp7_task_executor_msgs/srv/MoveToPoseTarget_Response.msg
-- Symlinking: /home/norman/pap_yaskawa_ws/install/gp7_task_executor_msgs/share/gp7_task_executor_msgs/srv/MoveSequence.srv
-- Symlinking: /home/norman/pap_yaskawa_ws/install/gp7_task_executor_msgs/share/gp7_task_executor_msgs/srv/MoveSequence_Request.msg
-- Symlinking: /home/norman/pap_yaskawa_ws/install/gp7_task_executor_msgs/share/gp7_task_executor_msgs/srv/MoveSequence_Response.msg
-- Up-to-date symlink: /home/norman/pap_yaskawa_ws/install/gp7_task_executor_msgs/share/ament_index/resource_index/package_run_dependencies/gp7_task_executor_msgs
-- Up-to-date symlink: /home/norman/pap_yaskawa_ws/install/gp7_task_executor_msgs/share/ament_index/resource_index/parent_prefix_path/gp7_task_executor_msgs
-- Up-to-date symlink: /home/norman/pap_yaskawa_ws/install/gp7_task_executor_msgs/share/gp7_task_executor_msgs/environment/ament_prefix_path.sh
-- Up-to-date symlink: /home/norman/pap_yaskawa_ws/install/gp7_task_executor_msgs/share/gp7_task_executor_msgs/environment/ament_prefix_path.dsv
-- Up-to-date symlink: /home/norman/pap_yaskawa_ws/install/gp7_task_executor_msgs/share/gp7_task_executor_msgs/environment/path.sh
-- Up-to-date symlink: /home/norman/pap_yaskawa_ws/install/gp7_task_executor_msgs/share/gp7_task_executor_msgs/environment/path.dsv
-- Up-to-date symlink: /home/norman/pap_yaskawa_ws/install/gp7_task_executor_msgs/share/gp7_task_executor_msgs/local_setup.bash
-- Up-to-date symlink: /home/norman/pap_yaskawa_ws/install/gp7_task_executor_msgs/share/gp7_task_executor_msgs/local_setup.sh
-- Up-to-date symlink: /home/norman/pap_yaskawa_ws/install/gp7_task_executor_msgs/share/gp7_task_executor_msgs/local_setup.zsh
-- Up-to-date symlink: /home/norman/pap_yaskawa_ws/install/gp7_task_executor_msgs/share/gp7_task_executor_msgs/local_setup.dsv
-- Symlinking: /home/norman/pap_yaskawa_ws/install/gp7_task_executor_msgs/share/gp7_task_executor_msgs/package.dsv
-- Up-to-date symlink: /home/norman/pap_yaskawa_ws/install/gp7_task_executor_msgs/share/ament_index/resource_index/packages/gp7_task_executor_msgs
-- Up-to-date symlink: /home/norman/pap_yaskawa_ws/install/gp7_task_executor_msgs/share/gp7_task_executor_msgs/cmake/rosidl_cmake-extras.cmake
-- Up-to-date symlink: /home/norman/pap_yaskawa_ws/install/gp7_task_executor_msgs/share/gp7_task_executor_msgs/cmake/ament_cmake_export_dependencies-extras.cmake
-- Up-to-date symlink: /home/norman/pap_yaskawa_ws/install/gp7_task_executor_msgs/share/gp7_task_executor_msgs/cmake/ament_cmake_export_include_directories-extras.cmake
-- Up-to-date symlink: /home/norman/pap_yaskawa_ws/install/gp7_task_executor_msgs/share/gp7_task_executor_msgs/cmake/ament_cmake_export_libraries-extras.cmake
-- Up-to-date symlink: /home/norman/pap_yaskawa_ws/install/gp7_task_executor_msgs/share/gp7_task_executor_msgs/cmake/ament_cmake_export_targets-extras.cmake
-- Up-to-date symlink: /home/norman/pap_yaskawa_ws/install/gp7_task_executor_msgs/share/gp7_task_executor_msgs/cmake/rosidl_cmake_export_typesupport_targets-extras.cmake
-- Up-to-date symlink: /home/norman/pap_yaskawa_ws/install/gp7_task_executor_msgs/share/gp7_task_executor_msgs/cmake/rosidl_cmake_export_typesupport_libraries-extras.cmake
-- Up-to-date symlink: /home/norman/pap_yaskawa_ws/install/gp7_task_executor_msgs/share/gp7_task_executor_msgs/cmake/gp7_task_executor_msgsConfig.cmake
-- Up-to-date symlink: /home/norman/pap_yaskawa_ws/install/gp7_task_executor_msgs/share/gp7_task_executor_msgs/cmake/gp7_task_executor_msgsConfig-version.cmake
-- Up-to-date symlink: /home/norman/pap_yaskawa_ws/install/gp7_task_executor_msgs/share/gp7_task_executor_msgs/package.xml
-- Installing: /home/norman/pap_yaskawa_ws/install/gp7_task_executor_msgs/lib/libgp7_task_executor_msgs__rosidl_generator_c.so
-- Set runtime path of "/home/norman/pap_yaskawa_ws/install/gp7_task_executor_msgs/lib/libgp7_task_executor_msgs__rosidl_generator_c.so" to ""
-- Installing: /home/norman/pap_yaskawa_ws/install/gp7_task_executor_msgs/lib/libgp7_task_executor_msgs__rosidl_typesupport_fastrtps_c.so
-- Set runtime path of "/home/norman/pap_yaskawa_ws/install/gp7_task_executor_msgs/lib/libgp7_task_executor_msgs__rosidl_typesupport_fastrtps_c.so" to ""
-- Installing: /home/norman/pap_yaskawa_ws/install/gp7_task_executor_msgs/lib/libgp7_task_executor_msgs__rosidl_typesupport_introspection_c.so
-- Set runtime path of "/home/norman/pap_yaskawa_ws/install/gp7_task_executor_msgs/lib/libgp7_task_executor_msgs__rosidl_typesupport_introspection_c.so" to ""
-- Installing: /home/norman/pap_yaskawa_ws/install/gp7_task_executor_msgs/lib/libgp7_task_executor_msgs__rosidl_typesupport_c.so
-- Set runtime path of "/home/norman/pap_yaskawa_ws/install/gp7_task_executor_msgs/lib/libgp7_task_executor_msgs__rosidl_typesupport_c.so" to ""
-- Installing: /home/norman/pap_yaskawa_ws/install/gp7_task_executor_msgs/lib/libgp7_task_executor_msgs__rosidl_typesupport_fastrtps_cpp.so
-- Set runtime path of "/home/norman/pap_yaskawa_ws/install/gp7_task_executor_msgs/lib/libgp7_task_executor_msgs__rosidl_typesupport_fastrtps_cpp.so" to ""
-- Installing: /home/norman/pap_yaskawa_ws/install/gp7_task_executor_msgs/lib/libgp7_task_executor_msgs__rosidl_typesupport_introspection_cpp.so
-- Set runtime path of "/home/norman/pap_yaskawa_ws/install/gp7_task_executor_msgs/lib/libgp7_task_executor_msgs__rosidl_typesupport_introspection_cpp.so" to ""
-- Installing: /home/norman/pap_yaskawa_ws/install/gp7_task_executor_msgs/lib/libgp7_task_executor_msgs__rosidl_typesupport_cpp.so
-- Set runtime path of "/home/norman/pap_yaskawa_ws/install/gp7_task_executor_msgs/lib/libgp7_task_executor_msgs__rosidl_typesupport_cpp.so" to ""
Listing '/home/norman/pap_yaskawa_ws/install/gp7_task_executor_msgs/local/lib/python3.10/dist-packages/gp7_task_executor_msgs'...
Compiling '/home/norman/pap_yaskawa_ws/install/gp7_task_executor_msgs/local/lib/python3.10/dist-packages/gp7_task_executor_msgs/__init__.py'...
Listing '/home/norman/pap_yaskawa_ws/install/gp7_task_executor_msgs/local/lib/python3.10/dist-packages/gp7_task_executor_msgs/srv'...
Compiling '/home/norman/pap_yaskawa_ws/install/gp7_task_executor_msgs/local/lib/python3.10/dist-packages/gp7_task_executor_msgs/srv/__init__.py'...
Compiling '/home/norman/pap_yaskawa_ws/install/gp7_task_executor_msgs/local/lib/python3.10/dist-packages/gp7_task_executor_msgs/srv/_move_sequence.py'...
Compiling '/home/norman/pap_yaskawa_ws/install/gp7_task_executor_msgs/local/lib/python3.10/dist-packages/gp7_task_executor_msgs/srv/_move_to_joint_target.py'...
Compiling '/home/norman/pap_yaskawa_ws/install/gp7_task_executor_msgs/local/lib/python3.10/dist-packages/gp7_task_executor_msgs/srv/_move_to_named_target.py'...
Compiling '/home/norman/pap_yaskawa_ws/install/gp7_task_executor_msgs/local/lib/python3.10/dist-packages/gp7_task_executor_msgs/srv/_move_to_pose_target.py'...
-- Installing: /home/norman/pap_yaskawa_ws/install/gp7_task_executor_msgs/lib/libgp7_task_executor_msgs__rosidl_generator_py.so
-- Set runtime path of "/home/norman/pap_yaskawa_ws/install/gp7_task_executor_msgs/lib/libgp7_task_executor_msgs__rosidl_generator_py.so" to ""
-- Up-to-date: /home/norman/pap_yaskawa_ws/install/gp7_task_executor_msgs/share/gp7_task_executor_msgs/cmake/export_gp7_task_executor_msgs__rosidl_generator_cExport.cmake
-- Up-to-date: /home/norman/pap_yaskawa_ws/install/gp7_task_executor_msgs/share/gp7_task_executor_msgs/cmake/export_gp7_task_executor_msgs__rosidl_generator_cExport-noconfig.cmake
-- Up-to-date: /home/norman/pap_yaskawa_ws/install/gp7_task_executor_msgs/share/gp7_task_executor_msgs/cmake/export_gp7_task_executor_msgs__rosidl_typesupport_fastrtps_cExport.cmake
-- Up-to-date: /home/norman/pap_yaskawa_ws/install/gp7_task_executor_msgs/share/gp7_task_executor_msgs/cmake/export_gp7_task_executor_msgs__rosidl_typesupport_fastrtps_cExport-noconfig.cmake
-- Up-to-date: /home/norman/pap_yaskawa_ws/install/gp7_task_executor_msgs/share/gp7_task_executor_msgs/cmake/gp7_task_executor_msgs__rosidl_typesupport_introspection_cExport.cmake
-- Up-to-date: /home/norman/pap_yaskawa_ws/install/gp7_task_executor_msgs/share/gp7_task_executor_msgs/cmake/gp7_task_executor_msgs__rosidl_typesupport_introspection_cExport-noconfig.cmake
-- Up-to-date: /home/norman/pap_yaskawa_ws/install/gp7_task_executor_msgs/share/gp7_task_executor_msgs/cmake/gp7_task_executor_msgs__rosidl_typesupport_cExport.cmake
-- Up-to-date: /home/norman/pap_yaskawa_ws/install/gp7_task_executor_msgs/share/gp7_task_executor_msgs/cmake/gp7_task_executor_msgs__rosidl_typesupport_cExport-noconfig.cmake
-- Up-to-date: /home/norman/pap_yaskawa_ws/install/gp7_task_executor_msgs/share/gp7_task_executor_msgs/cmake/export_gp7_task_executor_msgs__rosidl_generator_cppExport.cmake
-- Up-to-date: /home/norman/pap_yaskawa_ws/install/gp7_task_executor_msgs/share/gp7_task_executor_msgs/cmake/export_gp7_task_executor_msgs__rosidl_typesupport_fastrtps_cppExport.cmake
-- Up-to-date: /home/norman/pap_yaskawa_ws/install/gp7_task_executor_msgs/share/gp7_task_executor_msgs/cmake/export_gp7_task_executor_msgs__rosidl_typesupport_fastrtps_cppExport-noconfig.cmake
-- Up-to-date: /home/norman/pap_yaskawa_ws/install/gp7_task_executor_msgs/share/gp7_task_executor_msgs/cmake/gp7_task_executor_msgs__rosidl_typesupport_introspection_cppExport.cmake
-- Up-to-date: /home/norman/pap_yaskawa_ws/install/gp7_task_executor_msgs/share/gp7_task_executor_msgs/cmake/gp7_task_executor_msgs__rosidl_typesupport_introspection_cppExport-noconfig.cmake
-- Up-to-date: /home/norman/pap_yaskawa_ws/install/gp7_task_executor_msgs/share/gp7_task_executor_msgs/cmake/gp7_task_executor_msgs__rosidl_typesupport_cppExport.cmake
-- Up-to-date: /home/norman/pap_yaskawa_ws/install/gp7_task_executor_msgs/share/gp7_task_executor_msgs/cmake/gp7_task_executor_msgs__rosidl_typesupport_cppExport-noconfig.cmake
-- Up-to-date: /home/norman/pap_yaskawa_ws/install/gp7_task_executor_msgs/share/gp7_task_executor_msgs/cmake/export_gp7_task_executor_msgs__rosidl_generator_pyExport.cmake
-- Up-to-date: /home/norman/pap_yaskawa_ws/install/gp7_task_executor_msgs/share/gp7_task_executor_msgs/cmake/export_gp7_task_executor_msgs__rosidl_generator_pyExport-noconfig.cmake
