[0.008s] Invoking command in '/home/norman/pap_yaskawa_ws/build/gp7_task_executor_msgs': CMAKE_PREFIX_PATH=${CMAKE_PREFIX_PATH}:/home/norman/ros2_ws/install/yaskawa_robot_controller:/home/norman/ros2_ws/install/my_robot_controller:/home/norman/ros2_ws/install/box_measurement:/opt/ros/humble /usr/bin/cmake /home/norman/pap_yaskawa_ws/src/gp7_task_executor_msgs -DCMAKE_INSTALL_PREFIX=/home/norman/pap_yaskawa_ws/install/gp7_task_executor_msgs
[0.017s] -- Found ament_cmake: 1.3.14 (/opt/ros/humble/share/ament_cmake/cmake)
[0.098s] -- Override CMake install command with custom implementation using symlinks instead of copying resources
[0.103s] -- Found rosidl_default_generators: 1.2.1 (/opt/ros/humble/share/rosidl_default_generators/cmake)
[0.106s] -- Using all available rosidl_typesupport_c: rosidl_typesupport_fastrtps_c;rosidl_typesupport_introspection_c
[0.108s] -- Found rosidl_adapter: 3.1.8 (/opt/ros/humble/share/rosidl_adapter/cmake)
[0.125s] -- Using all available rosidl_typesupport_cpp: rosidl_typesupport_fastrtps_cpp;rosidl_typesupport_introspection_cpp
[0.143s] -- Found geometry_msgs: 4.9.1 (/opt/ros/humble/share/geometry_msgs/cmake)
[0.364s] -- Found ament_cmake_ros: 0.10.0 (/opt/ros/humble/share/ament_cmake_ros/cmake)
[0.542s] -- Using all available rosidl_typesupport_c: rosidl_typesupport_fastrtps_c;rosidl_typesupport_introspection_c
[0.770s] -- Using all available rosidl_typesupport_cpp: rosidl_typesupport_fastrtps_cpp;rosidl_typesupport_introspection_cpp
[0.787s] -- Found python_cmake_module: 0.10.0 (/opt/ros/humble/share/python_cmake_module/cmake)
[0.804s] -- Using PYTHON_EXECUTABLE: /usr/bin/python3
[0.804s] -- Using PYTHON_INCLUDE_DIRS: /usr/include/python3.10
[0.804s] -- Using PYTHON_LIBRARIES: /usr/lib/x86_64-linux-gnu/libpython3.10.so
[0.905s] -- Configuring done
[0.932s] -- Generating done
[0.940s] -- Build files have been written to: /home/norman/pap_yaskawa_ws/build/gp7_task_executor_msgs
[0.946s] Invoked command in '/home/norman/pap_yaskawa_ws/build/gp7_task_executor_msgs' returned '0': CMAKE_PREFIX_PATH=${CMAKE_PREFIX_PATH}:/home/norman/ros2_ws/install/yaskawa_robot_controller:/home/norman/ros2_ws/install/my_robot_controller:/home/norman/ros2_ws/install/box_measurement:/opt/ros/humble /usr/bin/cmake /home/norman/pap_yaskawa_ws/src/gp7_task_executor_msgs -DCMAKE_INSTALL_PREFIX=/home/norman/pap_yaskawa_ws/install/gp7_task_executor_msgs
[0.948s] Invoking command in '/home/norman/pap_yaskawa_ws/build/gp7_task_executor_msgs': CMAKE_PREFIX_PATH=${CMAKE_PREFIX_PATH}:/home/norman/ros2_ws/install/yaskawa_robot_controller:/home/norman/ros2_ws/install/my_robot_controller:/home/norman/ros2_ws/install/box_measurement:/opt/ros/humble /usr/bin/cmake --build /home/norman/pap_yaskawa_ws/build/gp7_task_executor_msgs -- -j20 -l20
[0.984s] [  1%] [34m[1mGenerating C code for ROS interfaces[0m
[0.991s] [  3%] [34m[1mGenerating C++ code for ROS interfaces[0m
[0.991s] [  5%] [34m[1mGenerating Rust code for ROS interfaces[0m
[0.996s] [  5%] Built target ament_cmake_python_symlink_gp7_task_executor_msgs
[1.173s] running egg_info
[1.174s] writing gp7_task_executor_msgs.egg-info/PKG-INFO
[1.174s] writing dependency_links to gp7_task_executor_msgs.egg-info/dependency_links.txt
[1.174s] writing top-level names to gp7_task_executor_msgs.egg-info/top_level.txt
[1.176s] reading manifest file 'gp7_task_executor_msgs.egg-info/SOURCES.txt'
[1.176s] writing manifest file 'gp7_task_executor_msgs.egg-info/SOURCES.txt'
[1.199s] [  5%] Built target ament_cmake_python_build_gp7_task_executor_msgs_egg
[1.255s] [  5%] Built target gp7_task_executor_msgs__rs
[1.390s] [35m[1mConsolidate compiler generated dependencies of target gp7_task_executor_msgs__rosidl_generator_c[0m
[1.399s] [  5%] Built target gp7_task_executor_msgs__cpp
[1.400s] [  7%] [32mBuilding C object CMakeFiles/gp7_task_executor_msgs__rosidl_generator_c.dir/rosidl_generator_c/gp7_task_executor_msgs/srv/detail/move_sequence__functions.c.o[0m
[1.400s] [  8%] [32mBuilding C object CMakeFiles/gp7_task_executor_msgs__rosidl_generator_c.dir/rosidl_generator_c/gp7_task_executor_msgs/srv/detail/move_to_joint_target__functions.c.o[0m
[1.401s] [ 10%] [32mBuilding C object CMakeFiles/gp7_task_executor_msgs__rosidl_generator_c.dir/rosidl_generator_c/gp7_task_executor_msgs/srv/detail/move_to_pose_target__functions.c.o[0m
[1.402s] [ 12%] [32mBuilding C object CMakeFiles/gp7_task_executor_msgs__rosidl_generator_c.dir/rosidl_generator_c/gp7_task_executor_msgs/srv/detail/move_to_named_target__functions.c.o[0m
[1.407s] [ 14%] [34m[1mGenerating C++ introspection for ROS interfaces[0m
[1.408s] [ 16%] [34m[1mGenerating C++ type support dispatch for ROS interfaces[0m
[1.409s] [ 17%] [34m[1mGenerating C++ type support for eProsima Fast-RTPS[0m
[1.466s] [ 19%] [32m[1mLinking C shared library libgp7_task_executor_msgs__rosidl_generator_c.so[0m
[1.505s] [ 19%] Built target gp7_task_executor_msgs__rosidl_generator_c
[1.514s] [ 21%] [34m[1mGenerating C introspection for ROS interfaces[0m
[1.516s] [ 23%] [34m[1mGenerating C type support dispatch for ROS interfaces[0m
[1.518s] [ 25%] [34m[1mGenerating C type support for eProsima Fast-RTPS[0m
[1.737s] [35m[1mConsolidate compiler generated dependencies of target gp7_task_executor_msgs__rosidl_typesupport_cpp[0m
[1.755s] [ 26%] [32mBuilding CXX object CMakeFiles/gp7_task_executor_msgs__rosidl_typesupport_cpp.dir/rosidl_typesupport_cpp/gp7_task_executor_msgs/srv/move_sequence__type_support.cpp.o[0m
[1.755s] [ 30%] [32mBuilding CXX object CMakeFiles/gp7_task_executor_msgs__rosidl_typesupport_cpp.dir/rosidl_typesupport_cpp/gp7_task_executor_msgs/srv/move_to_named_target__type_support.cpp.o[0m
[1.755s] [ 30%] [32mBuilding CXX object CMakeFiles/gp7_task_executor_msgs__rosidl_typesupport_cpp.dir/rosidl_typesupport_cpp/gp7_task_executor_msgs/srv/move_to_joint_target__type_support.cpp.o[0m
[1.755s] [ 32%] [32mBuilding CXX object CMakeFiles/gp7_task_executor_msgs__rosidl_typesupport_cpp.dir/rosidl_typesupport_cpp/gp7_task_executor_msgs/srv/move_to_pose_target__type_support.cpp.o[0m
[1.784s] [35m[1mConsolidate compiler generated dependencies of target gp7_task_executor_msgs__rosidl_typesupport_introspection_cpp[0m
[1.799s] [ 33%] [32mBuilding CXX object CMakeFiles/gp7_task_executor_msgs__rosidl_typesupport_introspection_cpp.dir/rosidl_typesupport_introspection_cpp/gp7_task_executor_msgs/srv/detail/move_to_pose_target__type_support.cpp.o[0m
[1.800s] [ 35%] [32mBuilding CXX object CMakeFiles/gp7_task_executor_msgs__rosidl_typesupport_introspection_cpp.dir/rosidl_typesupport_introspection_cpp/gp7_task_executor_msgs/srv/detail/move_to_joint_target__type_support.cpp.o[0m
[1.801s] [ 37%] [32mBuilding CXX object CMakeFiles/gp7_task_executor_msgs__rosidl_typesupport_introspection_cpp.dir/rosidl_typesupport_introspection_cpp/gp7_task_executor_msgs/srv/detail/move_to_named_target__type_support.cpp.o[0m
[1.801s] [ 39%] [32mBuilding CXX object CMakeFiles/gp7_task_executor_msgs__rosidl_typesupport_introspection_cpp.dir/rosidl_typesupport_introspection_cpp/gp7_task_executor_msgs/srv/detail/move_sequence__type_support.cpp.o[0m
[1.819s] [35m[1mConsolidate compiler generated dependencies of target gp7_task_executor_msgs__rosidl_typesupport_fastrtps_cpp[0m
[1.833s] [ 41%] [32mBuilding CXX object CMakeFiles/gp7_task_executor_msgs__rosidl_typesupport_fastrtps_cpp.dir/rosidl_typesupport_fastrtps_cpp/gp7_task_executor_msgs/srv/detail/dds_fastrtps/move_to_named_target__type_support.cpp.o[0m
[1.837s] [ 42%] [32mBuilding CXX object CMakeFiles/gp7_task_executor_msgs__rosidl_typesupport_fastrtps_cpp.dir/rosidl_typesupport_fastrtps_cpp/gp7_task_executor_msgs/srv/detail/dds_fastrtps/move_to_pose_target__type_support.cpp.o[0m
[1.837s] [ 46%] [32mBuilding CXX object CMakeFiles/gp7_task_executor_msgs__rosidl_typesupport_fastrtps_cpp.dir/rosidl_typesupport_fastrtps_cpp/gp7_task_executor_msgs/srv/detail/dds_fastrtps/move_to_joint_target__type_support.cpp.o[0m
[1.837s] [ 46%] [32mBuilding CXX object CMakeFiles/gp7_task_executor_msgs__rosidl_typesupport_fastrtps_cpp.dir/rosidl_typesupport_fastrtps_cpp/gp7_task_executor_msgs/srv/detail/dds_fastrtps/move_sequence__type_support.cpp.o[0m
[1.910s] [35m[1mConsolidate compiler generated dependencies of target gp7_task_executor_msgs__rosidl_typesupport_c[0m
[1.926s] [ 51%] [32mBuilding CXX object CMakeFiles/gp7_task_executor_msgs__rosidl_typesupport_c.dir/rosidl_typesupport_c/gp7_task_executor_msgs/srv/move_to_pose_target__type_support.cpp.o[0m
[1.926s] [ 51%] [32mBuilding CXX object CMakeFiles/gp7_task_executor_msgs__rosidl_typesupport_c.dir/rosidl_typesupport_c/gp7_task_executor_msgs/srv/move_to_named_target__type_support.cpp.o[0m
[1.929s] [ 53%] [32mBuilding CXX object CMakeFiles/gp7_task_executor_msgs__rosidl_typesupport_c.dir/rosidl_typesupport_c/gp7_task_executor_msgs/srv/move_to_joint_target__type_support.cpp.o[0m
[1.930s] [ 53%] [32mBuilding CXX object CMakeFiles/gp7_task_executor_msgs__rosidl_typesupport_c.dir/rosidl_typesupport_c/gp7_task_executor_msgs/srv/move_sequence__type_support.cpp.o[0m
[1.969s] [35m[1mConsolidate compiler generated dependencies of target gp7_task_executor_msgs__rosidl_typesupport_introspection_c[0m
[1.974s] [ 55%] [32m[1mLinking CXX shared library libgp7_task_executor_msgs__rosidl_typesupport_c.so[0m
[1.987s] [ 58%] [32mBuilding C object CMakeFiles/gp7_task_executor_msgs__rosidl_typesupport_introspection_c.dir/rosidl_typesupport_introspection_c/gp7_task_executor_msgs/srv/detail/move_to_pose_target__type_support.c.o[0m
[1.987s] [ 58%] [32mBuilding C object CMakeFiles/gp7_task_executor_msgs__rosidl_typesupport_introspection_c.dir/rosidl_typesupport_introspection_c/gp7_task_executor_msgs/srv/detail/move_sequence__type_support.c.o[0m
[1.987s] [ 60%] [32mBuilding C object CMakeFiles/gp7_task_executor_msgs__rosidl_typesupport_introspection_c.dir/rosidl_typesupport_introspection_c/gp7_task_executor_msgs/srv/detail/move_to_joint_target__type_support.c.o[0m
[1.989s] [ 62%] [32mBuilding C object CMakeFiles/gp7_task_executor_msgs__rosidl_typesupport_introspection_c.dir/rosidl_typesupport_introspection_c/gp7_task_executor_msgs/srv/detail/move_to_named_target__type_support.c.o[0m
[2.036s] [ 62%] Built target gp7_task_executor_msgs__rosidl_typesupport_c
[2.042s] [35m[1mConsolidate compiler generated dependencies of target gp7_task_executor_msgs__rosidl_typesupport_fastrtps_c[0m
[2.043s] [ 64%] [32m[1mLinking C shared library libgp7_task_executor_msgs__rosidl_typesupport_introspection_c.so[0m
[2.057s] [ 66%] [32mBuilding CXX object CMakeFiles/gp7_task_executor_msgs__rosidl_typesupport_fastrtps_c.dir/rosidl_typesupport_fastrtps_c/gp7_task_executor_msgs/srv/detail/move_to_joint_target__type_support_c.cpp.o[0m
[2.057s] [ 67%] [32mBuilding CXX object CMakeFiles/gp7_task_executor_msgs__rosidl_typesupport_fastrtps_c.dir/rosidl_typesupport_fastrtps_c/gp7_task_executor_msgs/srv/detail/move_sequence__type_support_c.cpp.o[0m
[2.059s] [ 69%] [32mBuilding CXX object CMakeFiles/gp7_task_executor_msgs__rosidl_typesupport_fastrtps_c.dir/rosidl_typesupport_fastrtps_c/gp7_task_executor_msgs/srv/detail/move_to_named_target__type_support_c.cpp.o[0m
[2.059s] [ 71%] [32mBuilding CXX object CMakeFiles/gp7_task_executor_msgs__rosidl_typesupport_fastrtps_c.dir/rosidl_typesupport_fastrtps_c/gp7_task_executor_msgs/srv/detail/move_to_pose_target__type_support_c.cpp.o[0m
[2.077s] [ 71%] Built target gp7_task_executor_msgs__rosidl_typesupport_introspection_c
[2.146s] [ 73%] [32m[1mLinking CXX shared library libgp7_task_executor_msgs__rosidl_typesupport_cpp.so[0m
[2.201s] [ 73%] Built target gp7_task_executor_msgs__rosidl_typesupport_cpp
[2.361s] [ 75%] [32m[1mLinking CXX shared library libgp7_task_executor_msgs__rosidl_typesupport_introspection_cpp.so[0m
[2.399s] [ 76%] [32m[1mLinking CXX shared library libgp7_task_executor_msgs__rosidl_typesupport_fastrtps_cpp.so[0m
[2.424s] [ 76%] Built target gp7_task_executor_msgs__rosidl_typesupport_introspection_cpp
[2.429s] [ 78%] [32m[1mLinking CXX shared library libgp7_task_executor_msgs__rosidl_typesupport_fastrtps_c.so[0m
[2.462s] [ 78%] Built target gp7_task_executor_msgs__rosidl_typesupport_fastrtps_cpp
[2.483s] [ 78%] Built target gp7_task_executor_msgs__rosidl_typesupport_fastrtps_c
[2.499s] [ 78%] Built target gp7_task_executor_msgs
[2.521s] [ 80%] [34m[1mGenerating Python code for ROS interfaces[0m
[3.126s] [ 80%] Built target gp7_task_executor_msgs__py
[3.134s] [35m[1mConsolidate compiler generated dependencies of target gp7_task_executor_msgs__rosidl_generator_py[0m
[3.147s] [ 83%] [32mBuilding C object CMakeFiles/gp7_task_executor_msgs__rosidl_generator_py.dir/rosidl_generator_py/gp7_task_executor_msgs/srv/_move_to_joint_target_s.c.o[0m
[3.147s] [ 83%] [32mBuilding C object CMakeFiles/gp7_task_executor_msgs__rosidl_generator_py.dir/rosidl_generator_py/gp7_task_executor_msgs/srv/_move_to_named_target_s.c.o[0m
[3.147s] [ 87%] [32mBuilding C object CMakeFiles/gp7_task_executor_msgs__rosidl_generator_py.dir/rosidl_generator_py/gp7_task_executor_msgs/srv/_move_sequence_s.c.o[0m
[3.147s] [ 87%] [32mBuilding C object CMakeFiles/gp7_task_executor_msgs__rosidl_generator_py.dir/rosidl_generator_py/gp7_task_executor_msgs/srv/_move_to_pose_target_s.c.o[0m
[3.239s] [ 89%] [32m[1mLinking C shared library rosidl_generator_py/gp7_task_executor_msgs/libgp7_task_executor_msgs__rosidl_generator_py.so[0m
[3.268s] [ 89%] Built target gp7_task_executor_msgs__rosidl_generator_py
[3.279s] [35m[1mConsolidate compiler generated dependencies of target gp7_task_executor_msgs__rosidl_typesupport_fastrtps_c__pyext[0m
[3.279s] [35m[1mConsolidate compiler generated dependencies of target gp7_task_executor_msgs__rosidl_typesupport_c__pyext[0m
[3.279s] [35m[1mConsolidate compiler generated dependencies of target gp7_task_executor_msgs__rosidl_typesupport_introspection_c__pyext[0m
[3.289s] [ 91%] [32mBuilding C object CMakeFiles/gp7_task_executor_msgs__rosidl_typesupport_introspection_c__pyext.dir/rosidl_generator_py/gp7_task_executor_msgs/_gp7_task_executor_msgs_s.ep.rosidl_typesupport_introspection_c.c.o[0m
[3.291s] [ 92%] [32mBuilding C object CMakeFiles/gp7_task_executor_msgs__rosidl_typesupport_c__pyext.dir/rosidl_generator_py/gp7_task_executor_msgs/_gp7_task_executor_msgs_s.ep.rosidl_typesupport_c.c.o[0m
[3.291s] [ 94%] [32mBuilding C object CMakeFiles/gp7_task_executor_msgs__rosidl_typesupport_fastrtps_c__pyext.dir/rosidl_generator_py/gp7_task_executor_msgs/_gp7_task_executor_msgs_s.ep.rosidl_typesupport_fastrtps_c.c.o[0m
[3.383s] [ 98%] [32m[1mLinking C shared library rosidl_generator_py/gp7_task_executor_msgs/gp7_task_executor_msgs_s__rosidl_typesupport_introspection_c.cpython-310-x86_64-linux-gnu.so[0m
[3.384s] [ 98%] [32m[1mLinking C shared library rosidl_generator_py/gp7_task_executor_msgs/gp7_task_executor_msgs_s__rosidl_typesupport_c.cpython-310-x86_64-linux-gnu.so[0m
[3.386s] [100%] [32m[1mLinking C shared library rosidl_generator_py/gp7_task_executor_msgs/gp7_task_executor_msgs_s__rosidl_typesupport_fastrtps_c.cpython-310-x86_64-linux-gnu.so[0m
[3.422s] [100%] Built target gp7_task_executor_msgs__rosidl_typesupport_introspection_c__pyext
[3.424s] [100%] Built target gp7_task_executor_msgs__rosidl_typesupport_c__pyext
[3.425s] [100%] Built target gp7_task_executor_msgs__rosidl_typesupport_fastrtps_c__pyext
[3.435s] Invoked command in '/home/norman/pap_yaskawa_ws/build/gp7_task_executor_msgs' returned '0': CMAKE_PREFIX_PATH=${CMAKE_PREFIX_PATH}:/home/norman/ros2_ws/install/yaskawa_robot_controller:/home/norman/ros2_ws/install/my_robot_controller:/home/norman/ros2_ws/install/box_measurement:/opt/ros/humble /usr/bin/cmake --build /home/norman/pap_yaskawa_ws/build/gp7_task_executor_msgs -- -j20 -l20
[3.446s] Invoking command in '/home/norman/pap_yaskawa_ws/build/gp7_task_executor_msgs': CMAKE_PREFIX_PATH=${CMAKE_PREFIX_PATH}:/home/norman/ros2_ws/install/yaskawa_robot_controller:/home/norman/ros2_ws/install/my_robot_controller:/home/norman/ros2_ws/install/box_measurement:/opt/ros/humble /usr/bin/cmake --install /home/norman/pap_yaskawa_ws/build/gp7_task_executor_msgs
[3.452s] -- Install configuration: ""
[3.452s] -- Execute custom install script
[3.452s] -- Up-to-date symlink: /home/norman/pap_yaskawa_ws/install/gp7_task_executor_msgs/share/ament_index/resource_index/rosidl_interfaces/gp7_task_executor_msgs
[3.453s] -- Up-to-date symlink: /home/norman/pap_yaskawa_ws/install/gp7_task_executor_msgs/include/gp7_task_executor_msgs/gp7_task_executor_msgs/msg/rosidl_generator_c__visibility_control.h
[3.453s] -- Symlinking: /home/norman/pap_yaskawa_ws/install/gp7_task_executor_msgs/include/gp7_task_executor_msgs/gp7_task_executor_msgs/srv/detail/move_sequence__functions.h
[3.462s] -- Symlinking: /home/norman/pap_yaskawa_ws/install/gp7_task_executor_msgs/include/gp7_task_executor_msgs/gp7_task_executor_msgs/srv/detail/move_sequence__struct.h
[3.469s] -- Symlinking: /home/norman/pap_yaskawa_ws/install/gp7_task_executor_msgs/include/gp7_task_executor_msgs/gp7_task_executor_msgs/srv/detail/move_sequence__type_support.h
[3.475s] -- Up-to-date symlink: /home/norman/pap_yaskawa_ws/install/gp7_task_executor_msgs/include/gp7_task_executor_msgs/gp7_task_executor_msgs/srv/detail/move_to_joint_target__functions.h
[3.475s] -- Up-to-date symlink: /home/norman/pap_yaskawa_ws/install/gp7_task_executor_msgs/include/gp7_task_executor_msgs/gp7_task_executor_msgs/srv/detail/move_to_joint_target__struct.h
[3.475s] -- Up-to-date symlink: /home/norman/pap_yaskawa_ws/install/gp7_task_executor_msgs/include/gp7_task_executor_msgs/gp7_task_executor_msgs/srv/detail/move_to_joint_target__type_support.h
[3.475s] -- Up-to-date symlink: /home/norman/pap_yaskawa_ws/install/gp7_task_executor_msgs/include/gp7_task_executor_msgs/gp7_task_executor_msgs/srv/detail/move_to_named_target__functions.h
[3.476s] -- Up-to-date symlink: /home/norman/pap_yaskawa_ws/install/gp7_task_executor_msgs/include/gp7_task_executor_msgs/gp7_task_executor_msgs/srv/detail/move_to_named_target__struct.h
[3.476s] -- Up-to-date symlink: /home/norman/pap_yaskawa_ws/install/gp7_task_executor_msgs/include/gp7_task_executor_msgs/gp7_task_executor_msgs/srv/detail/move_to_named_target__type_support.h
[3.476s] -- Up-to-date symlink: /home/norman/pap_yaskawa_ws/install/gp7_task_executor_msgs/include/gp7_task_executor_msgs/gp7_task_executor_msgs/srv/detail/move_to_pose_target__functions.h
[3.476s] -- Up-to-date symlink: /home/norman/pap_yaskawa_ws/install/gp7_task_executor_msgs/include/gp7_task_executor_msgs/gp7_task_executor_msgs/srv/detail/move_to_pose_target__struct.h
[3.476s] -- Up-to-date symlink: /home/norman/pap_yaskawa_ws/install/gp7_task_executor_msgs/include/gp7_task_executor_msgs/gp7_task_executor_msgs/srv/detail/move_to_pose_target__type_support.h
[3.476s] -- Symlinking: /home/norman/pap_yaskawa_ws/install/gp7_task_executor_msgs/include/gp7_task_executor_msgs/gp7_task_executor_msgs/srv/move_sequence.h
[3.485s] -- Up-to-date symlink: /home/norman/pap_yaskawa_ws/install/gp7_task_executor_msgs/include/gp7_task_executor_msgs/gp7_task_executor_msgs/srv/move_to_joint_target.h
[3.485s] -- Up-to-date symlink: /home/norman/pap_yaskawa_ws/install/gp7_task_executor_msgs/include/gp7_task_executor_msgs/gp7_task_executor_msgs/srv/move_to_named_target.h
[3.485s] -- Up-to-date symlink: /home/norman/pap_yaskawa_ws/install/gp7_task_executor_msgs/include/gp7_task_executor_msgs/gp7_task_executor_msgs/srv/move_to_pose_target.h
[3.485s] -- Up-to-date symlink: /home/norman/pap_yaskawa_ws/install/gp7_task_executor_msgs/share/gp7_task_executor_msgs/environment/library_path.sh
[3.485s] -- Up-to-date symlink: /home/norman/pap_yaskawa_ws/install/gp7_task_executor_msgs/share/gp7_task_executor_msgs/environment/library_path.dsv
[3.485s] -- Up-to-date symlink: /home/norman/pap_yaskawa_ws/install/gp7_task_executor_msgs/include/gp7_task_executor_msgs/gp7_task_executor_msgs/msg/rosidl_typesupport_fastrtps_c__visibility_control.h
[3.485s] -- Symlinking: /home/norman/pap_yaskawa_ws/install/gp7_task_executor_msgs/include/gp7_task_executor_msgs/gp7_task_executor_msgs/srv/detail/move_sequence__rosidl_typesupport_fastrtps_c.h
[3.493s] -- Up-to-date symlink: /home/norman/pap_yaskawa_ws/install/gp7_task_executor_msgs/include/gp7_task_executor_msgs/gp7_task_executor_msgs/srv/detail/move_to_joint_target__rosidl_typesupport_fastrtps_c.h
[3.493s] -- Up-to-date symlink: /home/norman/pap_yaskawa_ws/install/gp7_task_executor_msgs/include/gp7_task_executor_msgs/gp7_task_executor_msgs/srv/detail/move_to_named_target__rosidl_typesupport_fastrtps_c.h
[3.493s] -- Up-to-date symlink: /home/norman/pap_yaskawa_ws/install/gp7_task_executor_msgs/include/gp7_task_executor_msgs/gp7_task_executor_msgs/srv/detail/move_to_pose_target__rosidl_typesupport_fastrtps_c.h
[3.493s] -- Up-to-date symlink: /home/norman/pap_yaskawa_ws/install/gp7_task_executor_msgs/include/gp7_task_executor_msgs/gp7_task_executor_msgs/msg/rosidl_typesupport_introspection_c__visibility_control.h
[3.494s] -- Symlinking: /home/norman/pap_yaskawa_ws/install/gp7_task_executor_msgs/include/gp7_task_executor_msgs/gp7_task_executor_msgs/srv/detail/move_sequence__rosidl_typesupport_introspection_c.h
[3.502s] -- Up-to-date symlink: /home/norman/pap_yaskawa_ws/install/gp7_task_executor_msgs/include/gp7_task_executor_msgs/gp7_task_executor_msgs/srv/detail/move_to_joint_target__rosidl_typesupport_introspection_c.h
[3.502s] -- Up-to-date symlink: /home/norman/pap_yaskawa_ws/install/gp7_task_executor_msgs/include/gp7_task_executor_msgs/gp7_task_executor_msgs/srv/detail/move_to_named_target__rosidl_typesupport_introspection_c.h
[3.502s] -- Up-to-date symlink: /home/norman/pap_yaskawa_ws/install/gp7_task_executor_msgs/include/gp7_task_executor_msgs/gp7_task_executor_msgs/srv/detail/move_to_pose_target__rosidl_typesupport_introspection_c.h
[3.502s] -- Up-to-date symlink: /home/norman/pap_yaskawa_ws/install/gp7_task_executor_msgs/include/gp7_task_executor_msgs/gp7_task_executor_msgs/msg/rosidl_generator_cpp__visibility_control.hpp
[3.502s] -- Symlinking: /home/norman/pap_yaskawa_ws/install/gp7_task_executor_msgs/include/gp7_task_executor_msgs/gp7_task_executor_msgs/srv/detail/move_sequence__builder.hpp
[3.509s] -- Symlinking: /home/norman/pap_yaskawa_ws/install/gp7_task_executor_msgs/include/gp7_task_executor_msgs/gp7_task_executor_msgs/srv/detail/move_sequence__struct.hpp
[3.517s] -- Symlinking: /home/norman/pap_yaskawa_ws/install/gp7_task_executor_msgs/include/gp7_task_executor_msgs/gp7_task_executor_msgs/srv/detail/move_sequence__traits.hpp
[3.524s] -- Symlinking: /home/norman/pap_yaskawa_ws/install/gp7_task_executor_msgs/include/gp7_task_executor_msgs/gp7_task_executor_msgs/srv/detail/move_sequence__type_support.hpp
[3.529s] -- Up-to-date symlink: /home/norman/pap_yaskawa_ws/install/gp7_task_executor_msgs/include/gp7_task_executor_msgs/gp7_task_executor_msgs/srv/detail/move_to_joint_target__builder.hpp
[3.529s] -- Up-to-date symlink: /home/norman/pap_yaskawa_ws/install/gp7_task_executor_msgs/include/gp7_task_executor_msgs/gp7_task_executor_msgs/srv/detail/move_to_joint_target__struct.hpp
[3.529s] -- Up-to-date symlink: /home/norman/pap_yaskawa_ws/install/gp7_task_executor_msgs/include/gp7_task_executor_msgs/gp7_task_executor_msgs/srv/detail/move_to_joint_target__traits.hpp
[3.529s] -- Up-to-date symlink: /home/norman/pap_yaskawa_ws/install/gp7_task_executor_msgs/include/gp7_task_executor_msgs/gp7_task_executor_msgs/srv/detail/move_to_joint_target__type_support.hpp
[3.529s] -- Up-to-date symlink: /home/norman/pap_yaskawa_ws/install/gp7_task_executor_msgs/include/gp7_task_executor_msgs/gp7_task_executor_msgs/srv/detail/move_to_named_target__builder.hpp
[3.529s] -- Up-to-date symlink: /home/norman/pap_yaskawa_ws/install/gp7_task_executor_msgs/include/gp7_task_executor_msgs/gp7_task_executor_msgs/srv/detail/move_to_named_target__struct.hpp
[3.529s] -- Up-to-date symlink: /home/norman/pap_yaskawa_ws/install/gp7_task_executor_msgs/include/gp7_task_executor_msgs/gp7_task_executor_msgs/srv/detail/move_to_named_target__traits.hpp
[3.529s] -- Up-to-date symlink: /home/norman/pap_yaskawa_ws/install/gp7_task_executor_msgs/include/gp7_task_executor_msgs/gp7_task_executor_msgs/srv/detail/move_to_named_target__type_support.hpp
[3.529s] -- Up-to-date symlink: /home/norman/pap_yaskawa_ws/install/gp7_task_executor_msgs/include/gp7_task_executor_msgs/gp7_task_executor_msgs/srv/detail/move_to_pose_target__builder.hpp
[3.529s] -- Up-to-date symlink: /home/norman/pap_yaskawa_ws/install/gp7_task_executor_msgs/include/gp7_task_executor_msgs/gp7_task_executor_msgs/srv/detail/move_to_pose_target__struct.hpp
[3.529s] -- Up-to-date symlink: /home/norman/pap_yaskawa_ws/install/gp7_task_executor_msgs/include/gp7_task_executor_msgs/gp7_task_executor_msgs/srv/detail/move_to_pose_target__traits.hpp
[3.529s] -- Up-to-date symlink: /home/norman/pap_yaskawa_ws/install/gp7_task_executor_msgs/include/gp7_task_executor_msgs/gp7_task_executor_msgs/srv/detail/move_to_pose_target__type_support.hpp
[3.529s] -- Symlinking: /home/norman/pap_yaskawa_ws/install/gp7_task_executor_msgs/include/gp7_task_executor_msgs/gp7_task_executor_msgs/srv/move_sequence.hpp
[3.534s] -- Up-to-date symlink: /home/norman/pap_yaskawa_ws/install/gp7_task_executor_msgs/include/gp7_task_executor_msgs/gp7_task_executor_msgs/srv/move_to_joint_target.hpp
[3.534s] -- Up-to-date symlink: /home/norman/pap_yaskawa_ws/install/gp7_task_executor_msgs/include/gp7_task_executor_msgs/gp7_task_executor_msgs/srv/move_to_named_target.hpp
[3.535s] -- Up-to-date symlink: /home/norman/pap_yaskawa_ws/install/gp7_task_executor_msgs/include/gp7_task_executor_msgs/gp7_task_executor_msgs/srv/move_to_pose_target.hpp
[3.535s] -- Up-to-date symlink: /home/norman/pap_yaskawa_ws/install/gp7_task_executor_msgs/include/gp7_task_executor_msgs/gp7_task_executor_msgs/msg/rosidl_typesupport_fastrtps_cpp__visibility_control.h
[3.535s] -- Symlinking: /home/norman/pap_yaskawa_ws/install/gp7_task_executor_msgs/include/gp7_task_executor_msgs/gp7_task_executor_msgs/srv/detail/move_sequence__rosidl_typesupport_fastrtps_cpp.hpp
[3.541s] -- Up-to-date symlink: /home/norman/pap_yaskawa_ws/install/gp7_task_executor_msgs/include/gp7_task_executor_msgs/gp7_task_executor_msgs/srv/detail/move_to_joint_target__rosidl_typesupport_fastrtps_cpp.hpp
[3.541s] -- Up-to-date symlink: /home/norman/pap_yaskawa_ws/install/gp7_task_executor_msgs/include/gp7_task_executor_msgs/gp7_task_executor_msgs/srv/detail/move_to_named_target__rosidl_typesupport_fastrtps_cpp.hpp
[3.541s] -- Up-to-date symlink: /home/norman/pap_yaskawa_ws/install/gp7_task_executor_msgs/include/gp7_task_executor_msgs/gp7_task_executor_msgs/srv/detail/move_to_pose_target__rosidl_typesupport_fastrtps_cpp.hpp
[3.541s] -- Symlinking: /home/norman/pap_yaskawa_ws/install/gp7_task_executor_msgs/include/gp7_task_executor_msgs/gp7_task_executor_msgs/srv/detail/move_sequence__rosidl_typesupport_introspection_cpp.hpp
[3.547s] -- Up-to-date symlink: /home/norman/pap_yaskawa_ws/install/gp7_task_executor_msgs/include/gp7_task_executor_msgs/gp7_task_executor_msgs/srv/detail/move_to_joint_target__rosidl_typesupport_introspection_cpp.hpp
[3.547s] -- Up-to-date symlink: /home/norman/pap_yaskawa_ws/install/gp7_task_executor_msgs/include/gp7_task_executor_msgs/gp7_task_executor_msgs/srv/detail/move_to_named_target__rosidl_typesupport_introspection_cpp.hpp
[3.548s] -- Up-to-date symlink: /home/norman/pap_yaskawa_ws/install/gp7_task_executor_msgs/include/gp7_task_executor_msgs/gp7_task_executor_msgs/srv/detail/move_to_pose_target__rosidl_typesupport_introspection_cpp.hpp
[3.548s] -- Up-to-date symlink: /home/norman/pap_yaskawa_ws/install/gp7_task_executor_msgs/share/gp7_task_executor_msgs/environment/pythonpath.sh
[3.548s] -- Up-to-date symlink: /home/norman/pap_yaskawa_ws/install/gp7_task_executor_msgs/share/gp7_task_executor_msgs/environment/pythonpath.dsv
[3.548s] -- Up-to-date symlink: /home/norman/pap_yaskawa_ws/install/gp7_task_executor_msgs/local/lib/python3.10/dist-packages/gp7_task_executor_msgs-1.0.0-py3.10.egg-info/PKG-INFO
[3.548s] -- Up-to-date symlink: /home/norman/pap_yaskawa_ws/install/gp7_task_executor_msgs/local/lib/python3.10/dist-packages/gp7_task_executor_msgs-1.0.0-py3.10.egg-info/SOURCES.txt
[3.548s] -- Up-to-date symlink: /home/norman/pap_yaskawa_ws/install/gp7_task_executor_msgs/local/lib/python3.10/dist-packages/gp7_task_executor_msgs-1.0.0-py3.10.egg-info/dependency_links.txt
[3.548s] -- Up-to-date symlink: /home/norman/pap_yaskawa_ws/install/gp7_task_executor_msgs/local/lib/python3.10/dist-packages/gp7_task_executor_msgs-1.0.0-py3.10.egg-info/top_level.txt
[3.548s] -- Up-to-date symlink: /home/norman/pap_yaskawa_ws/install/gp7_task_executor_msgs/local/lib/python3.10/dist-packages/gp7_task_executor_msgs/__init__.py
[3.548s] -- Up-to-date symlink: /home/norman/pap_yaskawa_ws/install/gp7_task_executor_msgs/local/lib/python3.10/dist-packages/gp7_task_executor_msgs/_gp7_task_executor_msgs_s.ep.rosidl_typesupport_c.c
[3.548s] -- Up-to-date symlink: /home/norman/pap_yaskawa_ws/install/gp7_task_executor_msgs/local/lib/python3.10/dist-packages/gp7_task_executor_msgs/_gp7_task_executor_msgs_s.ep.rosidl_typesupport_fastrtps_c.c
[3.548s] -- Up-to-date symlink: /home/norman/pap_yaskawa_ws/install/gp7_task_executor_msgs/local/lib/python3.10/dist-packages/gp7_task_executor_msgs/_gp7_task_executor_msgs_s.ep.rosidl_typesupport_introspection_c.c
[3.548s] -- Up-to-date symlink: /home/norman/pap_yaskawa_ws/install/gp7_task_executor_msgs/local/lib/python3.10/dist-packages/gp7_task_executor_msgs/gp7_task_executor_msgs_s__rosidl_typesupport_c.cpython-310-x86_64-linux-gnu.so
[3.548s] -- Up-to-date symlink: /home/norman/pap_yaskawa_ws/install/gp7_task_executor_msgs/local/lib/python3.10/dist-packages/gp7_task_executor_msgs/gp7_task_executor_msgs_s__rosidl_typesupport_fastrtps_c.cpython-310-x86_64-linux-gnu.so
[3.548s] -- Up-to-date symlink: /home/norman/pap_yaskawa_ws/install/gp7_task_executor_msgs/local/lib/python3.10/dist-packages/gp7_task_executor_msgs/gp7_task_executor_msgs_s__rosidl_typesupport_introspection_c.cpython-310-x86_64-linux-gnu.so
[3.548s] -- Up-to-date symlink: /home/norman/pap_yaskawa_ws/install/gp7_task_executor_msgs/local/lib/python3.10/dist-packages/gp7_task_executor_msgs/libgp7_task_executor_msgs__rosidl_generator_py.so
[3.548s] -- Up-to-date symlink: /home/norman/pap_yaskawa_ws/install/gp7_task_executor_msgs/local/lib/python3.10/dist-packages/gp7_task_executor_msgs/srv/__init__.py
[3.548s] -- Symlinking: /home/norman/pap_yaskawa_ws/install/gp7_task_executor_msgs/local/lib/python3.10/dist-packages/gp7_task_executor_msgs/srv/_move_sequence.py
[3.554s] -- Symlinking: /home/norman/pap_yaskawa_ws/install/gp7_task_executor_msgs/local/lib/python3.10/dist-packages/gp7_task_executor_msgs/srv/_move_sequence_s.c
[3.559s] -- Up-to-date symlink: /home/norman/pap_yaskawa_ws/install/gp7_task_executor_msgs/local/lib/python3.10/dist-packages/gp7_task_executor_msgs/srv/_move_to_joint_target.py
[3.559s] -- Up-to-date symlink: /home/norman/pap_yaskawa_ws/install/gp7_task_executor_msgs/local/lib/python3.10/dist-packages/gp7_task_executor_msgs/srv/_move_to_joint_target_s.c
[3.559s] -- Up-to-date symlink: /home/norman/pap_yaskawa_ws/install/gp7_task_executor_msgs/local/lib/python3.10/dist-packages/gp7_task_executor_msgs/srv/_move_to_named_target.py
[3.559s] -- Up-to-date symlink: /home/norman/pap_yaskawa_ws/install/gp7_task_executor_msgs/local/lib/python3.10/dist-packages/gp7_task_executor_msgs/srv/_move_to_named_target_s.c
[3.559s] -- Up-to-date symlink: /home/norman/pap_yaskawa_ws/install/gp7_task_executor_msgs/local/lib/python3.10/dist-packages/gp7_task_executor_msgs/srv/_move_to_pose_target.py
[3.559s] -- Up-to-date symlink: /home/norman/pap_yaskawa_ws/install/gp7_task_executor_msgs/local/lib/python3.10/dist-packages/gp7_task_executor_msgs/srv/_move_to_pose_target_s.c
[3.559s] -- Up-to-date symlink: /home/norman/pap_yaskawa_ws/install/gp7_task_executor_msgs/local/lib/python3.10/dist-packages/gp7_task_executor_msgs/gp7_task_executor_msgs_s__rosidl_typesupport_fastrtps_c.cpython-310-x86_64-linux-gnu.so
[3.559s] -- Up-to-date symlink: /home/norman/pap_yaskawa_ws/install/gp7_task_executor_msgs/local/lib/python3.10/dist-packages/gp7_task_executor_msgs/gp7_task_executor_msgs_s__rosidl_typesupport_introspection_c.cpython-310-x86_64-linux-gnu.so
[3.559s] -- Up-to-date symlink: /home/norman/pap_yaskawa_ws/install/gp7_task_executor_msgs/local/lib/python3.10/dist-packages/gp7_task_executor_msgs/gp7_task_executor_msgs_s__rosidl_typesupport_c.cpython-310-x86_64-linux-gnu.so
[3.559s] -- Up-to-date symlink: /home/norman/pap_yaskawa_ws/install/gp7_task_executor_msgs/share/ament_index/resource_index/rust_packages/gp7_task_executor_msgs
[3.560s] -- Up-to-date symlink: /home/norman/pap_yaskawa_ws/install/gp7_task_executor_msgs/share/gp7_task_executor_msgs/rust/Cargo.toml
[3.560s] -- Up-to-date symlink: /home/norman/pap_yaskawa_ws/install/gp7_task_executor_msgs/share/gp7_task_executor_msgs/rust/build.rs
[3.560s] -- Up-to-date symlink: /home/norman/pap_yaskawa_ws/install/gp7_task_executor_msgs/share/gp7_task_executor_msgs/rust/src/lib.rs
[3.560s] -- Up-to-date symlink: /home/norman/pap_yaskawa_ws/install/gp7_task_executor_msgs/share/gp7_task_executor_msgs/rust/src/srv.rs
[3.560s] -- Up-to-date symlink: /home/norman/pap_yaskawa_ws/install/gp7_task_executor_msgs/share/gp7_task_executor_msgs/rust/src/srv/rmw.rs
[3.560s] -- Up-to-date symlink: /home/norman/pap_yaskawa_ws/install/gp7_task_executor_msgs/share/gp7_task_executor_msgs/srv/MoveToNamedTarget.idl
[3.560s] -- Up-to-date symlink: /home/norman/pap_yaskawa_ws/install/gp7_task_executor_msgs/share/gp7_task_executor_msgs/srv/MoveToJointTarget.idl
[3.560s] -- Up-to-date symlink: /home/norman/pap_yaskawa_ws/install/gp7_task_executor_msgs/share/gp7_task_executor_msgs/srv/MoveToPoseTarget.idl
[3.560s] -- Symlinking: /home/norman/pap_yaskawa_ws/install/gp7_task_executor_msgs/share/gp7_task_executor_msgs/srv/MoveSequence.idl
[3.567s] -- Up-to-date symlink: /home/norman/pap_yaskawa_ws/install/gp7_task_executor_msgs/share/gp7_task_executor_msgs/srv/MoveToNamedTarget.srv
[3.567s] -- Up-to-date symlink: /home/norman/pap_yaskawa_ws/install/gp7_task_executor_msgs/share/gp7_task_executor_msgs/srv/MoveToNamedTarget_Request.msg
[3.567s] -- Up-to-date symlink: /home/norman/pap_yaskawa_ws/install/gp7_task_executor_msgs/share/gp7_task_executor_msgs/srv/MoveToNamedTarget_Response.msg
[3.567s] -- Up-to-date symlink: /home/norman/pap_yaskawa_ws/install/gp7_task_executor_msgs/share/gp7_task_executor_msgs/srv/MoveToJointTarget.srv
[3.567s] -- Up-to-date symlink: /home/norman/pap_yaskawa_ws/install/gp7_task_executor_msgs/share/gp7_task_executor_msgs/srv/MoveToJointTarget_Request.msg
[3.567s] -- Up-to-date symlink: /home/norman/pap_yaskawa_ws/install/gp7_task_executor_msgs/share/gp7_task_executor_msgs/srv/MoveToJointTarget_Response.msg
[3.567s] -- Up-to-date symlink: /home/norman/pap_yaskawa_ws/install/gp7_task_executor_msgs/share/gp7_task_executor_msgs/srv/MoveToPoseTarget.srv
[3.567s] -- Up-to-date symlink: /home/norman/pap_yaskawa_ws/install/gp7_task_executor_msgs/share/gp7_task_executor_msgs/srv/MoveToPoseTarget_Request.msg
[3.567s] -- Up-to-date symlink: /home/norman/pap_yaskawa_ws/install/gp7_task_executor_msgs/share/gp7_task_executor_msgs/srv/MoveToPoseTarget_Response.msg
[3.567s] -- Symlinking: /home/norman/pap_yaskawa_ws/install/gp7_task_executor_msgs/share/gp7_task_executor_msgs/srv/MoveSequence.srv
[3.572s] -- Symlinking: /home/norman/pap_yaskawa_ws/install/gp7_task_executor_msgs/share/gp7_task_executor_msgs/srv/MoveSequence_Request.msg
[3.579s] -- Symlinking: /home/norman/pap_yaskawa_ws/install/gp7_task_executor_msgs/share/gp7_task_executor_msgs/srv/MoveSequence_Response.msg
[3.588s] -- Up-to-date symlink: /home/norman/pap_yaskawa_ws/install/gp7_task_executor_msgs/share/ament_index/resource_index/package_run_dependencies/gp7_task_executor_msgs
[3.588s] -- Up-to-date symlink: /home/norman/pap_yaskawa_ws/install/gp7_task_executor_msgs/share/ament_index/resource_index/parent_prefix_path/gp7_task_executor_msgs
[3.588s] -- Up-to-date symlink: /home/norman/pap_yaskawa_ws/install/gp7_task_executor_msgs/share/gp7_task_executor_msgs/environment/ament_prefix_path.sh
[3.588s] -- Up-to-date symlink: /home/norman/pap_yaskawa_ws/install/gp7_task_executor_msgs/share/gp7_task_executor_msgs/environment/ament_prefix_path.dsv
[3.588s] -- Up-to-date symlink: /home/norman/pap_yaskawa_ws/install/gp7_task_executor_msgs/share/gp7_task_executor_msgs/environment/path.sh
[3.588s] -- Up-to-date symlink: /home/norman/pap_yaskawa_ws/install/gp7_task_executor_msgs/share/gp7_task_executor_msgs/environment/path.dsv
[3.589s] -- Up-to-date symlink: /home/norman/pap_yaskawa_ws/install/gp7_task_executor_msgs/share/gp7_task_executor_msgs/local_setup.bash
[3.589s] -- Up-to-date symlink: /home/norman/pap_yaskawa_ws/install/gp7_task_executor_msgs/share/gp7_task_executor_msgs/local_setup.sh
[3.589s] -- Up-to-date symlink: /home/norman/pap_yaskawa_ws/install/gp7_task_executor_msgs/share/gp7_task_executor_msgs/local_setup.zsh
[3.589s] -- Up-to-date symlink: /home/norman/pap_yaskawa_ws/install/gp7_task_executor_msgs/share/gp7_task_executor_msgs/local_setup.dsv
[3.589s] -- Symlinking: /home/norman/pap_yaskawa_ws/install/gp7_task_executor_msgs/share/gp7_task_executor_msgs/package.dsv
[3.595s] -- Up-to-date symlink: /home/norman/pap_yaskawa_ws/install/gp7_task_executor_msgs/share/ament_index/resource_index/packages/gp7_task_executor_msgs
[3.595s] -- Up-to-date symlink: /home/norman/pap_yaskawa_ws/install/gp7_task_executor_msgs/share/gp7_task_executor_msgs/cmake/rosidl_cmake-extras.cmake
[3.595s] -- Up-to-date symlink: /home/norman/pap_yaskawa_ws/install/gp7_task_executor_msgs/share/gp7_task_executor_msgs/cmake/ament_cmake_export_dependencies-extras.cmake
[3.595s] -- Up-to-date symlink: /home/norman/pap_yaskawa_ws/install/gp7_task_executor_msgs/share/gp7_task_executor_msgs/cmake/ament_cmake_export_include_directories-extras.cmake
[3.596s] -- Up-to-date symlink: /home/norman/pap_yaskawa_ws/install/gp7_task_executor_msgs/share/gp7_task_executor_msgs/cmake/ament_cmake_export_libraries-extras.cmake
[3.596s] -- Up-to-date symlink: /home/norman/pap_yaskawa_ws/install/gp7_task_executor_msgs/share/gp7_task_executor_msgs/cmake/ament_cmake_export_targets-extras.cmake
[3.596s] -- Up-to-date symlink: /home/norman/pap_yaskawa_ws/install/gp7_task_executor_msgs/share/gp7_task_executor_msgs/cmake/rosidl_cmake_export_typesupport_targets-extras.cmake
[3.596s] -- Up-to-date symlink: /home/norman/pap_yaskawa_ws/install/gp7_task_executor_msgs/share/gp7_task_executor_msgs/cmake/rosidl_cmake_export_typesupport_libraries-extras.cmake
[3.596s] -- Up-to-date symlink: /home/norman/pap_yaskawa_ws/install/gp7_task_executor_msgs/share/gp7_task_executor_msgs/cmake/gp7_task_executor_msgsConfig.cmake
[3.596s] -- Up-to-date symlink: /home/norman/pap_yaskawa_ws/install/gp7_task_executor_msgs/share/gp7_task_executor_msgs/cmake/gp7_task_executor_msgsConfig-version.cmake
[3.596s] -- Up-to-date symlink: /home/norman/pap_yaskawa_ws/install/gp7_task_executor_msgs/share/gp7_task_executor_msgs/package.xml
[3.596s] -- Installing: /home/norman/pap_yaskawa_ws/install/gp7_task_executor_msgs/lib/libgp7_task_executor_msgs__rosidl_generator_c.so
[3.596s] -- Set runtime path of "/home/norman/pap_yaskawa_ws/install/gp7_task_executor_msgs/lib/libgp7_task_executor_msgs__rosidl_generator_c.so" to ""
[3.596s] -- Installing: /home/norman/pap_yaskawa_ws/install/gp7_task_executor_msgs/lib/libgp7_task_executor_msgs__rosidl_typesupport_fastrtps_c.so
[3.596s] -- Set runtime path of "/home/norman/pap_yaskawa_ws/install/gp7_task_executor_msgs/lib/libgp7_task_executor_msgs__rosidl_typesupport_fastrtps_c.so" to ""
[3.596s] -- Installing: /home/norman/pap_yaskawa_ws/install/gp7_task_executor_msgs/lib/libgp7_task_executor_msgs__rosidl_typesupport_introspection_c.so
[3.597s] -- Set runtime path of "/home/norman/pap_yaskawa_ws/install/gp7_task_executor_msgs/lib/libgp7_task_executor_msgs__rosidl_typesupport_introspection_c.so" to ""
[3.597s] -- Installing: /home/norman/pap_yaskawa_ws/install/gp7_task_executor_msgs/lib/libgp7_task_executor_msgs__rosidl_typesupport_c.so
[3.597s] -- Set runtime path of "/home/norman/pap_yaskawa_ws/install/gp7_task_executor_msgs/lib/libgp7_task_executor_msgs__rosidl_typesupport_c.so" to ""
[3.597s] -- Installing: /home/norman/pap_yaskawa_ws/install/gp7_task_executor_msgs/lib/libgp7_task_executor_msgs__rosidl_typesupport_fastrtps_cpp.so
[3.597s] -- Set runtime path of "/home/norman/pap_yaskawa_ws/install/gp7_task_executor_msgs/lib/libgp7_task_executor_msgs__rosidl_typesupport_fastrtps_cpp.so" to ""
[3.597s] -- Installing: /home/norman/pap_yaskawa_ws/install/gp7_task_executor_msgs/lib/libgp7_task_executor_msgs__rosidl_typesupport_introspection_cpp.so
[3.597s] -- Set runtime path of "/home/norman/pap_yaskawa_ws/install/gp7_task_executor_msgs/lib/libgp7_task_executor_msgs__rosidl_typesupport_introspection_cpp.so" to ""
[3.598s] -- Installing: /home/norman/pap_yaskawa_ws/install/gp7_task_executor_msgs/lib/libgp7_task_executor_msgs__rosidl_typesupport_cpp.so
[3.598s] -- Set runtime path of "/home/norman/pap_yaskawa_ws/install/gp7_task_executor_msgs/lib/libgp7_task_executor_msgs__rosidl_typesupport_cpp.so" to ""
[3.628s] Listing '/home/norman/pap_yaskawa_ws/install/gp7_task_executor_msgs/local/lib/python3.10/dist-packages/gp7_task_executor_msgs'...
[3.628s] Compiling '/home/norman/pap_yaskawa_ws/install/gp7_task_executor_msgs/local/lib/python3.10/dist-packages/gp7_task_executor_msgs/__init__.py'...
[3.628s] Listing '/home/norman/pap_yaskawa_ws/install/gp7_task_executor_msgs/local/lib/python3.10/dist-packages/gp7_task_executor_msgs/srv'...
[3.628s] Compiling '/home/norman/pap_yaskawa_ws/install/gp7_task_executor_msgs/local/lib/python3.10/dist-packages/gp7_task_executor_msgs/srv/__init__.py'...
[3.628s] Compiling '/home/norman/pap_yaskawa_ws/install/gp7_task_executor_msgs/local/lib/python3.10/dist-packages/gp7_task_executor_msgs/srv/_move_sequence.py'...
[3.628s] Compiling '/home/norman/pap_yaskawa_ws/install/gp7_task_executor_msgs/local/lib/python3.10/dist-packages/gp7_task_executor_msgs/srv/_move_to_joint_target.py'...
[3.628s] Compiling '/home/norman/pap_yaskawa_ws/install/gp7_task_executor_msgs/local/lib/python3.10/dist-packages/gp7_task_executor_msgs/srv/_move_to_named_target.py'...
[3.629s] Compiling '/home/norman/pap_yaskawa_ws/install/gp7_task_executor_msgs/local/lib/python3.10/dist-packages/gp7_task_executor_msgs/srv/_move_to_pose_target.py'...
[3.631s] -- Installing: /home/norman/pap_yaskawa_ws/install/gp7_task_executor_msgs/lib/libgp7_task_executor_msgs__rosidl_generator_py.so
[3.631s] -- Set runtime path of "/home/norman/pap_yaskawa_ws/install/gp7_task_executor_msgs/lib/libgp7_task_executor_msgs__rosidl_generator_py.so" to ""
[3.632s] -- Up-to-date: /home/norman/pap_yaskawa_ws/install/gp7_task_executor_msgs/share/gp7_task_executor_msgs/cmake/export_gp7_task_executor_msgs__rosidl_generator_cExport.cmake
[3.632s] -- Up-to-date: /home/norman/pap_yaskawa_ws/install/gp7_task_executor_msgs/share/gp7_task_executor_msgs/cmake/export_gp7_task_executor_msgs__rosidl_generator_cExport-noconfig.cmake
[3.632s] -- Up-to-date: /home/norman/pap_yaskawa_ws/install/gp7_task_executor_msgs/share/gp7_task_executor_msgs/cmake/export_gp7_task_executor_msgs__rosidl_typesupport_fastrtps_cExport.cmake
[3.632s] -- Up-to-date: /home/norman/pap_yaskawa_ws/install/gp7_task_executor_msgs/share/gp7_task_executor_msgs/cmake/export_gp7_task_executor_msgs__rosidl_typesupport_fastrtps_cExport-noconfig.cmake
[3.632s] -- Up-to-date: /home/norman/pap_yaskawa_ws/install/gp7_task_executor_msgs/share/gp7_task_executor_msgs/cmake/gp7_task_executor_msgs__rosidl_typesupport_introspection_cExport.cmake
[3.632s] -- Up-to-date: /home/norman/pap_yaskawa_ws/install/gp7_task_executor_msgs/share/gp7_task_executor_msgs/cmake/gp7_task_executor_msgs__rosidl_typesupport_introspection_cExport-noconfig.cmake
[3.632s] -- Up-to-date: /home/norman/pap_yaskawa_ws/install/gp7_task_executor_msgs/share/gp7_task_executor_msgs/cmake/gp7_task_executor_msgs__rosidl_typesupport_cExport.cmake
[3.632s] -- Up-to-date: /home/norman/pap_yaskawa_ws/install/gp7_task_executor_msgs/share/gp7_task_executor_msgs/cmake/gp7_task_executor_msgs__rosidl_typesupport_cExport-noconfig.cmake
[3.632s] -- Up-to-date: /home/norman/pap_yaskawa_ws/install/gp7_task_executor_msgs/share/gp7_task_executor_msgs/cmake/export_gp7_task_executor_msgs__rosidl_generator_cppExport.cmake
[3.632s] -- Up-to-date: /home/norman/pap_yaskawa_ws/install/gp7_task_executor_msgs/share/gp7_task_executor_msgs/cmake/export_gp7_task_executor_msgs__rosidl_typesupport_fastrtps_cppExport.cmake
[3.632s] -- Up-to-date: /home/norman/pap_yaskawa_ws/install/gp7_task_executor_msgs/share/gp7_task_executor_msgs/cmake/export_gp7_task_executor_msgs__rosidl_typesupport_fastrtps_cppExport-noconfig.cmake
[3.632s] -- Up-to-date: /home/norman/pap_yaskawa_ws/install/gp7_task_executor_msgs/share/gp7_task_executor_msgs/cmake/gp7_task_executor_msgs__rosidl_typesupport_introspection_cppExport.cmake
[3.632s] -- Up-to-date: /home/norman/pap_yaskawa_ws/install/gp7_task_executor_msgs/share/gp7_task_executor_msgs/cmake/gp7_task_executor_msgs__rosidl_typesupport_introspection_cppExport-noconfig.cmake
[3.632s] -- Up-to-date: /home/norman/pap_yaskawa_ws/install/gp7_task_executor_msgs/share/gp7_task_executor_msgs/cmake/gp7_task_executor_msgs__rosidl_typesupport_cppExport.cmake
[3.632s] -- Up-to-date: /home/norman/pap_yaskawa_ws/install/gp7_task_executor_msgs/share/gp7_task_executor_msgs/cmake/gp7_task_executor_msgs__rosidl_typesupport_cppExport-noconfig.cmake
[3.632s] -- Up-to-date: /home/norman/pap_yaskawa_ws/install/gp7_task_executor_msgs/share/gp7_task_executor_msgs/cmake/export_gp7_task_executor_msgs__rosidl_generator_pyExport.cmake
[3.632s] -- Up-to-date: /home/norman/pap_yaskawa_ws/install/gp7_task_executor_msgs/share/gp7_task_executor_msgs/cmake/export_gp7_task_executor_msgs__rosidl_generator_pyExport-noconfig.cmake
[3.634s] Invoked command in '/home/norman/pap_yaskawa_ws/build/gp7_task_executor_msgs' returned '0': CMAKE_PREFIX_PATH=${CMAKE_PREFIX_PATH}:/home/norman/ros2_ws/install/yaskawa_robot_controller:/home/norman/ros2_ws/install/my_robot_controller:/home/norman/ros2_ws/install/box_measurement:/opt/ros/humble /usr/bin/cmake --install /home/norman/pap_yaskawa_ws/build/gp7_task_executor_msgs
