[0.009s] Invoking command in '/home/norman/pap_yaskawa_ws/build/gp7_handeye_calibration': CMAKE_PREFIX_PATH=${CMAKE_PREFIX_PATH}:/opt/ros/humble /usr/bin/cmake /home/norman/pap_yaskawa_ws/src/gp7_handeye_calibration -DAMENT_CMAKE_SYMLINK_INSTALL=1 -DCMAKE_INSTALL_PREFIX=/home/norman/pap_yaskawa_ws/install/gp7_handeye_calibration
[0.051s] -- The C compiler identification is GNU 11.4.0
[0.096s] -- The CXX compiler identification is GNU 11.4.0
[0.102s] -- Detecting C compiler ABI info
[0.155s] -- Detecting C compiler ABI info - done
[0.160s] -- Check for working C compiler: /usr/bin/cc - skipped
[0.160s] -- Detecting C compile features
[0.160s] -- Detecting C compile features - done
[0.162s] -- Detecting CXX compiler ABI info
[0.215s] -- Detecting CXX compiler ABI info - done
[0.222s] -- Check for working CXX compiler: /usr/bin/c++ - skipped
[0.222s] -- Detecting CXX compile features
[0.223s] -- Detecting CXX compile features - done
[0.224s] -- Found ament_cmake: 1.3.14 (/opt/ros/humble/share/ament_cmake/cmake)
[0.336s] -- Found Python3: /usr/bin/python3 (found version "3.10.12") found components: Interpreter 
[0.386s] -- Override CMake install command with custom implementation using symlinks instead of copying resources
[0.403s] -- Found ament_lint_auto: 0.12.15 (/opt/ros/humble/share/ament_lint_auto/cmake)
[0.468s] -- Added test 'flake8' to check Python code syntax and style conventions
[0.469s] -- Added test 'lint_cmake' to check CMake code style
[0.469s] -- Added test 'pep257' to check Python code against some of the docstring style conventions in PEP 257
[0.470s] -- Added test 'xmllint' to check XML markup files
[0.471s] -- Configuring done
[0.472s] -- Generating done
[0.474s] -- Build files have been written to: /home/norman/pap_yaskawa_ws/build/gp7_handeye_calibration
[0.476s] Invoked command in '/home/norman/pap_yaskawa_ws/build/gp7_handeye_calibration' returned '0': CMAKE_PREFIX_PATH=${CMAKE_PREFIX_PATH}:/opt/ros/humble /usr/bin/cmake /home/norman/pap_yaskawa_ws/src/gp7_handeye_calibration -DAMENT_CMAKE_SYMLINK_INSTALL=1 -DCMAKE_INSTALL_PREFIX=/home/norman/pap_yaskawa_ws/install/gp7_handeye_calibration
[0.478s] Invoking command in '/home/norman/pap_yaskawa_ws/build/gp7_handeye_calibration': CMAKE_PREFIX_PATH=${CMAKE_PREFIX_PATH}:/opt/ros/humble /usr/bin/cmake --build /home/norman/pap_yaskawa_ws/build/gp7_handeye_calibration -- -j20 -l20
[0.506s] Invoked command in '/home/norman/pap_yaskawa_ws/build/gp7_handeye_calibration' returned '0': CMAKE_PREFIX_PATH=${CMAKE_PREFIX_PATH}:/opt/ros/humble /usr/bin/cmake --build /home/norman/pap_yaskawa_ws/build/gp7_handeye_calibration -- -j20 -l20
[0.515s] Invoking command in '/home/norman/pap_yaskawa_ws/build/gp7_handeye_calibration': CMAKE_PREFIX_PATH=${CMAKE_PREFIX_PATH}:/opt/ros/humble /usr/bin/cmake --install /home/norman/pap_yaskawa_ws/build/gp7_handeye_calibration
[0.521s] -- Install configuration: ""
[0.521s] -- Execute custom install script
[0.521s] -- Symlinking: /home/norman/pap_yaskawa_ws/install/gp7_handeye_calibration/share/gp7_handeye_calibration/launch/handeye_stub.launch.py
[0.527s] -- Symlinking: /home/norman/pap_yaskawa_ws/install/gp7_handeye_calibration/share/gp7_handeye_calibration/config/handeye_params.yaml
[0.534s] -- Symlinking: /home/norman/pap_yaskawa_ws/install/gp7_handeye_calibration/share/ament_index/resource_index/package_run_dependencies/gp7_handeye_calibration
[0.541s] -- Symlinking: /home/norman/pap_yaskawa_ws/install/gp7_handeye_calibration/share/ament_index/resource_index/parent_prefix_path/gp7_handeye_calibration
[0.547s] -- Symlinking: /home/norman/pap_yaskawa_ws/install/gp7_handeye_calibration/share/gp7_handeye_calibration/environment/ament_prefix_path.sh
[0.555s] -- Symlinking: /home/norman/pap_yaskawa_ws/install/gp7_handeye_calibration/share/gp7_handeye_calibration/environment/ament_prefix_path.dsv
[0.563s] -- Symlinking: /home/norman/pap_yaskawa_ws/install/gp7_handeye_calibration/share/gp7_handeye_calibration/environment/path.sh
[0.570s] -- Symlinking: /home/norman/pap_yaskawa_ws/install/gp7_handeye_calibration/share/gp7_handeye_calibration/environment/path.dsv
[0.577s] -- Symlinking: /home/norman/pap_yaskawa_ws/install/gp7_handeye_calibration/share/gp7_handeye_calibration/local_setup.bash
[0.582s] -- Symlinking: /home/norman/pap_yaskawa_ws/install/gp7_handeye_calibration/share/gp7_handeye_calibration/local_setup.sh
[0.589s] -- Symlinking: /home/norman/pap_yaskawa_ws/install/gp7_handeye_calibration/share/gp7_handeye_calibration/local_setup.zsh
[0.596s] -- Symlinking: /home/norman/pap_yaskawa_ws/install/gp7_handeye_calibration/share/gp7_handeye_calibration/local_setup.dsv
[0.604s] -- Symlinking: /home/norman/pap_yaskawa_ws/install/gp7_handeye_calibration/share/gp7_handeye_calibration/package.dsv
[0.610s] -- Symlinking: /home/norman/pap_yaskawa_ws/install/gp7_handeye_calibration/share/ament_index/resource_index/packages/gp7_handeye_calibration
[0.617s] -- Symlinking: /home/norman/pap_yaskawa_ws/install/gp7_handeye_calibration/share/gp7_handeye_calibration/cmake/gp7_handeye_calibrationConfig.cmake
[0.625s] -- Symlinking: /home/norman/pap_yaskawa_ws/install/gp7_handeye_calibration/share/gp7_handeye_calibration/cmake/gp7_handeye_calibrationConfig-version.cmake
[0.633s] -- Symlinking: /home/norman/pap_yaskawa_ws/install/gp7_handeye_calibration/share/gp7_handeye_calibration/package.xml
[0.642s] Invoked command in '/home/norman/pap_yaskawa_ws/build/gp7_handeye_calibration' returned '0': CMAKE_PREFIX_PATH=${CMAKE_PREFIX_PATH}:/opt/ros/humble /usr/bin/cmake --install /home/norman/pap_yaskawa_ws/build/gp7_handeye_calibration
