-- The C compiler identification is GNU 11.4.0
-- The CXX compiler identification is GNU 11.4.0
-- Detecting C compiler ABI info
-- Detecting C compiler ABI info - done
-- Check for working C compiler: /usr/bin/cc - skipped
-- Detecting C compile features
-- Detecting C compile features - done
-- Detecting CXX compiler ABI info
-- Detecting CXX compiler ABI info - done
-- Check for working CXX compiler: /usr/bin/c++ - skipped
-- Detecting CXX compile features
-- Detecting CXX compile features - done
-- Found ament_cmake: 1.3.14 (/opt/ros/humble/share/ament_cmake/cmake)
-- Found Python3: /usr/bin/python3 (found version "3.10.12") found components: Interpreter 
-- Override CMake install command with custom implementation using symlinks instead of copying resources
-- Found rosidl_default_generators: 1.2.1 (/opt/ros/humble/share/rosidl_default_generators/cmake)
-- Using all available rosidl_typesupport_c: rosidl_typesupport_fastrtps_c;rosidl_typesupport_introspection_c
-- Found rosidl_adapter: 3.1.8 (/opt/ros/humble/share/rosidl_adapter/cmake)
-- Using all available rosidl_typesupport_cpp: rosidl_typesupport_fastrtps_cpp;rosidl_typesupport_introspection_cpp
-- Found std_msgs: 4.9.1 (/opt/ros/humble/share/std_msgs/cmake)
-- Found ament_cmake_ros: 0.10.0 (/opt/ros/humble/share/ament_cmake_ros/cmake)
-- Using all available rosidl_typesupport_c: rosidl_typesupport_fastrtps_c;rosidl_typesupport_introspection_c
-- Using all available rosidl_typesupport_cpp: rosidl_typesupport_fastrtps_cpp;rosidl_typesupport_introspection_cpp
-- Found PythonInterp: /usr/bin/python3 (found suitable version "3.10.12", minimum required is "3.6") 
-- Found python_cmake_module: 0.10.0 (/opt/ros/humble/share/python_cmake_module/cmake)
-- Found PythonLibs: /usr/lib/x86_64-linux-gnu/libpython3.10.so (found suitable version "3.10.12", minimum required is "3.5") 
-- Using PYTHON_EXECUTABLE: /usr/bin/python3
-- Using PYTHON_INCLUDE_DIRS: /usr/include/python3.10
-- Using PYTHON_LIBRARIES: /usr/lib/x86_64-linux-gnu/libpython3.10.so
-- Found PythonExtra: .so  
-- Found ament_lint_auto: 0.12.15 (/opt/ros/humble/share/ament_lint_auto/cmake)
-- Added test 'flake8' to check Python code syntax and style conventions
-- Added test 'lint_cmake' to check CMake code style
-- Added test 'pep257' to check Python code against some of the docstring style conventions in PEP 257
-- Added test 'xmllint' to check XML markup files
-- Configuring done
-- Generating done
-- Build files have been written to: /home/norman/pap_yaskawa_ws/build/gp7_vision_pipeline
[  3%] [34m[1mGenerating C code for ROS interfaces[0m
[  6%] [34m[1mGenerating C++ code for ROS interfaces[0m
[  9%] [34m[1mGenerating Rust code for ROS interfaces[0m
[  9%] Built target ament_cmake_python_symlink_gp7_vision_pipeline
[  9%] Built target gp7_vision_pipeline__rs
running egg_info
creating gp7_vision_pipeline.egg-info
writing gp7_vision_pipeline.egg-info/PKG-INFO
writing dependency_links to gp7_vision_pipeline.egg-info/dependency_links.txt
writing top-level names to gp7_vision_pipeline.egg-info/top_level.txt
writing manifest file 'gp7_vision_pipeline.egg-info/SOURCES.txt'
reading manifest file 'gp7_vision_pipeline.egg-info/SOURCES.txt'
writing manifest file 'gp7_vision_pipeline.egg-info/SOURCES.txt'
[ 12%] [32mBuilding C object CMakeFiles/gp7_vision_pipeline__rosidl_generator_c.dir/rosidl_generator_c/gp7_vision_pipeline/msg/detail/box_detection__functions.c.o[0m
[ 12%] Built target ament_cmake_python_build_gp7_vision_pipeline_egg
[ 15%] [32m[1mLinking C shared library libgp7_vision_pipeline__rosidl_generator_c.so[0m
[ 15%] Built target gp7_vision_pipeline__cpp
[ 18%] [34m[1mGenerating C++ introspection for ROS interfaces[0m
[ 21%] [34m[1mGenerating C++ type support for eProsima Fast-RTPS[0m
[ 25%] [34m[1mGenerating C++ type support dispatch for ROS interfaces[0m
[ 25%] Built target gp7_vision_pipeline__rosidl_generator_c
[ 34%] [34m[1mGenerating C introspection for ROS interfaces[0m
[ 34%] [34m[1mGenerating C type support for eProsima Fast-RTPS[0m
[ 34%] [34m[1mGenerating C type support dispatch for ROS interfaces[0m
[ 37%] [32mBuilding CXX object CMakeFiles/gp7_vision_pipeline__rosidl_typesupport_cpp.dir/rosidl_typesupport_cpp/gp7_vision_pipeline/msg/box_detection__type_support.cpp.o[0m
[ 40%] [32mBuilding CXX object CMakeFiles/gp7_vision_pipeline__rosidl_typesupport_c.dir/rosidl_typesupport_c/gp7_vision_pipeline/msg/box_detection__type_support.cpp.o[0m
[ 43%] [32mBuilding CXX object CMakeFiles/gp7_vision_pipeline__rosidl_typesupport_fastrtps_cpp.dir/rosidl_typesupport_fastrtps_cpp/gp7_vision_pipeline/msg/detail/dds_fastrtps/box_detection__type_support.cpp.o[0m
[ 46%] [32m[1mLinking CXX shared library libgp7_vision_pipeline__rosidl_typesupport_c.so[0m
[ 46%] Built target gp7_vision_pipeline__rosidl_typesupport_c
[ 50%] [32mBuilding CXX object CMakeFiles/gp7_vision_pipeline__rosidl_typesupport_introspection_cpp.dir/rosidl_typesupport_introspection_cpp/gp7_vision_pipeline/msg/detail/box_detection__type_support.cpp.o[0m
[ 53%] [32mBuilding C object CMakeFiles/gp7_vision_pipeline__rosidl_typesupport_introspection_c.dir/rosidl_typesupport_introspection_c/gp7_vision_pipeline/msg/detail/box_detection__type_support.c.o[0m
[ 56%] [32mBuilding CXX object CMakeFiles/gp7_vision_pipeline__rosidl_typesupport_fastrtps_c.dir/rosidl_typesupport_fastrtps_c/gp7_vision_pipeline/msg/detail/box_detection__type_support_c.cpp.o[0m
[ 59%] [32m[1mLinking C shared library libgp7_vision_pipeline__rosidl_typesupport_introspection_c.so[0m
[ 59%] Built target gp7_vision_pipeline__rosidl_typesupport_introspection_c
[ 62%] [32m[1mLinking CXX shared library libgp7_vision_pipeline__rosidl_typesupport_cpp.so[0m
[ 62%] Built target gp7_vision_pipeline__rosidl_typesupport_cpp
[ 65%] [32m[1mLinking CXX shared library libgp7_vision_pipeline__rosidl_typesupport_introspection_cpp.so[0m
[ 68%] [32m[1mLinking CXX shared library libgp7_vision_pipeline__rosidl_typesupport_fastrtps_c.so[0m
[ 68%] Built target gp7_vision_pipeline__rosidl_typesupport_introspection_cpp
[ 68%] Built target gp7_vision_pipeline__rosidl_typesupport_fastrtps_c
[ 71%] [32m[1mLinking CXX shared library libgp7_vision_pipeline__rosidl_typesupport_fastrtps_cpp.so[0m
[ 71%] Built target gp7_vision_pipeline__rosidl_typesupport_fastrtps_cpp
[ 71%] Built target gp7_vision_pipeline
[ 75%] [34m[1mGenerating Python code for ROS interfaces[0m
[ 75%] Built target gp7_vision_pipeline__py
[ 78%] [32mBuilding C object CMakeFiles/gp7_vision_pipeline__rosidl_generator_py.dir/rosidl_generator_py/gp7_vision_pipeline/msg/_box_detection_s.c.o[0m
[ 81%] [32m[1mLinking C shared library rosidl_generator_py/gp7_vision_pipeline/libgp7_vision_pipeline__rosidl_generator_py.so[0m
[ 81%] Built target gp7_vision_pipeline__rosidl_generator_py
[ 90%] [32mBuilding C object CMakeFiles/gp7_vision_pipeline__rosidl_typesupport_c__pyext.dir/rosidl_generator_py/gp7_vision_pipeline/_gp7_vision_pipeline_s.ep.rosidl_typesupport_c.c.o[0m
[ 90%] [32mBuilding C object CMakeFiles/gp7_vision_pipeline__rosidl_typesupport_fastrtps_c__pyext.dir/rosidl_generator_py/gp7_vision_pipeline/_gp7_vision_pipeline_s.ep.rosidl_typesupport_fastrtps_c.c.o[0m
[ 90%] [32mBuilding C object CMakeFiles/gp7_vision_pipeline__rosidl_typesupport_introspection_c__pyext.dir/rosidl_generator_py/gp7_vision_pipeline/_gp7_vision_pipeline_s.ep.rosidl_typesupport_introspection_c.c.o[0m
[ 93%] [32m[1mLinking C shared library rosidl_generator_py/gp7_vision_pipeline/gp7_vision_pipeline_s__rosidl_typesupport_introspection_c.cpython-310-x86_64-linux-gnu.so[0m
[100%] [32m[1mLinking C shared library rosidl_generator_py/gp7_vision_pipeline/gp7_vision_pipeline_s__rosidl_typesupport_c.cpython-310-x86_64-linux-gnu.so[0m
[100%] [32m[1mLinking C shared library rosidl_generator_py/gp7_vision_pipeline/gp7_vision_pipeline_s__rosidl_typesupport_fastrtps_c.cpython-310-x86_64-linux-gnu.so[0m
[100%] Built target gp7_vision_pipeline__rosidl_typesupport_c__pyext
[100%] Built target gp7_vision_pipeline__rosidl_typesupport_fastrtps_c__pyext
[100%] Built target gp7_vision_pipeline__rosidl_typesupport_introspection_c__pyext
-- Install configuration: ""
-- Execute custom install script
-- Symlinking: /home/norman/pap_yaskawa_ws/install/gp7_vision_pipeline/share/ament_index/resource_index/rosidl_interfaces/gp7_vision_pipeline
-- Symlinking: /home/norman/pap_yaskawa_ws/install/gp7_vision_pipeline/include/gp7_vision_pipeline/gp7_vision_pipeline/msg/box_detection.h
-- Symlinking: /home/norman/pap_yaskawa_ws/install/gp7_vision_pipeline/include/gp7_vision_pipeline/gp7_vision_pipeline/msg/detail/box_detection__functions.h
-- Symlinking: /home/norman/pap_yaskawa_ws/install/gp7_vision_pipeline/include/gp7_vision_pipeline/gp7_vision_pipeline/msg/detail/box_detection__struct.h
-- Symlinking: /home/norman/pap_yaskawa_ws/install/gp7_vision_pipeline/include/gp7_vision_pipeline/gp7_vision_pipeline/msg/detail/box_detection__type_support.h
-- Symlinking: /home/norman/pap_yaskawa_ws/install/gp7_vision_pipeline/include/gp7_vision_pipeline/gp7_vision_pipeline/msg/rosidl_generator_c__visibility_control.h
-- Symlinking: /home/norman/pap_yaskawa_ws/install/gp7_vision_pipeline/share/gp7_vision_pipeline/environment/library_path.sh
-- Symlinking: /home/norman/pap_yaskawa_ws/install/gp7_vision_pipeline/share/gp7_vision_pipeline/environment/library_path.dsv
-- Symlinking: /home/norman/pap_yaskawa_ws/install/gp7_vision_pipeline/include/gp7_vision_pipeline/gp7_vision_pipeline/msg/detail/box_detection__rosidl_typesupport_fastrtps_c.h
-- Symlinking: /home/norman/pap_yaskawa_ws/install/gp7_vision_pipeline/include/gp7_vision_pipeline/gp7_vision_pipeline/msg/rosidl_typesupport_fastrtps_c__visibility_control.h
-- Symlinking: /home/norman/pap_yaskawa_ws/install/gp7_vision_pipeline/include/gp7_vision_pipeline/gp7_vision_pipeline/msg/detail/box_detection__rosidl_typesupport_introspection_c.h
-- Symlinking: /home/norman/pap_yaskawa_ws/install/gp7_vision_pipeline/include/gp7_vision_pipeline/gp7_vision_pipeline/msg/rosidl_typesupport_introspection_c__visibility_control.h
-- Symlinking: /home/norman/pap_yaskawa_ws/install/gp7_vision_pipeline/include/gp7_vision_pipeline/gp7_vision_pipeline/msg/box_detection.hpp
-- Symlinking: /home/norman/pap_yaskawa_ws/install/gp7_vision_pipeline/include/gp7_vision_pipeline/gp7_vision_pipeline/msg/detail/box_detection__builder.hpp
-- Symlinking: /home/norman/pap_yaskawa_ws/install/gp7_vision_pipeline/include/gp7_vision_pipeline/gp7_vision_pipeline/msg/detail/box_detection__struct.hpp
-- Symlinking: /home/norman/pap_yaskawa_ws/install/gp7_vision_pipeline/include/gp7_vision_pipeline/gp7_vision_pipeline/msg/detail/box_detection__traits.hpp
-- Symlinking: /home/norman/pap_yaskawa_ws/install/gp7_vision_pipeline/include/gp7_vision_pipeline/gp7_vision_pipeline/msg/detail/box_detection__type_support.hpp
-- Symlinking: /home/norman/pap_yaskawa_ws/install/gp7_vision_pipeline/include/gp7_vision_pipeline/gp7_vision_pipeline/msg/rosidl_generator_cpp__visibility_control.hpp
-- Symlinking: /home/norman/pap_yaskawa_ws/install/gp7_vision_pipeline/include/gp7_vision_pipeline/gp7_vision_pipeline/msg/detail/box_detection__rosidl_typesupport_fastrtps_cpp.hpp
-- Symlinking: /home/norman/pap_yaskawa_ws/install/gp7_vision_pipeline/include/gp7_vision_pipeline/gp7_vision_pipeline/msg/rosidl_typesupport_fastrtps_cpp__visibility_control.h
-- Symlinking: /home/norman/pap_yaskawa_ws/install/gp7_vision_pipeline/include/gp7_vision_pipeline/gp7_vision_pipeline/msg/detail/box_detection__rosidl_typesupport_introspection_cpp.hpp
-- Symlinking: /home/norman/pap_yaskawa_ws/install/gp7_vision_pipeline/share/gp7_vision_pipeline/environment/pythonpath.sh
-- Symlinking: /home/norman/pap_yaskawa_ws/install/gp7_vision_pipeline/share/gp7_vision_pipeline/environment/pythonpath.dsv
-- Symlinking: /home/norman/pap_yaskawa_ws/install/gp7_vision_pipeline/local/lib/python3.10/dist-packages/gp7_vision_pipeline-0.1.0-py3.10.egg-info/PKG-INFO
-- Symlinking: /home/norman/pap_yaskawa_ws/install/gp7_vision_pipeline/local/lib/python3.10/dist-packages/gp7_vision_pipeline-0.1.0-py3.10.egg-info/SOURCES.txt
-- Symlinking: /home/norman/pap_yaskawa_ws/install/gp7_vision_pipeline/local/lib/python3.10/dist-packages/gp7_vision_pipeline-0.1.0-py3.10.egg-info/dependency_links.txt
-- Symlinking: /home/norman/pap_yaskawa_ws/install/gp7_vision_pipeline/local/lib/python3.10/dist-packages/gp7_vision_pipeline-0.1.0-py3.10.egg-info/top_level.txt
-- Symlinking: /home/norman/pap_yaskawa_ws/install/gp7_vision_pipeline/local/lib/python3.10/dist-packages/gp7_vision_pipeline/__init__.py
-- Symlinking: /home/norman/pap_yaskawa_ws/install/gp7_vision_pipeline/local/lib/python3.10/dist-packages/gp7_vision_pipeline/_gp7_vision_pipeline_s.ep.rosidl_typesupport_c.c
-- Symlinking: /home/norman/pap_yaskawa_ws/install/gp7_vision_pipeline/local/lib/python3.10/dist-packages/gp7_vision_pipeline/_gp7_vision_pipeline_s.ep.rosidl_typesupport_fastrtps_c.c
-- Symlinking: /home/norman/pap_yaskawa_ws/install/gp7_vision_pipeline/local/lib/python3.10/dist-packages/gp7_vision_pipeline/_gp7_vision_pipeline_s.ep.rosidl_typesupport_introspection_c.c
-- Symlinking: /home/norman/pap_yaskawa_ws/install/gp7_vision_pipeline/local/lib/python3.10/dist-packages/gp7_vision_pipeline/gp7_vision_pipeline_s__rosidl_typesupport_c.cpython-310-x86_64-linux-gnu.so
-- Symlinking: /home/norman/pap_yaskawa_ws/install/gp7_vision_pipeline/local/lib/python3.10/dist-packages/gp7_vision_pipeline/gp7_vision_pipeline_s__rosidl_typesupport_fastrtps_c.cpython-310-x86_64-linux-gnu.so
-- Symlinking: /home/norman/pap_yaskawa_ws/install/gp7_vision_pipeline/local/lib/python3.10/dist-packages/gp7_vision_pipeline/gp7_vision_pipeline_s__rosidl_typesupport_introspection_c.cpython-310-x86_64-linux-gnu.so
-- Symlinking: /home/norman/pap_yaskawa_ws/install/gp7_vision_pipeline/local/lib/python3.10/dist-packages/gp7_vision_pipeline/libgp7_vision_pipeline__rosidl_generator_py.so
-- Symlinking: /home/norman/pap_yaskawa_ws/install/gp7_vision_pipeline/local/lib/python3.10/dist-packages/gp7_vision_pipeline/msg/__init__.py
-- Symlinking: /home/norman/pap_yaskawa_ws/install/gp7_vision_pipeline/local/lib/python3.10/dist-packages/gp7_vision_pipeline/msg/_box_detection.py
-- Symlinking: /home/norman/pap_yaskawa_ws/install/gp7_vision_pipeline/local/lib/python3.10/dist-packages/gp7_vision_pipeline/msg/_box_detection_s.c
-- Up-to-date symlink: /home/norman/pap_yaskawa_ws/install/gp7_vision_pipeline/local/lib/python3.10/dist-packages/gp7_vision_pipeline/gp7_vision_pipeline_s__rosidl_typesupport_fastrtps_c.cpython-310-x86_64-linux-gnu.so
-- Up-to-date symlink: /home/norman/pap_yaskawa_ws/install/gp7_vision_pipeline/local/lib/python3.10/dist-packages/gp7_vision_pipeline/gp7_vision_pipeline_s__rosidl_typesupport_introspection_c.cpython-310-x86_64-linux-gnu.so
-- Up-to-date symlink: /home/norman/pap_yaskawa_ws/install/gp7_vision_pipeline/local/lib/python3.10/dist-packages/gp7_vision_pipeline/gp7_vision_pipeline_s__rosidl_typesupport_c.cpython-310-x86_64-linux-gnu.so
-- Symlinking: /home/norman/pap_yaskawa_ws/install/gp7_vision_pipeline/share/ament_index/resource_index/rust_packages/gp7_vision_pipeline
-- Symlinking: /home/norman/pap_yaskawa_ws/install/gp7_vision_pipeline/share/gp7_vision_pipeline/rust/Cargo.toml
-- Symlinking: /home/norman/pap_yaskawa_ws/install/gp7_vision_pipeline/share/gp7_vision_pipeline/rust/build.rs
-- Symlinking: /home/norman/pap_yaskawa_ws/install/gp7_vision_pipeline/share/gp7_vision_pipeline/rust/src/lib.rs
-- Symlinking: /home/norman/pap_yaskawa_ws/install/gp7_vision_pipeline/share/gp7_vision_pipeline/rust/src/msg.rs
-- Symlinking: /home/norman/pap_yaskawa_ws/install/gp7_vision_pipeline/share/gp7_vision_pipeline/rust/src/msg/rmw.rs
-- Symlinking: /home/norman/pap_yaskawa_ws/install/gp7_vision_pipeline/share/gp7_vision_pipeline/msg/BoxDetection.idl
-- Symlinking: /home/norman/pap_yaskawa_ws/install/gp7_vision_pipeline/share/gp7_vision_pipeline/msg/BoxDetection.msg
-- Symlinking: /home/norman/pap_yaskawa_ws/install/gp7_vision_pipeline/lib/gp7_vision_pipeline/vision_pipeline_placeholder
-- Symlinking: /home/norman/pap_yaskawa_ws/install/gp7_vision_pipeline/lib/gp7_vision_pipeline/realsense_depth_debug
-- Symlinking: /home/norman/pap_yaskawa_ws/install/gp7_vision_pipeline/lib/gp7_vision_pipeline/yolo_box_detector_node
-- Symlinking: /home/norman/pap_yaskawa_ws/install/gp7_vision_pipeline/share/gp7_vision_pipeline/launch/vision_pipeline.launch.py
-- Symlinking: /home/norman/pap_yaskawa_ws/install/gp7_vision_pipeline/share/gp7_vision_pipeline/launch/yolo_box_detector.launch.py
-- Symlinking: /home/norman/pap_yaskawa_ws/install/gp7_vision_pipeline/share/gp7_vision_pipeline/config/realsense_depth_debug.yaml
-- Symlinking: /home/norman/pap_yaskawa_ws/install/gp7_vision_pipeline/share/gp7_vision_pipeline/config/vision_pipeline.yaml
-- Symlinking: /home/norman/pap_yaskawa_ws/install/gp7_vision_pipeline/share/gp7_vision_pipeline/config/vision_sim_rgbd.yaml
-- Symlinking: /home/norman/pap_yaskawa_ws/install/gp7_vision_pipeline/share/gp7_vision_pipeline/config/yolo_box_detector.yaml
-- Symlinking: /home/norman/pap_yaskawa_ws/install/gp7_vision_pipeline/share/gp7_vision_pipeline/config/yolo_model.yaml
-- Symlinking: /home/norman/pap_yaskawa_ws/install/gp7_vision_pipeline/share/gp7_vision_pipeline/models/README.md
-- Symlinking: /home/norman/pap_yaskawa_ws/install/gp7_vision_pipeline/share/gp7_vision_pipeline/model/box_train_v2/BoxF1_curve.png
-- Symlinking: /home/norman/pap_yaskawa_ws/install/gp7_vision_pipeline/share/gp7_vision_pipeline/model/box_train_v2/BoxPR_curve.png
-- Symlinking: /home/norman/pap_yaskawa_ws/install/gp7_vision_pipeline/share/gp7_vision_pipeline/model/box_train_v2/BoxP_curve.png
-- Symlinking: /home/norman/pap_yaskawa_ws/install/gp7_vision_pipeline/share/gp7_vision_pipeline/model/box_train_v2/BoxR_curve.png
-- Symlinking: /home/norman/pap_yaskawa_ws/install/gp7_vision_pipeline/share/gp7_vision_pipeline/model/box_train_v2/args.yaml
-- Symlinking: /home/norman/pap_yaskawa_ws/install/gp7_vision_pipeline/share/gp7_vision_pipeline/model/box_train_v2/confusion_matrix.png
-- Symlinking: /home/norman/pap_yaskawa_ws/install/gp7_vision_pipeline/share/gp7_vision_pipeline/model/box_train_v2/confusion_matrix_normalized.png
-- Symlinking: /home/norman/pap_yaskawa_ws/install/gp7_vision_pipeline/share/gp7_vision_pipeline/model/box_train_v2/labels.jpg
-- Symlinking: /home/norman/pap_yaskawa_ws/install/gp7_vision_pipeline/share/gp7_vision_pipeline/model/box_train_v2/results.csv
-- Symlinking: /home/norman/pap_yaskawa_ws/install/gp7_vision_pipeline/share/gp7_vision_pipeline/model/box_train_v2/results.png
-- Symlinking: /home/norman/pap_yaskawa_ws/install/gp7_vision_pipeline/share/gp7_vision_pipeline/model/box_train_v2/train_batch0.jpg
-- Symlinking: /home/norman/pap_yaskawa_ws/install/gp7_vision_pipeline/share/gp7_vision_pipeline/model/box_train_v2/train_batch1.jpg
-- Symlinking: /home/norman/pap_yaskawa_ws/install/gp7_vision_pipeline/share/gp7_vision_pipeline/model/box_train_v2/train_batch2.jpg
-- Symlinking: /home/norman/pap_yaskawa_ws/install/gp7_vision_pipeline/share/gp7_vision_pipeline/model/box_train_v2/val_batch0_labels.jpg
-- Symlinking: /home/norman/pap_yaskawa_ws/install/gp7_vision_pipeline/share/gp7_vision_pipeline/model/box_train_v2/val_batch0_pred.jpg
-- Symlinking: /home/norman/pap_yaskawa_ws/install/gp7_vision_pipeline/share/gp7_vision_pipeline/model/box_train_v2/weights/README.md
-- Symlinking: /home/norman/pap_yaskawa_ws/install/gp7_vision_pipeline/share/gp7_vision_pipeline/model/box_train_v2/weights/best.pt
-- Symlinking: /home/norman/pap_yaskawa_ws/install/gp7_vision_pipeline/share/gp7_vision_pipeline/model/box_train_v2/weights/last.pt
-- Symlinking: /home/norman/pap_yaskawa_ws/install/gp7_vision_pipeline/share/ament_index/resource_index/package_run_dependencies/gp7_vision_pipeline
-- Symlinking: /home/norman/pap_yaskawa_ws/install/gp7_vision_pipeline/share/ament_index/resource_index/parent_prefix_path/gp7_vision_pipeline
-- Symlinking: /home/norman/pap_yaskawa_ws/install/gp7_vision_pipeline/share/gp7_vision_pipeline/environment/ament_prefix_path.sh
-- Symlinking: /home/norman/pap_yaskawa_ws/install/gp7_vision_pipeline/share/gp7_vision_pipeline/environment/ament_prefix_path.dsv
-- Symlinking: /home/norman/pap_yaskawa_ws/install/gp7_vision_pipeline/share/gp7_vision_pipeline/environment/path.sh
-- Symlinking: /home/norman/pap_yaskawa_ws/install/gp7_vision_pipeline/share/gp7_vision_pipeline/environment/path.dsv
-- Symlinking: /home/norman/pap_yaskawa_ws/install/gp7_vision_pipeline/share/gp7_vision_pipeline/local_setup.bash
-- Symlinking: /home/norman/pap_yaskawa_ws/install/gp7_vision_pipeline/share/gp7_vision_pipeline/local_setup.sh
-- Symlinking: /home/norman/pap_yaskawa_ws/install/gp7_vision_pipeline/share/gp7_vision_pipeline/local_setup.zsh
-- Symlinking: /home/norman/pap_yaskawa_ws/install/gp7_vision_pipeline/share/gp7_vision_pipeline/local_setup.dsv
-- Symlinking: /home/norman/pap_yaskawa_ws/install/gp7_vision_pipeline/share/gp7_vision_pipeline/package.dsv
-- Symlinking: /home/norman/pap_yaskawa_ws/install/gp7_vision_pipeline/share/ament_index/resource_index/packages/gp7_vision_pipeline
-- Symlinking: /home/norman/pap_yaskawa_ws/install/gp7_vision_pipeline/share/gp7_vision_pipeline/cmake/rosidl_cmake-extras.cmake
-- Symlinking: /home/norman/pap_yaskawa_ws/install/gp7_vision_pipeline/share/gp7_vision_pipeline/cmake/ament_cmake_export_dependencies-extras.cmake
-- Symlinking: /home/norman/pap_yaskawa_ws/install/gp7_vision_pipeline/share/gp7_vision_pipeline/cmake/ament_cmake_export_include_directories-extras.cmake
-- Symlinking: /home/norman/pap_yaskawa_ws/install/gp7_vision_pipeline/share/gp7_vision_pipeline/cmake/ament_cmake_export_libraries-extras.cmake
-- Symlinking: /home/norman/pap_yaskawa_ws/install/gp7_vision_pipeline/share/gp7_vision_pipeline/cmake/ament_cmake_export_targets-extras.cmake
-- Symlinking: /home/norman/pap_yaskawa_ws/install/gp7_vision_pipeline/share/gp7_vision_pipeline/cmake/rosidl_cmake_export_typesupport_targets-extras.cmake
-- Symlinking: /home/norman/pap_yaskawa_ws/install/gp7_vision_pipeline/share/gp7_vision_pipeline/cmake/rosidl_cmake_export_typesupport_libraries-extras.cmake
-- Symlinking: /home/norman/pap_yaskawa_ws/install/gp7_vision_pipeline/share/gp7_vision_pipeline/cmake/gp7_vision_pipelineConfig.cmake
-- Symlinking: /home/norman/pap_yaskawa_ws/install/gp7_vision_pipeline/share/gp7_vision_pipeline/cmake/gp7_vision_pipelineConfig-version.cmake
-- Symlinking: /home/norman/pap_yaskawa_ws/install/gp7_vision_pipeline/share/gp7_vision_pipeline/package.xml
-- Installing: /home/norman/pap_yaskawa_ws/install/gp7_vision_pipeline/lib/libgp7_vision_pipeline__rosidl_generator_c.so
-- Set runtime path of "/home/norman/pap_yaskawa_ws/install/gp7_vision_pipeline/lib/libgp7_vision_pipeline__rosidl_generator_c.so" to ""
-- Installing: /home/norman/pap_yaskawa_ws/install/gp7_vision_pipeline/lib/libgp7_vision_pipeline__rosidl_typesupport_fastrtps_c.so
-- Set runtime path of "/home/norman/pap_yaskawa_ws/install/gp7_vision_pipeline/lib/libgp7_vision_pipeline__rosidl_typesupport_fastrtps_c.so" to ""
-- Installing: /home/norman/pap_yaskawa_ws/install/gp7_vision_pipeline/lib/libgp7_vision_pipeline__rosidl_typesupport_introspection_c.so
-- Set runtime path of "/home/norman/pap_yaskawa_ws/install/gp7_vision_pipeline/lib/libgp7_vision_pipeline__rosidl_typesupport_introspection_c.so" to ""
-- Installing: /home/norman/pap_yaskawa_ws/install/gp7_vision_pipeline/lib/libgp7_vision_pipeline__rosidl_typesupport_c.so
-- Set runtime path of "/home/norman/pap_yaskawa_ws/install/gp7_vision_pipeline/lib/libgp7_vision_pipeline__rosidl_typesupport_c.so" to ""
-- Installing: /home/norman/pap_yaskawa_ws/install/gp7_vision_pipeline/lib/libgp7_vision_pipeline__rosidl_typesupport_fastrtps_cpp.so
-- Set runtime path of "/home/norman/pap_yaskawa_ws/install/gp7_vision_pipeline/lib/libgp7_vision_pipeline__rosidl_typesupport_fastrtps_cpp.so" to ""
-- Installing: /home/norman/pap_yaskawa_ws/install/gp7_vision_pipeline/lib/libgp7_vision_pipeline__rosidl_typesupport_introspection_cpp.so
-- Set runtime path of "/home/norman/pap_yaskawa_ws/install/gp7_vision_pipeline/lib/libgp7_vision_pipeline__rosidl_typesupport_introspection_cpp.so" to ""
-- Installing: /home/norman/pap_yaskawa_ws/install/gp7_vision_pipeline/lib/libgp7_vision_pipeline__rosidl_typesupport_cpp.so
-- Set runtime path of "/home/norman/pap_yaskawa_ws/install/gp7_vision_pipeline/lib/libgp7_vision_pipeline__rosidl_typesupport_cpp.so" to ""
Listing '/home/norman/pap_yaskawa_ws/install/gp7_vision_pipeline/local/lib/python3.10/dist-packages/gp7_vision_pipeline'...
Compiling '/home/norman/pap_yaskawa_ws/install/gp7_vision_pipeline/local/lib/python3.10/dist-packages/gp7_vision_pipeline/__init__.py'...
Listing '/home/norman/pap_yaskawa_ws/install/gp7_vision_pipeline/local/lib/python3.10/dist-packages/gp7_vision_pipeline/msg'...
Compiling '/home/norman/pap_yaskawa_ws/install/gp7_vision_pipeline/local/lib/python3.10/dist-packages/gp7_vision_pipeline/msg/__init__.py'...
Compiling '/home/norman/pap_yaskawa_ws/install/gp7_vision_pipeline/local/lib/python3.10/dist-packages/gp7_vision_pipeline/msg/_box_detection.py'...
-- Installing: /home/norman/pap_yaskawa_ws/install/gp7_vision_pipeline/lib/libgp7_vision_pipeline__rosidl_generator_py.so
-- Set runtime path of "/home/norman/pap_yaskawa_ws/install/gp7_vision_pipeline/lib/libgp7_vision_pipeline__rosidl_generator_py.so" to ""
-- Up-to-date: /home/norman/pap_yaskawa_ws/install/gp7_vision_pipeline/local/lib/python3.10/dist-packages/gp7_vision_pipeline
-- Installing: /home/norman/pap_yaskawa_ws/install/gp7_vision_pipeline/local/lib/python3.10/dist-packages/gp7_vision_pipeline/__init__.py
-- Installing: /home/norman/pap_yaskawa_ws/install/gp7_vision_pipeline/local/lib/python3.10/dist-packages/gp7_vision_pipeline/vision_pipeline_placeholder_node.py
-- Installing: /home/norman/pap_yaskawa_ws/install/gp7_vision_pipeline/local/lib/python3.10/dist-packages/gp7_vision_pipeline/yolo_box_detector_node.py
-- Installing: /home/norman/pap_yaskawa_ws/install/gp7_vision_pipeline/local/lib/python3.10/dist-packages/gp7_vision_pipeline/depth_utils.py
-- Installing: /home/norman/pap_yaskawa_ws/install/gp7_vision_pipeline/local/lib/python3.10/dist-packages/gp7_vision_pipeline/detection_visualizer.py
-- Installing: /home/norman/pap_yaskawa_ws/install/gp7_vision_pipeline/local/lib/python3.10/dist-packages/gp7_vision_pipeline/realsense_depth_debug_node.py
-- Installing: /home/norman/pap_yaskawa_ws/install/gp7_vision_pipeline/share/gp7_vision_pipeline/cmake/export_gp7_vision_pipeline__rosidl_generator_cExport.cmake
-- Installing: /home/norman/pap_yaskawa_ws/install/gp7_vision_pipeline/share/gp7_vision_pipeline/cmake/export_gp7_vision_pipeline__rosidl_generator_cExport-noconfig.cmake
-- Installing: /home/norman/pap_yaskawa_ws/install/gp7_vision_pipeline/share/gp7_vision_pipeline/cmake/export_gp7_vision_pipeline__rosidl_typesupport_fastrtps_cExport.cmake
-- Installing: /home/norman/pap_yaskawa_ws/install/gp7_vision_pipeline/share/gp7_vision_pipeline/cmake/export_gp7_vision_pipeline__rosidl_typesupport_fastrtps_cExport-noconfig.cmake
-- Installing: /home/norman/pap_yaskawa_ws/install/gp7_vision_pipeline/share/gp7_vision_pipeline/cmake/gp7_vision_pipeline__rosidl_typesupport_introspection_cExport.cmake
-- Installing: /home/norman/pap_yaskawa_ws/install/gp7_vision_pipeline/share/gp7_vision_pipeline/cmake/gp7_vision_pipeline__rosidl_typesupport_introspection_cExport-noconfig.cmake
-- Installing: /home/norman/pap_yaskawa_ws/install/gp7_vision_pipeline/share/gp7_vision_pipeline/cmake/gp7_vision_pipeline__rosidl_typesupport_cExport.cmake
-- Installing: /home/norman/pap_yaskawa_ws/install/gp7_vision_pipeline/share/gp7_vision_pipeline/cmake/gp7_vision_pipeline__rosidl_typesupport_cExport-noconfig.cmake
-- Installing: /home/norman/pap_yaskawa_ws/install/gp7_vision_pipeline/share/gp7_vision_pipeline/cmake/export_gp7_vision_pipeline__rosidl_generator_cppExport.cmake
-- Installing: /home/norman/pap_yaskawa_ws/install/gp7_vision_pipeline/share/gp7_vision_pipeline/cmake/export_gp7_vision_pipeline__rosidl_typesupport_fastrtps_cppExport.cmake
-- Installing: /home/norman/pap_yaskawa_ws/install/gp7_vision_pipeline/share/gp7_vision_pipeline/cmake/export_gp7_vision_pipeline__rosidl_typesupport_fastrtps_cppExport-noconfig.cmake
-- Installing: /home/norman/pap_yaskawa_ws/install/gp7_vision_pipeline/share/gp7_vision_pipeline/cmake/gp7_vision_pipeline__rosidl_typesupport_introspection_cppExport.cmake
-- Installing: /home/norman/pap_yaskawa_ws/install/gp7_vision_pipeline/share/gp7_vision_pipeline/cmake/gp7_vision_pipeline__rosidl_typesupport_introspection_cppExport-noconfig.cmake
-- Installing: /home/norman/pap_yaskawa_ws/install/gp7_vision_pipeline/share/gp7_vision_pipeline/cmake/gp7_vision_pipeline__rosidl_typesupport_cppExport.cmake
-- Installing: /home/norman/pap_yaskawa_ws/install/gp7_vision_pipeline/share/gp7_vision_pipeline/cmake/gp7_vision_pipeline__rosidl_typesupport_cppExport-noconfig.cmake
-- Installing: /home/norman/pap_yaskawa_ws/install/gp7_vision_pipeline/share/gp7_vision_pipeline/cmake/export_gp7_vision_pipeline__rosidl_generator_pyExport.cmake
-- Installing: /home/norman/pap_yaskawa_ws/install/gp7_vision_pipeline/share/gp7_vision_pipeline/cmake/export_gp7_vision_pipeline__rosidl_generator_pyExport-noconfig.cmake
