[0.011s] Invoking command in '/home/norman/pap_yaskawa_ws/build/gp7_vision_pipeline': CMAKE_PREFIX_PATH=${CMAKE_PREFIX_PATH}:/opt/ros/humble /usr/bin/cmake /home/norman/pap_yaskawa_ws/src/gp7_vision_pipeline -DAMENT_CMAKE_SYMLINK_INSTALL=1 -DCMAKE_INSTALL_PREFIX=/home/norman/pap_yaskawa_ws/install/gp7_vision_pipeline
[0.049s] -- The C compiler identification is GNU 11.4.0
[0.083s] -- The CXX compiler identification is GNU 11.4.0
[0.088s] -- Detecting C compiler ABI info
[0.137s] -- Detecting C compiler ABI info - done
[0.142s] -- Check for working C compiler: /usr/bin/cc - skipped
[0.142s] -- Detecting C compile features
[0.142s] -- Detecting C compile features - done
[0.145s] -- Detecting CXX compiler ABI info
[0.204s] -- Detecting CXX compiler ABI info - done
[0.209s] -- Check for working CXX compiler: /usr/bin/c++ - skipped
[0.209s] -- Detecting CXX compile features
[0.210s] -- Detecting CXX compile features - done
[0.211s] -- Found ament_cmake: 1.3.14 (/opt/ros/humble/share/ament_cmake/cmake)
[0.324s] -- Found Python3: /usr/bin/python3 (found version "3.10.12") found components: Interpreter 
[0.369s] -- Override CMake install command with custom implementation using symlinks instead of copying resources
[0.394s] -- Found rosidl_default_generators: 1.2.1 (/opt/ros/humble/share/rosidl_default_generators/cmake)
[0.396s] -- Using all available rosidl_typesupport_c: rosidl_typesupport_fastrtps_c;rosidl_typesupport_introspection_c
[0.400s] -- Found rosidl_adapter: 3.1.8 (/opt/ros/humble/share/rosidl_adapter/cmake)
[0.429s] -- Using all available rosidl_typesupport_cpp: rosidl_typesupport_fastrtps_cpp;rosidl_typesupport_introspection_cpp
[0.456s] -- Found std_msgs: 4.9.1 (/opt/ros/humble/share/std_msgs/cmake)
[0.666s] -- Found ament_cmake_ros: 0.10.0 (/opt/ros/humble/share/ament_cmake_ros/cmake)
[0.839s] -- Using all available rosidl_typesupport_c: rosidl_typesupport_fastrtps_c;rosidl_typesupport_introspection_c
[1.075s] -- Using all available rosidl_typesupport_cpp: rosidl_typesupport_fastrtps_cpp;rosidl_typesupport_introspection_cpp
[1.091s] -- Found PythonInterp: /usr/bin/python3 (found suitable version "3.10.12", minimum required is "3.6") 
[1.093s] -- Found python_cmake_module: 0.10.0 (/opt/ros/humble/share/python_cmake_module/cmake)
[1.114s] -- Found PythonLibs: /usr/lib/x86_64-linux-gnu/libpython3.10.so (found suitable version "3.10.12", minimum required is "3.5") 
[1.115s] -- Using PYTHON_EXECUTABLE: /usr/bin/python3
[1.115s] -- Using PYTHON_INCLUDE_DIRS: /usr/include/python3.10
[1.115s] -- Using PYTHON_LIBRARIES: /usr/lib/x86_64-linux-gnu/libpython3.10.so
[1.131s] -- Found PythonExtra: .so  
[1.226s] -- Found ament_lint_auto: 0.12.15 (/opt/ros/humble/share/ament_lint_auto/cmake)
[1.242s] -- Added test 'flake8' to check Python code syntax and style conventions
[1.242s] -- Added test 'lint_cmake' to check CMake code style
[1.243s] -- Added test 'pep257' to check Python code against some of the docstring style conventions in PEP 257
[1.244s] -- Added test 'xmllint' to check XML markup files
[1.246s] -- Configuring done
[1.268s] -- Generating done
[1.276s] -- Build files have been written to: /home/norman/pap_yaskawa_ws/build/gp7_vision_pipeline
[1.282s] Invoked command in '/home/norman/pap_yaskawa_ws/build/gp7_vision_pipeline' returned '0': CMAKE_PREFIX_PATH=${CMAKE_PREFIX_PATH}:/opt/ros/humble /usr/bin/cmake /home/norman/pap_yaskawa_ws/src/gp7_vision_pipeline -DAMENT_CMAKE_SYMLINK_INSTALL=1 -DCMAKE_INSTALL_PREFIX=/home/norman/pap_yaskawa_ws/install/gp7_vision_pipeline
[1.284s] Invoking command in '/home/norman/pap_yaskawa_ws/build/gp7_vision_pipeline': CMAKE_PREFIX_PATH=${CMAKE_PREFIX_PATH}:/opt/ros/humble /usr/bin/cmake --build /home/norman/pap_yaskawa_ws/build/gp7_vision_pipeline -- -j20 -l20
[1.319s] [  3%] [34m[1mGenerating C code for ROS interfaces[0m
[1.328s] [  6%] [34m[1mGenerating C++ code for ROS interfaces[0m
[1.328s] [  9%] [34m[1mGenerating Rust code for ROS interfaces[0m
[1.332s] [  9%] Built target ament_cmake_python_symlink_gp7_vision_pipeline
[1.513s] [  9%] Built target gp7_vision_pipeline__rs
[1.518s] running egg_info
[1.519s] creating gp7_vision_pipeline.egg-info
[1.519s] writing gp7_vision_pipeline.egg-info/PKG-INFO
[1.519s] writing dependency_links to gp7_vision_pipeline.egg-info/dependency_links.txt
[1.519s] writing top-level names to gp7_vision_pipeline.egg-info/top_level.txt
[1.519s] writing manifest file 'gp7_vision_pipeline.egg-info/SOURCES.txt'
[1.521s] reading manifest file 'gp7_vision_pipeline.egg-info/SOURCES.txt'
[1.521s] writing manifest file 'gp7_vision_pipeline.egg-info/SOURCES.txt'
[1.542s] [ 12%] [32mBuilding C object CMakeFiles/gp7_vision_pipeline__rosidl_generator_c.dir/rosidl_generator_c/gp7_vision_pipeline/msg/detail/box_detection__functions.c.o[0m
[1.544s] [ 12%] Built target ament_cmake_python_build_gp7_vision_pipeline_egg
[1.588s] [ 15%] [32m[1mLinking C shared library libgp7_vision_pipeline__rosidl_generator_c.so[0m
[1.613s] [ 15%] Built target gp7_vision_pipeline__cpp
[1.621s] [ 18%] [34m[1mGenerating C++ introspection for ROS interfaces[0m
[1.621s] [ 21%] [34m[1mGenerating C++ type support for eProsima Fast-RTPS[0m
[1.622s] [ 25%] [34m[1mGenerating C++ type support dispatch for ROS interfaces[0m
[1.626s] [ 25%] Built target gp7_vision_pipeline__rosidl_generator_c
[1.638s] [ 34%] [34m[1mGenerating C introspection for ROS interfaces[0m
[1.638s] [ 34%] [34m[1mGenerating C type support for eProsima Fast-RTPS[0m
[1.639s] [ 34%] [34m[1mGenerating C type support dispatch for ROS interfaces[0m
[1.822s] [ 37%] [32mBuilding CXX object CMakeFiles/gp7_vision_pipeline__rosidl_typesupport_cpp.dir/rosidl_typesupport_cpp/gp7_vision_pipeline/msg/box_detection__type_support.cpp.o[0m
[1.834s] [ 40%] [32mBuilding CXX object CMakeFiles/gp7_vision_pipeline__rosidl_typesupport_c.dir/rosidl_typesupport_c/gp7_vision_pipeline/msg/box_detection__type_support.cpp.o[0m
[1.848s] [ 43%] [32mBuilding CXX object CMakeFiles/gp7_vision_pipeline__rosidl_typesupport_fastrtps_cpp.dir/rosidl_typesupport_fastrtps_cpp/gp7_vision_pipeline/msg/detail/dds_fastrtps/box_detection__type_support.cpp.o[0m
[1.863s] [ 46%] [32m[1mLinking CXX shared library libgp7_vision_pipeline__rosidl_typesupport_c.so[0m
[1.900s] [ 46%] Built target gp7_vision_pipeline__rosidl_typesupport_c
[1.944s] [ 50%] [32mBuilding CXX object CMakeFiles/gp7_vision_pipeline__rosidl_typesupport_introspection_cpp.dir/rosidl_typesupport_introspection_cpp/gp7_vision_pipeline/msg/detail/box_detection__type_support.cpp.o[0m
[1.959s] [ 53%] [32mBuilding C object CMakeFiles/gp7_vision_pipeline__rosidl_typesupport_introspection_c.dir/rosidl_typesupport_introspection_c/gp7_vision_pipeline/msg/detail/box_detection__type_support.c.o[0m
[1.974s] [ 56%] [32mBuilding CXX object CMakeFiles/gp7_vision_pipeline__rosidl_typesupport_fastrtps_c.dir/rosidl_typesupport_fastrtps_c/gp7_vision_pipeline/msg/detail/box_detection__type_support_c.cpp.o[0m
[2.004s] [ 59%] [32m[1mLinking C shared library libgp7_vision_pipeline__rosidl_typesupport_introspection_c.so[0m
[2.042s] [ 59%] Built target gp7_vision_pipeline__rosidl_typesupport_introspection_c
[2.051s] [ 62%] [32m[1mLinking CXX shared library libgp7_vision_pipeline__rosidl_typesupport_cpp.so[0m
[2.091s] [ 62%] Built target gp7_vision_pipeline__rosidl_typesupport_cpp
[2.242s] [ 65%] [32m[1mLinking CXX shared library libgp7_vision_pipeline__rosidl_typesupport_introspection_cpp.so[0m
[2.245s] [ 68%] [32m[1mLinking CXX shared library libgp7_vision_pipeline__rosidl_typesupport_fastrtps_c.so[0m
[2.296s] [ 68%] Built target gp7_vision_pipeline__rosidl_typesupport_introspection_cpp
[2.311s] [ 68%] Built target gp7_vision_pipeline__rosidl_typesupport_fastrtps_c
[2.383s] [ 71%] [32m[1mLinking CXX shared library libgp7_vision_pipeline__rosidl_typesupport_fastrtps_cpp.so[0m
[2.456s] [ 71%] Built target gp7_vision_pipeline__rosidl_typesupport_fastrtps_cpp
[2.478s] [ 71%] Built target gp7_vision_pipeline
[2.498s] [ 75%] [34m[1mGenerating Python code for ROS interfaces[0m
[2.764s] [ 75%] Built target gp7_vision_pipeline__py
[2.783s] [ 78%] [32mBuilding C object CMakeFiles/gp7_vision_pipeline__rosidl_generator_py.dir/rosidl_generator_py/gp7_vision_pipeline/msg/_box_detection_s.c.o[0m
[2.864s] [ 81%] [32m[1mLinking C shared library rosidl_generator_py/gp7_vision_pipeline/libgp7_vision_pipeline__rosidl_generator_py.so[0m
[2.895s] [ 81%] Built target gp7_vision_pipeline__rosidl_generator_py
[2.908s] [ 90%] [32mBuilding C object CMakeFiles/gp7_vision_pipeline__rosidl_typesupport_c__pyext.dir/rosidl_generator_py/gp7_vision_pipeline/_gp7_vision_pipeline_s.ep.rosidl_typesupport_c.c.o[0m
[2.908s] [ 90%] [32mBuilding C object CMakeFiles/gp7_vision_pipeline__rosidl_typesupport_fastrtps_c__pyext.dir/rosidl_generator_py/gp7_vision_pipeline/_gp7_vision_pipeline_s.ep.rosidl_typesupport_fastrtps_c.c.o[0m
[2.908s] [ 90%] [32mBuilding C object CMakeFiles/gp7_vision_pipeline__rosidl_typesupport_introspection_c__pyext.dir/rosidl_generator_py/gp7_vision_pipeline/_gp7_vision_pipeline_s.ep.rosidl_typesupport_introspection_c.c.o[0m
[2.980s] [ 93%] [32m[1mLinking C shared library rosidl_generator_py/gp7_vision_pipeline/gp7_vision_pipeline_s__rosidl_typesupport_introspection_c.cpython-310-x86_64-linux-gnu.so[0m
[2.980s] [100%] [32m[1mLinking C shared library rosidl_generator_py/gp7_vision_pipeline/gp7_vision_pipeline_s__rosidl_typesupport_c.cpython-310-x86_64-linux-gnu.so[0m
[2.980s] [100%] [32m[1mLinking C shared library rosidl_generator_py/gp7_vision_pipeline/gp7_vision_pipeline_s__rosidl_typesupport_fastrtps_c.cpython-310-x86_64-linux-gnu.so[0m
[3.007s] [100%] Built target gp7_vision_pipeline__rosidl_typesupport_c__pyext
[3.007s] [100%] Built target gp7_vision_pipeline__rosidl_typesupport_fastrtps_c__pyext
[3.009s] [100%] Built target gp7_vision_pipeline__rosidl_typesupport_introspection_c__pyext
[3.016s] Invoked command in '/home/norman/pap_yaskawa_ws/build/gp7_vision_pipeline' returned '0': CMAKE_PREFIX_PATH=${CMAKE_PREFIX_PATH}:/opt/ros/humble /usr/bin/cmake --build /home/norman/pap_yaskawa_ws/build/gp7_vision_pipeline -- -j20 -l20
[3.017s] Invoking command in '/home/norman/pap_yaskawa_ws/build/gp7_vision_pipeline': CMAKE_PREFIX_PATH=${CMAKE_PREFIX_PATH}:/opt/ros/humble /usr/bin/cmake --install /home/norman/pap_yaskawa_ws/build/gp7_vision_pipeline
[3.022s] -- Install configuration: ""
[3.023s] -- Execute custom install script
[3.023s] -- Symlinking: /home/norman/pap_yaskawa_ws/install/gp7_vision_pipeline/share/ament_index/resource_index/rosidl_interfaces/gp7_vision_pipeline
[3.029s] -- Symlinking: /home/norman/pap_yaskawa_ws/install/gp7_vision_pipeline/include/gp7_vision_pipeline/gp7_vision_pipeline/msg/box_detection.h
[3.035s] -- Symlinking: /home/norman/pap_yaskawa_ws/install/gp7_vision_pipeline/include/gp7_vision_pipeline/gp7_vision_pipeline/msg/detail/box_detection__functions.h
[3.041s] -- Symlinking: /home/norman/pap_yaskawa_ws/install/gp7_vision_pipeline/include/gp7_vision_pipeline/gp7_vision_pipeline/msg/detail/box_detection__struct.h
[3.048s] -- Symlinking: /home/norman/pap_yaskawa_ws/install/gp7_vision_pipeline/include/gp7_vision_pipeline/gp7_vision_pipeline/msg/detail/box_detection__type_support.h
[3.056s] -- Symlinking: /home/norman/pap_yaskawa_ws/install/gp7_vision_pipeline/include/gp7_vision_pipeline/gp7_vision_pipeline/msg/rosidl_generator_c__visibility_control.h
[3.062s] -- Symlinking: /home/norman/pap_yaskawa_ws/install/gp7_vision_pipeline/share/gp7_vision_pipeline/environment/library_path.sh
[3.069s] -- Symlinking: /home/norman/pap_yaskawa_ws/install/gp7_vision_pipeline/share/gp7_vision_pipeline/environment/library_path.dsv
[3.075s] -- Symlinking: /home/norman/pap_yaskawa_ws/install/gp7_vision_pipeline/include/gp7_vision_pipeline/gp7_vision_pipeline/msg/detail/box_detection__rosidl_typesupport_fastrtps_c.h
[3.082s] -- Symlinking: /home/norman/pap_yaskawa_ws/install/gp7_vision_pipeline/include/gp7_vision_pipeline/gp7_vision_pipeline/msg/rosidl_typesupport_fastrtps_c__visibility_control.h
[3.088s] -- Symlinking: /home/norman/pap_yaskawa_ws/install/gp7_vision_pipeline/include/gp7_vision_pipeline/gp7_vision_pipeline/msg/detail/box_detection__rosidl_typesupport_introspection_c.h
[3.094s] -- Symlinking: /home/norman/pap_yaskawa_ws/install/gp7_vision_pipeline/include/gp7_vision_pipeline/gp7_vision_pipeline/msg/rosidl_typesupport_introspection_c__visibility_control.h
[3.101s] -- Symlinking: /home/norman/pap_yaskawa_ws/install/gp7_vision_pipeline/include/gp7_vision_pipeline/gp7_vision_pipeline/msg/box_detection.hpp
[3.107s] -- Symlinking: /home/norman/pap_yaskawa_ws/install/gp7_vision_pipeline/include/gp7_vision_pipeline/gp7_vision_pipeline/msg/detail/box_detection__builder.hpp
[3.115s] -- Symlinking: /home/norman/pap_yaskawa_ws/install/gp7_vision_pipeline/include/gp7_vision_pipeline/gp7_vision_pipeline/msg/detail/box_detection__struct.hpp
[3.121s] -- Symlinking: /home/norman/pap_yaskawa_ws/install/gp7_vision_pipeline/include/gp7_vision_pipeline/gp7_vision_pipeline/msg/detail/box_detection__traits.hpp
[3.127s] -- Symlinking: /home/norman/pap_yaskawa_ws/install/gp7_vision_pipeline/include/gp7_vision_pipeline/gp7_vision_pipeline/msg/detail/box_detection__type_support.hpp
[3.134s] -- Symlinking: /home/norman/pap_yaskawa_ws/install/gp7_vision_pipeline/include/gp7_vision_pipeline/gp7_vision_pipeline/msg/rosidl_generator_cpp__visibility_control.hpp
[3.141s] -- Symlinking: /home/norman/pap_yaskawa_ws/install/gp7_vision_pipeline/include/gp7_vision_pipeline/gp7_vision_pipeline/msg/detail/box_detection__rosidl_typesupport_fastrtps_cpp.hpp
[3.148s] -- Symlinking: /home/norman/pap_yaskawa_ws/install/gp7_vision_pipeline/include/gp7_vision_pipeline/gp7_vision_pipeline/msg/rosidl_typesupport_fastrtps_cpp__visibility_control.h
[3.155s] -- Symlinking: /home/norman/pap_yaskawa_ws/install/gp7_vision_pipeline/include/gp7_vision_pipeline/gp7_vision_pipeline/msg/detail/box_detection__rosidl_typesupport_introspection_cpp.hpp
[3.162s] -- Symlinking: /home/norman/pap_yaskawa_ws/install/gp7_vision_pipeline/share/gp7_vision_pipeline/environment/pythonpath.sh
[3.169s] -- Symlinking: /home/norman/pap_yaskawa_ws/install/gp7_vision_pipeline/share/gp7_vision_pipeline/environment/pythonpath.dsv
[3.175s] -- Symlinking: /home/norman/pap_yaskawa_ws/install/gp7_vision_pipeline/local/lib/python3.10/dist-packages/gp7_vision_pipeline-0.1.0-py3.10.egg-info/PKG-INFO
[3.181s] -- Symlinking: /home/norman/pap_yaskawa_ws/install/gp7_vision_pipeline/local/lib/python3.10/dist-packages/gp7_vision_pipeline-0.1.0-py3.10.egg-info/SOURCES.txt
[3.187s] -- Symlinking: /home/norman/pap_yaskawa_ws/install/gp7_vision_pipeline/local/lib/python3.10/dist-packages/gp7_vision_pipeline-0.1.0-py3.10.egg-info/dependency_links.txt
[3.194s] -- Symlinking: /home/norman/pap_yaskawa_ws/install/gp7_vision_pipeline/local/lib/python3.10/dist-packages/gp7_vision_pipeline-0.1.0-py3.10.egg-info/top_level.txt
[3.201s] -- Symlinking: /home/norman/pap_yaskawa_ws/install/gp7_vision_pipeline/local/lib/python3.10/dist-packages/gp7_vision_pipeline/__init__.py
[3.206s] -- Symlinking: /home/norman/pap_yaskawa_ws/install/gp7_vision_pipeline/local/lib/python3.10/dist-packages/gp7_vision_pipeline/_gp7_vision_pipeline_s.ep.rosidl_typesupport_c.c
[3.213s] -- Symlinking: /home/norman/pap_yaskawa_ws/install/gp7_vision_pipeline/local/lib/python3.10/dist-packages/gp7_vision_pipeline/_gp7_vision_pipeline_s.ep.rosidl_typesupport_fastrtps_c.c
[3.220s] -- Symlinking: /home/norman/pap_yaskawa_ws/install/gp7_vision_pipeline/local/lib/python3.10/dist-packages/gp7_vision_pipeline/_gp7_vision_pipeline_s.ep.rosidl_typesupport_introspection_c.c
[3.227s] -- Symlinking: /home/norman/pap_yaskawa_ws/install/gp7_vision_pipeline/local/lib/python3.10/dist-packages/gp7_vision_pipeline/gp7_vision_pipeline_s__rosidl_typesupport_c.cpython-310-x86_64-linux-gnu.so
[3.234s] -- Symlinking: /home/norman/pap_yaskawa_ws/install/gp7_vision_pipeline/local/lib/python3.10/dist-packages/gp7_vision_pipeline/gp7_vision_pipeline_s__rosidl_typesupport_fastrtps_c.cpython-310-x86_64-linux-gnu.so
[3.240s] -- Symlinking: /home/norman/pap_yaskawa_ws/install/gp7_vision_pipeline/local/lib/python3.10/dist-packages/gp7_vision_pipeline/gp7_vision_pipeline_s__rosidl_typesupport_introspection_c.cpython-310-x86_64-linux-gnu.so
[3.247s] -- Symlinking: /home/norman/pap_yaskawa_ws/install/gp7_vision_pipeline/local/lib/python3.10/dist-packages/gp7_vision_pipeline/libgp7_vision_pipeline__rosidl_generator_py.so
[3.253s] -- Symlinking: /home/norman/pap_yaskawa_ws/install/gp7_vision_pipeline/local/lib/python3.10/dist-packages/gp7_vision_pipeline/msg/__init__.py
[3.259s] -- Symlinking: /home/norman/pap_yaskawa_ws/install/gp7_vision_pipeline/local/lib/python3.10/dist-packages/gp7_vision_pipeline/msg/_box_detection.py
[3.265s] -- Symlinking: /home/norman/pap_yaskawa_ws/install/gp7_vision_pipeline/local/lib/python3.10/dist-packages/gp7_vision_pipeline/msg/_box_detection_s.c
[3.272s] -- Up-to-date symlink: /home/norman/pap_yaskawa_ws/install/gp7_vision_pipeline/local/lib/python3.10/dist-packages/gp7_vision_pipeline/gp7_vision_pipeline_s__rosidl_typesupport_fastrtps_c.cpython-310-x86_64-linux-gnu.so
[3.272s] -- Up-to-date symlink: /home/norman/pap_yaskawa_ws/install/gp7_vision_pipeline/local/lib/python3.10/dist-packages/gp7_vision_pipeline/gp7_vision_pipeline_s__rosidl_typesupport_introspection_c.cpython-310-x86_64-linux-gnu.so
[3.272s] -- Up-to-date symlink: /home/norman/pap_yaskawa_ws/install/gp7_vision_pipeline/local/lib/python3.10/dist-packages/gp7_vision_pipeline/gp7_vision_pipeline_s__rosidl_typesupport_c.cpython-310-x86_64-linux-gnu.so
[3.272s] -- Symlinking: /home/norman/pap_yaskawa_ws/install/gp7_vision_pipeline/share/ament_index/resource_index/rust_packages/gp7_vision_pipeline
[3.280s] -- Symlinking: /home/norman/pap_yaskawa_ws/install/gp7_vision_pipeline/share/gp7_vision_pipeline/rust/Cargo.toml
[3.287s] -- Symlinking: /home/norman/pap_yaskawa_ws/install/gp7_vision_pipeline/share/gp7_vision_pipeline/rust/build.rs
[3.294s] -- Symlinking: /home/norman/pap_yaskawa_ws/install/gp7_vision_pipeline/share/gp7_vision_pipeline/rust/src/lib.rs
[3.301s] -- Symlinking: /home/norman/pap_yaskawa_ws/install/gp7_vision_pipeline/share/gp7_vision_pipeline/rust/src/msg.rs
[3.307s] -- Symlinking: /home/norman/pap_yaskawa_ws/install/gp7_vision_pipeline/share/gp7_vision_pipeline/rust/src/msg/rmw.rs
[3.314s] -- Symlinking: /home/norman/pap_yaskawa_ws/install/gp7_vision_pipeline/share/gp7_vision_pipeline/msg/BoxDetection.idl
[3.320s] -- Symlinking: /home/norman/pap_yaskawa_ws/install/gp7_vision_pipeline/share/gp7_vision_pipeline/msg/BoxDetection.msg
[3.327s] -- Symlinking: /home/norman/pap_yaskawa_ws/install/gp7_vision_pipeline/lib/gp7_vision_pipeline/vision_pipeline_placeholder
[3.332s] -- Symlinking: /home/norman/pap_yaskawa_ws/install/gp7_vision_pipeline/lib/gp7_vision_pipeline/realsense_depth_debug
[3.339s] -- Symlinking: /home/norman/pap_yaskawa_ws/install/gp7_vision_pipeline/lib/gp7_vision_pipeline/yolo_box_detector_node
[3.346s] -- Symlinking: /home/norman/pap_yaskawa_ws/install/gp7_vision_pipeline/share/gp7_vision_pipeline/launch/vision_pipeline.launch.py
[3.352s] -- Symlinking: /home/norman/pap_yaskawa_ws/install/gp7_vision_pipeline/share/gp7_vision_pipeline/launch/yolo_box_detector.launch.py
[3.359s] -- Symlinking: /home/norman/pap_yaskawa_ws/install/gp7_vision_pipeline/share/gp7_vision_pipeline/config/realsense_depth_debug.yaml
[3.366s] -- Symlinking: /home/norman/pap_yaskawa_ws/install/gp7_vision_pipeline/share/gp7_vision_pipeline/config/vision_pipeline.yaml
[3.372s] -- Symlinking: /home/norman/pap_yaskawa_ws/install/gp7_vision_pipeline/share/gp7_vision_pipeline/config/vision_sim_rgbd.yaml
[3.378s] -- Symlinking: /home/norman/pap_yaskawa_ws/install/gp7_vision_pipeline/share/gp7_vision_pipeline/config/yolo_box_detector.yaml
[3.385s] -- Symlinking: /home/norman/pap_yaskawa_ws/install/gp7_vision_pipeline/share/gp7_vision_pipeline/config/yolo_model.yaml
[3.391s] -- Symlinking: /home/norman/pap_yaskawa_ws/install/gp7_vision_pipeline/share/gp7_vision_pipeline/models/README.md
[3.398s] -- Symlinking: /home/norman/pap_yaskawa_ws/install/gp7_vision_pipeline/share/gp7_vision_pipeline/model/box_train_v2/BoxF1_curve.png
[3.405s] -- Symlinking: /home/norman/pap_yaskawa_ws/install/gp7_vision_pipeline/share/gp7_vision_pipeline/model/box_train_v2/BoxPR_curve.png
[3.411s] -- Symlinking: /home/norman/pap_yaskawa_ws/install/gp7_vision_pipeline/share/gp7_vision_pipeline/model/box_train_v2/BoxP_curve.png
[3.418s] -- Symlinking: /home/norman/pap_yaskawa_ws/install/gp7_vision_pipeline/share/gp7_vision_pipeline/model/box_train_v2/BoxR_curve.png
[3.423s] -- Symlinking: /home/norman/pap_yaskawa_ws/install/gp7_vision_pipeline/share/gp7_vision_pipeline/model/box_train_v2/args.yaml
[3.429s] -- Symlinking: /home/norman/pap_yaskawa_ws/install/gp7_vision_pipeline/share/gp7_vision_pipeline/model/box_train_v2/confusion_matrix.png
[3.435s] -- Symlinking: /home/norman/pap_yaskawa_ws/install/gp7_vision_pipeline/share/gp7_vision_pipeline/model/box_train_v2/confusion_matrix_normalized.png
[3.443s] -- Symlinking: /home/norman/pap_yaskawa_ws/install/gp7_vision_pipeline/share/gp7_vision_pipeline/model/box_train_v2/labels.jpg
[3.450s] -- Symlinking: /home/norman/pap_yaskawa_ws/install/gp7_vision_pipeline/share/gp7_vision_pipeline/model/box_train_v2/results.csv
[3.455s] -- Symlinking: /home/norman/pap_yaskawa_ws/install/gp7_vision_pipeline/share/gp7_vision_pipeline/model/box_train_v2/results.png
[3.461s] -- Symlinking: /home/norman/pap_yaskawa_ws/install/gp7_vision_pipeline/share/gp7_vision_pipeline/model/box_train_v2/train_batch0.jpg
[3.467s] -- Symlinking: /home/norman/pap_yaskawa_ws/install/gp7_vision_pipeline/share/gp7_vision_pipeline/model/box_train_v2/train_batch1.jpg
[3.473s] -- Symlinking: /home/norman/pap_yaskawa_ws/install/gp7_vision_pipeline/share/gp7_vision_pipeline/model/box_train_v2/train_batch2.jpg
[3.478s] -- Symlinking: /home/norman/pap_yaskawa_ws/install/gp7_vision_pipeline/share/gp7_vision_pipeline/model/box_train_v2/val_batch0_labels.jpg
[3.486s] -- Symlinking: /home/norman/pap_yaskawa_ws/install/gp7_vision_pipeline/share/gp7_vision_pipeline/model/box_train_v2/val_batch0_pred.jpg
[3.491s] -- Symlinking: /home/norman/pap_yaskawa_ws/install/gp7_vision_pipeline/share/gp7_vision_pipeline/model/box_train_v2/weights/README.md
[3.497s] -- Symlinking: /home/norman/pap_yaskawa_ws/install/gp7_vision_pipeline/share/gp7_vision_pipeline/model/box_train_v2/weights/best.pt
[3.505s] -- Symlinking: /home/norman/pap_yaskawa_ws/install/gp7_vision_pipeline/share/gp7_vision_pipeline/model/box_train_v2/weights/last.pt
[3.510s] -- Symlinking: /home/norman/pap_yaskawa_ws/install/gp7_vision_pipeline/share/ament_index/resource_index/package_run_dependencies/gp7_vision_pipeline
[3.515s] -- Symlinking: /home/norman/pap_yaskawa_ws/install/gp7_vision_pipeline/share/ament_index/resource_index/parent_prefix_path/gp7_vision_pipeline
[3.520s] -- Symlinking: /home/norman/pap_yaskawa_ws/install/gp7_vision_pipeline/share/gp7_vision_pipeline/environment/ament_prefix_path.sh
[3.528s] -- Symlinking: /home/norman/pap_yaskawa_ws/install/gp7_vision_pipeline/share/gp7_vision_pipeline/environment/ament_prefix_path.dsv
[3.534s] -- Symlinking: /home/norman/pap_yaskawa_ws/install/gp7_vision_pipeline/share/gp7_vision_pipeline/environment/path.sh
[3.540s] -- Symlinking: /home/norman/pap_yaskawa_ws/install/gp7_vision_pipeline/share/gp7_vision_pipeline/environment/path.dsv
[3.546s] -- Symlinking: /home/norman/pap_yaskawa_ws/install/gp7_vision_pipeline/share/gp7_vision_pipeline/local_setup.bash
[3.551s] -- Symlinking: /home/norman/pap_yaskawa_ws/install/gp7_vision_pipeline/share/gp7_vision_pipeline/local_setup.sh
[3.559s] -- Symlinking: /home/norman/pap_yaskawa_ws/install/gp7_vision_pipeline/share/gp7_vision_pipeline/local_setup.zsh
[3.566s] -- Symlinking: /home/norman/pap_yaskawa_ws/install/gp7_vision_pipeline/share/gp7_vision_pipeline/local_setup.dsv
[3.572s] -- Symlinking: /home/norman/pap_yaskawa_ws/install/gp7_vision_pipeline/share/gp7_vision_pipeline/package.dsv
[3.578s] -- Symlinking: /home/norman/pap_yaskawa_ws/install/gp7_vision_pipeline/share/ament_index/resource_index/packages/gp7_vision_pipeline
[3.583s] -- Symlinking: /home/norman/pap_yaskawa_ws/install/gp7_vision_pipeline/share/gp7_vision_pipeline/cmake/rosidl_cmake-extras.cmake
[3.589s] -- Symlinking: /home/norman/pap_yaskawa_ws/install/gp7_vision_pipeline/share/gp7_vision_pipeline/cmake/ament_cmake_export_dependencies-extras.cmake
[3.593s] -- Symlinking: /home/norman/pap_yaskawa_ws/install/gp7_vision_pipeline/share/gp7_vision_pipeline/cmake/ament_cmake_export_include_directories-extras.cmake
[3.598s] -- Symlinking: /home/norman/pap_yaskawa_ws/install/gp7_vision_pipeline/share/gp7_vision_pipeline/cmake/ament_cmake_export_libraries-extras.cmake
[3.605s] -- Symlinking: /home/norman/pap_yaskawa_ws/install/gp7_vision_pipeline/share/gp7_vision_pipeline/cmake/ament_cmake_export_targets-extras.cmake
[3.611s] -- Symlinking: /home/norman/pap_yaskawa_ws/install/gp7_vision_pipeline/share/gp7_vision_pipeline/cmake/rosidl_cmake_export_typesupport_targets-extras.cmake
[3.617s] -- Symlinking: /home/norman/pap_yaskawa_ws/install/gp7_vision_pipeline/share/gp7_vision_pipeline/cmake/rosidl_cmake_export_typesupport_libraries-extras.cmake
[3.622s] -- Symlinking: /home/norman/pap_yaskawa_ws/install/gp7_vision_pipeline/share/gp7_vision_pipeline/cmake/gp7_vision_pipelineConfig.cmake
[3.627s] -- Symlinking: /home/norman/pap_yaskawa_ws/install/gp7_vision_pipeline/share/gp7_vision_pipeline/cmake/gp7_vision_pipelineConfig-version.cmake
[3.632s] -- Symlinking: /home/norman/pap_yaskawa_ws/install/gp7_vision_pipeline/share/gp7_vision_pipeline/package.xml
[3.638s] -- Installing: /home/norman/pap_yaskawa_ws/install/gp7_vision_pipeline/lib/libgp7_vision_pipeline__rosidl_generator_c.so
[3.638s] -- Set runtime path of "/home/norman/pap_yaskawa_ws/install/gp7_vision_pipeline/lib/libgp7_vision_pipeline__rosidl_generator_c.so" to ""
[3.638s] -- Installing: /home/norman/pap_yaskawa_ws/install/gp7_vision_pipeline/lib/libgp7_vision_pipeline__rosidl_typesupport_fastrtps_c.so
[3.638s] -- Set runtime path of "/home/norman/pap_yaskawa_ws/install/gp7_vision_pipeline/lib/libgp7_vision_pipeline__rosidl_typesupport_fastrtps_c.so" to ""
[3.638s] -- Installing: /home/norman/pap_yaskawa_ws/install/gp7_vision_pipeline/lib/libgp7_vision_pipeline__rosidl_typesupport_introspection_c.so
[3.638s] -- Set runtime path of "/home/norman/pap_yaskawa_ws/install/gp7_vision_pipeline/lib/libgp7_vision_pipeline__rosidl_typesupport_introspection_c.so" to ""
[3.638s] -- Installing: /home/norman/pap_yaskawa_ws/install/gp7_vision_pipeline/lib/libgp7_vision_pipeline__rosidl_typesupport_c.so
[3.638s] -- Set runtime path of "/home/norman/pap_yaskawa_ws/install/gp7_vision_pipeline/lib/libgp7_vision_pipeline__rosidl_typesupport_c.so" to ""
[3.638s] -- Installing: /home/norman/pap_yaskawa_ws/install/gp7_vision_pipeline/lib/libgp7_vision_pipeline__rosidl_typesupport_fastrtps_cpp.so
[3.638s] -- Set runtime path of "/home/norman/pap_yaskawa_ws/install/gp7_vision_pipeline/lib/libgp7_vision_pipeline__rosidl_typesupport_fastrtps_cpp.so" to ""
[3.638s] -- Installing: /home/norman/pap_yaskawa_ws/install/gp7_vision_pipeline/lib/libgp7_vision_pipeline__rosidl_typesupport_introspection_cpp.so
[3.639s] -- Set runtime path of "/home/norman/pap_yaskawa_ws/install/gp7_vision_pipeline/lib/libgp7_vision_pipeline__rosidl_typesupport_introspection_cpp.so" to ""
[3.639s] -- Installing: /home/norman/pap_yaskawa_ws/install/gp7_vision_pipeline/lib/libgp7_vision_pipeline__rosidl_typesupport_cpp.so
[3.639s] -- Set runtime path of "/home/norman/pap_yaskawa_ws/install/gp7_vision_pipeline/lib/libgp7_vision_pipeline__rosidl_typesupport_cpp.so" to ""
[3.667s] Listing '/home/norman/pap_yaskawa_ws/install/gp7_vision_pipeline/local/lib/python3.10/dist-packages/gp7_vision_pipeline'...
[3.668s] Compiling '/home/norman/pap_yaskawa_ws/install/gp7_vision_pipeline/local/lib/python3.10/dist-packages/gp7_vision_pipeline/__init__.py'...
[3.668s] Listing '/home/norman/pap_yaskawa_ws/install/gp7_vision_pipeline/local/lib/python3.10/dist-packages/gp7_vision_pipeline/msg'...
[3.668s] Compiling '/home/norman/pap_yaskawa_ws/install/gp7_vision_pipeline/local/lib/python3.10/dist-packages/gp7_vision_pipeline/msg/__init__.py'...
[3.668s] Compiling '/home/norman/pap_yaskawa_ws/install/gp7_vision_pipeline/local/lib/python3.10/dist-packages/gp7_vision_pipeline/msg/_box_detection.py'...
[3.671s] -- Installing: /home/norman/pap_yaskawa_ws/install/gp7_vision_pipeline/lib/libgp7_vision_pipeline__rosidl_generator_py.so
[3.671s] -- Set runtime path of "/home/norman/pap_yaskawa_ws/install/gp7_vision_pipeline/lib/libgp7_vision_pipeline__rosidl_generator_py.so" to ""
[3.671s] -- Up-to-date: /home/norman/pap_yaskawa_ws/install/gp7_vision_pipeline/local/lib/python3.10/dist-packages/gp7_vision_pipeline
[3.672s] -- Installing: /home/norman/pap_yaskawa_ws/install/gp7_vision_pipeline/local/lib/python3.10/dist-packages/gp7_vision_pipeline/__init__.py
[3.672s] -- Installing: /home/norman/pap_yaskawa_ws/install/gp7_vision_pipeline/local/lib/python3.10/dist-packages/gp7_vision_pipeline/vision_pipeline_placeholder_node.py
[3.672s] -- Installing: /home/norman/pap_yaskawa_ws/install/gp7_vision_pipeline/local/lib/python3.10/dist-packages/gp7_vision_pipeline/yolo_box_detector_node.py
[3.672s] -- Installing: /home/norman/pap_yaskawa_ws/install/gp7_vision_pipeline/local/lib/python3.10/dist-packages/gp7_vision_pipeline/depth_utils.py
[3.672s] -- Installing: /home/norman/pap_yaskawa_ws/install/gp7_vision_pipeline/local/lib/python3.10/dist-packages/gp7_vision_pipeline/detection_visualizer.py
[3.672s] -- Installing: /home/norman/pap_yaskawa_ws/install/gp7_vision_pipeline/local/lib/python3.10/dist-packages/gp7_vision_pipeline/realsense_depth_debug_node.py
[3.672s] -- Installing: /home/norman/pap_yaskawa_ws/install/gp7_vision_pipeline/share/gp7_vision_pipeline/cmake/export_gp7_vision_pipeline__rosidl_generator_cExport.cmake
[3.672s] -- Installing: /home/norman/pap_yaskawa_ws/install/gp7_vision_pipeline/share/gp7_vision_pipeline/cmake/export_gp7_vision_pipeline__rosidl_generator_cExport-noconfig.cmake
[3.672s] -- Installing: /home/norman/pap_yaskawa_ws/install/gp7_vision_pipeline/share/gp7_vision_pipeline/cmake/export_gp7_vision_pipeline__rosidl_typesupport_fastrtps_cExport.cmake
[3.672s] -- Installing: /home/norman/pap_yaskawa_ws/install/gp7_vision_pipeline/share/gp7_vision_pipeline/cmake/export_gp7_vision_pipeline__rosidl_typesupport_fastrtps_cExport-noconfig.cmake
[3.672s] -- Installing: /home/norman/pap_yaskawa_ws/install/gp7_vision_pipeline/share/gp7_vision_pipeline/cmake/gp7_vision_pipeline__rosidl_typesupport_introspection_cExport.cmake
[3.672s] -- Installing: /home/norman/pap_yaskawa_ws/install/gp7_vision_pipeline/share/gp7_vision_pipeline/cmake/gp7_vision_pipeline__rosidl_typesupport_introspection_cExport-noconfig.cmake
[3.672s] -- Installing: /home/norman/pap_yaskawa_ws/install/gp7_vision_pipeline/share/gp7_vision_pipeline/cmake/gp7_vision_pipeline__rosidl_typesupport_cExport.cmake
[3.672s] -- Installing: /home/norman/pap_yaskawa_ws/install/gp7_vision_pipeline/share/gp7_vision_pipeline/cmake/gp7_vision_pipeline__rosidl_typesupport_cExport-noconfig.cmake
[3.673s] -- Installing: /home/norman/pap_yaskawa_ws/install/gp7_vision_pipeline/share/gp7_vision_pipeline/cmake/export_gp7_vision_pipeline__rosidl_generator_cppExport.cmake
[3.673s] -- Installing: /home/norman/pap_yaskawa_ws/install/gp7_vision_pipeline/share/gp7_vision_pipeline/cmake/export_gp7_vision_pipeline__rosidl_typesupport_fastrtps_cppExport.cmake
[3.673s] -- Installing: /home/norman/pap_yaskawa_ws/install/gp7_vision_pipeline/share/gp7_vision_pipeline/cmake/export_gp7_vision_pipeline__rosidl_typesupport_fastrtps_cppExport-noconfig.cmake
[3.673s] -- Installing: /home/norman/pap_yaskawa_ws/install/gp7_vision_pipeline/share/gp7_vision_pipeline/cmake/gp7_vision_pipeline__rosidl_typesupport_introspection_cppExport.cmake
[3.673s] -- Installing: /home/norman/pap_yaskawa_ws/install/gp7_vision_pipeline/share/gp7_vision_pipeline/cmake/gp7_vision_pipeline__rosidl_typesupport_introspection_cppExport-noconfig.cmake
[3.673s] -- Installing: /home/norman/pap_yaskawa_ws/install/gp7_vision_pipeline/share/gp7_vision_pipeline/cmake/gp7_vision_pipeline__rosidl_typesupport_cppExport.cmake
[3.673s] -- Installing: /home/norman/pap_yaskawa_ws/install/gp7_vision_pipeline/share/gp7_vision_pipeline/cmake/gp7_vision_pipeline__rosidl_typesupport_cppExport-noconfig.cmake
[3.673s] -- Installing: /home/norman/pap_yaskawa_ws/install/gp7_vision_pipeline/share/gp7_vision_pipeline/cmake/export_gp7_vision_pipeline__rosidl_generator_pyExport.cmake
[3.673s] -- Installing: /home/norman/pap_yaskawa_ws/install/gp7_vision_pipeline/share/gp7_vision_pipeline/cmake/export_gp7_vision_pipeline__rosidl_generator_pyExport-noconfig.cmake
[3.675s] Invoked command in '/home/norman/pap_yaskawa_ws/build/gp7_vision_pipeline' returned '0': CMAKE_PREFIX_PATH=${CMAKE_PREFIX_PATH}:/opt/ros/humble /usr/bin/cmake --install /home/norman/pap_yaskawa_ws/build/gp7_vision_pipeline
