[0.008s] Invoking command in '/home/norman/pap_yaskawa_ws/build/gp7_task_executor': CMAKE_PREFIX_PATH=/home/norman/pap_yaskawa_ws/install/gp7_task_executor_msgs:/home/norman/pap_yaskawa_ws/install/gp7_gazebo_classic:/home/norman/pap_yaskawa_ws/install/gp7_vision_bringup:/home/norman/pap_yaskawa_ws/install/gp7_vision_pipeline:/home/norman/pap_yaskawa_ws/install/gp7_vision_gazebo_bridge:/home/norman/pap_yaskawa_ws/install/gp7_moveit_config:/home/norman/pap_yaskawa_ws/install/gp7_handeye_calibration:/home/norman/pap_yaskawa_ws/install/gp7_bringup:/home/norman/pap_yaskawa_ws/install/gp7_description:/home/norman/pap_yaskawa_ws/install/gp7_task_executor:/opt/ros/humble LD_LIBRARY_PATH=/home/norman/pap_yaskawa_ws/install/gp7_task_executor_msgs/lib:/home/norman/pap_yaskawa_ws/install/gp7_vision_pipeline/lib:/usr/lib/x86_64-linux-gnu/gazebo-11/plugins:/opt/ros/humble/opt/rviz_ogre_vendor/lib:/opt/ros/humble/lib/x86_64-linux-gnu:/opt/ros/humble/lib /usr/bin/cmake /home/norman/pap_yaskawa_ws/src/gp7_task_executor -DAMENT_CMAKE_SYMLINK_INSTALL=1 -DCMAKE_INSTALL_PREFIX=/home/norman/pap_yaskawa_ws/install/gp7_task_executor
[0.044s] -- The C compiler identification is GNU 11.4.0
[0.079s] -- The CXX compiler identification is GNU 11.4.0
[0.084s] -- Detecting C compiler ABI info
[0.133s] -- Detecting C compiler ABI info - done
[0.140s] -- Check for working C compiler: /usr/bin/cc - skipped
[0.140s] -- Detecting C compile features
[0.140s] -- Detecting C compile features - done
[0.142s] -- Detecting CXX compiler ABI info
[0.200s] -- Detecting CXX compiler ABI info - done
[0.205s] -- Check for working CXX compiler: /usr/bin/c++ - skipped
[0.205s] -- Detecting CXX compile features
[0.205s] -- Detecting CXX compile features - done
[0.207s] -- Found ament_cmake: 1.3.14 (/opt/ros/humble/share/ament_cmake/cmake)
[0.311s] -- Found Python3: /usr/bin/python3 (found version "3.10.12") found components: Interpreter 
[0.355s] -- Override CMake install command with custom implementation using symlinks instead of copying resources
[0.376s] -- Found rclcpp: 16.0.19 (/opt/ros/humble/share/rclcpp/cmake)
[0.408s] -- Found rosidl_generator_c: 3.1.8 (/opt/ros/humble/share/rosidl_generator_c/cmake)
[0.412s] -- Found rosidl_adapter: 3.1.8 (/opt/ros/humble/share/rosidl_adapter/cmake)
[0.418s] -- Found rosidl_generator_cpp: 3.1.8 (/opt/ros/humble/share/rosidl_generator_cpp/cmake)
[0.427s] -- Using all available rosidl_typesupport_c: rosidl_typesupport_fastrtps_c;rosidl_typesupport_introspection_c
[0.438s] -- Using all available rosidl_typesupport_cpp: rosidl_typesupport_fastrtps_cpp;rosidl_typesupport_introspection_cpp
[0.469s] -- Found rmw_implementation_cmake: 6.1.2 (/opt/ros/humble/share/rmw_implementation_cmake/cmake)
[0.471s] -- Found rmw_fastrtps_cpp: 6.2.10 (/opt/ros/humble/share/rmw_fastrtps_cpp/cmake)
[0.537s] -- Found OpenSSL: /usr/lib/x86_64-linux-gnu/libcrypto.so (found version "3.0.2")  
[0.558s] -- Found FastRTPS: /opt/ros/humble/include  
[0.584s] -- Using RMW implementation 'rmw_fastrtps_cpp' as default
[0.589s] -- Looking for pthread.h
[0.644s] -- Looking for pthread.h - found
[0.644s] -- Performing Test CMAKE_HAVE_LIBC_PTHREAD
[0.712s] -- Performing Test CMAKE_HAVE_LIBC_PTHREAD - Success
[0.713s] -- Found Threads: TRUE  
[0.746s] -- Found geometry_msgs: 4.9.1 (/opt/ros/humble/share/geometry_msgs/cmake)
[0.755s] -- Found moveit_ros_planning_interface: 2.5.9 (/opt/ros/humble/share/moveit_ros_planning_interface/cmake)
[0.771s] -- Found Boost: /usr/lib/x86_64-linux-gnu/cmake/Boost-1.74.0/BoostConfig.cmake (found version "1.74.0") found components: date_time filesystem program_options system thread 
[0.881s] -- Found Boost: /usr/lib/x86_64-linux-gnu/cmake/Boost-1.74.0/BoostConfig.cmake (found version "1.74.0") found components: chrono date_time filesystem iostreams program_options regex serialization system thread 
[0.909s] -- Found parameter_traits: 0.7.1 (/opt/ros/humble/share/parameter_traits/cmake)
[0.920s] -- Found rclcpp_lifecycle: 16.0.19 (/opt/ros/humble/share/rclcpp_lifecycle/cmake)
[0.937s] -- Found Boost: /usr/lib/x86_64-linux-gnu/cmake/Boost-1.74.0/BoostConfig.cmake (found version "1.74.0") found components: filesystem 
[1.015s] -- library: /usr/lib/x86_64-linux-gnu/libcurl.so
[1.039s] -- Found Eigen3: TRUE (found version "3.4.0") 
[1.040s] -- Ensuring Eigen3 include directory is part of orocos-kdl CMake target
[1.131s] -- Found Boost: /usr/lib/x86_64-linux-gnu/cmake/Boost-1.74.0/BoostConfig.cmake (found version "1.74.0") found components: system filesystem date_time program_options thread chrono 
[1.153s] -- Found Boost: /usr/lib/x86_64-linux-gnu/cmake/Boost-1.74.0/BoostConfig.cmake (found version "1.74.0") found components: thread system filesystem regex date_time program_options 
[1.169s] -- Found Boost: /usr/lib/x86_64-linux-gnu/cmake/Boost-1.74.0/BoostConfig.cmake (found version "1.74.0") found components: system filesystem date_time program_options thread 
[1.188s] -- Found gp7_task_executor_msgs: 1.0.0 (/home/norman/pap_yaskawa_ws/install/gp7_task_executor_msgs/share/gp7_task_executor_msgs/cmake)
[1.199s] -- Found ament_lint_auto: 0.12.15 (/opt/ros/humble/share/ament_lint_auto/cmake)
[1.251s] -- Added test 'cppcheck' to perform static code analysis on C / C++ code
[1.252s] -- Configured cppcheck include dirs: /home/norman/pap_yaskawa_ws/src/gp7_task_executor/include
[1.252s] -- Configured cppcheck exclude dirs and/or files: 
[1.252s] -- Added test 'flake8' to check Python code syntax and style conventions
[1.252s] -- Added test 'lint_cmake' to check CMake code style
[1.253s] -- Added test 'pep257' to check Python code against some of the docstring style conventions in PEP 257
[1.253s] -- Added test 'uncrustify' to check C / C++ code style
[1.253s] -- Configured uncrustify additional arguments: 
[1.254s] -- Added test 'xmllint' to check XML markup files
[1.254s] -- Configuring done
[1.269s] -- Generating done
[1.274s] -- Build files have been written to: /home/norman/pap_yaskawa_ws/build/gp7_task_executor
[1.283s] Invoked command in '/home/norman/pap_yaskawa_ws/build/gp7_task_executor' returned '0': CMAKE_PREFIX_PATH=/home/norman/pap_yaskawa_ws/install/gp7_task_executor_msgs:/home/norman/pap_yaskawa_ws/install/gp7_gazebo_classic:/home/norman/pap_yaskawa_ws/install/gp7_vision_bringup:/home/norman/pap_yaskawa_ws/install/gp7_vision_pipeline:/home/norman/pap_yaskawa_ws/install/gp7_vision_gazebo_bridge:/home/norman/pap_yaskawa_ws/install/gp7_moveit_config:/home/norman/pap_yaskawa_ws/install/gp7_handeye_calibration:/home/norman/pap_yaskawa_ws/install/gp7_bringup:/home/norman/pap_yaskawa_ws/install/gp7_description:/home/norman/pap_yaskawa_ws/install/gp7_task_executor:/opt/ros/humble LD_LIBRARY_PATH=/home/norman/pap_yaskawa_ws/install/gp7_task_executor_msgs/lib:/home/norman/pap_yaskawa_ws/install/gp7_vision_pipeline/lib:/usr/lib/x86_64-linux-gnu/gazebo-11/plugins:/opt/ros/humble/opt/rviz_ogre_vendor/lib:/opt/ros/humble/lib/x86_64-linux-gnu:/opt/ros/humble/lib /usr/bin/cmake /home/norman/pap_yaskawa_ws/src/gp7_task_executor -DAMENT_CMAKE_SYMLINK_INSTALL=1 -DCMAKE_INSTALL_PREFIX=/home/norman/pap_yaskawa_ws/install/gp7_task_executor
[1.284s] Invoking command in '/home/norman/pap_yaskawa_ws/build/gp7_task_executor': CMAKE_PREFIX_PATH=/home/norman/pap_yaskawa_ws/install/gp7_task_executor_msgs:/home/norman/pap_yaskawa_ws/install/gp7_gazebo_classic:/home/norman/pap_yaskawa_ws/install/gp7_vision_bringup:/home/norman/pap_yaskawa_ws/install/gp7_vision_pipeline:/home/norman/pap_yaskawa_ws/install/gp7_vision_gazebo_bridge:/home/norman/pap_yaskawa_ws/install/gp7_moveit_config:/home/norman/pap_yaskawa_ws/install/gp7_handeye_calibration:/home/norman/pap_yaskawa_ws/install/gp7_bringup:/home/norman/pap_yaskawa_ws/install/gp7_description:/home/norman/pap_yaskawa_ws/install/gp7_task_executor:/opt/ros/humble LD_LIBRARY_PATH=/home/norman/pap_yaskawa_ws/install/gp7_task_executor_msgs/lib:/home/norman/pap_yaskawa_ws/install/gp7_vision_pipeline/lib:/usr/lib/x86_64-linux-gnu/gazebo-11/plugins:/opt/ros/humble/opt/rviz_ogre_vendor/lib:/opt/ros/humble/lib/x86_64-linux-gnu:/opt/ros/humble/lib /usr/bin/cmake --build /home/norman/pap_yaskawa_ws/build/gp7_task_executor -- -j20 -l20
[1.325s] [ 50%] [32mBuilding CXX object CMakeFiles/task_executor_node.dir/src/task_executor_node.cpp.o[0m
[6.563s] [100%] [32m[1mLinking CXX executable task_executor_node[0m
[6.815s] [100%] Built target task_executor_node
[6.823s] Invoked command in '/home/norman/pap_yaskawa_ws/build/gp7_task_executor' returned '0': CMAKE_PREFIX_PATH=/home/norman/pap_yaskawa_ws/install/gp7_task_executor_msgs:/home/norman/pap_yaskawa_ws/install/gp7_gazebo_classic:/home/norman/pap_yaskawa_ws/install/gp7_vision_bringup:/home/norman/pap_yaskawa_ws/install/gp7_vision_pipeline:/home/norman/pap_yaskawa_ws/install/gp7_vision_gazebo_bridge:/home/norman/pap_yaskawa_ws/install/gp7_moveit_config:/home/norman/pap_yaskawa_ws/install/gp7_handeye_calibration:/home/norman/pap_yaskawa_ws/install/gp7_bringup:/home/norman/pap_yaskawa_ws/install/gp7_description:/home/norman/pap_yaskawa_ws/install/gp7_task_executor:/opt/ros/humble LD_LIBRARY_PATH=/home/norman/pap_yaskawa_ws/install/gp7_task_executor_msgs/lib:/home/norman/pap_yaskawa_ws/install/gp7_vision_pipeline/lib:/usr/lib/x86_64-linux-gnu/gazebo-11/plugins:/opt/ros/humble/opt/rviz_ogre_vendor/lib:/opt/ros/humble/lib/x86_64-linux-gnu:/opt/ros/humble/lib /usr/bin/cmake --build /home/norman/pap_yaskawa_ws/build/gp7_task_executor -- -j20 -l20
[6.824s] Invoking command in '/home/norman/pap_yaskawa_ws/build/gp7_task_executor': CMAKE_PREFIX_PATH=/home/norman/pap_yaskawa_ws/install/gp7_task_executor_msgs:/home/norman/pap_yaskawa_ws/install/gp7_gazebo_classic:/home/norman/pap_yaskawa_ws/install/gp7_vision_bringup:/home/norman/pap_yaskawa_ws/install/gp7_vision_pipeline:/home/norman/pap_yaskawa_ws/install/gp7_vision_gazebo_bridge:/home/norman/pap_yaskawa_ws/install/gp7_moveit_config:/home/norman/pap_yaskawa_ws/install/gp7_handeye_calibration:/home/norman/pap_yaskawa_ws/install/gp7_bringup:/home/norman/pap_yaskawa_ws/install/gp7_description:/home/norman/pap_yaskawa_ws/install/gp7_task_executor:/opt/ros/humble LD_LIBRARY_PATH=/home/norman/pap_yaskawa_ws/install/gp7_task_executor_msgs/lib:/home/norman/pap_yaskawa_ws/install/gp7_vision_pipeline/lib:/usr/lib/x86_64-linux-gnu/gazebo-11/plugins:/opt/ros/humble/opt/rviz_ogre_vendor/lib:/opt/ros/humble/lib/x86_64-linux-gnu:/opt/ros/humble/lib /usr/bin/cmake --install /home/norman/pap_yaskawa_ws/build/gp7_task_executor
[6.830s] -- Install configuration: ""
[6.830s] -- Execute custom install script
[6.830s] -- Symlinking: /home/norman/pap_yaskawa_ws/install/gp7_task_executor/lib/gp7_task_executor/task_executor_node
[6.835s] -- Symlinking: /home/norman/pap_yaskawa_ws/install/gp7_task_executor/share/gp7_task_executor/launch/task_executor.launch.py
[6.842s] -- Symlinking: /home/norman/pap_yaskawa_ws/install/gp7_task_executor/share/gp7_task_executor/config/task_executor.yaml
[6.848s] -- Symlinking: /home/norman/pap_yaskawa_ws/install/gp7_task_executor/share/ament_index/resource_index/package_run_dependencies/gp7_task_executor
[6.853s] -- Symlinking: /home/norman/pap_yaskawa_ws/install/gp7_task_executor/share/ament_index/resource_index/parent_prefix_path/gp7_task_executor
[6.860s] -- Symlinking: /home/norman/pap_yaskawa_ws/install/gp7_task_executor/share/gp7_task_executor/environment/ament_prefix_path.sh
[6.864s] -- Symlinking: /home/norman/pap_yaskawa_ws/install/gp7_task_executor/share/gp7_task_executor/environment/ament_prefix_path.dsv
[6.870s] -- Symlinking: /home/norman/pap_yaskawa_ws/install/gp7_task_executor/share/gp7_task_executor/environment/path.sh
[6.875s] -- Symlinking: /home/norman/pap_yaskawa_ws/install/gp7_task_executor/share/gp7_task_executor/environment/path.dsv
[6.882s] -- Symlinking: /home/norman/pap_yaskawa_ws/install/gp7_task_executor/share/gp7_task_executor/local_setup.bash
[6.888s] -- Symlinking: /home/norman/pap_yaskawa_ws/install/gp7_task_executor/share/gp7_task_executor/local_setup.sh
[6.893s] -- Symlinking: /home/norman/pap_yaskawa_ws/install/gp7_task_executor/share/gp7_task_executor/local_setup.zsh
[6.898s] -- Symlinking: /home/norman/pap_yaskawa_ws/install/gp7_task_executor/share/gp7_task_executor/local_setup.dsv
[6.904s] -- Symlinking: /home/norman/pap_yaskawa_ws/install/gp7_task_executor/share/gp7_task_executor/package.dsv
[6.909s] -- Symlinking: /home/norman/pap_yaskawa_ws/install/gp7_task_executor/share/ament_index/resource_index/packages/gp7_task_executor
[6.915s] -- Symlinking: /home/norman/pap_yaskawa_ws/install/gp7_task_executor/share/gp7_task_executor/cmake/gp7_task_executorConfig.cmake
[6.920s] -- Symlinking: /home/norman/pap_yaskawa_ws/install/gp7_task_executor/share/gp7_task_executor/cmake/gp7_task_executorConfig-version.cmake
[6.925s] -- Symlinking: /home/norman/pap_yaskawa_ws/install/gp7_task_executor/share/gp7_task_executor/package.xml
[6.932s] Invoked command in '/home/norman/pap_yaskawa_ws/build/gp7_task_executor' returned '0': CMAKE_PREFIX_PATH=/home/norman/pap_yaskawa_ws/install/gp7_task_executor_msgs:/home/norman/pap_yaskawa_ws/install/gp7_gazebo_classic:/home/norman/pap_yaskawa_ws/install/gp7_vision_bringup:/home/norman/pap_yaskawa_ws/install/gp7_vision_pipeline:/home/norman/pap_yaskawa_ws/install/gp7_vision_gazebo_bridge:/home/norman/pap_yaskawa_ws/install/gp7_moveit_config:/home/norman/pap_yaskawa_ws/install/gp7_handeye_calibration:/home/norman/pap_yaskawa_ws/install/gp7_bringup:/home/norman/pap_yaskawa_ws/install/gp7_description:/home/norman/pap_yaskawa_ws/install/gp7_task_executor:/opt/ros/humble LD_LIBRARY_PATH=/home/norman/pap_yaskawa_ws/install/gp7_task_executor_msgs/lib:/home/norman/pap_yaskawa_ws/install/gp7_vision_pipeline/lib:/usr/lib/x86_64-linux-gnu/gazebo-11/plugins:/opt/ros/humble/opt/rviz_ogre_vendor/lib:/opt/ros/humble/lib/x86_64-linux-gnu:/opt/ros/humble/lib /usr/bin/cmake --install /home/norman/pap_yaskawa_ws/build/gp7_task_executor
