[37;1m2026-03-25 13:42:44.326 [31;1m[[37;1mRTPS_TRANSPORT_SHM[31;1m Error] [37mFailed to create segment 7dd6bd4e54673b14: Permission denied[34;1m -> Function [36mcompute_per_allocation_extra_size[m
[37;1m2026-03-25 13:42:44.326 [31;1m[[37;1mRTPS_TRANSPORT_SHM[31;1m Error] [37mFailed to create Shared Memory Manager for domain fastrtps: Permission denied[34;1m -> Function [36mcreate[m
[37;1m2026-03-25 13:42:44.326 [31;1m[[37;1mRTPS_PARTICIPANT[31;1m Error] [37mUnable to Register SHM Transport. SHM Transport is not supported in the current platform.[34;1m -> Function [36mRTPSParticipantImpl[m
[INFO] [1774420964.616880942] [gp7_joint_space_demo_loop]: Demo configured: joint_names=['joint_s', 'joint_l', 'joint_u', 'joint_r', 'joint_b', 'joint_t'] tol=0.050 plan_only=False delay=1.00s max_cycles=1
[INFO] [1774420964.618512823] [gp7_joint_space_demo_loop]: Waiting for move_to_joint_goal service...
Traceback (most recent call last):
  File "/home/norman/pap_yaskawa_ws/install/gp7_task_executor/local/lib/python3.10/dist-packages/gp7_task_executor/joint_space_demo_loop_node.py", line 208, in main
    node.run()
  File "/home/norman/pap_yaskawa_ws/install/gp7_task_executor/local/lib/python3.10/dist-packages/gp7_task_executor/joint_space_demo_loop_node.py", line 149, in run
    if not self._client.wait_for_service(timeout_sec=120.0):
  File "/opt/ros/humble/local/lib/python3.10/dist-packages/rclpy/client.py", line 180, in wait_for_service
    return self.service_is_ready()
  File "/opt/ros/humble/local/lib/python3.10/dist-packages/rclpy/client.py", line 160, in service_is_ready
    return self.__client.service_server_is_available()
rclpy._rclpy_pybind11.RCLError: failed to check service availability: rcl node's context is invalid, at ./src/rcl/node.c:428

During handling of the above exception, another exception occurred:

Traceback (most recent call last):
  File "/home/norman/pap_yaskawa_ws/install/gp7_task_executor/lib/gp7_task_executor/demo_joint_space_loop_node", line 8, in <module>
    main(sys.argv)
  File "/home/norman/pap_yaskawa_ws/install/gp7_task_executor/local/lib/python3.10/dist-packages/gp7_task_executor/joint_space_demo_loop_node.py", line 213, in main
    rclpy.shutdown()
  File "/opt/ros/humble/local/lib/python3.10/dist-packages/rclpy/__init__.py", line 130, in shutdown
    _shutdown(context=context)
  File "/opt/ros/humble/local/lib/python3.10/dist-packages/rclpy/utilities.py", line 58, in shutdown
    return context.shutdown()
  File "/opt/ros/humble/local/lib/python3.10/dist-packages/rclpy/context.py", line 102, in shutdown
    self.__context.shutdown()
rclpy._rclpy_pybind11.RCLError: failed to shutdown: rcl_shutdown already called on the given context, at ./src/rcl/init.c:241
