The daemon is not running
[INFO] [1774493191.432887979] [gp7_verify_plan_execute]: Waiting for /move_action (MoveGroup) server...
[INFO] [1774493191.434485911] [gp7_verify_plan_execute]: Waiting for /arm_controller/follow_joint_trajectory ...
[INFO] [1774493191.435787042] [gp7_verify_plan_execute]: Waiting for /joint_states...
[INFO] [1774493191.440920189] [gp7_verify_plan_execute]: Sending MoveGroup goal (plan + execute)...
[INFO] [1774493195.132519020] [gp7_verify_plan_execute]: MoveIt error_code=1 planning_time=0.000
[INFO] [1774493195.133698357] [gp7_verify_plan_execute]: PASS: plan + execute reported SUCCESS
[INFO] [1774493200.294249610] [gp7_verify_fake_stack]: Waiting for /move_action (MoveGroup) server...
[INFO] [1774493202.549513537] [gp7_verify_fake_stack]: Waiting for /arm_controller/follow_joint_trajectory ...
[INFO] [1774493202.550808674] [gp7_verify_fake_stack]: Waiting for /joint_states...
[INFO] [1774493202.556586417] [gp7_verify_fake_stack]: Sending MoveGroup goal (plan + execute)...
[INFO] [1774493205.973994754] [gp7_verify_fake_stack]: MoveIt error_code=1 planning_time=0.000
[INFO] [1774493205.975149758] [gp7_verify_fake_stack]: PASS: plan + execute reported SUCCESS
[INFO] [1774493205.976173932] [gp7_verify_fake_stack]: Repeat pass 2/2 ...
[INFO] [1774493207.979513434] [gp7_verify_fake_stack]: Waiting for /move_action (MoveGroup) server...
[INFO] [1774493207.980486652] [gp7_verify_fake_stack]: Waiting for /arm_controller/follow_joint_trajectory ...
[INFO] [1774493207.981596154] [gp7_verify_fake_stack]: Waiting for /joint_states...
[INFO] [1774493207.984340708] [gp7_verify_fake_stack]: Sending MoveGroup goal (plan + execute)...
[INFO] [1774493210.601121434] [gp7_verify_fake_stack]: MoveIt error_code=1 planning_time=0.000
[INFO] [1774493210.602241256] [gp7_verify_fake_stack]: PASS: plan + execute reported SUCCESS
