The daemon is not running
[INFO] [1774493637.646517655] [gp7_verify_plan_execute]: Waiting for /move_action (MoveGroup) server...
[INFO] [1774493637.648222727] [gp7_verify_plan_execute]: Waiting for /arm_controller/follow_joint_trajectory ...
[INFO] [1774493637.648734080] [gp7_verify_plan_execute]: Waiting for /joint_states...
[INFO] [1774493637.651724230] [gp7_verify_plan_execute]: Sending MoveGroup goal (plan + execute)...
[INFO] [1774493640.679731400] [gp7_verify_plan_execute]: MoveIt error_code=1 planning_time=0.000
[INFO] [1774493640.681217956] [gp7_verify_plan_execute]: PASS: plan + execute reported SUCCESS
[INFO] [1774493645.937071805] [gp7_verify_fake_stack]: Waiting for /move_action (MoveGroup) server...
[INFO] [1774493645.938573571] [gp7_verify_fake_stack]: Waiting for /arm_controller/follow_joint_trajectory ...
[INFO] [1774493645.940098355] [gp7_verify_fake_stack]: Waiting for /joint_states...
[INFO] [1774493645.947638301] [gp7_verify_fake_stack]: Sending MoveGroup goal (plan + execute)...
[INFO] [1774493650.208138388] [gp7_verify_fake_stack]: MoveIt error_code=1 planning_time=0.000
[INFO] [1774493650.209391132] [gp7_verify_fake_stack]: PASS: plan + execute reported SUCCESS
[INFO] [1774493650.210944764] [gp7_verify_fake_stack]: Repeat pass 2/2 ...
[INFO] [1774493652.214460560] [gp7_verify_fake_stack]: Waiting for /move_action (MoveGroup) server...
[INFO] [1774493652.216170101] [gp7_verify_fake_stack]: Waiting for /arm_controller/follow_joint_trajectory ...
[INFO] [1774493652.217623543] [gp7_verify_fake_stack]: Waiting for /joint_states...
[INFO] [1774493652.220705619] [gp7_verify_fake_stack]: Sending MoveGroup goal (plan + execute)...
[INFO] [1774493655.889116668] [gp7_verify_fake_stack]: MoveIt error_code=1 planning_time=0.000
[INFO] [1774493655.890508556] [gp7_verify_fake_stack]: PASS: plan + execute reported SUCCESS
