The daemon is not running
[INFO] [1774494898.199643896] [gp7_verify_plan_execute]: Waiting for /move_action (MoveGroup) server...
[INFO] [1774494898.201402561] [gp7_verify_plan_execute]: Waiting for /arm_controller/follow_joint_trajectory ...
[INFO] [1774494898.203121520] [gp7_verify_plan_execute]: Waiting for /joint_states...
[INFO] [1774494898.207996931] [gp7_verify_plan_execute]: Sending MoveGroup goal (plan + execute)...
[INFO] [1774494900.968959483] [gp7_verify_plan_execute]: MoveIt error_code=1 planning_time=0.000
[INFO] [1774494900.970025601] [gp7_verify_plan_execute]: PASS: plan + execute reported SUCCESS
[INFO] [1774494906.305799092] [gp7_verify_fake_stack]: Waiting for /move_action (MoveGroup) server...
[INFO] [1774494906.306575762] [gp7_verify_fake_stack]: Waiting for /arm_controller/follow_joint_trajectory ...
[INFO] [1774494906.307217479] [gp7_verify_fake_stack]: Waiting for /joint_states...
[INFO] [1774494906.313715910] [gp7_verify_fake_stack]: Sending MoveGroup goal (plan + execute)...
[INFO] [1774494910.367661828] [gp7_verify_fake_stack]: MoveIt error_code=1 planning_time=0.000
[INFO] [1774494910.368969113] [gp7_verify_fake_stack]: PASS: plan + execute reported SUCCESS
[INFO] [1774494910.370332052] [gp7_verify_fake_stack]: Repeat pass 2/2 ...
[INFO] [1774494912.372347482] [gp7_verify_fake_stack]: Waiting for /move_action (MoveGroup) server...
[INFO] [1774494912.373669379] [gp7_verify_fake_stack]: Waiting for /arm_controller/follow_joint_trajectory ...
[INFO] [1774494912.374709179] [gp7_verify_fake_stack]: Waiting for /joint_states...
[INFO] [1774494912.377561022] [gp7_verify_fake_stack]: Sending MoveGroup goal (plan + execute)...
[INFO] [1774494916.288761170] [gp7_verify_fake_stack]: MoveIt error_code=1 planning_time=0.000
[INFO] [1774494916.289853706] [gp7_verify_fake_stack]: PASS: plan + execute reported SUCCESS
