The daemon is not running
[INFO] [1774495146.879731218] [gp7_verify_plan_execute]: Waiting for /move_action (MoveGroup) server...
[INFO] [1774495146.881446201] [gp7_verify_plan_execute]: Waiting for /arm_controller/follow_joint_trajectory ...
[INFO] [1774495146.882652519] [gp7_verify_plan_execute]: Waiting for /joint_states...
[INFO] [1774495146.886937226] [gp7_verify_plan_execute]: Sending MoveGroup goal (plan + execute)...
[INFO] [1774495150.686482075] [gp7_verify_plan_execute]: MoveIt error_code=1 planning_time=0.000
[INFO] [1774495150.687640183] [gp7_verify_plan_execute]: PASS: plan + execute reported SUCCESS
[INFO] [1774495155.830799542] [gp7_verify_fake_stack]: Waiting for /move_action (MoveGroup) server...
[INFO] [1774495155.832249752] [gp7_verify_fake_stack]: Waiting for /arm_controller/follow_joint_trajectory ...
[INFO] [1774495155.833485767] [gp7_verify_fake_stack]: Waiting for /joint_states...
[INFO] [1774495155.839221806] [gp7_verify_fake_stack]: Sending MoveGroup goal (plan + execute)...
[INFO] [1774495160.501925156] [gp7_verify_fake_stack]: MoveIt error_code=1 planning_time=0.000
[INFO] [1774495160.503156356] [gp7_verify_fake_stack]: PASS: plan + execute reported SUCCESS
[INFO] [1774495160.504606749] [gp7_verify_fake_stack]: Repeat pass 2/2 ...
[INFO] [1774495162.507958010] [gp7_verify_fake_stack]: Waiting for /move_action (MoveGroup) server...
[INFO] [1774495162.509332776] [gp7_verify_fake_stack]: Waiting for /arm_controller/follow_joint_trajectory ...
[INFO] [1774495162.510336175] [gp7_verify_fake_stack]: Waiting for /joint_states...
[INFO] [1774495162.513286509] [gp7_verify_fake_stack]: Sending MoveGroup goal (plan + execute)...
[INFO] [1774495165.362548934] [gp7_verify_fake_stack]: MoveIt error_code=1 planning_time=0.000
[INFO] [1774495165.364129282] [gp7_verify_fake_stack]: PASS: plan + execute reported SUCCESS
