The daemon is not running
[INFO] [1774429189.561101642] [gp7_verify_plan_execute]: Waiting for /move_action (MoveGroup) server...
[INFO] [1774429191.820927090] [gp7_verify_plan_execute]: Waiting for /arm_controller/follow_joint_trajectory ...
[INFO] [1774429191.823011998] [gp7_verify_plan_execute]: Waiting for /joint_states...
[INFO] [1774429191.832370720] [gp7_verify_plan_execute]: Sending MoveGroup goal (plan + execute)...
[INFO] [1774429196.498132526] [gp7_verify_plan_execute]: MoveIt error_code=1 planning_time=0.000
[INFO] [1774429196.499320803] [gp7_verify_plan_execute]: PASS: plan + execute reported SUCCESS
[INFO] [1774429201.972487361] [gp7_verify_fake_stack]: Waiting for /move_action (MoveGroup) server...
[INFO] [1774429201.974330530] [gp7_verify_fake_stack]: Waiting for /arm_controller/follow_joint_trajectory ...
[INFO] [1774429201.975842966] [gp7_verify_fake_stack]: Waiting for /joint_states...
[INFO] [1774429201.986488901] [gp7_verify_fake_stack]: Sending MoveGroup goal (plan + execute)...
[INFO] [1774429206.629851543] [gp7_verify_fake_stack]: MoveIt error_code=1 planning_time=0.000
[INFO] [1774429206.636061691] [gp7_verify_fake_stack]: PASS: plan + execute reported SUCCESS
[INFO] [1774429206.638505590] [gp7_verify_fake_stack]: Repeat pass 2/2 ...
[INFO] [1774429208.641802921] [gp7_verify_fake_stack]: Waiting for /move_action (MoveGroup) server...
[INFO] [1774429208.643083331] [gp7_verify_fake_stack]: Waiting for /arm_controller/follow_joint_trajectory ...
[INFO] [1774429208.644173585] [gp7_verify_fake_stack]: Waiting for /joint_states...
[INFO] [1774429208.647283527] [gp7_verify_fake_stack]: Sending MoveGroup goal (plan + execute)...
[INFO] [1774429212.921044212] [gp7_verify_fake_stack]: MoveIt error_code=1 planning_time=0.000
[INFO] [1774429212.922488730] [gp7_verify_fake_stack]: PASS: plan + execute reported SUCCESS
