The daemon is not running
[INFO] [1774495826.347811710] [gp7_verify_plan_execute]: Waiting for /move_action (MoveGroup) server...
[INFO] [1774495828.854912265] [gp7_verify_plan_execute]: Waiting for /arm_controller/follow_joint_trajectory ...
[INFO] [1774495828.856135225] [gp7_verify_plan_execute]: Waiting for /joint_states...
[INFO] [1774495828.860474624] [gp7_verify_plan_execute]: Sending MoveGroup goal (plan + execute)...
[INFO] [1774495832.536181486] [gp7_verify_plan_execute]: MoveIt error_code=1 planning_time=0.000
[INFO] [1774495832.537406824] [gp7_verify_plan_execute]: PASS: plan + execute reported SUCCESS
[INFO] [1774495837.536004593] [gp7_verify_fake_stack]: Waiting for /move_action (MoveGroup) server...
[INFO] [1774495837.537936676] [gp7_verify_fake_stack]: Waiting for /arm_controller/follow_joint_trajectory ...
[INFO] [1774495837.539475769] [gp7_verify_fake_stack]: Waiting for /joint_states...
[INFO] [1774495837.545871839] [gp7_verify_fake_stack]: Sending MoveGroup goal (plan + execute)...
[INFO] [1774495840.704645578] [gp7_verify_fake_stack]: MoveIt error_code=1 planning_time=0.000
[INFO] [1774495840.706272514] [gp7_verify_fake_stack]: PASS: plan + execute reported SUCCESS
[INFO] [1774495840.707566197] [gp7_verify_fake_stack]: Repeat pass 2/2 ...
[INFO] [1774495842.711252938] [gp7_verify_fake_stack]: Waiting for /move_action (MoveGroup) server...
[INFO] [1774495842.712748033] [gp7_verify_fake_stack]: Waiting for /arm_controller/follow_joint_trajectory ...
[INFO] [1774495842.713865975] [gp7_verify_fake_stack]: Waiting for /joint_states...
[INFO] [1774495842.716465072] [gp7_verify_fake_stack]: Sending MoveGroup goal (plan + execute)...
[INFO] [1774495845.972140244] [gp7_verify_fake_stack]: MoveIt error_code=1 planning_time=0.000
[INFO] [1774495845.973372225] [gp7_verify_fake_stack]: PASS: plan + execute reported SUCCESS
