The daemon is not running
[INFO] [1774429822.740742694] [gp7_verify_plan_execute]: Waiting for /move_action (MoveGroup) server...
[INFO] [1774429825.252791942] [gp7_verify_plan_execute]: Waiting for /arm_controller/follow_joint_trajectory ...
[INFO] [1774429825.254212184] [gp7_verify_plan_execute]: Waiting for /joint_states...
[INFO] [1774429825.263345833] [gp7_verify_plan_execute]: Sending MoveGroup goal (plan + execute)...
[INFO] [1774429828.311614613] [gp7_verify_plan_execute]: MoveIt error_code=1 planning_time=0.000
[INFO] [1774429828.313047459] [gp7_verify_plan_execute]: PASS: plan + execute reported SUCCESS
[INFO] [1774429834.354496226] [gp7_verify_fake_stack]: Waiting for /move_action (MoveGroup) server...
[INFO] [1774429834.609004618] [gp7_verify_fake_stack]: Waiting for /arm_controller/follow_joint_trajectory ...
[INFO] [1774429834.616733976] [gp7_verify_fake_stack]: Waiting for /joint_states...
[INFO] [1774429834.626947672] [gp7_verify_fake_stack]: Sending MoveGroup goal (plan + execute)...
[INFO] [1774429837.757785761] [gp7_verify_fake_stack]: MoveIt error_code=1 planning_time=0.000
[INFO] [1774429837.760263211] [gp7_verify_fake_stack]: PASS: plan + execute reported SUCCESS
[INFO] [1774429837.762379097] [gp7_verify_fake_stack]: Repeat pass 2/2 ...
[INFO] [1774429839.765979145] [gp7_verify_fake_stack]: Waiting for /move_action (MoveGroup) server...
[INFO] [1774429839.771808352] [gp7_verify_fake_stack]: Waiting for /arm_controller/follow_joint_trajectory ...
[INFO] [1774429839.773695973] [gp7_verify_fake_stack]: Waiting for /joint_states...
[INFO] [1774429839.777431929] [gp7_verify_fake_stack]: Sending MoveGroup goal (plan + execute)...
[INFO] [1774429843.393739758] [gp7_verify_fake_stack]: MoveIt error_code=1 planning_time=0.000
[INFO] [1774429843.394879878] [gp7_verify_fake_stack]: PASS: plan + execute reported SUCCESS
