-- The C compiler identification is GNU 11.4.0
-- The CXX compiler identification is GNU 11.4.0
-- Detecting C compiler ABI info
-- Detecting C compiler ABI info - done
-- Check for working C compiler: /usr/bin/cc - skipped
-- Detecting C compile features
-- Detecting C compile features - done
-- Detecting CXX compiler ABI info
-- Detecting CXX compiler ABI info - done
-- Check for working CXX compiler: /usr/bin/c++ - skipped
-- Detecting CXX compile features
-- Detecting CXX compile features - done
-- Found ament_cmake: 1.3.14 (/opt/ros/humble/share/ament_cmake/cmake)
-- Found Python3: /usr/bin/python3 (found version "3.10.12") found components: Interpreter 
-- Override CMake install command with custom implementation using symlinks instead of copying resources
-- Found ament_lint_auto: 0.12.15 (/opt/ros/humble/share/ament_lint_auto/cmake)
-- Added test 'flake8' to check Python code syntax and style conventions
-- Added test 'lint_cmake' to check CMake code style
-- Added test 'pep257' to check Python code against some of the docstring style conventions in PEP 257
-- Added test 'xmllint' to check XML markup files
-- Configuring done
-- Generating done
-- Build files have been written to: /home/norman/pap_yaskawa_ws/build/gp7_vision_bringup
-- Install configuration: ""
-- Execute custom install script
-- Symlinking: /home/norman/pap_yaskawa_ws/install/gp7_vision_bringup/share/gp7_vision_bringup/launch/realsense_d435.launch.py
-- Symlinking: /home/norman/pap_yaskawa_ws/install/gp7_vision_bringup/share/gp7_vision_bringup/launch/static_tf_camera.launch.py
-- Symlinking: /home/norman/pap_yaskawa_ws/install/gp7_vision_bringup/share/gp7_vision_bringup/launch/vision_bringup.launch.py
-- Symlinking: /home/norman/pap_yaskawa_ws/install/gp7_vision_bringup/share/gp7_vision_bringup/launch/vision_debug.launch.py
-- Symlinking: /home/norman/pap_yaskawa_ws/install/gp7_vision_bringup/share/gp7_vision_bringup/launch/vision_sim_rgbd.launch.py
-- Symlinking: /home/norman/pap_yaskawa_ws/install/gp7_vision_bringup/share/gp7_vision_bringup/config/d435_realsense.yaml
-- Symlinking: /home/norman/pap_yaskawa_ws/install/gp7_vision_bringup/share/gp7_vision_bringup/config/d435_realsense_launch_args.yaml
-- Symlinking: /home/norman/pap_yaskawa_ws/install/gp7_vision_bringup/share/gp7_vision_bringup/config/d435_topic_contract.yaml
-- Symlinking: /home/norman/pap_yaskawa_ws/install/gp7_vision_bringup/share/gp7_vision_bringup/scripts/check_realsense_topics.bash
-- Symlinking: /home/norman/pap_yaskawa_ws/install/gp7_vision_bringup/share/ament_index/resource_index/package_run_dependencies/gp7_vision_bringup
-- Symlinking: /home/norman/pap_yaskawa_ws/install/gp7_vision_bringup/share/ament_index/resource_index/parent_prefix_path/gp7_vision_bringup
-- Symlinking: /home/norman/pap_yaskawa_ws/install/gp7_vision_bringup/share/gp7_vision_bringup/environment/ament_prefix_path.sh
-- Symlinking: /home/norman/pap_yaskawa_ws/install/gp7_vision_bringup/share/gp7_vision_bringup/environment/ament_prefix_path.dsv
-- Symlinking: /home/norman/pap_yaskawa_ws/install/gp7_vision_bringup/share/gp7_vision_bringup/environment/path.sh
-- Symlinking: /home/norman/pap_yaskawa_ws/install/gp7_vision_bringup/share/gp7_vision_bringup/environment/path.dsv
-- Symlinking: /home/norman/pap_yaskawa_ws/install/gp7_vision_bringup/share/gp7_vision_bringup/local_setup.bash
-- Symlinking: /home/norman/pap_yaskawa_ws/install/gp7_vision_bringup/share/gp7_vision_bringup/local_setup.sh
-- Symlinking: /home/norman/pap_yaskawa_ws/install/gp7_vision_bringup/share/gp7_vision_bringup/local_setup.zsh
-- Symlinking: /home/norman/pap_yaskawa_ws/install/gp7_vision_bringup/share/gp7_vision_bringup/local_setup.dsv
-- Symlinking: /home/norman/pap_yaskawa_ws/install/gp7_vision_bringup/share/gp7_vision_bringup/package.dsv
-- Symlinking: /home/norman/pap_yaskawa_ws/install/gp7_vision_bringup/share/ament_index/resource_index/packages/gp7_vision_bringup
-- Symlinking: /home/norman/pap_yaskawa_ws/install/gp7_vision_bringup/share/gp7_vision_bringup/cmake/gp7_vision_bringupConfig.cmake
-- Symlinking: /home/norman/pap_yaskawa_ws/install/gp7_vision_bringup/share/gp7_vision_bringup/cmake/gp7_vision_bringupConfig-version.cmake
-- Symlinking: /home/norman/pap_yaskawa_ws/install/gp7_vision_bringup/share/gp7_vision_bringup/package.xml
