[0.008s] Invoking command in '/home/norman/pap_yaskawa_ws/build/gp7_vision_bringup': CMAKE_PREFIX_PATH=/home/norman/pap_yaskawa_ws/install/gp7_vision_pipeline:/home/norman/pap_yaskawa_ws/install/gp7_gazebo_classic:/home/norman/pap_yaskawa_ws/install/gp7_vision_bringup:/home/norman/pap_yaskawa_ws/install/gp7_vision_gazebo_bridge:/home/norman/pap_yaskawa_ws/install/gp7_moveit_config:/home/norman/pap_yaskawa_ws/install/gp7_handeye_calibration:/home/norman/pap_yaskawa_ws/install/gp7_bringup:/home/norman/pap_yaskawa_ws/install/gp7_description:/home/norman/pap_yaskawa_ws/install/gp7_task_executor:/home/norman/pap_yaskawa_ws/install/gp7_task_executor_msgs:/opt/ros/humble /usr/bin/cmake /home/norman/pap_yaskawa_ws/src/gp7_vision_bringup -DAMENT_CMAKE_SYMLINK_INSTALL=1 -DCMAKE_INSTALL_PREFIX=/home/norman/pap_yaskawa_ws/install/gp7_vision_bringup
[0.046s] -- The C compiler identification is GNU 11.4.0
[0.081s] -- The CXX compiler identification is GNU 11.4.0
[0.086s] -- Detecting C compiler ABI info
[0.132s] -- Detecting C compiler ABI info - done
[0.138s] -- Check for working C compiler: /usr/bin/cc - skipped
[0.138s] -- Detecting C compile features
[0.138s] -- Detecting C compile features - done
[0.140s] -- Detecting CXX compiler ABI info
[0.192s] -- Detecting CXX compiler ABI info - done
[0.197s] -- Check for working CXX compiler: /usr/bin/c++ - skipped
[0.197s] -- Detecting CXX compile features
[0.197s] -- Detecting CXX compile features - done
[0.199s] -- Found ament_cmake: 1.3.14 (/opt/ros/humble/share/ament_cmake/cmake)
[0.304s] -- Found Python3: /usr/bin/python3 (found version "3.10.12") found components: Interpreter 
[0.347s] -- Override CMake install command with custom implementation using symlinks instead of copying resources
[0.366s] -- Found ament_lint_auto: 0.12.15 (/opt/ros/humble/share/ament_lint_auto/cmake)
[0.417s] -- Added test 'flake8' to check Python code syntax and style conventions
[0.417s] -- Added test 'lint_cmake' to check CMake code style
[0.417s] -- Added test 'pep257' to check Python code against some of the docstring style conventions in PEP 257
[0.418s] -- Added test 'xmllint' to check XML markup files
[0.419s] -- Configuring done
[0.420s] -- Generating done
[0.421s] -- Build files have been written to: /home/norman/pap_yaskawa_ws/build/gp7_vision_bringup
[0.424s] Invoked command in '/home/norman/pap_yaskawa_ws/build/gp7_vision_bringup' returned '0': CMAKE_PREFIX_PATH=/home/norman/pap_yaskawa_ws/install/gp7_vision_pipeline:/home/norman/pap_yaskawa_ws/install/gp7_gazebo_classic:/home/norman/pap_yaskawa_ws/install/gp7_vision_bringup:/home/norman/pap_yaskawa_ws/install/gp7_vision_gazebo_bridge:/home/norman/pap_yaskawa_ws/install/gp7_moveit_config:/home/norman/pap_yaskawa_ws/install/gp7_handeye_calibration:/home/norman/pap_yaskawa_ws/install/gp7_bringup:/home/norman/pap_yaskawa_ws/install/gp7_description:/home/norman/pap_yaskawa_ws/install/gp7_task_executor:/home/norman/pap_yaskawa_ws/install/gp7_task_executor_msgs:/opt/ros/humble /usr/bin/cmake /home/norman/pap_yaskawa_ws/src/gp7_vision_bringup -DAMENT_CMAKE_SYMLINK_INSTALL=1 -DCMAKE_INSTALL_PREFIX=/home/norman/pap_yaskawa_ws/install/gp7_vision_bringup
[0.425s] Invoking command in '/home/norman/pap_yaskawa_ws/build/gp7_vision_bringup': CMAKE_PREFIX_PATH=/home/norman/pap_yaskawa_ws/install/gp7_vision_pipeline:/home/norman/pap_yaskawa_ws/install/gp7_gazebo_classic:/home/norman/pap_yaskawa_ws/install/gp7_vision_bringup:/home/norman/pap_yaskawa_ws/install/gp7_vision_gazebo_bridge:/home/norman/pap_yaskawa_ws/install/gp7_moveit_config:/home/norman/pap_yaskawa_ws/install/gp7_handeye_calibration:/home/norman/pap_yaskawa_ws/install/gp7_bringup:/home/norman/pap_yaskawa_ws/install/gp7_description:/home/norman/pap_yaskawa_ws/install/gp7_task_executor:/home/norman/pap_yaskawa_ws/install/gp7_task_executor_msgs:/opt/ros/humble /usr/bin/cmake --build /home/norman/pap_yaskawa_ws/build/gp7_vision_bringup -- -j20 -l20
[0.450s] Invoked command in '/home/norman/pap_yaskawa_ws/build/gp7_vision_bringup' returned '0': CMAKE_PREFIX_PATH=/home/norman/pap_yaskawa_ws/install/gp7_vision_pipeline:/home/norman/pap_yaskawa_ws/install/gp7_gazebo_classic:/home/norman/pap_yaskawa_ws/install/gp7_vision_bringup:/home/norman/pap_yaskawa_ws/install/gp7_vision_gazebo_bridge:/home/norman/pap_yaskawa_ws/install/gp7_moveit_config:/home/norman/pap_yaskawa_ws/install/gp7_handeye_calibration:/home/norman/pap_yaskawa_ws/install/gp7_bringup:/home/norman/pap_yaskawa_ws/install/gp7_description:/home/norman/pap_yaskawa_ws/install/gp7_task_executor:/home/norman/pap_yaskawa_ws/install/gp7_task_executor_msgs:/opt/ros/humble /usr/bin/cmake --build /home/norman/pap_yaskawa_ws/build/gp7_vision_bringup -- -j20 -l20
[0.452s] Invoking command in '/home/norman/pap_yaskawa_ws/build/gp7_vision_bringup': CMAKE_PREFIX_PATH=/home/norman/pap_yaskawa_ws/install/gp7_vision_pipeline:/home/norman/pap_yaskawa_ws/install/gp7_gazebo_classic:/home/norman/pap_yaskawa_ws/install/gp7_vision_bringup:/home/norman/pap_yaskawa_ws/install/gp7_vision_gazebo_bridge:/home/norman/pap_yaskawa_ws/install/gp7_moveit_config:/home/norman/pap_yaskawa_ws/install/gp7_handeye_calibration:/home/norman/pap_yaskawa_ws/install/gp7_bringup:/home/norman/pap_yaskawa_ws/install/gp7_description:/home/norman/pap_yaskawa_ws/install/gp7_task_executor:/home/norman/pap_yaskawa_ws/install/gp7_task_executor_msgs:/opt/ros/humble /usr/bin/cmake --install /home/norman/pap_yaskawa_ws/build/gp7_vision_bringup
[0.457s] -- Install configuration: ""
[0.458s] -- Execute custom install script
[0.458s] -- Symlinking: /home/norman/pap_yaskawa_ws/install/gp7_vision_bringup/share/gp7_vision_bringup/launch/realsense_d435.launch.py
[0.464s] -- Symlinking: /home/norman/pap_yaskawa_ws/install/gp7_vision_bringup/share/gp7_vision_bringup/launch/static_tf_camera.launch.py
[0.469s] -- Symlinking: /home/norman/pap_yaskawa_ws/install/gp7_vision_bringup/share/gp7_vision_bringup/launch/vision_bringup.launch.py
[0.475s] -- Symlinking: /home/norman/pap_yaskawa_ws/install/gp7_vision_bringup/share/gp7_vision_bringup/launch/vision_debug.launch.py
[0.481s] -- Symlinking: /home/norman/pap_yaskawa_ws/install/gp7_vision_bringup/share/gp7_vision_bringup/launch/vision_sim_rgbd.launch.py
[0.487s] -- Symlinking: /home/norman/pap_yaskawa_ws/install/gp7_vision_bringup/share/gp7_vision_bringup/config/d435_realsense.yaml
[0.491s] -- Symlinking: /home/norman/pap_yaskawa_ws/install/gp7_vision_bringup/share/gp7_vision_bringup/config/d435_realsense_launch_args.yaml
[0.497s] -- Symlinking: /home/norman/pap_yaskawa_ws/install/gp7_vision_bringup/share/gp7_vision_bringup/config/d435_topic_contract.yaml
[0.503s] -- Symlinking: /home/norman/pap_yaskawa_ws/install/gp7_vision_bringup/share/gp7_vision_bringup/scripts/check_realsense_topics.bash
[0.508s] -- Symlinking: /home/norman/pap_yaskawa_ws/install/gp7_vision_bringup/share/ament_index/resource_index/package_run_dependencies/gp7_vision_bringup
[0.513s] -- Symlinking: /home/norman/pap_yaskawa_ws/install/gp7_vision_bringup/share/ament_index/resource_index/parent_prefix_path/gp7_vision_bringup
[0.519s] -- Symlinking: /home/norman/pap_yaskawa_ws/install/gp7_vision_bringup/share/gp7_vision_bringup/environment/ament_prefix_path.sh
[0.524s] -- Symlinking: /home/norman/pap_yaskawa_ws/install/gp7_vision_bringup/share/gp7_vision_bringup/environment/ament_prefix_path.dsv
[0.528s] -- Symlinking: /home/norman/pap_yaskawa_ws/install/gp7_vision_bringup/share/gp7_vision_bringup/environment/path.sh
[0.532s] -- Symlinking: /home/norman/pap_yaskawa_ws/install/gp7_vision_bringup/share/gp7_vision_bringup/environment/path.dsv
[0.538s] -- Symlinking: /home/norman/pap_yaskawa_ws/install/gp7_vision_bringup/share/gp7_vision_bringup/local_setup.bash
[0.544s] -- Symlinking: /home/norman/pap_yaskawa_ws/install/gp7_vision_bringup/share/gp7_vision_bringup/local_setup.sh
[0.548s] -- Symlinking: /home/norman/pap_yaskawa_ws/install/gp7_vision_bringup/share/gp7_vision_bringup/local_setup.zsh
[0.553s] -- Symlinking: /home/norman/pap_yaskawa_ws/install/gp7_vision_bringup/share/gp7_vision_bringup/local_setup.dsv
[0.559s] -- Symlinking: /home/norman/pap_yaskawa_ws/install/gp7_vision_bringup/share/gp7_vision_bringup/package.dsv
[0.565s] -- Symlinking: /home/norman/pap_yaskawa_ws/install/gp7_vision_bringup/share/ament_index/resource_index/packages/gp7_vision_bringup
[0.570s] -- Symlinking: /home/norman/pap_yaskawa_ws/install/gp7_vision_bringup/share/gp7_vision_bringup/cmake/gp7_vision_bringupConfig.cmake
[0.576s] -- Symlinking: /home/norman/pap_yaskawa_ws/install/gp7_vision_bringup/share/gp7_vision_bringup/cmake/gp7_vision_bringupConfig-version.cmake
[0.582s] -- Symlinking: /home/norman/pap_yaskawa_ws/install/gp7_vision_bringup/share/gp7_vision_bringup/package.xml
[0.588s] Invoked command in '/home/norman/pap_yaskawa_ws/build/gp7_vision_bringup' returned '0': CMAKE_PREFIX_PATH=/home/norman/pap_yaskawa_ws/install/gp7_vision_pipeline:/home/norman/pap_yaskawa_ws/install/gp7_gazebo_classic:/home/norman/pap_yaskawa_ws/install/gp7_vision_bringup:/home/norman/pap_yaskawa_ws/install/gp7_vision_gazebo_bridge:/home/norman/pap_yaskawa_ws/install/gp7_moveit_config:/home/norman/pap_yaskawa_ws/install/gp7_handeye_calibration:/home/norman/pap_yaskawa_ws/install/gp7_bringup:/home/norman/pap_yaskawa_ws/install/gp7_description:/home/norman/pap_yaskawa_ws/install/gp7_task_executor:/home/norman/pap_yaskawa_ws/install/gp7_task_executor_msgs:/opt/ros/humble /usr/bin/cmake --install /home/norman/pap_yaskawa_ws/build/gp7_vision_bringup
